
          -------------------------------------------------------
          Amber 20 PMEMD                              2020
          -------------------------------------------------------

| PMEMD implementation of SANDER, Release 18

|  Compiled date/time: Tue Apr 28 09:19:54 2020
| Run on 07/19/2024 at 17:15:18

|   Executable path: pmemd.cuda_SPFP
| Working directory: /nfs/zli_gpu2/bin/developed_softwares/CAR_method/example/0.0_1.0_1.0
|          Hostname: compute-0-9.local

  [-O]verwriting output

File Assignments:
|   MDIN: prod1.in                                                              
|  MDOUT: prod1.out                                                             
| INPCRD: prev_cen.rst                                                          
|   PARM: ../lM2A.prmtop                                                        
| RESTRT: prod1.rst                                                             
|   REFC: refc                                                                  
|  MDVEL: mdvel                                                                 
|   MDEN: mden                                                                  
|  MDCRD: prod1.netcdf                                                          
| MDINFO: prod1.mdinfo                                                          
|  MDFRC: mdfrc                                                                 


 Here is the input file:

NVT MD w/No position restraints and PME (sander)                               
 &cntrl                                                                        
  ntx    = 5,                                                                  
  irest  = 1,                                                                  
  ntpr   = 50,                                                                 
  ntwx   = 10000,                                                              
  ntwe   = 10000,                                                              
  ntwr   = 10000,                                                              
  ig     = -1,                                                                 
                                                                               
  ntb    = 2,                                                                  
  ntp = 1, pres0 = 1.0, taup = 2.0,gamma_ln = 2.0,                             
  cut    = 10.0,                                                               
  iwrap  = 1,                                                                  
  barostat = 2,                                                                
                                                                               
  t      = 0.0,                                                                
  dt     = 0.002,                                                              
                                                                               
  temp0  = 300.0,                                                              
  tempi  = 300.0,                                                              
  ntt    = 3,                                                                  
  tautp  = 2.0,                                                                
                                                                               
  ntf    = 1,                                                                  
  ntc    = 2,                                                                  
  iwrap=1, ioutfm=1, ntwv=-1,ntave=1000,                                       
  bar_intervall = 50,                                                          
  icfe = 1, ifsc = 1,                                                          
  timask1=':1,2',                                                              
  timask2=':3',                                                                
  scmask1=':2',                                                                
  scmask2='',                                                                  
  ifmbar = 1,                                                                  
  nstlim = 1000,                                                               
  clambda = 1.0,                                                               
  mbar_states = 10,                                                            
  mbar_lambda = 0.0, 0.0, 0.2, 0.2, 0.5, 0.5, 0.6, 0.6, 1.0, 1.0,              
&end                                                                           
 /                                                                             


Note: ig = -1. Setting random seed to   352876 based on wallclock time in 
      microseconds.
| irandom = 1, using AMBER's internal random number generator (default).
 
|--------------------- INFORMATION ----------------------
| GPU (CUDA) Version of PMEMD in use: NVIDIA GPU IN USE.
|                    Version 18.0.0
| 
|                      03/25/2018
| 
| Implementation by:
|                    Ross C. Walker     (SDSC)
|                    Scott Le Grand     (nVIDIA)
| 
| Version 18 performance extensions by:
|                    David Cerutti     (Rutgers)
| 
| Precision model in use:
|      [SPFP] - Single Precision Forces, 64-bit Fixed Point
|               Accumulation. (Default)
| 
|--------------------------------------------------------
 
|----------------- CITATION INFORMATION -----------------
|
|    When publishing work that utilized the CUDA version
|    of AMBER, please cite the following in addition to
|    the regular AMBER citations:
|
|  - Romelia Salomon-Ferrer; Andreas W. Goetz; Duncan
|    Poole; Scott Le Grand; Ross C. Walker "Routine
|    microsecond molecular dynamics simulations with
|    AMBER - Part II: Particle Mesh Ewald", J. Chem.
|    Theory Comput., 2013, 9 (9), pp3878-3888,
|    DOI: 10.1021/ct400314y.
|
|  - Andreas W. Goetz; Mark J. Williamson; Dong Xu;
|    Duncan Poole; Scott Le Grand; Ross C. Walker
|    "Routine microsecond molecular dynamics simulations
|    with AMBER - Part I: Generalized Born", J. Chem.
|    Theory Comput., 2012, 8 (5), pp1542-1555.
|
|  - Scott Le Grand; Andreas W. Goetz; Ross C. Walker
|    "SPFP: Speed without compromise - a mixed precision
|    model for GPU accelerated molecular dynamics
|    simulations.", Comp. Phys. Comm., 2013, 184
|    pp374-380, DOI: 10.1016/j.cpc.2012.09.022
|
|    When publishing work that utilized the CUDA version
|    of TI, BAR, MBAR or FEP please cite the following 
|    publications in addition to the regular AMBER 
|    GPU citations:
|
|  - Daniel J. Mermelstein; Charles Lin; Gard Nelson; 
|    Rachael Kretsch; J. Andrew McCammon; Ross C. Walker
|    "Fast and Flexible GPU Accelerated Binding 
|    Free Energy Calculations within the AMBER Molecular
|    Dynamics Package" J. Comp. Chem., 2018,
|    DOI: 10.1002/jcc.25187
|
|  - Tai-Sung Lee; Yuan Hu; Brad Sherborne; Zhuyan Guo;
|    Darrin M. York
|    "Toward Fast and Accurate Binding Affinity Prediction with
|    pmemdGTI: An Efficient Implementation of GPU-Accelerated
|    Thermodynamic Integration"
|    J. Chem. Theory Comput., 2017, 13 (7), 3077
|
|
|--------------------------------------------------------
 
|------------------- GPU DEVICE INFO --------------------
|
|            CUDA_VISIBLE_DEVICES: not set
|   CUDA Capable Devices Detected:      5
|           CUDA Device ID in use:      0
|                CUDA Device Name: NVIDIA GeForce RTX 3070
|     CUDA Device Global Mem Size:   7982 MB
| CUDA Device Num Multiprocessors:     46
|           CUDA Device Core Freq:   1.73 GHz
|
|--------------------------------------------------------
 
 
| Conditional Compilation Defines Used:
| PUBFFT
| BINTRAJ
| CUDA
| EMIL

| Largest sphere to fit in unit cell has radius =    17.491

| New format PARM file being parsed.
| Version =    1.000 Date = 08/02/22 Time = 19:36:52

| Note: 1-4 EEL scale factors are being read from the topology file.

| Note: 1-4 VDW scale factors are being read from the topology file.
| Duplicated    0 dihedrals

| Duplicated    0 dihedrals

--------------------------------------------------------------------------------
   1.  RESOURCE   USE: 
--------------------------------------------------------------------------------

 getting new box info from bottom of inpcrd
 NATOM  =    4548 NTYPES =      17 NBONH =    4492 MBONA  =      62
 NTHETH =     105 MTHETA =      88 NPHIH =     188 MPHIA  =     154
 NHPARM =       0 NPARM  =       0 NNB   =    6494 NRES   =    1485
 NBONA  =      62 NTHETA =      88 NPHIA =     154 NUMBND =      22
 NUMANG =      36 NPTRA  =      19 NATYP =      18 NPHB   =       1
 IFBOX  =       1 NMXRS  =      50 IFCAP =       0 NEXTRA =       0
 NCOPY  =       0

| Coordinate Index Table dimensions:     6    6    6
| Direct force subcell size =     5.9189    6.1493    5.8302

     BOX TYPE: RECTILINEAR

--------------------------------------------------------------------------------
   2.  CONTROL  DATA  FOR  THE  RUN
--------------------------------------------------------------------------------

default_name                                                                    

General flags:
     imin    =       0, nmropt  =       0

Nature and format of input:
     ntx     =       5, irest   =       1, ntrx    =       1

Nature and format of output:
     ntxo    =       2, ntpr    =      50, ntrx    =       1, ntwr    =   10000
     iwrap   =       1, ntwx    =   10000, ntwv    =      -1, ntwe    =   10000
     ioutfm  =       1, ntwprt  =       0, idecomp =       0, rbornstat=      0

Potential function:
     ntf     =       1, ntb     =       2, igb     =       0, nsnb    =      25
     ipol    =       0, gbsa    =       0, iesp    =       0
     dielc   =   1.00000, cut     =  10.00000, intdiel =   1.00000

Frozen or restrained atoms:
     ibelly  =       0, ntr     =       0

Molecular dynamics:
     nstlim  =      1000, nscm    =      1000, nrespa  =         1
     t       =   0.00000, dt      =   0.00200, vlimit  =  -1.00000

Langevin dynamics temperature regulation:
     ig      =  352876
     temp0   = 300.00000, tempi   = 300.00000, gamma_ln=   2.00000

Pressure regulation:
     ntp     =       1
     pres0   =   1.00000, comp    =  44.60000, taup    =   2.00000
     Monte-Carlo Barostat:
     mcbarint  =     100

SHAKE:
     ntc     =       2, jfastw  =       0
     tol     =   0.00001

Free energy options:
     icfe    =       1, ifsc    =       1, klambda =       1
     clambda =  1.0000, scalpha =  0.5000, scbeta  = 12.0000
     sceeorder =       2
     dynlmb =  0.0000 logdvdl =       0

FEP MBAR options:
     ifmbar  =       1,  bar_intervall =       50
     mbar_states =      10

| Intermolecular bonds treatment:
|     no_intermolecular_bonds =       1

| Energy averages sample interval:
|     ene_avg_sampling =       1

Ewald parameters:
     verbose =       0, ew_type =       0, nbflag  =       1, use_pme =       1
     vdwmeth =       1, eedmeth =       1, netfrc  =       1
     Box X =   35.514   Box Y =   36.896   Box Z =   34.981
     Alpha =   90.000   Beta  =   90.000   Gamma =   90.000
     NFFT1 =   36       NFFT2 =   40       NFFT3 =   36
     Cutoff=   10.000   Tol   =0.100E-04
     Ewald Coefficient =  0.27511
     Interpolation order =    4
     TI Mask 1 :1,2; matches     52 atoms
     TI Mask 2 :3; matches     50 atoms
     TI region 1:    4498 atoms
     TI region 2:    4496 atoms
     SC Mask 1 :2; matches      2 atoms

    MBAR - lambda values considered:
      10 total:  0.0000 0.0000 0.2000 0.2000 0.5000 0.5000 0.6000 0.6000 1.0000 1.0000
    Extra energies will be computed     20 times.
| MONTE CARLO BAROSTAT IMPORTANT NOTE:
|   The Monte-Carlo barostat does not require the virial to adjust the system volume.
|   Since it is an expensive calculation, it is skipped for efficiency. A side-effect
|   is that the reported pressure is always 0 because it is not calculated.

--------------------------------------------------------------------------------
   3.  ATOMIC COORDINATES AND VELOCITIES
--------------------------------------------------------------------------------

Cpptraj Generated Restart                                                       
 begin time read from input coords =   328.000 ps

 
     Molecule     1 is partially softcore
     Molecule     2 is partially softcore
 Number of triangulated 3-point waters found:     1482
   Removing shake constraints from HX1   LBM   2 -- N26   LAM   1
   Removing shake constraints from H23   LBM   2 -- N26   LAM   1
 Number of shake restraints removed in TI region  1 :        2
 Number of shake restraints removed in TI region  2 :        0

     Sum of charges for TI region  1 =  -0.00249680
     Skip neutralizing charges...


     Sum of charges for TI region  2 =  -0.00299999
     Skip neutralizing charges...

| Dynamic Memory, Types Used:
| Reals              376231
| Integers           194647

| Nonbonded Pairs Initial Allocation:     1375656

| GPU memory information (estimate):
| KB of GPU memory in use:     42305
| KB of CPU memory in use:     18371

--------------------------------------------------------------------------------
   4.  RESULTS
--------------------------------------------------------------------------------

   DOF for the SC part  1 of the system:    6

MBAR Energy analysis:
Energy at 0.0000 =    -14342.019646
Energy at 0.0000 =    -14342.019646
Energy at 0.2000 =    -14384.665252
Energy at 0.2000 =    -14384.665252
Energy at 0.5000 =    -14448.143093
Energy at 0.5000 =    -14448.143093
Energy at 0.6000 =    -14469.246297
Energy at 0.6000 =    -14469.246297
Energy at 1.0000 =    -14553.550461
Energy at 1.0000 =    -14553.550461
 ------------------------------------------------------------------------------


| TI region  1


 NSTEP =       50   TIME(PS) =     328.100  TEMP(K) =   295.02  PRESS =     0.0
 Etot   =    -11907.7448  EKtot   =      2645.8056  EPtot      =    -14553.5505
 BOND   =        14.7483  ANGLE   =        32.4174  DIHED      =        43.0322
 1-4 NB =        15.8720  1-4 EEL =      -603.0578  VDWAALS    =      2060.0518
 EELEC  =    -16116.6144  EHBOND  =         0.0000  RESTRAINT  =         0.0000
 EKCMT  =         0.0000  VIRIAL  =         0.0000  VOLUME     =     45835.6802
                                                    Density    =         0.9819
 DV/DL  =      -210.6401
 ------------------------------------------------------------------------------

  Softcore part of the system:       2 atoms,       TEMP(K)    =         453.61
 SC_Etot=         6.8078  SC_EKtot=         2.7042  SC_EPtot   =         4.1036
 SC_BOND=         1.0377  SC_ANGLE=         2.2598  SC_DIHED   =         0.8061
 SC_14NB=         0.0000  SC_14EEL=         0.0000  SC_VDW     =         0.0000
 SC_EEL =         0.0000
 SC_RES_DIST=     0.0000  SC_RES_ANG=       0.0000  SC_RES_TORS=         0.0000
 SC_EEL_DER=      0.0000  SC_VDW_DER=       0.0000  SC_DERIV   =         0.0000
 ------------------------------------------------------------------------------


| TI region  2


 NSTEP =       50   TIME(PS) =     328.100  TEMP(K) =   294.92  PRESS =     0.0
 Etot   =    -11910.4490  EKtot   =      2643.1014  EPtot      =    -14553.5505
 BOND   =        14.7483  ANGLE   =        32.4174  DIHED      =        43.0322
 1-4 NB =        15.8720  1-4 EEL =      -603.0578  VDWAALS    =      2060.0518
 EELEC  =    -16116.6144  EHBOND  =         0.0000  RESTRAINT  =         0.0000
 EKCMT  =         0.0000  VIRIAL  =         0.0000  VOLUME     =     45835.6802
                                                    Density    =         0.9819
 DV/DL  =      -210.6401
 ------------------------------------------------------------------------------


MBAR Energy analysis:
Energy at 0.0000 =    -14251.433168
Energy at 0.0000 =    -14251.433168
Energy at 0.2000 =    -14301.092337
Energy at 0.2000 =    -14301.092337
Energy at 0.5000 =    -14371.394844
Energy at 0.5000 =    -14371.394844
Energy at 0.6000 =    -14394.537744
Energy at 0.6000 =    -14394.537744
Energy at 1.0000 =    -14486.697701
Energy at 1.0000 =    -14486.697701
 ------------------------------------------------------------------------------


| TI region  1


 NSTEP =      100   TIME(PS) =     328.200  TEMP(K) =   294.39  PRESS =     0.0
 Etot   =    -11846.5716  EKtot   =      2640.1261  EPtot      =    -14486.6977
 BOND   =        11.5748  ANGLE   =        46.0263  DIHED      =        41.5992
 1-4 NB =        16.8302  1-4 EEL =      -613.1695  VDWAALS    =      2059.4857
 EELEC  =    -16049.0445  EHBOND  =         0.0000  RESTRAINT  =         0.0000
 EKCMT  =         0.0000  VIRIAL  =         0.0000  VOLUME     =     45901.0016
                                                    Density    =         0.9806
 DV/DL  =      -229.9925
 ------------------------------------------------------------------------------

  Softcore part of the system:       2 atoms,       TEMP(K)    =         391.44
 SC_Etot=         5.7354  SC_EKtot=         2.3336  SC_EPtot   =         3.4018
 SC_BOND=         0.9988  SC_ANGLE=         1.3785  SC_DIHED   =         1.0244
 SC_14NB=         0.0000  SC_14EEL=         0.0000  SC_VDW     =         0.0000
 SC_EEL =         0.0000
 SC_RES_DIST=     0.0000  SC_RES_ANG=       0.0000  SC_RES_TORS=         0.0000
 SC_EEL_DER=      0.0000  SC_VDW_DER=       0.0000  SC_DERIV   =         0.0000
 ------------------------------------------------------------------------------


| TI region  2


 NSTEP =      100   TIME(PS) =     328.200  TEMP(K) =   294.32  PRESS =     0.0
 Etot   =    -11848.9052  EKtot   =      2637.7925  EPtot      =    -14486.6977
 BOND   =        11.5748  ANGLE   =        46.0263  DIHED      =        41.5992
 1-4 NB =        16.8302  1-4 EEL =      -613.1695  VDWAALS    =      2059.4857
 EELEC  =    -16049.0445  EHBOND  =         0.0000  RESTRAINT  =         0.0000
 EKCMT  =         0.0000  VIRIAL  =         0.0000  VOLUME     =     45901.0016
                                                    Density    =         0.9805
 DV/DL  =      -229.9925
 ------------------------------------------------------------------------------


MBAR Energy analysis:
Energy at 0.0000 =    -14143.055085
Energy at 0.0000 =    -14143.055085
Energy at 0.2000 =    -14319.994025
Energy at 0.2000 =    -14319.994025
Energy at 0.5000 =    -14396.508698
Energy at 0.5000 =    -14396.508698
Energy at 0.6000 =    -14419.699172
Energy at 0.6000 =    -14419.699172
Energy at 1.0000 =    -14510.754596
Energy at 1.0000 =    -14510.754596
 ------------------------------------------------------------------------------


| TI region  1


 NSTEP =      150   TIME(PS) =     328.300  TEMP(K) =   294.06  PRESS =     0.0
 Etot   =    -11873.5927  EKtot   =      2637.1619  EPtot      =    -14510.7546
 BOND   =        11.7945  ANGLE   =        43.6532  DIHED      =        38.3579
 1-4 NB =        15.0148  1-4 EEL =      -608.7087  VDWAALS    =      2080.3240
 EELEC  =    -16091.1902  EHBOND  =         0.0000  RESTRAINT  =         0.0000
 EKCMT  =         0.0000  VIRIAL  =         0.0000  VOLUME     =     45901.0016
                                                    Density    =         0.9806
 DV/DL  =      -226.2878
 ------------------------------------------------------------------------------

  Softcore part of the system:       2 atoms,       TEMP(K)    =         537.49
 SC_Etot=         4.7713  SC_EKtot=         3.2043  SC_EPtot   =         1.5671
 SC_BOND=         0.2481  SC_ANGLE=         0.7460  SC_DIHED   =         0.5730
 SC_14NB=         0.0000  SC_14EEL=         0.0000  SC_VDW     =         0.0000
 SC_EEL =         0.0000
 SC_RES_DIST=     0.0000  SC_RES_ANG=       0.0000  SC_RES_TORS=         0.0000
 SC_EEL_DER=      0.0000  SC_VDW_DER=       0.0000  SC_DERIV   =         0.0000
 ------------------------------------------------------------------------------


| TI region  2


 NSTEP =      150   TIME(PS) =     328.300  TEMP(K) =   293.90  PRESS =     0.0
 Etot   =    -11876.7970  EKtot   =      2633.9576  EPtot      =    -14510.7546
 BOND   =        11.7945  ANGLE   =        43.6532  DIHED      =        38.3579
 1-4 NB =        15.0148  1-4 EEL =      -608.7087  VDWAALS    =      2080.3240
 EELEC  =    -16091.1902  EHBOND  =         0.0000  RESTRAINT  =         0.0000
 EKCMT  =         0.0000  VIRIAL  =         0.0000  VOLUME     =     45901.0016
                                                    Density    =         0.9805
 DV/DL  =      -226.2878
 ------------------------------------------------------------------------------


MBAR Energy analysis:
Energy at 0.0000 =    -14273.190536
Energy at 0.0000 =    -14273.190536
Energy at 0.2000 =    -14337.926569
Energy at 0.2000 =    -14337.926569
Energy at 0.5000 =    -14410.377522
Energy at 0.5000 =    -14410.377522
Energy at 0.6000 =    -14433.565353
Energy at 0.6000 =    -14433.565353
Energy at 1.0000 =    -14525.268073
Energy at 1.0000 =    -14525.268073
 ------------------------------------------------------------------------------


| TI region  1


 NSTEP =      200   TIME(PS) =     328.400  TEMP(K) =   301.82  PRESS =     0.0
 Etot   =    -11818.4699  EKtot   =      2706.7982  EPtot      =    -14525.2681
 BOND   =        14.6753  ANGLE   =        44.6987  DIHED      =        41.4434
 1-4 NB =        16.7269  1-4 EEL =      -605.8811  VDWAALS    =      2019.7382
 EELEC  =    -16056.6694  EHBOND  =         0.0000  RESTRAINT  =         0.0000
 EKCMT  =         0.0000  VIRIAL  =         0.0000  VOLUME     =     45901.0016
                                                    Density    =         0.9806
 DV/DL  =      -228.3058
 ------------------------------------------------------------------------------

  Softcore part of the system:       2 atoms,       TEMP(K)    =         590.81
 SC_Etot=         5.2197  SC_EKtot=         3.5221  SC_EPtot   =         1.6976
 SC_BOND=         0.0293  SC_ANGLE=         0.5712  SC_DIHED   =         1.0971
 SC_14NB=         0.0000  SC_14EEL=         0.0000  SC_VDW     =         0.0000
 SC_EEL =         0.0000
 SC_RES_DIST=     0.0000  SC_RES_ANG=       0.0000  SC_RES_TORS=         0.0000
 SC_EEL_DER=      0.0000  SC_VDW_DER=       0.0000  SC_DERIV   =         0.0000
 ------------------------------------------------------------------------------


| TI region  2


 NSTEP =      200   TIME(PS) =     328.400  TEMP(K) =   301.63  PRESS =     0.0
 Etot   =    -11821.9921  EKtot   =      2703.2760  EPtot      =    -14525.2681
 BOND   =        14.6753  ANGLE   =        44.6987  DIHED      =        41.4434
 1-4 NB =        16.7269  1-4 EEL =      -605.8811  VDWAALS    =      2019.7382
 EELEC  =    -16056.6694  EHBOND  =         0.0000  RESTRAINT  =         0.0000
 EKCMT  =         0.0000  VIRIAL  =         0.0000  VOLUME     =     45901.0016
                                                    Density    =         0.9805
 DV/DL  =      -228.3058
 ------------------------------------------------------------------------------


MBAR Energy analysis:
Energy at 0.0000 =    -14305.667568
Energy at 0.0000 =    -14305.667568
Energy at 0.2000 =    -14354.121918
Energy at 0.2000 =    -14354.121918
Energy at 0.5000 =    -14422.205400
Energy at 0.5000 =    -14422.205400
Energy at 0.6000 =    -14444.589297
Energy at 0.6000 =    -14444.589297
Energy at 1.0000 =    -14533.687103
Energy at 1.0000 =    -14533.687103
 ------------------------------------------------------------------------------


| TI region  1


 NSTEP =      250   TIME(PS) =     328.500  TEMP(K) =   299.59  PRESS =     0.0
 Etot   =    -11846.8660  EKtot   =      2686.8211  EPtot      =    -14533.6871
 BOND   =        18.7695  ANGLE   =        52.1033  DIHED      =        37.8982
 1-4 NB =        17.4379  1-4 EEL =      -620.8073  VDWAALS    =      2019.9880
 EELEC  =    -16059.0766  EHBOND  =         0.0000  RESTRAINT  =         0.0000
 EKCMT  =         0.0000  VIRIAL  =         0.0000  VOLUME     =     45901.0016
                                                    Density    =         0.9806
 DV/DL  =      -222.3095
 ------------------------------------------------------------------------------

  Softcore part of the system:       2 atoms,       TEMP(K)    =         172.30
 SC_Etot=         5.7498  SC_EKtot=         1.0272  SC_EPtot   =         4.7226
 SC_BOND=         0.4987  SC_ANGLE=         3.0092  SC_DIHED   =         1.2148
 SC_14NB=         0.0000  SC_14EEL=         0.0000  SC_VDW     =         0.0000
 SC_EEL =         0.0000
 SC_RES_DIST=     0.0000  SC_RES_ANG=       0.0000  SC_RES_TORS=         0.0000
 SC_EEL_DER=      0.0000  SC_VDW_DER=       0.0000  SC_DERIV   =         0.0000
 ------------------------------------------------------------------------------


| TI region  2


 NSTEP =      250   TIME(PS) =     328.500  TEMP(K) =   299.68  PRESS =     0.0
 Etot   =    -11847.8932  EKtot   =      2685.7939  EPtot      =    -14533.6871
 BOND   =        18.7695  ANGLE   =        52.1033  DIHED      =        37.8982
 1-4 NB =        17.4379  1-4 EEL =      -620.8073  VDWAALS    =      2019.9880
 EELEC  =    -16059.0766  EHBOND  =         0.0000  RESTRAINT  =         0.0000
 EKCMT  =         0.0000  VIRIAL  =         0.0000  VOLUME     =     45901.0016
                                                    Density    =         0.9805
 DV/DL  =      -222.3095
 ------------------------------------------------------------------------------


MBAR Energy analysis:
Energy at 0.0000 =    -14228.616647
Energy at 0.0000 =    -14228.616647
Energy at 0.2000 =    -14354.069169
Energy at 0.2000 =    -14354.069169
Energy at 0.5000 =    -14428.172618
Energy at 0.5000 =    -14428.172618
Energy at 0.6000 =    -14450.809616
Energy at 0.6000 =    -14450.809616
Energy at 1.0000 =    -14539.702745
Energy at 1.0000 =    -14539.702745
 ------------------------------------------------------------------------------


| TI region  1


 NSTEP =      300   TIME(PS) =     328.600  TEMP(K) =   296.40  PRESS =     0.0
 Etot   =    -11881.5010  EKtot   =      2658.2017  EPtot      =    -14539.7027
 BOND   =        10.9664  ANGLE   =        35.1193  DIHED      =        39.4202
 1-4 NB =        15.3331  1-4 EEL =      -600.9358  VDWAALS    =      2073.3824
 EELEC  =    -16112.9883  EHBOND  =         0.0000  RESTRAINT  =         0.0000
 EKCMT  =         0.0000  VIRIAL  =         0.0000  VOLUME     =     45901.0016
                                                    Density    =         0.9806
 DV/DL  =      -220.8880
 ------------------------------------------------------------------------------

  Softcore part of the system:       2 atoms,       TEMP(K)    =         424.54
 SC_Etot=         5.2435  SC_EKtot=         2.5309  SC_EPtot   =         2.7126
 SC_BOND=         0.6668  SC_ANGLE=         1.5593  SC_DIHED   =         0.4864
 SC_14NB=         0.0000  SC_14EEL=         0.0000  SC_VDW     =         0.0000
 SC_EEL =         0.0000
 SC_RES_DIST=     0.0000  SC_RES_ANG=       0.0000  SC_RES_TORS=         0.0000
 SC_EEL_DER=      0.0000  SC_VDW_DER=       0.0000  SC_DERIV   =         0.0000
 ------------------------------------------------------------------------------


| TI region  2


 NSTEP =      300   TIME(PS) =     328.600  TEMP(K) =   296.32  PRESS =     0.0
 Etot   =    -11884.0319  EKtot   =      2655.6708  EPtot      =    -14539.7027
 BOND   =        10.9664  ANGLE   =        35.1193  DIHED      =        39.4202
 1-4 NB =        15.3331  1-4 EEL =      -600.9358  VDWAALS    =      2073.3824
 EELEC  =    -16112.9883  EHBOND  =         0.0000  RESTRAINT  =         0.0000
 EKCMT  =         0.0000  VIRIAL  =         0.0000  VOLUME     =     45901.0016
                                                    Density    =         0.9805
 DV/DL  =      -220.8880
 ------------------------------------------------------------------------------


MBAR Energy analysis:
Energy at 0.0000 =    -14291.865148
Energy at 0.0000 =    -14291.865148
Energy at 0.2000 =    -14359.524073
Energy at 0.2000 =    -14359.524073
Energy at 0.5000 =    -14433.685736
Energy at 0.5000 =    -14433.685736
Energy at 0.6000 =    -14457.473047
Energy at 0.6000 =    -14457.473047
Energy at 1.0000 =    -14551.683119
Energy at 1.0000 =    -14551.683119
 ------------------------------------------------------------------------------


| TI region  1


 NSTEP =      350   TIME(PS) =     328.700  TEMP(K) =   294.52  PRESS =     0.0
 Etot   =    -11910.3784  EKtot   =      2641.3047  EPtot      =    -14551.6831
 BOND   =        18.9451  ANGLE   =        40.8403  DIHED      =        37.7394
 1-4 NB =        15.5880  1-4 EEL =      -616.7289  VDWAALS    =      2121.7626
 EELEC  =    -16169.8296  EHBOND  =         0.0000  RESTRAINT  =         0.0000
 EKCMT  =         0.0000  VIRIAL  =         0.0000  VOLUME     =     45901.0016
                                                    Density    =         0.9806
 DV/DL  =      -234.7026
 ------------------------------------------------------------------------------

  Softcore part of the system:       2 atoms,       TEMP(K)    =         221.32
 SC_Etot=         4.6563  SC_EKtot=         1.3194  SC_EPtot   =         3.3369
 SC_BOND=         0.7130  SC_ANGLE=         2.1420  SC_DIHED   =         0.4820
 SC_14NB=         0.0000  SC_14EEL=         0.0000  SC_VDW     =         0.0000
 SC_EEL =         0.0000
 SC_RES_DIST=     0.0000  SC_RES_ANG=       0.0000  SC_RES_TORS=         0.0000
 SC_EEL_DER=      0.0000  SC_VDW_DER=       0.0000  SC_DERIV   =         0.0000
 ------------------------------------------------------------------------------


| TI region  2


 NSTEP =      350   TIME(PS) =     328.700  TEMP(K) =   294.57  PRESS =     0.0
 Etot   =    -11911.6978  EKtot   =      2639.9853  EPtot      =    -14551.6831
 BOND   =        18.9451  ANGLE   =        40.8403  DIHED      =        37.7394
 1-4 NB =        15.5880  1-4 EEL =      -616.7289  VDWAALS    =      2121.7626
 EELEC  =    -16169.8296  EHBOND  =         0.0000  RESTRAINT  =         0.0000
 EKCMT  =         0.0000  VIRIAL  =         0.0000  VOLUME     =     45901.0016
                                                    Density    =         0.9805
 DV/DL  =      -234.7026
 ------------------------------------------------------------------------------


MBAR Energy analysis:
Energy at 0.0000 =    -14274.639531
Energy at 0.0000 =    -14274.639531
Energy at 0.2000 =    -14355.200618
Energy at 0.2000 =    -14355.200618
Energy at 0.5000 =    -14427.842052
Energy at 0.5000 =    -14427.842052
Energy at 0.6000 =    -14450.774410
Energy at 0.6000 =    -14450.774410
Energy at 1.0000 =    -14541.329201
Energy at 1.0000 =    -14541.329201
 ------------------------------------------------------------------------------


| TI region  1


 NSTEP =      400   TIME(PS) =     328.800  TEMP(K) =   296.03  PRESS =     0.0
 Etot   =    -11886.4935  EKtot   =      2654.8357  EPtot      =    -14541.3292
 BOND   =        14.5783  ANGLE   =        43.7162  DIHED      =        38.1036
 1-4 NB =        15.7923  1-4 EEL =      -612.6919  VDWAALS    =      2058.8422
 EELEC  =    -16099.6699  EHBOND  =         0.0000  RESTRAINT  =         0.0000
 EKCMT  =         0.0000  VIRIAL  =         0.0000  VOLUME     =     45901.0016
                                                    Density    =         0.9806
 DV/DL  =      -225.3913
 ------------------------------------------------------------------------------

  Softcore part of the system:       2 atoms,       TEMP(K)    =         383.89
 SC_Etot=         6.3985  SC_EKtot=         2.2886  SC_EPtot   =         4.1098
 SC_BOND=         0.0357  SC_ANGLE=         3.1588  SC_DIHED   =         0.9153
 SC_14NB=         0.0000  SC_14EEL=         0.0000  SC_VDW     =         0.0000
 SC_EEL =         0.0000
 SC_RES_DIST=     0.0000  SC_RES_ANG=       0.0000  SC_RES_TORS=         0.0000
 SC_EEL_DER=      0.0000  SC_VDW_DER=       0.0000  SC_DERIV   =         0.0000
 ------------------------------------------------------------------------------


| TI region  2


 NSTEP =      400   TIME(PS) =     328.800  TEMP(K) =   295.97  PRESS =     0.0
 Etot   =    -11888.7822  EKtot   =      2652.5470  EPtot      =    -14541.3292
 BOND   =        14.5783  ANGLE   =        43.7162  DIHED      =        38.1036
 1-4 NB =        15.7923  1-4 EEL =      -612.6919  VDWAALS    =      2058.8422
 EELEC  =    -16099.6699  EHBOND  =         0.0000  RESTRAINT  =         0.0000
 EKCMT  =         0.0000  VIRIAL  =         0.0000  VOLUME     =     45901.0016
                                                    Density    =         0.9805
 DV/DL  =      -225.3913
 ------------------------------------------------------------------------------


MBAR Energy analysis:
Energy at 0.0000 =    -14285.125973
Energy at 0.0000 =    -14285.125973
Energy at 0.2000 =    -14352.129543
Energy at 0.2000 =    -14352.129543
Energy at 0.5000 =    -14425.961730
Energy at 0.5000 =    -14425.961730
Energy at 0.6000 =    -14449.620861
Energy at 0.6000 =    -14449.620861
Energy at 1.0000 =    -14543.299628
Energy at 1.0000 =    -14543.299628
 ------------------------------------------------------------------------------


| TI region  1


 NSTEP =      450   TIME(PS) =     328.900  TEMP(K) =   295.65  PRESS =     0.0
 Etot   =    -11891.8554  EKtot   =      2651.4443  EPtot      =    -14543.2996
 BOND   =        10.1177  ANGLE   =        40.4604  DIHED      =        40.1953
 1-4 NB =        16.8734  1-4 EEL =      -612.6908  VDWAALS    =      2082.4506
 EELEC  =    -16120.7064  EHBOND  =         0.0000  RESTRAINT  =         0.0000
 EKCMT  =         0.0000  VIRIAL  =         0.0000  VOLUME     =     45901.0016
                                                    Density    =         0.9806
 DV/DL  =      -233.3648
 ------------------------------------------------------------------------------

  Softcore part of the system:       2 atoms,       TEMP(K)    =         462.79
 SC_Etot=         6.1340  SC_EKtot=         2.7590  SC_EPtot   =         3.3750
 SC_BOND=         0.0781  SC_ANGLE=         1.8334  SC_DIHED   =         1.4635
 SC_14NB=         0.0000  SC_14EEL=         0.0000  SC_VDW     =         0.0000
 SC_EEL =         0.0000
 SC_RES_DIST=     0.0000  SC_RES_ANG=       0.0000  SC_RES_TORS=         0.0000
 SC_EEL_DER=      0.0000  SC_VDW_DER=       0.0000  SC_DERIV   =         0.0000
 ------------------------------------------------------------------------------


| TI region  2


 NSTEP =      450   TIME(PS) =     328.900  TEMP(K) =   295.54  PRESS =     0.0
 Etot   =    -11894.6143  EKtot   =      2648.6853  EPtot      =    -14543.2996
 BOND   =        10.1177  ANGLE   =        40.4604  DIHED      =        40.1953
 1-4 NB =        16.8734  1-4 EEL =      -612.6908  VDWAALS    =      2082.4506
 EELEC  =    -16120.7064  EHBOND  =         0.0000  RESTRAINT  =         0.0000
 EKCMT  =         0.0000  VIRIAL  =         0.0000  VOLUME     =     45901.0016
                                                    Density    =         0.9805
 DV/DL  =      -233.3648
 ------------------------------------------------------------------------------


MBAR Energy analysis:
Energy at 0.0000 =    -14312.080724
Energy at 0.0000 =    -14312.080724
Energy at 0.2000 =    -14370.152264
Energy at 0.2000 =    -14370.152264
Energy at 0.5000 =    -14446.722257
Energy at 0.5000 =    -14446.722257
Energy at 0.6000 =    -14471.662956
Energy at 0.6000 =    -14471.662956
Energy at 1.0000 =    -14570.720640
Energy at 1.0000 =    -14570.720640
 ------------------------------------------------------------------------------


| TI region  1


 NSTEP =      500   TIME(PS) =     329.000  TEMP(K) =   300.65  PRESS =     0.0
 Etot   =    -11874.3906  EKtot   =      2696.3301  EPtot      =    -14570.7206
 BOND   =        16.9581  ANGLE   =        47.2465  DIHED      =        38.0477
 1-4 NB =        18.3937  1-4 EEL =      -620.4093  VDWAALS    =      2101.1913
 EELEC  =    -16172.1487  EHBOND  =         0.0000  RESTRAINT  =         0.0000
 EKCMT  =         0.0000  VIRIAL  =         0.0000  VOLUME     =     45901.0016
                                                    Density    =         0.9806
 DV/DL  =      -246.9927
 ------------------------------------------------------------------------------

  Softcore part of the system:       2 atoms,       TEMP(K)    =         905.17
 SC_Etot=         8.5845  SC_EKtot=         5.3962  SC_EPtot   =         3.1883
 SC_BOND=         0.4314  SC_ANGLE=         1.6594  SC_DIHED   =         1.0975
 SC_14NB=         0.0000  SC_14EEL=         0.0000  SC_VDW     =         0.0000
 SC_EEL =         0.0000
 SC_RES_DIST=     0.0000  SC_RES_ANG=       0.0000  SC_RES_TORS=         0.0000
 SC_EEL_DER=      0.0000  SC_VDW_DER=       0.0000  SC_DERIV   =         0.0000
 ------------------------------------------------------------------------------


| TI region  2


 NSTEP =      500   TIME(PS) =     329.000  TEMP(K) =   300.25  PRESS =     0.0
 Etot   =    -11879.7868  EKtot   =      2690.9338  EPtot      =    -14570.7206
 BOND   =        16.9581  ANGLE   =        47.2465  DIHED      =        38.0477
 1-4 NB =        18.3937  1-4 EEL =      -620.4093  VDWAALS    =      2101.1913
 EELEC  =    -16172.1487  EHBOND  =         0.0000  RESTRAINT  =         0.0000
 EKCMT  =         0.0000  VIRIAL  =         0.0000  VOLUME     =     45901.0016
                                                    Density    =         0.9805
 DV/DL  =      -246.9927
 ------------------------------------------------------------------------------


MBAR Energy analysis:
Energy at 0.0000 =    -14237.240778
Energy at 0.0000 =    -14237.240778
Energy at 0.2000 =    -14338.843054
Energy at 0.2000 =    -14338.843054
Energy at 0.5000 =    -14414.810632
Energy at 0.5000 =    -14414.810632
Energy at 0.6000 =    -14438.554531
Energy at 0.6000 =    -14438.554531
Energy at 1.0000 =    -14532.189277
Energy at 1.0000 =    -14532.189277
 ------------------------------------------------------------------------------


| TI region  1


 NSTEP =      550   TIME(PS) =     329.100  TEMP(K) =   296.52  PRESS =     0.0
 Etot   =    -11872.9523  EKtot   =      2659.2370  EPtot      =    -14532.1893
 BOND   =        21.0168  ANGLE   =        49.0660  DIHED      =        39.6552
 1-4 NB =        18.3229  1-4 EEL =      -613.3288  VDWAALS    =      2109.4708
 EELEC  =    -16156.3921  EHBOND  =         0.0000  RESTRAINT  =         0.0000
 EKCMT  =         0.0000  VIRIAL  =         0.0000  VOLUME     =     45901.0016
                                                    Density    =         0.9806
 DV/DL  =      -232.9744
 ------------------------------------------------------------------------------

  Softcore part of the system:       2 atoms,       TEMP(K)    =         406.48
 SC_Etot=         6.5356  SC_EKtot=         2.4233  SC_EPtot   =         4.1123
 SC_BOND=         0.0474  SC_ANGLE=         3.2979  SC_DIHED   =         0.7671
 SC_14NB=         0.0000  SC_14EEL=         0.0000  SC_VDW     =         0.0000
 SC_EEL =         0.0000
 SC_RES_DIST=     0.0000  SC_RES_ANG=       0.0000  SC_RES_TORS=         0.0000
 SC_EEL_DER=      0.0000  SC_VDW_DER=       0.0000  SC_DERIV   =         0.0000
 ------------------------------------------------------------------------------


| TI region  2


 NSTEP =      550   TIME(PS) =     329.100  TEMP(K) =   296.45  PRESS =     0.0
 Etot   =    -11875.3756  EKtot   =      2656.8137  EPtot      =    -14532.1893
 BOND   =        21.0168  ANGLE   =        49.0660  DIHED      =        39.6552
 1-4 NB =        18.3229  1-4 EEL =      -613.3288  VDWAALS    =      2109.4708
 EELEC  =    -16156.3921  EHBOND  =         0.0000  RESTRAINT  =         0.0000
 EKCMT  =         0.0000  VIRIAL  =         0.0000  VOLUME     =     45901.0016
                                                    Density    =         0.9805
 DV/DL  =      -232.9744
 ------------------------------------------------------------------------------


MBAR Energy analysis:
Energy at 0.0000 =    -14332.793184
Energy at 0.0000 =    -14332.793184
Energy at 0.2000 =    -14419.275483
Energy at 0.2000 =    -14419.275483
Energy at 0.5000 =    -14490.896174
Energy at 0.5000 =    -14490.896174
Energy at 0.6000 =    -14513.447178
Energy at 0.6000 =    -14513.447178
Energy at 1.0000 =    -14602.494510
Energy at 1.0000 =    -14602.494510
 ------------------------------------------------------------------------------


| TI region  1


 NSTEP =      600   TIME(PS) =     329.200  TEMP(K) =   300.62  PRESS =     0.0
 Etot   =    -11906.4691  EKtot   =      2696.0254  EPtot      =    -14602.4945
 BOND   =         8.0545  ANGLE   =        31.0941  DIHED      =        44.6032
 1-4 NB =        17.0570  1-4 EEL =      -590.4975  VDWAALS    =      2142.2955
 EELEC  =    -16255.1014  EHBOND  =         0.0000  RESTRAINT  =         0.0000
 EKCMT  =         0.0000  VIRIAL  =         0.0000  VOLUME     =     45901.0016
                                                    Density    =         0.9806
 DV/DL  =      -221.6506
 ------------------------------------------------------------------------------

  Softcore part of the system:       2 atoms,       TEMP(K)    =         507.86
 SC_Etot=         6.2514  SC_EKtot=         3.0276  SC_EPtot   =         3.2237
 SC_BOND=         1.0083  SC_ANGLE=         1.5613  SC_DIHED   =         0.6541
 SC_14NB=         0.0000  SC_14EEL=         0.0000  SC_VDW     =         0.0000
 SC_EEL =         0.0000
 SC_RES_DIST=     0.0000  SC_RES_ANG=       0.0000  SC_RES_TORS=         0.0000
 SC_EEL_DER=      0.0000  SC_VDW_DER=       0.0000  SC_DERIV   =         0.0000
 ------------------------------------------------------------------------------


| TI region  2


 NSTEP =      600   TIME(PS) =     329.200  TEMP(K) =   300.48  PRESS =     0.0
 Etot   =    -11909.4967  EKtot   =      2692.9978  EPtot      =    -14602.4945
 BOND   =         8.0545  ANGLE   =        31.0941  DIHED      =        44.6032
 1-4 NB =        17.0570  1-4 EEL =      -590.4975  VDWAALS    =      2142.2955
 EELEC  =    -16255.1014  EHBOND  =         0.0000  RESTRAINT  =         0.0000
 EKCMT  =         0.0000  VIRIAL  =         0.0000  VOLUME     =     45901.0016
                                                    Density    =         0.9805
 DV/DL  =      -221.6506
 ------------------------------------------------------------------------------


MBAR Energy analysis:
Energy at 0.0000 =    -14295.776146
Energy at 0.0000 =    -14295.776146
Energy at 0.2000 =    -14352.458178
Energy at 0.2000 =    -14352.458178
Energy at 0.5000 =    -14423.799585
Energy at 0.5000 =    -14423.799585
Energy at 0.6000 =    -14446.978605
Energy at 0.6000 =    -14446.978605
Energy at 1.0000 =    -14539.013297
Energy at 1.0000 =    -14539.013297
 ------------------------------------------------------------------------------


| TI region  1


 NSTEP =      650   TIME(PS) =     329.300  TEMP(K) =   297.82  PRESS =     0.0
 Etot   =    -11868.0817  EKtot   =      2670.9316  EPtot      =    -14539.0133
 BOND   =        23.8837  ANGLE   =        40.2715  DIHED      =        42.0920
 1-4 NB =        16.8575  1-4 EEL =      -612.8364  VDWAALS    =      2072.2891
 EELEC  =    -16121.5707  EHBOND  =         0.0000  RESTRAINT  =         0.0000
 EKCMT  =         0.0000  VIRIAL  =         0.0000  VOLUME     =     45901.0016
                                                    Density    =         0.9806
 DV/DL  =      -229.4593
 ------------------------------------------------------------------------------

  Softcore part of the system:       2 atoms,       TEMP(K)    =         335.65
 SC_Etot=         6.6409  SC_EKtot=         2.0010  SC_EPtot   =         4.6399
 SC_BOND=         2.0220  SC_ANGLE=         2.0030  SC_DIHED   =         0.6149
 SC_14NB=         0.0000  SC_14EEL=         0.0000  SC_VDW     =         0.0000
 SC_EEL =         0.0000
 SC_RES_DIST=     0.0000  SC_RES_ANG=       0.0000  SC_RES_TORS=         0.0000
 SC_EEL_DER=      0.0000  SC_VDW_DER=       0.0000  SC_DERIV   =         0.0000
 ------------------------------------------------------------------------------


| TI region  2


 NSTEP =      650   TIME(PS) =     329.300  TEMP(K) =   297.80  PRESS =     0.0
 Etot   =    -11870.0827  EKtot   =      2668.9306  EPtot      =    -14539.0133
 BOND   =        23.8837  ANGLE   =        40.2715  DIHED      =        42.0920
 1-4 NB =        16.8575  1-4 EEL =      -612.8364  VDWAALS    =      2072.2891
 EELEC  =    -16121.5707  EHBOND  =         0.0000  RESTRAINT  =         0.0000
 EKCMT  =         0.0000  VIRIAL  =         0.0000  VOLUME     =     45901.0016
                                                    Density    =         0.9805
 DV/DL  =      -229.4593
 ------------------------------------------------------------------------------


MBAR Energy analysis:
Energy at 0.0000 =    -14217.995716
Energy at 0.0000 =    -14217.995716
Energy at 0.2000 =    -14267.343502
Energy at 0.2000 =    -14267.343502
Energy at 0.5000 =    -14339.299869
Energy at 0.5000 =    -14339.299869
Energy at 0.6000 =    -14363.116744
Energy at 0.6000 =    -14363.116744
Energy at 1.0000 =    -14458.120273
Energy at 1.0000 =    -14458.120273
 ------------------------------------------------------------------------------


| TI region  1


 NSTEP =      700   TIME(PS) =     329.400  TEMP(K) =   296.95  PRESS =     0.0
 Etot   =    -11795.0057  EKtot   =      2663.1145  EPtot      =    -14458.1203
 BOND   =        21.3945  ANGLE   =        51.2237  DIHED      =        39.1107
 1-4 NB =        16.5489  1-4 EEL =      -619.8063  VDWAALS    =      2051.1591
 EELEC  =    -16017.7508  EHBOND  =         0.0000  RESTRAINT  =         0.0000
 EKCMT  =         0.0000  VIRIAL  =         0.0000  VOLUME     =     45901.0016
                                                    Density    =         0.9806
 DV/DL  =      -237.2363
 ------------------------------------------------------------------------------

  Softcore part of the system:       2 atoms,       TEMP(K)    =         315.49
 SC_Etot=         6.0193  SC_EKtot=         1.8808  SC_EPtot   =         4.1385
 SC_BOND=         0.6646  SC_ANGLE=         2.8735  SC_DIHED   =         0.6004
 SC_14NB=         0.0000  SC_14EEL=         0.0000  SC_VDW     =         0.0000
 SC_EEL =         0.0000
 SC_RES_DIST=     0.0000  SC_RES_ANG=       0.0000  SC_RES_TORS=         0.0000
 SC_EEL_DER=      0.0000  SC_VDW_DER=       0.0000  SC_DERIV   =         0.0000
 ------------------------------------------------------------------------------


| TI region  2


 NSTEP =      700   TIME(PS) =     329.400  TEMP(K) =   296.94  PRESS =     0.0
 Etot   =    -11796.8866  EKtot   =      2661.2337  EPtot      =    -14458.1203
 BOND   =        21.3945  ANGLE   =        51.2237  DIHED      =        39.1107
 1-4 NB =        16.5489  1-4 EEL =      -619.8063  VDWAALS    =      2051.1591
 EELEC  =    -16017.7508  EHBOND  =         0.0000  RESTRAINT  =         0.0000
 EKCMT  =         0.0000  VIRIAL  =         0.0000  VOLUME     =     45901.0016
                                                    Density    =         0.9805
 DV/DL  =      -237.2363
 ------------------------------------------------------------------------------


MBAR Energy analysis:
Energy at 0.0000 =    -14251.250465
Energy at 0.0000 =    -14251.250465
Energy at 0.2000 =    -14307.832009
Energy at 0.2000 =    -14307.832009
Energy at 0.5000 =    -14378.587158
Energy at 0.5000 =    -14378.587158
Energy at 0.6000 =    -14401.507887
Energy at 0.6000 =    -14401.507887
Energy at 1.0000 =    -14492.417218
Energy at 1.0000 =    -14492.417218
 ------------------------------------------------------------------------------


| TI region  1


 NSTEP =      750   TIME(PS) =     329.500  TEMP(K) =   308.05  PRESS =     0.0
 Etot   =    -11729.7260  EKtot   =      2762.6912  EPtot      =    -14492.4172
 BOND   =        17.9937  ANGLE   =        44.5096  DIHED      =        45.5213
 1-4 NB =        18.3695  1-4 EEL =      -617.2342  VDWAALS    =      2035.1130
 EELEC  =    -16036.6902  EHBOND  =         0.0000  RESTRAINT  =         0.0000
 EKCMT  =         0.0000  VIRIAL  =         0.0000  VOLUME     =     45901.0016
                                                    Density    =         0.9806
 DV/DL  =      -226.5571
 ------------------------------------------------------------------------------

  Softcore part of the system:       2 atoms,       TEMP(K)    =         122.98
 SC_Etot=         6.0624  SC_EKtot=         0.7331  SC_EPtot   =         5.3292
 SC_BOND=         1.8268  SC_ANGLE=         2.7957  SC_DIHED   =         0.7067
 SC_14NB=         0.0000  SC_14EEL=         0.0000  SC_VDW     =         0.0000
 SC_EEL =         0.0000
 SC_RES_DIST=     0.0000  SC_RES_ANG=       0.0000  SC_RES_TORS=         0.0000
 SC_EEL_DER=      0.0000  SC_VDW_DER=       0.0000  SC_DERIV   =         0.0000
 ------------------------------------------------------------------------------


| TI region  2


 NSTEP =      750   TIME(PS) =     329.500  TEMP(K) =   308.18  PRESS =     0.0
 Etot   =    -11730.4591  EKtot   =      2761.9581  EPtot      =    -14492.4172
 BOND   =        17.9937  ANGLE   =        44.5096  DIHED      =        45.5213
 1-4 NB =        18.3695  1-4 EEL =      -617.2342  VDWAALS    =      2035.1130
 EELEC  =    -16036.6902  EHBOND  =         0.0000  RESTRAINT  =         0.0000
 EKCMT  =         0.0000  VIRIAL  =         0.0000  VOLUME     =     45901.0016
                                                    Density    =         0.9805
 DV/DL  =      -226.5571
 ------------------------------------------------------------------------------


MBAR Energy analysis:
Energy at 0.0000 =    -14231.130660
Energy at 0.0000 =    -14231.130660
Energy at 0.2000 =    -14282.439611
Energy at 0.2000 =    -14282.439611
Energy at 0.5000 =    -14352.456970
Energy at 0.5000 =    -14352.456970
Energy at 0.6000 =    -14375.411544
Energy at 0.6000 =    -14375.411544
Energy at 1.0000 =    -14466.748600
Energy at 1.0000 =    -14466.748600
 ------------------------------------------------------------------------------


| TI region  1


 NSTEP =      800   TIME(PS) =     329.600  TEMP(K) =   299.75  PRESS =     0.0
 Etot   =    -11778.5647  EKtot   =      2688.1839  EPtot      =    -14466.7486
 BOND   =        25.1521  ANGLE   =        45.9693  DIHED      =        39.8831
 1-4 NB =        16.6429  1-4 EEL =      -618.8591  VDWAALS    =      2066.0090
 EELEC  =    -16041.5458  EHBOND  =         0.0000  RESTRAINT  =         0.0000
 EKCMT  =         0.0000  VIRIAL  =         0.0000  VOLUME     =     45901.0016
                                                    Density    =         0.9806
 DV/DL  =      -227.8856
 ------------------------------------------------------------------------------

  Softcore part of the system:       2 atoms,       TEMP(K)    =         292.03
 SC_Etot=         4.6663  SC_EKtot=         1.7409  SC_EPtot   =         2.9254
 SC_BOND=         0.1187  SC_ANGLE=         1.3591  SC_DIHED   =         1.4476
 SC_14NB=         0.0000  SC_14EEL=         0.0000  SC_VDW     =         0.0000
 SC_EEL =         0.0000
 SC_RES_DIST=     0.0000  SC_RES_ANG=       0.0000  SC_RES_TORS=         0.0000
 SC_EEL_DER=      0.0000  SC_VDW_DER=       0.0000  SC_DERIV   =         0.0000
 ------------------------------------------------------------------------------


| TI region  2


 NSTEP =      800   TIME(PS) =     329.600  TEMP(K) =   299.75  PRESS =     0.0
 Etot   =    -11780.3056  EKtot   =      2686.4430  EPtot      =    -14466.7486
 BOND   =        25.1521  ANGLE   =        45.9693  DIHED      =        39.8831
 1-4 NB =        16.6429  1-4 EEL =      -618.8591  VDWAALS    =      2066.0090
 EELEC  =    -16041.5458  EHBOND  =         0.0000  RESTRAINT  =         0.0000
 EKCMT  =         0.0000  VIRIAL  =         0.0000  VOLUME     =     45901.0016
                                                    Density    =         0.9805
 DV/DL  =      -227.8856
 ------------------------------------------------------------------------------


MBAR Energy analysis:
Energy at 0.0000 =    -14235.565403
Energy at 0.0000 =    -14235.565403
Energy at 0.2000 =    -14304.086759
Energy at 0.2000 =    -14304.086759
Energy at 0.5000 =    -14377.143289
Energy at 0.5000 =    -14377.143289
Energy at 0.6000 =    -14400.673613
Energy at 0.6000 =    -14400.673613
Energy at 1.0000 =    -14494.069286
Energy at 1.0000 =    -14494.069286
 ------------------------------------------------------------------------------


| TI region  1


 NSTEP =      850   TIME(PS) =     329.700  TEMP(K) =   303.15  PRESS =     0.0
 Etot   =    -11775.3952  EKtot   =      2718.6741  EPtot      =    -14494.0693
 BOND   =        25.6801  ANGLE   =        51.5739  DIHED      =        40.7484
 1-4 NB =        16.9915  1-4 EEL =      -625.9929  VDWAALS    =      2041.0093
 EELEC  =    -16044.0797  EHBOND  =         0.0000  RESTRAINT  =         0.0000
 EKCMT  =         0.0000  VIRIAL  =         0.0000  VOLUME     =     45901.0016
                                                    Density    =         0.9806
 DV/DL  =      -232.8883
 ------------------------------------------------------------------------------

  Softcore part of the system:       2 atoms,       TEMP(K)    =         199.53
 SC_Etot=         4.8228  SC_EKtot=         1.1895  SC_EPtot   =         3.6333
 SC_BOND=         0.5145  SC_ANGLE=         1.9716  SC_DIHED   =         1.1471
 SC_14NB=         0.0000  SC_14EEL=         0.0000  SC_VDW     =         0.0000
 SC_EEL =         0.0000
 SC_RES_DIST=     0.0000  SC_RES_ANG=       0.0000  SC_RES_TORS=         0.0000
 SC_EEL_DER=      0.0000  SC_VDW_DER=       0.0000  SC_DERIV   =         0.0000
 ------------------------------------------------------------------------------


| TI region  2


 NSTEP =      850   TIME(PS) =     329.700  TEMP(K) =   303.22  PRESS =     0.0
 Etot   =    -11776.5848  EKtot   =      2717.4845  EPtot      =    -14494.0693
 BOND   =        25.6801  ANGLE   =        51.5739  DIHED      =        40.7484
 1-4 NB =        16.9915  1-4 EEL =      -625.9929  VDWAALS    =      2041.0093
 EELEC  =    -16044.0797  EHBOND  =         0.0000  RESTRAINT  =         0.0000
 EKCMT  =         0.0000  VIRIAL  =         0.0000  VOLUME     =     45901.0016
                                                    Density    =         0.9805
 DV/DL  =      -232.8883
 ------------------------------------------------------------------------------


MBAR Energy analysis:
Energy at 0.0000 =    -14237.668320
Energy at 0.0000 =    -14237.668320
Energy at 0.2000 =    -14286.719002
Energy at 0.2000 =    -14286.719002
Energy at 0.5000 =    -14358.494446
Energy at 0.5000 =    -14358.494446
Energy at 0.6000 =    -14382.255968
Energy at 0.6000 =    -14382.255968
Energy at 1.0000 =    -14477.029846
Energy at 1.0000 =    -14477.029846
 ------------------------------------------------------------------------------


| TI region  1


 NSTEP =      900   TIME(PS) =     329.800  TEMP(K) =   299.31  PRESS =     0.0
 Etot   =    -11792.7577  EKtot   =      2684.2721  EPtot      =    -14477.0298
 BOND   =        16.5142  ANGLE   =        54.6725  DIHED      =        39.2474
 1-4 NB =        19.6592  1-4 EEL =      -620.4024  VDWAALS    =      2126.6242
 EELEC  =    -16113.3449  EHBOND  =         0.0000  RESTRAINT  =         0.0000
 EKCMT  =         0.0000  VIRIAL  =         0.0000  VOLUME     =     45901.0016
                                                    Density    =         0.9806
 DV/DL  =      -236.6482
 ------------------------------------------------------------------------------

  Softcore part of the system:       2 atoms,       TEMP(K)    =         106.61
 SC_Etot=         3.9122  SC_EKtot=         0.6356  SC_EPtot   =         3.2766
 SC_BOND=         1.1435  SC_ANGLE=         1.6365  SC_DIHED   =         0.4966
 SC_14NB=         0.0000  SC_14EEL=         0.0000  SC_VDW     =         0.0000
 SC_EEL =         0.0000
 SC_RES_DIST=     0.0000  SC_RES_ANG=       0.0000  SC_RES_TORS=         0.0000
 SC_EEL_DER=      0.0000  SC_VDW_DER=       0.0000  SC_DERIV   =         0.0000
 ------------------------------------------------------------------------------


| TI region  2


 NSTEP =      900   TIME(PS) =     329.800  TEMP(K) =   299.44  PRESS =     0.0
 Etot   =    -11793.3933  EKtot   =      2683.6365  EPtot      =    -14477.0298
 BOND   =        16.5142  ANGLE   =        54.6725  DIHED      =        39.2474
 1-4 NB =        19.6592  1-4 EEL =      -620.4024  VDWAALS    =      2126.6242
 EELEC  =    -16113.3449  EHBOND  =         0.0000  RESTRAINT  =         0.0000
 EKCMT  =         0.0000  VIRIAL  =         0.0000  VOLUME     =     45901.0016
                                                    Density    =         0.9805
 DV/DL  =      -236.6482
 ------------------------------------------------------------------------------


MBAR Energy analysis:
Energy at 0.0000 =    -14271.627886
Energy at 0.0000 =    -14271.627886
Energy at 0.2000 =    -14323.020028
Energy at 0.2000 =    -14323.020028
Energy at 0.5000 =    -14396.727968
Energy at 0.5000 =    -14396.727968
Energy at 0.6000 =    -14421.058897
Energy at 0.6000 =    -14421.058897
Energy at 1.0000 =    -14518.040320
Energy at 1.0000 =    -14518.040320
 ------------------------------------------------------------------------------


| TI region  1


 NSTEP =      950   TIME(PS) =     329.900  TEMP(K) =   302.04  PRESS =     0.0
 Etot   =    -11809.2982  EKtot   =      2708.7421  EPtot      =    -14518.0403
 BOND   =        14.4613  ANGLE   =        58.1872  DIHED      =        43.5183
 1-4 NB =        15.9111  1-4 EEL =      -621.5322  VDWAALS    =      2104.4754
 EELEC  =    -16133.0615  EHBOND  =         0.0000  RESTRAINT  =         0.0000
 EKCMT  =         0.0000  VIRIAL  =         0.0000  VOLUME     =     45901.0016
                                                    Density    =         0.9806
 DV/DL  =      -242.1112
 ------------------------------------------------------------------------------

  Softcore part of the system:       2 atoms,       TEMP(K)    =         142.49
 SC_Etot=         5.3354  SC_EKtot=         0.8495  SC_EPtot   =         4.4859
 SC_BOND=         0.6317  SC_ANGLE=         3.1922  SC_DIHED   =         0.6620
 SC_14NB=         0.0000  SC_14EEL=         0.0000  SC_VDW     =         0.0000
 SC_EEL =         0.0000
 SC_RES_DIST=     0.0000  SC_RES_ANG=       0.0000  SC_RES_TORS=         0.0000
 SC_EEL_DER=      0.0000  SC_VDW_DER=       0.0000  SC_DERIV   =         0.0000
 ------------------------------------------------------------------------------


| TI region  2


 NSTEP =      950   TIME(PS) =     329.900  TEMP(K) =   302.14  PRESS =     0.0
 Etot   =    -11810.1477  EKtot   =      2707.8927  EPtot      =    -14518.0403
 BOND   =        14.4613  ANGLE   =        58.1872  DIHED      =        43.5183
 1-4 NB =        15.9111  1-4 EEL =      -621.5322  VDWAALS    =      2104.4754
 EELEC  =    -16133.0615  EHBOND  =         0.0000  RESTRAINT  =         0.0000
 EKCMT  =         0.0000  VIRIAL  =         0.0000  VOLUME     =     45901.0016
                                                    Density    =         0.9805
 DV/DL  =      -242.1112
 ------------------------------------------------------------------------------

| MC Barostat: Decreasing size of volume moves

MBAR Energy analysis:
Energy at 0.0000 =    -14243.608682
Energy at 0.0000 =    -14243.608682
Energy at 0.2000 =    -14299.307857
Energy at 0.2000 =    -14299.307857
Energy at 0.5000 =    -14371.101844
Energy at 0.5000 =    -14371.101844
Energy at 0.6000 =    -14394.386642
Energy at 0.6000 =    -14394.386642
Energy at 1.0000 =    -14486.744333
Energy at 1.0000 =    -14486.744333
 ------------------------------------------------------------------------------


| TI region  1


 NSTEP =     1000   TIME(PS) =     330.000  TEMP(K) =   298.84  PRESS =     0.0
 Etot   =    -11806.6623  EKtot   =      2680.0820  EPtot      =    -14486.7443
 BOND   =        16.6976  ANGLE   =        41.5019  DIHED      =        45.4527
 1-4 NB =        17.4710  1-4 EEL =      -618.7077  VDWAALS    =      2056.3483
 EELEC  =    -16045.5082  EHBOND  =         0.0000  RESTRAINT  =         0.0000
 EKCMT  =         0.0000  VIRIAL  =         0.0000  VOLUME     =     45939.0884
                                                    Density    =         0.9797
 DV/DL  =      -230.1703
 ------------------------------------------------------------------------------

  Softcore part of the system:       2 atoms,       TEMP(K)    =          99.53
 SC_Etot=         3.4461  SC_EKtot=         0.5934  SC_EPtot   =         2.8527
 SC_BOND=         1.5362  SC_ANGLE=         1.1027  SC_DIHED   =         0.2139
 SC_14NB=         0.0000  SC_14EEL=         0.0000  SC_VDW     =         0.0000
 SC_EEL =         0.0000
 SC_RES_DIST=     0.0000  SC_RES_ANG=       0.0000  SC_RES_TORS=         0.0000
 SC_EEL_DER=      0.0000  SC_VDW_DER=       0.0000  SC_DERIV   =         0.0000
 ------------------------------------------------------------------------------


| TI region  2


 NSTEP =     1000   TIME(PS) =     330.000  TEMP(K) =   298.98  PRESS =     0.0
 Etot   =    -11807.2557  EKtot   =      2679.4886  EPtot      =    -14486.7443
 BOND   =        16.6976  ANGLE   =        41.5019  DIHED      =        45.4527
 1-4 NB =        17.4710  1-4 EEL =      -618.7077  VDWAALS    =      2056.3483
 EELEC  =    -16045.5082  EHBOND  =         0.0000  RESTRAINT  =         0.0000
 EKCMT  =         0.0000  VIRIAL  =         0.0000  VOLUME     =     45939.0884
                                                    Density    =         0.9797
 DV/DL  =      -230.1703
 ------------------------------------------------------------------------------

|===============================================================================

| TI region  1


      A V E R A G E S   O V E R    1000 S T E P S


 NSTEP =     1000   TIME(PS) =     330.000  TEMP(K) =   298.62  PRESS =     0.0
 Etot   =    -11846.0338  EKtot   =      2678.0441  EPtot      =    -14524.0778
 BOND   =        16.0430  ANGLE   =        46.7143  DIHED      =        40.6844
 1-4 NB =        16.4274  1-4 EEL =      -613.6062  VDWAALS    =      2072.6540
 EELEC  =    -16102.9948  EHBOND  =         0.0000  RESTRAINT  =         0.0000
 EKCMT  =         0.0000  VIRIAL  =         0.0000  VOLUME     =     45894.5729
                                                    Density    =         0.9807
 DV/DL  =      -229.4050
 ------------------------------------------------------------------------------

  Softcore part of the system:       2 atoms,       TEMP(K)    =         362.44
 SC_Etot=         5.8543  SC_EKtot=         2.1607  SC_EPtot   =         3.6936
 SC_BOND=         0.9184  SC_ANGLE=         2.1014  SC_DIHED   =         0.6738
 SC_14NB=         0.0000  SC_14EEL=         0.0000  SC_VDW     =         0.0000
 SC_EEL =         0.0000
 SC_RES_DIST=     0.0000  SC_RES_ANG=       0.0000  SC_RES_TORS=         0.0000
 SC_EEL_DER=      0.0000  SC_VDW_DER=       0.0000  SC_DERIV   =         0.0000
 ------------------------------------------------------------------------------


      R M S  F L U C T U A T I O N S


 NSTEP =     1000   TIME(PS) =     330.000  TEMP(K) =     4.82  PRESS =     0.0
 Etot   =        55.2468  EKtot   =        43.2320  EPtot      =        33.9873
 BOND   =         3.9443  ANGLE   =         7.7553  DIHED      =         2.2909
 1-4 NB =         1.5100  1-4 EEL =         8.7967  VDWAALS    =        45.8089
 EELEC  =        62.1837  EHBOND  =         0.0000  RESTRAINT  =         0.0000
 EKCMT  =         0.0000  VIRIAL  =         0.0000  VOLUME     =        19.5587
                                                    Density    =         0.0004
 DV/DL  =         9.5116
 ------------------------------------------------------------------------------

  Softcore part of the system:       2 atoms,       TEMP(K)    =         191.53
 SC_Etot=         1.4852  SC_EKtot=         1.1418  SC_EPtot   =         1.2441
 SC_BOND=         0.7369  SC_ANGLE=         1.0423  SC_DIHED   =         0.4045
 SC_14NB=         0.0000  SC_14EEL=         0.0000  SC_VDW     =         0.0000
 SC_EEL =         0.0000
 SC_RES_DIST=     0.0000  SC_RES_ANG=       0.0000  SC_RES_TORS=         0.0000
 SC_EEL_DER=      0.0000  SC_VDW_DER=       0.0000  SC_DERIV   =         0.0000
 ------------------------------------------------------------------------------


| TI region  2


      A V E R A G E S   O V E R    1000 S T E P S


 NSTEP =     1000   TIME(PS) =     330.000  TEMP(K) =   298.57  PRESS =     0.0
 Etot   =    -11848.1945  EKtot   =      2675.8834  EPtot      =    -14524.0778
 BOND   =        16.0430  ANGLE   =        46.7143  DIHED      =        40.6844
 1-4 NB =        16.4274  1-4 EEL =      -613.6062  VDWAALS    =      2072.6540
 EELEC  =    -16102.9948  EHBOND  =         0.0000  RESTRAINT  =         0.0000
 EKCMT  =         0.0000  VIRIAL  =         0.0000  VOLUME     =     45894.5729
                                                    Density    =         0.9806
 DV/DL  =      -229.4050
 ------------------------------------------------------------------------------


      R M S  F L U C T U A T I O N S


 NSTEP =     1000   TIME(PS) =     330.000  TEMP(K) =     4.84  PRESS =     0.0
 Etot   =        55.5196  EKtot   =        43.4067  EPtot      =        33.9873
 BOND   =         3.9443  ANGLE   =         7.7553  DIHED      =         2.2909
 1-4 NB =         1.5100  1-4 EEL =         8.7967  VDWAALS    =        45.8089
 EELEC  =        62.1837  EHBOND  =         0.0000  RESTRAINT  =         0.0000
 EKCMT  =         0.0000  VIRIAL  =         0.0000  VOLUME     =        19.5587
                                                    Density    =         0.0004
 DV/DL  =         9.5116
 ------------------------------------------------------------------------------


      DV/DL, AVERAGES OVER    1000 STEPS


 NSTEP =     1000   TIME(PS) =     330.000  TEMP(K) =     4.84  PRESS =     0.0
 Etot   =         0.0000  EKtot   =         0.0000  EPtot      =      -227.0998
 BOND   =         0.0000  ANGLE   =         0.0000  DIHED      =         0.0000
 1-4 NB =        -0.4307  1-4 EEL =      -227.9456  VDWAALS    =        -0.3324
 EELEC  =        -0.6963  EHBOND  =         0.0000  RESTRAINT  =         0.0000
 EKCMT  =         0.0000  VIRIAL  =         0.0000  VOLUME     =         0.0000
                                                    Density    =         0.0000
 DV/DL  =      -227.0998
 ------------------------------------------------------------------------------

|===============================================================================

| TI region  1


      A V E R A G E S   O V E R    1000 S T E P S


 NSTEP =     1000   TIME(PS) =     330.000  TEMP(K) =   298.62  PRESS =     0.0
 Etot   =    -11846.0338  EKtot   =      2678.0441  EPtot      =    -14524.0778
 BOND   =        16.0430  ANGLE   =        46.7143  DIHED      =        40.6844
 1-4 NB =        16.4274  1-4 EEL =      -613.6062  VDWAALS    =      2072.6540
 EELEC  =    -16102.9948  EHBOND  =         0.0000  RESTRAINT  =         0.0000
 EKCMT  =         0.0000  VIRIAL  =         0.0000  VOLUME     =     45894.5729
                                                    Density    =         0.9807
 DV/DL  =      -229.4050
 ------------------------------------------------------------------------------

  Softcore part of the system:       2 atoms,       TEMP(K)    =         362.44
 SC_Etot=         5.8543  SC_EKtot=         2.1607  SC_EPtot   =         3.6936
 SC_BOND=         0.9184  SC_ANGLE=         2.1014  SC_DIHED   =         0.6738
 SC_14NB=         0.0000  SC_14EEL=         0.0000  SC_VDW     =         0.0000
 SC_EEL =         0.0000
 SC_RES_DIST=     0.0000  SC_RES_ANG=       0.0000  SC_RES_TORS=         0.0000
 SC_EEL_DER=      0.0000  SC_VDW_DER=       0.0000  SC_DERIV   =         0.0000
 ------------------------------------------------------------------------------


      R M S  F L U C T U A T I O N S


 NSTEP =     1000   TIME(PS) =     330.000  TEMP(K) =     4.82  PRESS =     0.0
 Etot   =        55.2468  EKtot   =        43.2320  EPtot      =        33.9873
 BOND   =         3.9443  ANGLE   =         7.7553  DIHED      =         2.2909
 1-4 NB =         1.5100  1-4 EEL =         8.7967  VDWAALS    =        45.8089
 EELEC  =        62.1837  EHBOND  =         0.0000  RESTRAINT  =         0.0000
 EKCMT  =         0.0000  VIRIAL  =         0.0000  VOLUME     =        19.5587
                                                    Density    =         0.0004
 DV/DL  =         9.5116
 ------------------------------------------------------------------------------

  Softcore part of the system:       2 atoms,       TEMP(K)    =         191.53
 SC_Etot=         1.4852  SC_EKtot=         1.1418  SC_EPtot   =         1.2441
 SC_BOND=         0.7369  SC_ANGLE=         1.0423  SC_DIHED   =         0.4045
 SC_14NB=         0.0000  SC_14EEL=         0.0000  SC_VDW     =         0.0000
 SC_EEL =         0.0000
 SC_RES_DIST=     0.0000  SC_RES_ANG=       0.0000  SC_RES_TORS=         0.0000
 SC_EEL_DER=      0.0000  SC_VDW_DER=       0.0000  SC_DERIV   =         0.0000
 ------------------------------------------------------------------------------


| TI region  2


      A V E R A G E S   O V E R    1000 S T E P S


 NSTEP =     1000   TIME(PS) =     330.000  TEMP(K) =   298.57  PRESS =     0.0
 Etot   =    -11848.1945  EKtot   =      2675.8834  EPtot      =    -14524.0778
 BOND   =        16.0430  ANGLE   =        46.7143  DIHED      =        40.6844
 1-4 NB =        16.4274  1-4 EEL =      -613.6062  VDWAALS    =      2072.6540
 EELEC  =    -16102.9948  EHBOND  =         0.0000  RESTRAINT  =         0.0000
 EKCMT  =         0.0000  VIRIAL  =         0.0000  VOLUME     =     45894.5729
                                                    Density    =         0.9806
 DV/DL  =      -229.4050
 ------------------------------------------------------------------------------


      R M S  F L U C T U A T I O N S


 NSTEP =     1000   TIME(PS) =     330.000  TEMP(K) =     4.84  PRESS =     0.0
 Etot   =        55.5196  EKtot   =        43.4067  EPtot      =        33.9873
 BOND   =         3.9443  ANGLE   =         7.7553  DIHED      =         2.2909
 1-4 NB =         1.5100  1-4 EEL =         8.7967  VDWAALS    =        45.8089
 EELEC  =        62.1837  EHBOND  =         0.0000  RESTRAINT  =         0.0000
 EKCMT  =         0.0000  VIRIAL  =         0.0000  VOLUME     =        19.5587
                                                    Density    =         0.0004
 DV/DL  =         9.5116
 ------------------------------------------------------------------------------


      DV/DL, AVERAGES OVER    1000 STEPS


 NSTEP =     1000   TIME(PS) =     330.000  TEMP(K) =     4.84  PRESS =     0.0
 Etot   =         0.0000  EKtot   =         0.0000  EPtot      =      -227.0998
 BOND   =         0.0000  ANGLE   =         0.0000  DIHED      =         0.0000
 1-4 NB =        -0.4307  1-4 EEL =      -227.9456  VDWAALS    =        -0.3324
 EELEC  =        -0.6963  EHBOND  =         0.0000  RESTRAINT  =         0.0000
 EKCMT  =         0.0000  VIRIAL  =         0.0000  VOLUME     =         0.0000
                                                    Density    =         0.0000
 DV/DL  =      -227.0998
 ------------------------------------------------------------------------------

| MC Barostat:         10 volume changes attempted.
| MC Barostat:          2 changes successful ( 20.00%)
 ------------------------------------------------------------------------------

--------------------------------------------------------------------------------
   5.  TIMINGS
--------------------------------------------------------------------------------

|  NonSetup CPU Time in Major Routines:
|
|     Routine           Sec        %
|     ------------------------------
|     Nonbond           0.41   81.56
|     Bond              0.00    0.00
|     Angle             0.00    0.00
|     Dihedral          0.00    0.00
|     Shake             0.00    0.62
|     RunMD             0.08   16.71
|     Other             0.01    1.11
|     ------------------------------
|     Total             0.50

|  PME Nonbond Pairlist CPU Time:
|
|     Routine              Sec        %
|     ---------------------------------
|     Set Up Cit           0.00    0.00
|     Build List           0.00    0.00
|     ---------------------------------
|     Total                0.00    0.00

|  PME Direct Force CPU Time:
|
|     Routine              Sec        %
|     ---------------------------------
|     NonBonded Calc       0.00    0.00
|     Exclude Masked       0.00    0.00
|     Other                0.00    0.36
|     ---------------------------------
|     Total                0.00    0.36

|  PME Reciprocal Force CPU Time:
|
|     Routine              Sec        %
|     ---------------------------------
|     1D bspline           0.00    0.00
|     Grid Charges         0.00    0.00
|     Scalar Sum           0.00    0.00
|     Gradient Sum         0.00    0.00
|     FFT                  0.00    0.00
|     ---------------------------------
|     Total                0.00    0.00

|  Final Performance Info:
|     -----------------------------------------------------
|     Average timings for last     950 steps:
|     Elapsed(s) =       0.48 Per Step(ms) =       0.51
|         ns/day =     338.66   seconds/ns =     255.12
|
|     Average timings for all steps:
|     Elapsed(s) =       0.51 Per Step(ms) =       0.51
|         ns/day =     335.95   seconds/ns =     257.18
|     -----------------------------------------------------

|  Setup CPU time:            0.79 seconds
|  NonSetup CPU time:         0.50 seconds
|  Total CPU time:            1.29 seconds     0.00 hours

|  Setup wall time:           1    seconds
|  NonSetup wall time:        1    seconds
|  Total wall time:           2    seconds     0.00 hours
