
          -------------------------------------------------------
          Amber 20 PMEMD                              2020
          -------------------------------------------------------

| PMEMD implementation of SANDER, Release 18

|  Compiled date/time: Tue Apr 28 09:19:54 2020
| Run on 07/19/2024 at 17:15:24

|   Executable path: pmemd.cuda_SPFP
| Working directory: /nfs/zli_gpu2/bin/developed_softwares/CAR_method/example/0.0_1.0_1.0
|          Hostname: compute-0-9.local

  [-O]verwriting output

File Assignments:
|   MDIN: prod2.in                                                              
|  MDOUT: prod2.out                                                             
| INPCRD: prev_cen.rst                                                          
|   PARM: ../lM2A.prmtop                                                        
| RESTRT: prod2.rst                                                             
|   REFC: refc                                                                  
|  MDVEL: mdvel                                                                 
|   MDEN: mden                                                                  
|  MDCRD: prod2.netcdf                                                          
| MDINFO: prod2.mdinfo                                                          
|  MDFRC: mdfrc                                                                 


 Here is the input file:

NVT MD w/No position restraints and PME (sander)                               
 &cntrl                                                                        
  ntx    = 5,                                                                  
  irest  = 1,                                                                  
  ntpr   = 50,                                                                 
  ntwx   = 10000,                                                              
  ntwe   = 10000,                                                              
  ntwr   = 10000,                                                              
  ig     = -1,                                                                 
                                                                               
  ntb    = 2,                                                                  
  ntp = 1, pres0 = 1.0, taup = 2.0,gamma_ln = 2.0,                             
  cut    = 10.0,                                                               
  iwrap  = 1,                                                                  
  barostat = 2,                                                                
                                                                               
  t      = 0.0,                                                                
  dt     = 0.002,                                                              
                                                                               
  temp0  = 300.0,                                                              
  tempi  = 300.0,                                                              
  ntt    = 3,                                                                  
  tautp  = 2.0,                                                                
                                                                               
  ntf    = 1,                                                                  
  ntc    = 2,                                                                  
  iwrap=1, ioutfm=1, ntwv=-1,ntave=1000,                                       
  bar_intervall = 50,                                                          
  icfe = 1, ifsc = 1,                                                          
  timask1=':1,2',                                                              
  timask2=':3',                                                                
  scmask1=':2',                                                                
  scmask2='',                                                                  
  ifmbar = 1,                                                                  
  nstlim = 1000,                                                               
  clambda = 1.0,                                                               
  mbar_states = 10,                                                            
  mbar_lambda = 0.0, 0.0, 0.2, 0.2, 0.5, 0.5, 0.6, 0.6, 1.0, 1.0,              
&end                                                                           
 /                                                                             


Note: ig = -1. Setting random seed to   942359 based on wallclock time in 
      microseconds.
| irandom = 1, using AMBER's internal random number generator (default).
 
|--------------------- INFORMATION ----------------------
| GPU (CUDA) Version of PMEMD in use: NVIDIA GPU IN USE.
|                    Version 18.0.0
| 
|                      03/25/2018
| 
| Implementation by:
|                    Ross C. Walker     (SDSC)
|                    Scott Le Grand     (nVIDIA)
| 
| Version 18 performance extensions by:
|                    David Cerutti     (Rutgers)
| 
| Precision model in use:
|      [SPFP] - Single Precision Forces, 64-bit Fixed Point
|               Accumulation. (Default)
| 
|--------------------------------------------------------
 
|----------------- CITATION INFORMATION -----------------
|
|    When publishing work that utilized the CUDA version
|    of AMBER, please cite the following in addition to
|    the regular AMBER citations:
|
|  - Romelia Salomon-Ferrer; Andreas W. Goetz; Duncan
|    Poole; Scott Le Grand; Ross C. Walker "Routine
|    microsecond molecular dynamics simulations with
|    AMBER - Part II: Particle Mesh Ewald", J. Chem.
|    Theory Comput., 2013, 9 (9), pp3878-3888,
|    DOI: 10.1021/ct400314y.
|
|  - Andreas W. Goetz; Mark J. Williamson; Dong Xu;
|    Duncan Poole; Scott Le Grand; Ross C. Walker
|    "Routine microsecond molecular dynamics simulations
|    with AMBER - Part I: Generalized Born", J. Chem.
|    Theory Comput., 2012, 8 (5), pp1542-1555.
|
|  - Scott Le Grand; Andreas W. Goetz; Ross C. Walker
|    "SPFP: Speed without compromise - a mixed precision
|    model for GPU accelerated molecular dynamics
|    simulations.", Comp. Phys. Comm., 2013, 184
|    pp374-380, DOI: 10.1016/j.cpc.2012.09.022
|
|    When publishing work that utilized the CUDA version
|    of TI, BAR, MBAR or FEP please cite the following 
|    publications in addition to the regular AMBER 
|    GPU citations:
|
|  - Daniel J. Mermelstein; Charles Lin; Gard Nelson; 
|    Rachael Kretsch; J. Andrew McCammon; Ross C. Walker
|    "Fast and Flexible GPU Accelerated Binding 
|    Free Energy Calculations within the AMBER Molecular
|    Dynamics Package" J. Comp. Chem., 2018,
|    DOI: 10.1002/jcc.25187
|
|  - Tai-Sung Lee; Yuan Hu; Brad Sherborne; Zhuyan Guo;
|    Darrin M. York
|    "Toward Fast and Accurate Binding Affinity Prediction with
|    pmemdGTI: An Efficient Implementation of GPU-Accelerated
|    Thermodynamic Integration"
|    J. Chem. Theory Comput., 2017, 13 (7), 3077
|
|
|--------------------------------------------------------
 
|------------------- GPU DEVICE INFO --------------------
|
|            CUDA_VISIBLE_DEVICES: not set
|   CUDA Capable Devices Detected:      5
|           CUDA Device ID in use:      0
|                CUDA Device Name: NVIDIA GeForce RTX 3070
|     CUDA Device Global Mem Size:   7982 MB
| CUDA Device Num Multiprocessors:     46
|           CUDA Device Core Freq:   1.73 GHz
|
|--------------------------------------------------------
 
 
| Conditional Compilation Defines Used:
| PUBFFT
| BINTRAJ
| CUDA
| EMIL

| Largest sphere to fit in unit cell has radius =    17.465

| New format PARM file being parsed.
| Version =    1.000 Date = 08/02/22 Time = 19:36:52

| Note: 1-4 EEL scale factors are being read from the topology file.

| Note: 1-4 VDW scale factors are being read from the topology file.
| Duplicated    0 dihedrals

| Duplicated    0 dihedrals

--------------------------------------------------------------------------------
   1.  RESOURCE   USE: 
--------------------------------------------------------------------------------

 getting new box info from bottom of inpcrd
 NATOM  =    4548 NTYPES =      17 NBONH =    4492 MBONA  =      62
 NTHETH =     105 MTHETA =      88 NPHIH =     188 MPHIA  =     154
 NHPARM =       0 NPARM  =       0 NNB   =    6494 NRES   =    1485
 NBONA  =      62 NTHETA =      88 NPHIA =     154 NUMBND =      22
 NUMANG =      36 NPTRA  =      19 NATYP =      18 NPHB   =       1
 IFBOX  =       1 NMXRS  =      50 IFCAP =       0 NEXTRA =       0
 NCOPY  =       0

| Coordinate Index Table dimensions:     6    6    6
| Direct force subcell size =     5.9103    6.1403    5.8216

     BOX TYPE: RECTILINEAR

--------------------------------------------------------------------------------
   2.  CONTROL  DATA  FOR  THE  RUN
--------------------------------------------------------------------------------

default_name                                                                    

General flags:
     imin    =       0, nmropt  =       0

Nature and format of input:
     ntx     =       5, irest   =       1, ntrx    =       1

Nature and format of output:
     ntxo    =       2, ntpr    =      50, ntrx    =       1, ntwr    =   10000
     iwrap   =       1, ntwx    =   10000, ntwv    =      -1, ntwe    =   10000
     ioutfm  =       1, ntwprt  =       0, idecomp =       0, rbornstat=      0

Potential function:
     ntf     =       1, ntb     =       2, igb     =       0, nsnb    =      25
     ipol    =       0, gbsa    =       0, iesp    =       0
     dielc   =   1.00000, cut     =  10.00000, intdiel =   1.00000

Frozen or restrained atoms:
     ibelly  =       0, ntr     =       0

Molecular dynamics:
     nstlim  =      1000, nscm    =      1000, nrespa  =         1
     t       =   0.00000, dt      =   0.00200, vlimit  =  -1.00000

Langevin dynamics temperature regulation:
     ig      =  942359
     temp0   = 300.00000, tempi   = 300.00000, gamma_ln=   2.00000

Pressure regulation:
     ntp     =       1
     pres0   =   1.00000, comp    =  44.60000, taup    =   2.00000
     Monte-Carlo Barostat:
     mcbarint  =     100

SHAKE:
     ntc     =       2, jfastw  =       0
     tol     =   0.00001

Free energy options:
     icfe    =       1, ifsc    =       1, klambda =       1
     clambda =  1.0000, scalpha =  0.5000, scbeta  = 12.0000
     sceeorder =       2
     dynlmb =  0.0000 logdvdl =       0

FEP MBAR options:
     ifmbar  =       1,  bar_intervall =       50
     mbar_states =      10

| Intermolecular bonds treatment:
|     no_intermolecular_bonds =       1

| Energy averages sample interval:
|     ene_avg_sampling =       1

Ewald parameters:
     verbose =       0, ew_type =       0, nbflag  =       1, use_pme =       1
     vdwmeth =       1, eedmeth =       1, netfrc  =       1
     Box X =   35.462   Box Y =   36.842   Box Z =   34.930
     Alpha =   90.000   Beta  =   90.000   Gamma =   90.000
     NFFT1 =   36       NFFT2 =   40       NFFT3 =   36
     Cutoff=   10.000   Tol   =0.100E-04
     Ewald Coefficient =  0.27511
     Interpolation order =    4
     TI Mask 1 :1,2; matches     52 atoms
     TI Mask 2 :3; matches     50 atoms
     TI region 1:    4498 atoms
     TI region 2:    4496 atoms
     SC Mask 1 :2; matches      2 atoms

    MBAR - lambda values considered:
      10 total:  0.0000 0.0000 0.2000 0.2000 0.5000 0.5000 0.6000 0.6000 1.0000 1.0000
    Extra energies will be computed     20 times.
| MONTE CARLO BAROSTAT IMPORTANT NOTE:
|   The Monte-Carlo barostat does not require the virial to adjust the system volume.
|   Since it is an expensive calculation, it is skipped for efficiency. A side-effect
|   is that the reported pressure is always 0 because it is not calculated.

--------------------------------------------------------------------------------
   3.  ATOMIC COORDINATES AND VELOCITIES
--------------------------------------------------------------------------------

Cpptraj Generated Restart                                                       
 begin time read from input coords =   334.000 ps

 
     Molecule     1 is partially softcore
     Molecule     2 is partially softcore
 Number of triangulated 3-point waters found:     1482
   Removing shake constraints from HX1   LBM   2 -- N26   LAM   1
   Removing shake constraints from H23   LBM   2 -- N26   LAM   1
 Number of shake restraints removed in TI region  1 :        2
 Number of shake restraints removed in TI region  2 :        0

     Sum of charges for TI region  1 =  -0.00249680
     Skip neutralizing charges...


     Sum of charges for TI region  2 =  -0.00299999
     Skip neutralizing charges...

| Dynamic Memory, Types Used:
| Reals              376231
| Integers           194647

| Nonbonded Pairs Initial Allocation:     1375656

| GPU memory information (estimate):
| KB of GPU memory in use:     42305
| KB of CPU memory in use:     18371

--------------------------------------------------------------------------------
   4.  RESULTS
--------------------------------------------------------------------------------

   DOF for the SC part  1 of the system:    6

MBAR Energy analysis:
Energy at 0.0000 =    -14438.531975
Energy at 0.0000 =    -14438.531975
Energy at 0.2000 =    -14487.870928
Energy at 0.2000 =    -14487.870928
Energy at 0.5000 =    -14558.121334
Energy at 0.5000 =    -14558.121334
Energy at 0.6000 =    -14581.241646
Energy at 0.6000 =    -14581.241646
Energy at 1.0000 =    -14673.279992
Energy at 1.0000 =    -14673.279992
 ------------------------------------------------------------------------------


| TI region  1


 NSTEP =       50   TIME(PS) =     334.100  TEMP(K) =   299.24  PRESS =     0.0
 Etot   =    -11989.6484  EKtot   =      2683.6316  EPtot      =    -14673.2800
 BOND   =         9.1338  ANGLE   =        58.5891  DIHED      =        43.1886
 1-4 NB =        18.2373  1-4 EEL =      -629.3674  VDWAALS    =      2111.5931
 EELEC  =    -16284.6545  EHBOND  =         0.0000  RESTRAINT  =         0.0000
 EKCMT  =         0.0000  VIRIAL  =         0.0000  VOLUME     =     45634.2082
                                                    Density    =         0.9863
 DV/DL  =      -229.6507
 ------------------------------------------------------------------------------

  Softcore part of the system:       2 atoms,       TEMP(K)    =         433.58
 SC_Etot=         6.7667  SC_EKtot=         2.5848  SC_EPtot   =         4.1819
 SC_BOND=         1.5870  SC_ANGLE=         1.3546  SC_DIHED   =         1.2403
 SC_14NB=         0.0000  SC_14EEL=         0.0000  SC_VDW     =         0.0000
 SC_EEL =         0.0000
 SC_RES_DIST=     0.0000  SC_RES_ANG=       0.0000  SC_RES_TORS=         0.0000
 SC_EEL_DER=      0.0000  SC_VDW_DER=       0.0000  SC_DERIV   =         0.0000
 ------------------------------------------------------------------------------


| TI region  2


 NSTEP =       50   TIME(PS) =     334.100  TEMP(K) =   299.15  PRESS =     0.0
 Etot   =    -11992.2332  EKtot   =      2681.0468  EPtot      =    -14673.2800
 BOND   =         9.1338  ANGLE   =        58.5891  DIHED      =        43.1886
 1-4 NB =        18.2373  1-4 EEL =      -629.3674  VDWAALS    =      2111.5931
 EELEC  =    -16284.6545  EHBOND  =         0.0000  RESTRAINT  =         0.0000
 EKCMT  =         0.0000  VIRIAL  =         0.0000  VOLUME     =     45634.2082
                                                    Density    =         0.9862
 DV/DL  =      -229.6507
 ------------------------------------------------------------------------------


MBAR Energy analysis:
Energy at 0.0000 =    -14409.151851
Energy at 0.0000 =    -14409.151851
Energy at 0.2000 =    -14454.028947
Energy at 0.2000 =    -14454.028947
Energy at 0.5000 =    -14521.166205
Energy at 0.5000 =    -14521.166205
Energy at 0.6000 =    -14543.521130
Energy at 0.6000 =    -14543.521130
Energy at 1.0000 =    -14632.888937
Energy at 1.0000 =    -14632.888937
 ------------------------------------------------------------------------------


| TI region  1


 NSTEP =      100   TIME(PS) =     334.200  TEMP(K) =   292.53  PRESS =     0.0
 Etot   =    -12009.4242  EKtot   =      2623.4647  EPtot      =    -14632.8889
 BOND   =        16.5618  ANGLE   =        48.9821  DIHED      =        43.0429
 1-4 NB =        16.1164  1-4 EEL =      -624.2574  VDWAALS    =      2156.3017
 EELEC  =    -16289.6366  EHBOND  =         0.0000  RESTRAINT  =         0.0000
 EKCMT  =         0.0000  VIRIAL  =         0.0000  VOLUME     =     45634.2082
                                                    Density    =         0.9863
 DV/DL  =      -223.3616
 ------------------------------------------------------------------------------

  Softcore part of the system:       2 atoms,       TEMP(K)    =          54.07
 SC_Etot=         5.6767  SC_EKtot=         0.3223  SC_EPtot   =         5.3544
 SC_BOND=         1.9814  SC_ANGLE=         2.3981  SC_DIHED   =         0.9750
 SC_14NB=         0.0000  SC_14EEL=         0.0000  SC_VDW     =         0.0000
 SC_EEL =         0.0000
 SC_RES_DIST=     0.0000  SC_RES_ANG=       0.0000  SC_RES_TORS=         0.0000
 SC_EEL_DER=      0.0000  SC_VDW_DER=       0.0000  SC_DERIV   =         0.0000
 ------------------------------------------------------------------------------


| TI region  2


 NSTEP =      100   TIME(PS) =     334.200  TEMP(K) =   292.69  PRESS =     0.0
 Etot   =    -12009.7466  EKtot   =      2623.1424  EPtot      =    -14632.8889
 BOND   =        16.5618  ANGLE   =        48.9821  DIHED      =        43.0429
 1-4 NB =        16.1164  1-4 EEL =      -624.2574  VDWAALS    =      2156.3017
 EELEC  =    -16289.6366  EHBOND  =         0.0000  RESTRAINT  =         0.0000
 EKCMT  =         0.0000  VIRIAL  =         0.0000  VOLUME     =     45634.2082
                                                    Density    =         0.9862
 DV/DL  =      -223.3616
 ------------------------------------------------------------------------------


MBAR Energy analysis:
Energy at 0.0000 =    -14363.092170
Energy at 0.0000 =    -14363.092170
Energy at 0.2000 =    -14411.825787
Energy at 0.2000 =    -14411.825787
Energy at 0.5000 =    -14483.424778
Energy at 0.5000 =    -14483.424778
Energy at 0.6000 =    -14507.139134
Energy at 0.6000 =    -14507.139134
Energy at 1.0000 =    -14601.724421
Energy at 1.0000 =    -14601.724421
 ------------------------------------------------------------------------------


| TI region  1


 NSTEP =      150   TIME(PS) =     334.300  TEMP(K) =   296.03  PRESS =     0.0
 Etot   =    -11946.8325  EKtot   =      2654.8920  EPtot      =    -14601.7244
 BOND   =        13.7331  ANGLE   =        46.8236  DIHED      =        41.0813
 1-4 NB =        15.1301  1-4 EEL =      -619.9408  VDWAALS    =      2195.6110
 EELEC  =    -16294.1626  EHBOND  =         0.0000  RESTRAINT  =         0.0000
 EKCMT  =         0.0000  VIRIAL  =         0.0000  VOLUME     =     45634.2082
                                                    Density    =         0.9863
 DV/DL  =      -236.1675
 ------------------------------------------------------------------------------

  Softcore part of the system:       2 atoms,       TEMP(K)    =         362.96
 SC_Etot=         5.8710  SC_EKtot=         2.1638  SC_EPtot   =         3.7072
 SC_BOND=         0.2049  SC_ANGLE=         2.2938  SC_DIHED   =         1.2085
 SC_14NB=         0.0000  SC_14EEL=         0.0000  SC_VDW     =         0.0000
 SC_EEL =         0.0000
 SC_RES_DIST=     0.0000  SC_RES_ANG=       0.0000  SC_RES_TORS=         0.0000
 SC_EEL_DER=      0.0000  SC_VDW_DER=       0.0000  SC_DERIV   =         0.0000
 ------------------------------------------------------------------------------


| TI region  2


 NSTEP =      150   TIME(PS) =     334.300  TEMP(K) =   295.99  PRESS =     0.0
 Etot   =    -11948.9963  EKtot   =      2652.7281  EPtot      =    -14601.7244
 BOND   =        13.7331  ANGLE   =        46.8236  DIHED      =        41.0813
 1-4 NB =        15.1301  1-4 EEL =      -619.9408  VDWAALS    =      2195.6110
 EELEC  =    -16294.1626  EHBOND  =         0.0000  RESTRAINT  =         0.0000
 EKCMT  =         0.0000  VIRIAL  =         0.0000  VOLUME     =     45634.2082
                                                    Density    =         0.9862
 DV/DL  =      -236.1675
 ------------------------------------------------------------------------------


MBAR Energy analysis:
Energy at 0.0000 =    -14392.451555
Energy at 0.0000 =    -14392.451555
Energy at 0.2000 =    -14443.590700
Energy at 0.2000 =    -14443.590700
Energy at 0.5000 =    -14513.684433
Energy at 0.5000 =    -14513.684433
Energy at 0.6000 =    -14536.666516
Energy at 0.6000 =    -14536.666516
Energy at 1.0000 =    -14628.099334
Energy at 1.0000 =    -14628.099334
 ------------------------------------------------------------------------------


| TI region  1


 NSTEP =      200   TIME(PS) =     334.400  TEMP(K) =   305.41  PRESS =     0.0
 Etot   =    -11889.1097  EKtot   =      2738.9896  EPtot      =    -14628.0993
 BOND   =        13.5071  ANGLE   =        58.7586  DIHED      =        40.6572
 1-4 NB =        19.3797  1-4 EEL =      -624.0175  VDWAALS    =      2071.5402
 EELEC  =    -16207.9246  EHBOND  =         0.0000  RESTRAINT  =         0.0000
 EKCMT  =         0.0000  VIRIAL  =         0.0000  VOLUME     =     45634.2082
                                                    Density    =         0.9863
 DV/DL  =      -228.1041
 ------------------------------------------------------------------------------

  Softcore part of the system:       2 atoms,       TEMP(K)    =         321.18
 SC_Etot=         7.6584  SC_EKtot=         1.9148  SC_EPtot   =         5.7437
 SC_BOND=         2.3292  SC_ANGLE=         2.3981  SC_DIHED   =         1.0164
 SC_14NB=         0.0000  SC_14EEL=         0.0000  SC_VDW     =         0.0000
 SC_EEL =         0.0000
 SC_RES_DIST=     0.0000  SC_RES_ANG=       0.0000  SC_RES_TORS=         0.0000
 SC_EEL_DER=      0.0000  SC_VDW_DER=       0.0000  SC_DERIV   =         0.0000
 ------------------------------------------------------------------------------


| TI region  2


 NSTEP =      200   TIME(PS) =     334.400  TEMP(K) =   305.40  PRESS =     0.0
 Etot   =    -11891.0245  EKtot   =      2737.0748  EPtot      =    -14628.0993
 BOND   =        13.5071  ANGLE   =        58.7586  DIHED      =        40.6572
 1-4 NB =        19.3797  1-4 EEL =      -624.0175  VDWAALS    =      2071.5402
 EELEC  =    -16207.9246  EHBOND  =         0.0000  RESTRAINT  =         0.0000
 EKCMT  =         0.0000  VIRIAL  =         0.0000  VOLUME     =     45634.2082
                                                    Density    =         0.9862
 DV/DL  =      -228.1041
 ------------------------------------------------------------------------------


MBAR Energy analysis:
Energy at 0.0000 =    -14356.444355
Energy at 0.0000 =    -14356.444355
Energy at 0.2000 =    -14410.818447
Energy at 0.2000 =    -14410.818447
Energy at 0.5000 =    -14480.436434
Energy at 0.5000 =    -14480.436434
Energy at 0.6000 =    -14503.074673
Energy at 0.6000 =    -14503.074673
Energy at 1.0000 =    -14592.958061
Energy at 1.0000 =    -14592.958061
 ------------------------------------------------------------------------------


| TI region  1


 NSTEP =      250   TIME(PS) =     334.500  TEMP(K) =   296.14  PRESS =     0.0
 Etot   =    -11937.0745  EKtot   =      2655.8835  EPtot      =    -14592.9581
 BOND   =        12.2445  ANGLE   =        46.6858  DIHED      =        39.1940
 1-4 NB =        14.4793  1-4 EEL =      -607.8668  VDWAALS    =      2013.7187
 EELEC  =    -16111.4135  EHBOND  =         0.0000  RESTRAINT  =         0.0000
 EKCMT  =         0.0000  VIRIAL  =         0.0000  VOLUME     =     45634.2082
                                                    Density    =         0.9863
 DV/DL  =      -224.0844
 ------------------------------------------------------------------------------

  Softcore part of the system:       2 atoms,       TEMP(K)    =          94.52
 SC_Etot=         4.4373  SC_EKtot=         0.5635  SC_EPtot   =         3.8737
 SC_BOND=         2.2061  SC_ANGLE=         0.9427  SC_DIHED   =         0.7249
 SC_14NB=         0.0000  SC_14EEL=         0.0000  SC_VDW     =         0.0000
 SC_EEL =         0.0000
 SC_RES_DIST=     0.0000  SC_RES_ANG=       0.0000  SC_RES_TORS=         0.0000
 SC_EEL_DER=      0.0000  SC_VDW_DER=       0.0000  SC_DERIV   =         0.0000
 ------------------------------------------------------------------------------


| TI region  2


 NSTEP =      250   TIME(PS) =     334.500  TEMP(K) =   296.28  PRESS =     0.0
 Etot   =    -11937.6380  EKtot   =      2655.3200  EPtot      =    -14592.9581
 BOND   =        12.2445  ANGLE   =        46.6858  DIHED      =        39.1940
 1-4 NB =        14.4793  1-4 EEL =      -607.8668  VDWAALS    =      2013.7187
 EELEC  =    -16111.4135  EHBOND  =         0.0000  RESTRAINT  =         0.0000
 EKCMT  =         0.0000  VIRIAL  =         0.0000  VOLUME     =     45634.2082
                                                    Density    =         0.9862
 DV/DL  =      -224.0844
 ------------------------------------------------------------------------------


MBAR Energy analysis:
Energy at 0.0000 =    -14323.646847
Energy at 0.0000 =    -14323.646847
Energy at 0.2000 =    -14373.941886
Energy at 0.2000 =    -14373.941886
Energy at 0.5000 =    -14446.673330
Energy at 0.5000 =    -14446.673330
Energy at 0.6000 =    -14470.681837
Energy at 0.6000 =    -14470.681837
Energy at 1.0000 =    -14566.330814
Energy at 1.0000 =    -14566.330814
 ------------------------------------------------------------------------------


| TI region  1


 NSTEP =      300   TIME(PS) =     334.600  TEMP(K) =   295.54  PRESS =     0.0
 Etot   =    -11915.8497  EKtot   =      2650.4811  EPtot      =    -14566.3308
 BOND   =        14.0041  ANGLE   =        55.4436  DIHED      =        39.6695
 1-4 NB =        17.8903  1-4 EEL =      -619.2918  VDWAALS    =      2025.7261
 EELEC  =    -16099.7725  EHBOND  =         0.0000  RESTRAINT  =         0.0000
 EKCMT  =         0.0000  VIRIAL  =         0.0000  VOLUME     =     45678.7195
                                                    Density    =         0.9853
 DV/DL  =      -238.7169
 ------------------------------------------------------------------------------

  Softcore part of the system:       2 atoms,       TEMP(K)    =         386.60
 SC_Etot=         4.3915  SC_EKtot=         2.3048  SC_EPtot   =         2.0868
 SC_BOND=         0.3846  SC_ANGLE=         1.4807  SC_DIHED   =         0.2214
 SC_14NB=         0.0000  SC_14EEL=         0.0000  SC_VDW     =         0.0000
 SC_EEL =         0.0000
 SC_RES_DIST=     0.0000  SC_RES_ANG=       0.0000  SC_RES_TORS=         0.0000
 SC_EEL_DER=      0.0000  SC_VDW_DER=       0.0000  SC_DERIV   =         0.0000
 ------------------------------------------------------------------------------


| TI region  2


 NSTEP =      300   TIME(PS) =     334.600  TEMP(K) =   295.48  PRESS =     0.0
 Etot   =    -11918.1544  EKtot   =      2648.1764  EPtot      =    -14566.3308
 BOND   =        14.0041  ANGLE   =        55.4436  DIHED      =        39.6695
 1-4 NB =        17.8903  1-4 EEL =      -619.2918  VDWAALS    =      2025.7261
 EELEC  =    -16099.7725  EHBOND  =         0.0000  RESTRAINT  =         0.0000
 EKCMT  =         0.0000  VIRIAL  =         0.0000  VOLUME     =     45678.7195
                                                    Density    =         0.9853
 DV/DL  =      -238.7169
 ------------------------------------------------------------------------------


MBAR Energy analysis:
Energy at 0.0000 =    -14359.901366
Energy at 0.0000 =    -14359.901366
Energy at 0.2000 =    -14407.868581
Energy at 0.2000 =    -14407.868581
Energy at 0.5000 =    -14475.924573
Energy at 0.5000 =    -14475.924573
Energy at 0.6000 =    -14498.299978
Energy at 0.6000 =    -14498.299978
Energy at 1.0000 =    -14587.329197
Energy at 1.0000 =    -14587.329197
 ------------------------------------------------------------------------------


| TI region  1


 NSTEP =      350   TIME(PS) =     334.700  TEMP(K) =   300.23  PRESS =     0.0
 Etot   =    -11894.8416  EKtot   =      2692.4876  EPtot      =    -14587.3292
 BOND   =         8.1429  ANGLE   =        54.2525  DIHED      =        40.8720
 1-4 NB =        14.8482  1-4 EEL =      -620.5356  VDWAALS    =      2033.2529
 EELEC  =    -16118.1622  EHBOND  =         0.0000  RESTRAINT  =         0.0000
 EKCMT  =         0.0000  VIRIAL  =         0.0000  VOLUME     =     45678.7195
                                                    Density    =         0.9853
 DV/DL  =      -222.0914
 ------------------------------------------------------------------------------

  Softcore part of the system:       2 atoms,       TEMP(K)    =          62.69
 SC_Etot=         4.9408  SC_EKtot=         0.3737  SC_EPtot   =         4.5670
 SC_BOND=         2.8587  SC_ANGLE=         1.4390  SC_DIHED   =         0.2693
 SC_14NB=         0.0000  SC_14EEL=         0.0000  SC_VDW     =         0.0000
 SC_EEL =         0.0000
 SC_RES_DIST=     0.0000  SC_RES_ANG=       0.0000  SC_RES_TORS=         0.0000
 SC_EEL_DER=      0.0000  SC_VDW_DER=       0.0000  SC_DERIV   =         0.0000
 ------------------------------------------------------------------------------


| TI region  2


 NSTEP =      350   TIME(PS) =     334.700  TEMP(K) =   300.38  PRESS =     0.0
 Etot   =    -11895.2153  EKtot   =      2692.1139  EPtot      =    -14587.3292
 BOND   =         8.1429  ANGLE   =        54.2525  DIHED      =        40.8720
 1-4 NB =        14.8482  1-4 EEL =      -620.5356  VDWAALS    =      2033.2529
 EELEC  =    -16118.1622  EHBOND  =         0.0000  RESTRAINT  =         0.0000
 EKCMT  =         0.0000  VIRIAL  =         0.0000  VOLUME     =     45678.7195
                                                    Density    =         0.9853
 DV/DL  =      -222.0914
 ------------------------------------------------------------------------------


MBAR Energy analysis:
Energy at 0.0000 =    -14334.377421
Energy at 0.0000 =    -14334.377421
Energy at 0.2000 =    -14380.489133
Energy at 0.2000 =    -14380.489133
Energy at 0.5000 =    -14448.065203
Energy at 0.5000 =    -14448.065203
Energy at 0.6000 =    -14470.420462
Energy at 0.6000 =    -14470.420462
Energy at 1.0000 =    -14559.522393
Energy at 1.0000 =    -14559.522393
 ------------------------------------------------------------------------------


| TI region  1


 NSTEP =      400   TIME(PS) =     334.800  TEMP(K) =   295.84  PRESS =     0.0
 Etot   =    -11906.4028  EKtot   =      2653.1196  EPtot      =    -14559.5224
 BOND   =        19.6383  ANGLE   =        40.1459  DIHED      =        40.1361
 1-4 NB =        15.0119  1-4 EEL =      -618.3748  VDWAALS    =      2109.1552
 EELEC  =    -16165.2351  EHBOND  =         0.0000  RESTRAINT  =         0.0000
 EKCMT  =         0.0000  VIRIAL  =         0.0000  VOLUME     =     45678.7195
                                                    Density    =         0.9853
 DV/DL  =      -222.3994
 ------------------------------------------------------------------------------

  Softcore part of the system:       2 atoms,       TEMP(K)    =         338.57
 SC_Etot=         4.3676  SC_EKtot=         2.0184  SC_EPtot   =         2.3492
 SC_BOND=         0.3994  SC_ANGLE=         1.6795  SC_DIHED   =         0.2702
 SC_14NB=         0.0000  SC_14EEL=         0.0000  SC_VDW     =         0.0000
 SC_EEL =         0.0000
 SC_RES_DIST=     0.0000  SC_RES_ANG=       0.0000  SC_RES_TORS=         0.0000
 SC_EEL_DER=      0.0000  SC_VDW_DER=       0.0000  SC_DERIV   =         0.0000
 ------------------------------------------------------------------------------


| TI region  2


 NSTEP =      400   TIME(PS) =     334.800  TEMP(K) =   295.81  PRESS =     0.0
 Etot   =    -11908.4212  EKtot   =      2651.1012  EPtot      =    -14559.5224
 BOND   =        19.6383  ANGLE   =        40.1459  DIHED      =        40.1361
 1-4 NB =        15.0119  1-4 EEL =      -618.3748  VDWAALS    =      2109.1552
 EELEC  =    -16165.2351  EHBOND  =         0.0000  RESTRAINT  =         0.0000
 EKCMT  =         0.0000  VIRIAL  =         0.0000  VOLUME     =     45678.7195
                                                    Density    =         0.9853
 DV/DL  =      -222.3994
 ------------------------------------------------------------------------------


MBAR Energy analysis:
Energy at 0.0000 =    -14319.335658
Energy at 0.0000 =    -14319.335658
Energy at 0.2000 =    -14380.444766
Energy at 0.2000 =    -14380.444766
Energy at 0.5000 =    -14455.886202
Energy at 0.5000 =    -14455.886202
Energy at 0.6000 =    -14480.241801
Energy at 0.6000 =    -14480.241801
Energy at 1.0000 =    -14576.740908
Energy at 1.0000 =    -14576.740908
 ------------------------------------------------------------------------------


| TI region  1


 NSTEP =      450   TIME(PS) =     334.900  TEMP(K) =   299.42  PRESS =     0.0
 Etot   =    -11891.4522  EKtot   =      2685.2887  EPtot      =    -14576.7409
 BOND   =        15.3994  ANGLE   =        58.0340  DIHED      =        43.3602
 1-4 NB =        14.7734  1-4 EEL =      -625.5059  VDWAALS    =      2034.3029
 EELEC  =    -16117.1048  EHBOND  =         0.0000  RESTRAINT  =         0.0000
 EKCMT  =         0.0000  VIRIAL  =         0.0000  VOLUME     =     45678.7195
                                                    Density    =         0.9853
 DV/DL  =      -240.3943
 ------------------------------------------------------------------------------

  Softcore part of the system:       2 atoms,       TEMP(K)    =         154.41
 SC_Etot=         4.4555  SC_EKtot=         0.9205  SC_EPtot   =         3.5349
 SC_BOND=         1.0610  SC_ANGLE=         2.0766  SC_DIHED   =         0.3973
 SC_14NB=         0.0000  SC_14EEL=         0.0000  SC_VDW     =         0.0000
 SC_EEL =         0.0000
 SC_RES_DIST=     0.0000  SC_RES_ANG=       0.0000  SC_RES_TORS=         0.0000
 SC_EEL_DER=      0.0000  SC_VDW_DER=       0.0000  SC_DERIV   =         0.0000
 ------------------------------------------------------------------------------


| TI region  2


 NSTEP =      450   TIME(PS) =     334.900  TEMP(K) =   299.52  PRESS =     0.0
 Etot   =    -11892.3728  EKtot   =      2684.3681  EPtot      =    -14576.7409
 BOND   =        15.3994  ANGLE   =        58.0340  DIHED      =        43.3602
 1-4 NB =        14.7734  1-4 EEL =      -625.5059  VDWAALS    =      2034.3029
 EELEC  =    -16117.1048  EHBOND  =         0.0000  RESTRAINT  =         0.0000
 EKCMT  =         0.0000  VIRIAL  =         0.0000  VOLUME     =     45678.7195
                                                    Density    =         0.9853
 DV/DL  =      -240.3943
 ------------------------------------------------------------------------------


MBAR Energy analysis:
Energy at 0.0000 =    -14348.787510
Energy at 0.0000 =    -14348.787510
Energy at 0.2000 =    -14394.664684
Energy at 0.2000 =    -14394.664684
Energy at 0.5000 =    -14462.721023
Energy at 0.5000 =    -14462.721023
Energy at 0.6000 =    -14485.318147
Energy at 0.6000 =    -14485.318147
Energy at 1.0000 =    -14575.532560
Energy at 1.0000 =    -14575.532560
 ------------------------------------------------------------------------------


| TI region  1


 NSTEP =      500   TIME(PS) =     335.000  TEMP(K) =   293.76  PRESS =     0.0
 Etot   =    -11940.9971  EKtot   =      2634.5355  EPtot      =    -14575.5326
 BOND   =        11.4452  ANGLE   =        47.5106  DIHED      =        45.0529
 1-4 NB =        15.6094  1-4 EEL =      -620.6410  VDWAALS    =      2085.5376
 EELEC  =    -16160.0472  EHBOND  =         0.0000  RESTRAINT  =         0.0000
 EKCMT  =         0.0000  VIRIAL  =         0.0000  VOLUME     =     45678.7195
                                                    Density    =         0.9853
 DV/DL  =      -225.3400
 ------------------------------------------------------------------------------

  Softcore part of the system:       2 atoms,       TEMP(K)    =         226.33
 SC_Etot=         6.9927  SC_EKtot=         1.3493  SC_EPtot   =         5.6434
 SC_BOND=         0.3503  SC_ANGLE=         4.3804  SC_DIHED   =         0.9127
 SC_14NB=         0.0000  SC_14EEL=         0.0000  SC_VDW     =         0.0000
 SC_EEL =         0.0000
 SC_RES_DIST=     0.0000  SC_RES_ANG=       0.0000  SC_RES_TORS=         0.0000
 SC_EEL_DER=      0.0000  SC_VDW_DER=       0.0000  SC_DERIV   =         0.0000
 ------------------------------------------------------------------------------


| TI region  2


 NSTEP =      500   TIME(PS) =     335.000  TEMP(K) =   293.81  PRESS =     0.0
 Etot   =    -11942.3464  EKtot   =      2633.1862  EPtot      =    -14575.5326
 BOND   =        11.4452  ANGLE   =        47.5106  DIHED      =        45.0529
 1-4 NB =        15.6094  1-4 EEL =      -620.6410  VDWAALS    =      2085.5376
 EELEC  =    -16160.0472  EHBOND  =         0.0000  RESTRAINT  =         0.0000
 EKCMT  =         0.0000  VIRIAL  =         0.0000  VOLUME     =     45678.7195
                                                    Density    =         0.9853
 DV/DL  =      -225.3400
 ------------------------------------------------------------------------------


MBAR Energy analysis:
Energy at 0.0000 =    -14332.141885
Energy at 0.0000 =    -14332.141885
Energy at 0.2000 =    -14397.819482
Energy at 0.2000 =    -14397.819482
Energy at 0.5000 =    -14472.379669
Energy at 0.5000 =    -14472.379669
Energy at 0.6000 =    -14496.309814
Energy at 0.6000 =    -14496.309814
Energy at 1.0000 =    -14591.011589
Energy at 1.0000 =    -14591.011589
 ------------------------------------------------------------------------------


| TI region  1


 NSTEP =      550   TIME(PS) =     335.100  TEMP(K) =   292.37  PRESS =     0.0
 Etot   =    -11969.0194  EKtot   =      2621.9922  EPtot      =    -14591.0116
 BOND   =        12.3203  ANGLE   =        55.5367  DIHED      =        46.6776
 1-4 NB =        16.0278  1-4 EEL =      -617.6806  VDWAALS    =      2118.0687
 EELEC  =    -16221.9621  EHBOND  =         0.0000  RESTRAINT  =         0.0000
 EKCMT  =         0.0000  VIRIAL  =         0.0000  VOLUME     =     45678.7195
                                                    Density    =         0.9853
 DV/DL  =      -235.8196
 ------------------------------------------------------------------------------

  Softcore part of the system:       2 atoms,       TEMP(K)    =         287.75
 SC_Etot=         4.2462  SC_EKtot=         1.7155  SC_EPtot   =         2.5308
 SC_BOND=         1.1305  SC_ANGLE=         1.3762  SC_DIHED   =         0.0240
 SC_14NB=         0.0000  SC_14EEL=         0.0000  SC_VDW     =         0.0000
 SC_EEL =         0.0000
 SC_RES_DIST=     0.0000  SC_RES_ANG=       0.0000  SC_RES_TORS=         0.0000
 SC_EEL_DER=      0.0000  SC_VDW_DER=       0.0000  SC_DERIV   =         0.0000
 ------------------------------------------------------------------------------


| TI region  2


 NSTEP =      550   TIME(PS) =     335.100  TEMP(K) =   292.37  PRESS =     0.0
 Etot   =    -11970.7349  EKtot   =      2620.2767  EPtot      =    -14591.0116
 BOND   =        12.3203  ANGLE   =        55.5367  DIHED      =        46.6776
 1-4 NB =        16.0278  1-4 EEL =      -617.6806  VDWAALS    =      2118.0687
 EELEC  =    -16221.9621  EHBOND  =         0.0000  RESTRAINT  =         0.0000
 EKCMT  =         0.0000  VIRIAL  =         0.0000  VOLUME     =     45678.7195
                                                    Density    =         0.9853
 DV/DL  =      -235.8196
 ------------------------------------------------------------------------------


MBAR Energy analysis:
Energy at 0.0000 =    -14390.982061
Energy at 0.0000 =    -14390.982061
Energy at 0.2000 =    -14437.622560
Energy at 0.2000 =    -14437.622560
Energy at 0.5000 =    -14507.339400
Energy at 0.5000 =    -14507.339400
Energy at 0.6000 =    -14530.545906
Energy at 0.6000 =    -14530.545906
Energy at 1.0000 =    -14623.302051
Energy at 1.0000 =    -14623.302051
 ------------------------------------------------------------------------------


| TI region  1


 NSTEP =      600   TIME(PS) =     335.200  TEMP(K) =   297.74  PRESS =     0.0
 Etot   =    -11953.1122  EKtot   =      2670.1898  EPtot      =    -14623.3021
 BOND   =        13.6136  ANGLE   =        48.9637  DIHED      =        45.1849
 1-4 NB =        14.5179  1-4 EEL =      -604.2995  VDWAALS    =      2101.5170
 EELEC  =    -16242.7996  EHBOND  =         0.0000  RESTRAINT  =         0.0000
 EKCMT  =         0.0000  VIRIAL  =         0.0000  VOLUME     =     45678.7195
                                                    Density    =         0.9853
 DV/DL  =      -231.8107
 ------------------------------------------------------------------------------

  Softcore part of the system:       2 atoms,       TEMP(K)    =          78.04
 SC_Etot=         3.9652  SC_EKtot=         0.4652  SC_EPtot   =         3.5000
 SC_BOND=         0.8013  SC_ANGLE=         2.6111  SC_DIHED   =         0.0876
 SC_14NB=         0.0000  SC_14EEL=         0.0000  SC_VDW     =         0.0000
 SC_EEL =         0.0000
 SC_RES_DIST=     0.0000  SC_RES_ANG=       0.0000  SC_RES_TORS=         0.0000
 SC_EEL_DER=      0.0000  SC_VDW_DER=       0.0000  SC_DERIV   =         0.0000
 ------------------------------------------------------------------------------


| TI region  2


 NSTEP =      600   TIME(PS) =     335.200  TEMP(K) =   297.89  PRESS =     0.0
 Etot   =    -11953.5774  EKtot   =      2669.7246  EPtot      =    -14623.3021
 BOND   =        13.6136  ANGLE   =        48.9637  DIHED      =        45.1849
 1-4 NB =        14.5179  1-4 EEL =      -604.2995  VDWAALS    =      2101.5170
 EELEC  =    -16242.7996  EHBOND  =         0.0000  RESTRAINT  =         0.0000
 EKCMT  =         0.0000  VIRIAL  =         0.0000  VOLUME     =     45678.7195
                                                    Density    =         0.9853
 DV/DL  =      -231.8107
 ------------------------------------------------------------------------------


MBAR Energy analysis:
Energy at 0.0000 =    -14394.522462
Energy at 0.0000 =    -14394.522462
Energy at 0.2000 =    -14447.882682
Energy at 0.2000 =    -14447.882682
Energy at 0.5000 =    -14519.172851
Energy at 0.5000 =    -14519.172851
Energy at 0.6000 =    -14542.500753
Energy at 0.6000 =    -14542.500753
Energy at 1.0000 =    -14635.303638
Energy at 1.0000 =    -14635.303638
 ------------------------------------------------------------------------------


| TI region  1


 NSTEP =      650   TIME(PS) =     335.300  TEMP(K) =   298.35  PRESS =     0.0
 Etot   =    -11959.6485  EKtot   =      2675.6551  EPtot      =    -14635.3036
 BOND   =        12.0212  ANGLE   =        49.3384  DIHED      =        43.5251
 1-4 NB =        16.5338  1-4 EEL =      -619.6351  VDWAALS    =      2129.7143
 EELEC  =    -16266.8014  EHBOND  =         0.0000  RESTRAINT  =         0.0000
 EKCMT  =         0.0000  VIRIAL  =         0.0000  VOLUME     =     45678.7195
                                                    Density    =         0.9853
 DV/DL  =      -231.5407
 ------------------------------------------------------------------------------

  Softcore part of the system:       2 atoms,       TEMP(K)    =         377.85
 SC_Etot=         6.5626  SC_EKtot=         2.2526  SC_EPtot   =         4.3100
 SC_BOND=         0.7205  SC_ANGLE=         2.9278  SC_DIHED   =         0.6617
 SC_14NB=         0.0000  SC_14EEL=         0.0000  SC_VDW     =         0.0000
 SC_EEL =         0.0000
 SC_RES_DIST=     0.0000  SC_RES_ANG=       0.0000  SC_RES_TORS=         0.0000
 SC_EEL_DER=      0.0000  SC_VDW_DER=       0.0000  SC_DERIV   =         0.0000
 ------------------------------------------------------------------------------


| TI region  2


 NSTEP =      650   TIME(PS) =     335.300  TEMP(K) =   298.30  PRESS =     0.0
 Etot   =    -11961.9011  EKtot   =      2673.4025  EPtot      =    -14635.3036
 BOND   =        12.0212  ANGLE   =        49.3384  DIHED      =        43.5251
 1-4 NB =        16.5338  1-4 EEL =      -619.6351  VDWAALS    =      2129.7143
 EELEC  =    -16266.8014  EHBOND  =         0.0000  RESTRAINT  =         0.0000
 EKCMT  =         0.0000  VIRIAL  =         0.0000  VOLUME     =     45678.7195
                                                    Density    =         0.9853
 DV/DL  =      -231.5407
 ------------------------------------------------------------------------------


MBAR Energy analysis:
Energy at 0.0000 =    -14398.112850
Energy at 0.0000 =    -14398.112850
Energy at 0.2000 =    -14448.937480
Energy at 0.2000 =    -14448.937480
Energy at 0.5000 =    -14524.079425
Energy at 0.5000 =    -14524.079425
Energy at 0.6000 =    -14549.012344
Energy at 0.6000 =    -14549.012344
Energy at 1.0000 =    -14648.532543
Energy at 1.0000 =    -14648.532543
 ------------------------------------------------------------------------------


| TI region  1


 NSTEP =      700   TIME(PS) =     335.400  TEMP(K) =   297.83  PRESS =     0.0
 Etot   =    -11977.5194  EKtot   =      2671.0131  EPtot      =    -14648.5325
 BOND   =        14.0157  ANGLE   =        54.2670  DIHED      =        41.7693
 1-4 NB =        16.3039  1-4 EEL =      -628.5780  VDWAALS    =      2267.0461
 EELEC  =    -16413.3565  EHBOND  =         0.0000  RESTRAINT  =         0.0000
 EKCMT  =         0.0000  VIRIAL  =         0.0000  VOLUME     =     45311.7714
                                                    Density    =         0.9933
 DV/DL  =      -248.5675
 ------------------------------------------------------------------------------

  Softcore part of the system:       2 atoms,       TEMP(K)    =         362.62
 SC_Etot=         9.0750  SC_EKtot=         2.1618  SC_EPtot   =         6.9132
 SC_BOND=         1.5623  SC_ANGLE=         4.4661  SC_DIHED   =         0.8848
 SC_14NB=         0.0000  SC_14EEL=         0.0000  SC_VDW     =         0.0000
 SC_EEL =         0.0000
 SC_RES_DIST=     0.0000  SC_RES_ANG=       0.0000  SC_RES_TORS=         0.0000
 SC_EEL_DER=      0.0000  SC_VDW_DER=       0.0000  SC_DERIV   =         0.0000
 ------------------------------------------------------------------------------


| TI region  2


 NSTEP =      700   TIME(PS) =     335.400  TEMP(K) =   297.79  PRESS =     0.0
 Etot   =    -11979.6812  EKtot   =      2668.8513  EPtot      =    -14648.5325
 BOND   =        14.0157  ANGLE   =        54.2670  DIHED      =        41.7693
 1-4 NB =        16.3039  1-4 EEL =      -628.5780  VDWAALS    =      2267.0461
 EELEC  =    -16413.3565  EHBOND  =         0.0000  RESTRAINT  =         0.0000
 EKCMT  =         0.0000  VIRIAL  =         0.0000  VOLUME     =     45311.7714
                                                    Density    =         0.9932
 DV/DL  =      -248.5675
 ------------------------------------------------------------------------------


MBAR Energy analysis:
Energy at 0.0000 =    -14378.572936
Energy at 0.0000 =    -14378.572936
Energy at 0.2000 =    -14446.604546
Energy at 0.2000 =    -14446.604546
Energy at 0.5000 =    -14519.617881
Energy at 0.5000 =    -14519.617881
Energy at 0.6000 =    -14543.136221
Energy at 0.6000 =    -14543.136221
Energy at 1.0000 =    -14636.468759
Energy at 1.0000 =    -14636.468759
 ------------------------------------------------------------------------------


| TI region  1


 NSTEP =      750   TIME(PS) =     335.500  TEMP(K) =   299.01  PRESS =     0.0
 Etot   =    -11954.8704  EKtot   =      2681.5983  EPtot      =    -14636.4688
 BOND   =        10.3742  ANGLE   =        47.4033  DIHED      =        39.7924
 1-4 NB =        15.5482  1-4 EEL =      -618.8155  VDWAALS    =      2092.4312
 EELEC  =    -16223.2026  EHBOND  =         0.0000  RESTRAINT  =         0.0000
 EKCMT  =         0.0000  VIRIAL  =         0.0000  VOLUME     =     45311.7714
                                                    Density    =         0.9933
 DV/DL  =      -232.7073
 ------------------------------------------------------------------------------

  Softcore part of the system:       2 atoms,       TEMP(K)    =         426.27
 SC_Etot=         7.6165  SC_EKtot=         2.5413  SC_EPtot   =         5.0752
 SC_BOND=         1.0803  SC_ANGLE=         2.7471  SC_DIHED   =         1.2478
 SC_14NB=         0.0000  SC_14EEL=         0.0000  SC_VDW     =         0.0000
 SC_EEL =         0.0000
 SC_RES_DIST=     0.0000  SC_RES_ANG=       0.0000  SC_RES_TORS=         0.0000
 SC_EEL_DER=      0.0000  SC_VDW_DER=       0.0000  SC_DERIV   =         0.0000
 ------------------------------------------------------------------------------


| TI region  2


 NSTEP =      750   TIME(PS) =     335.500  TEMP(K) =   298.93  PRESS =     0.0
 Etot   =    -11957.4117  EKtot   =      2679.0571  EPtot      =    -14636.4688
 BOND   =        10.3742  ANGLE   =        47.4033  DIHED      =        39.7924
 1-4 NB =        15.5482  1-4 EEL =      -618.8155  VDWAALS    =      2092.4312
 EELEC  =    -16223.2026  EHBOND  =         0.0000  RESTRAINT  =         0.0000
 EKCMT  =         0.0000  VIRIAL  =         0.0000  VOLUME     =     45311.7714
                                                    Density    =         0.9932
 DV/DL  =      -232.7073
 ------------------------------------------------------------------------------


MBAR Energy analysis:
Energy at 0.0000 =    -14399.917665
Energy at 0.0000 =    -14399.917665
Energy at 0.2000 =    -14447.214039
Energy at 0.2000 =    -14447.214039
Energy at 0.5000 =    -14516.755567
Energy at 0.5000 =    -14516.755567
Energy at 0.6000 =    -14539.795909
Energy at 0.6000 =    -14539.795909
Energy at 1.0000 =    -14631.707570
Energy at 1.0000 =    -14631.707570
 ------------------------------------------------------------------------------


| TI region  1


 NSTEP =      800   TIME(PS) =     335.600  TEMP(K) =   299.27  PRESS =     0.0
 Etot   =    -11947.7985  EKtot   =      2683.9091  EPtot      =    -14631.7076
 BOND   =        11.2484  ANGLE   =        49.8891  DIHED      =        41.1590
 1-4 NB =        15.3345  1-4 EEL =      -610.7122  VDWAALS    =      2059.9715
 EELEC  =    -16198.5979  EHBOND  =         0.0000  RESTRAINT  =         0.0000
 EKCMT  =         0.0000  VIRIAL  =         0.0000  VOLUME     =     45311.7714
                                                    Density    =         0.9933
 DV/DL  =      -229.5088
 ------------------------------------------------------------------------------

  Softcore part of the system:       2 atoms,       TEMP(K)    =         481.88
 SC_Etot=         5.2359  SC_EKtot=         2.8728  SC_EPtot   =         2.3631
 SC_BOND=         0.5700  SC_ANGLE=         1.1289  SC_DIHED   =         0.6642
 SC_14NB=         0.0000  SC_14EEL=         0.0000  SC_VDW     =         0.0000
 SC_EEL =         0.0000
 SC_RES_DIST=     0.0000  SC_RES_ANG=       0.0000  SC_RES_TORS=         0.0000
 SC_EEL_DER=      0.0000  SC_VDW_DER=       0.0000  SC_DERIV   =         0.0000
 ------------------------------------------------------------------------------


| TI region  2


 NSTEP =      800   TIME(PS) =     335.600  TEMP(K) =   299.15  PRESS =     0.0
 Etot   =    -11950.6712  EKtot   =      2681.0363  EPtot      =    -14631.7076
 BOND   =        11.2484  ANGLE   =        49.8891  DIHED      =        41.1590
 1-4 NB =        15.3345  1-4 EEL =      -610.7122  VDWAALS    =      2059.9715
 EELEC  =    -16198.5979  EHBOND  =         0.0000  RESTRAINT  =         0.0000
 EKCMT  =         0.0000  VIRIAL  =         0.0000  VOLUME     =     45311.7714
                                                    Density    =         0.9932
 DV/DL  =      -229.5088
 ------------------------------------------------------------------------------


MBAR Energy analysis:
Energy at 0.0000 =    -14356.780101
Energy at 0.0000 =    -14356.780101
Energy at 0.2000 =    -14410.279744
Energy at 0.2000 =    -14410.279744
Energy at 0.5000 =    -14482.936661
Energy at 0.5000 =    -14482.936661
Energy at 0.6000 =    -14506.773594
Energy at 0.6000 =    -14506.773594
Energy at 1.0000 =    -14601.682080
Energy at 1.0000 =    -14601.682080
 ------------------------------------------------------------------------------


| TI region  1


 NSTEP =      850   TIME(PS) =     335.700  TEMP(K) =   298.98  PRESS =     0.0
 Etot   =    -11920.4119  EKtot   =      2681.2702  EPtot      =    -14601.6821
 BOND   =        14.7781  ANGLE   =        55.1439  DIHED      =        42.8944
 1-4 NB =        15.3224  1-4 EEL =      -617.7968  VDWAALS    =      2080.8454
 EELEC  =    -16192.8693  EHBOND  =         0.0000  RESTRAINT  =         0.0000
 EKCMT  =         0.0000  VIRIAL  =         0.0000  VOLUME     =     45311.7714
                                                    Density    =         0.9933
 DV/DL  =      -236.8745
 ------------------------------------------------------------------------------

  Softcore part of the system:       2 atoms,       TEMP(K)    =         328.98
 SC_Etot=         4.6334  SC_EKtot=         1.9612  SC_EPtot   =         2.6722
 SC_BOND=         0.4122  SC_ANGLE=         1.0601  SC_DIHED   =         1.1999
 SC_14NB=         0.0000  SC_14EEL=         0.0000  SC_VDW     =         0.0000
 SC_EEL =         0.0000
 SC_RES_DIST=     0.0000  SC_RES_ANG=       0.0000  SC_RES_TORS=         0.0000
 SC_EEL_DER=      0.0000  SC_VDW_DER=       0.0000  SC_DERIV   =         0.0000
 ------------------------------------------------------------------------------


| TI region  2


 NSTEP =      850   TIME(PS) =     335.700  TEMP(K) =   298.96  PRESS =     0.0
 Etot   =    -11922.3731  EKtot   =      2679.3090  EPtot      =    -14601.6821
 BOND   =        14.7781  ANGLE   =        55.1439  DIHED      =        42.8944
 1-4 NB =        15.3224  1-4 EEL =      -617.7968  VDWAALS    =      2080.8454
 EELEC  =    -16192.8693  EHBOND  =         0.0000  RESTRAINT  =         0.0000
 EKCMT  =         0.0000  VIRIAL  =         0.0000  VOLUME     =     45311.7714
                                                    Density    =         0.9932
 DV/DL  =      -236.8745
 ------------------------------------------------------------------------------


MBAR Energy analysis:
Energy at 0.0000 =    -14344.392407
Energy at 0.0000 =    -14344.392407
Energy at 0.2000 =    -14394.780085
Energy at 0.2000 =    -14394.780085
Energy at 0.5000 =    -14467.000535
Energy at 0.5000 =    -14467.000535
Energy at 0.6000 =    -14490.838746
Energy at 0.6000 =    -14490.838746
Energy at 1.0000 =    -14585.858273
Energy at 1.0000 =    -14585.858273
 ------------------------------------------------------------------------------


| TI region  1


 NSTEP =      900   TIME(PS) =     335.800  TEMP(K) =   296.73  PRESS =     0.0
 Etot   =    -11924.7422  EKtot   =      2661.1160  EPtot      =    -14585.8583
 BOND   =         8.1070  ANGLE   =        59.5726  DIHED      =        40.1592
 1-4 NB =        17.2629  1-4 EEL =      -624.8783  VDWAALS    =      2086.1664
 EELEC  =    -16172.2480  EHBOND  =         0.0000  RESTRAINT  =         0.0000
 EKCMT  =         0.0000  VIRIAL  =         0.0000  VOLUME     =     45289.8523
                                                    Density    =         0.9938
 DV/DL  =      -237.2188
 ------------------------------------------------------------------------------

  Softcore part of the system:       2 atoms,       TEMP(K)    =         479.51
 SC_Etot=         6.3674  SC_EKtot=         2.8586  SC_EPtot   =         3.5087
 SC_BOND=         0.1282  SC_ANGLE=         2.0645  SC_DIHED   =         1.3160
 SC_14NB=         0.0000  SC_14EEL=         0.0000  SC_VDW     =         0.0000
 SC_EEL =         0.0000
 SC_RES_DIST=     0.0000  SC_RES_ANG=       0.0000  SC_RES_TORS=         0.0000
 SC_EEL_DER=      0.0000  SC_VDW_DER=       0.0000  SC_DERIV   =         0.0000
 ------------------------------------------------------------------------------


| TI region  2


 NSTEP =      900   TIME(PS) =     335.800  TEMP(K) =   296.61  PRESS =     0.0
 Etot   =    -11927.6009  EKtot   =      2658.2574  EPtot      =    -14585.8583
 BOND   =         8.1070  ANGLE   =        59.5726  DIHED      =        40.1592
 1-4 NB =        17.2629  1-4 EEL =      -624.8783  VDWAALS    =      2086.1664
 EELEC  =    -16172.2480  EHBOND  =         0.0000  RESTRAINT  =         0.0000
 EKCMT  =         0.0000  VIRIAL  =         0.0000  VOLUME     =     45289.8523
                                                    Density    =         0.9937
 DV/DL  =      -237.2188
 ------------------------------------------------------------------------------


MBAR Energy analysis:
Energy at 0.0000 =    -14353.609907
Energy at 0.0000 =    -14353.609907
Energy at 0.2000 =    -14406.621422
Energy at 0.2000 =    -14406.621422
Energy at 0.5000 =    -14482.428820
Energy at 0.5000 =    -14482.428820
Energy at 0.6000 =    -14507.407714
Energy at 0.6000 =    -14507.407714
Energy at 1.0000 =    -14606.886684
Energy at 1.0000 =    -14606.886684
 ------------------------------------------------------------------------------


| TI region  1


 NSTEP =      950   TIME(PS) =     335.900  TEMP(K) =   298.43  PRESS =     0.0
 Etot   =    -11930.5299  EKtot   =      2676.3568  EPtot      =    -14606.8867
 BOND   =         9.8782  ANGLE   =        50.9204  DIHED      =        39.3963
 1-4 NB =        18.1818  1-4 EEL =      -621.8649  VDWAALS    =      2078.2515
 EELEC  =    -16181.6500  EHBOND  =         0.0000  RESTRAINT  =         0.0000
 EKCMT  =         0.0000  VIRIAL  =         0.0000  VOLUME     =     45289.8523
                                                    Density    =         0.9938
 DV/DL  =      -248.2553
 ------------------------------------------------------------------------------

  Softcore part of the system:       2 atoms,       TEMP(K)    =         157.11
 SC_Etot=         4.4383  SC_EKtot=         0.9366  SC_EPtot   =         3.5017
 SC_BOND=         1.2903  SC_ANGLE=         0.7821  SC_DIHED   =         1.4293
 SC_14NB=         0.0000  SC_14EEL=         0.0000  SC_VDW     =         0.0000
 SC_EEL =         0.0000
 SC_RES_DIST=     0.0000  SC_RES_ANG=       0.0000  SC_RES_TORS=         0.0000
 SC_EEL_DER=      0.0000  SC_VDW_DER=       0.0000  SC_DERIV   =         0.0000
 ------------------------------------------------------------------------------


| TI region  2


 NSTEP =      950   TIME(PS) =     335.900  TEMP(K) =   298.52  PRESS =     0.0
 Etot   =    -11931.4666  EKtot   =      2675.4201  EPtot      =    -14606.8867
 BOND   =         9.8782  ANGLE   =        50.9204  DIHED      =        39.3963
 1-4 NB =        18.1818  1-4 EEL =      -621.8649  VDWAALS    =      2078.2515
 EELEC  =    -16181.6500  EHBOND  =         0.0000  RESTRAINT  =         0.0000
 EKCMT  =         0.0000  VIRIAL  =         0.0000  VOLUME     =     45289.8523
                                                    Density    =         0.9937
 DV/DL  =      -248.2553
 ------------------------------------------------------------------------------


MBAR Energy analysis:
Energy at 0.0000 =    -14333.172027
Energy at 0.0000 =    -14333.172027
Energy at 0.2000 =    -14389.716749
Energy at 0.2000 =    -14389.716749
Energy at 0.5000 =    -14464.562607
Energy at 0.5000 =    -14464.562607
Energy at 0.6000 =    -14488.961750
Energy at 0.6000 =    -14488.961750
Energy at 1.0000 =    -14585.880895
Energy at 1.0000 =    -14585.880895
 ------------------------------------------------------------------------------


| TI region  1


 NSTEP =     1000   TIME(PS) =     336.000  TEMP(K) =   294.74  PRESS =     0.0
 Etot   =    -11942.5996  EKtot   =      2643.2813  EPtot      =    -14585.8809
 BOND   =        14.1775  ANGLE   =        46.1128  DIHED      =        41.8777
 1-4 NB =        15.0706  1-4 EEL =      -613.2266  VDWAALS    =      2138.4221
 EELEC  =    -16228.3151  EHBOND  =         0.0000  RESTRAINT  =         0.0000
 EKCMT  =         0.0000  VIRIAL  =         0.0000  VOLUME     =     45177.1088
                                                    Density    =         0.9963
 DV/DL  =      -241.6634
 ------------------------------------------------------------------------------

  Softcore part of the system:       2 atoms,       TEMP(K)    =         244.58
 SC_Etot=         4.6279  SC_EKtot=         1.4581  SC_EPtot   =         3.1698
 SC_BOND=         0.6909  SC_ANGLE=         1.1808  SC_DIHED   =         1.2982
 SC_14NB=         0.0000  SC_14EEL=         0.0000  SC_VDW     =         0.0000
 SC_EEL =         0.0000
 SC_RES_DIST=     0.0000  SC_RES_ANG=       0.0000  SC_RES_TORS=         0.0000
 SC_EEL_DER=      0.0000  SC_VDW_DER=       0.0000  SC_DERIV   =         0.0000
 ------------------------------------------------------------------------------


| TI region  2


 NSTEP =     1000   TIME(PS) =     336.000  TEMP(K) =   294.77  PRESS =     0.0
 Etot   =    -11944.0577  EKtot   =      2641.8232  EPtot      =    -14585.8809
 BOND   =        14.1775  ANGLE   =        46.1128  DIHED      =        41.8777
 1-4 NB =        15.0706  1-4 EEL =      -613.2266  VDWAALS    =      2138.4221
 EELEC  =    -16228.3151  EHBOND  =         0.0000  RESTRAINT  =         0.0000
 EKCMT  =         0.0000  VIRIAL  =         0.0000  VOLUME     =     45177.1088
                                                    Density    =         0.9962
 DV/DL  =      -241.6634
 ------------------------------------------------------------------------------

|===============================================================================

| TI region  1


      A V E R A G E S   O V E R    1000 S T E P S


 NSTEP =     1000   TIME(PS) =     336.000  TEMP(K) =   296.50  PRESS =     0.0
 Etot   =    -11941.9699  EKtot   =      2659.0749  EPtot      =    -14601.0448
 BOND   =        14.2514  ANGLE   =        51.1888  DIHED      =        42.1705
 1-4 NB =        16.5736  1-4 EEL =      -621.1283  VDWAALS    =      2100.7691
 EELEC  =    -16204.8697  EHBOND  =         0.0000  RESTRAINT  =         0.0000
 EKCMT  =         0.0000  VIRIAL  =         0.0000  VOLUME     =     45552.6327
                                                    Density    =         0.9881
 DV/DL  =      -232.0133
 ------------------------------------------------------------------------------

  Softcore part of the system:       2 atoms,       TEMP(K)    =         298.18
 SC_Etot=         5.5106  SC_EKtot=         1.7776  SC_EPtot   =         3.7330
 SC_BOND=         1.1615  SC_ANGLE=         1.8086  SC_DIHED   =         0.7629
 SC_14NB=         0.0000  SC_14EEL=         0.0000  SC_VDW     =         0.0000
 SC_EEL =         0.0000
 SC_RES_DIST=     0.0000  SC_RES_ANG=       0.0000  SC_RES_TORS=         0.0000
 SC_EEL_DER=      0.0000  SC_VDW_DER=       0.0000  SC_DERIV   =         0.0000
 ------------------------------------------------------------------------------


      R M S  F L U C T U A T I O N S


 NSTEP =     1000   TIME(PS) =     336.000  TEMP(K) =     3.29  PRESS =     0.0
 Etot   =        28.0258  EKtot   =        29.5048  EPtot      =        32.8050
 BOND   =         3.4935  ANGLE   =         6.5498  DIHED      =         2.2870
 1-4 NB =         1.7742  1-4 EEL =         7.8792  VDWAALS    =        51.0714
 EELEC  =        67.2174  EHBOND  =         0.0000  RESTRAINT  =         0.0000
 EKCMT  =         0.0000  VIRIAL  =         0.0000  VOLUME     =       164.3109
                                                    Density    =         0.0036
 DV/DL  =         8.9581
 ------------------------------------------------------------------------------

  Softcore part of the system:       2 atoms,       TEMP(K)    =         151.25
 SC_Etot=         1.4343  SC_EKtot=         0.9017  SC_EPtot   =         1.3113
 SC_BOND=         0.9679  SC_ANGLE=         0.7726  SC_DIHED   =         0.4271
 SC_14NB=         0.0000  SC_14EEL=         0.0000  SC_VDW     =         0.0000
 SC_EEL =         0.0000
 SC_RES_DIST=     0.0000  SC_RES_ANG=       0.0000  SC_RES_TORS=         0.0000
 SC_EEL_DER=      0.0000  SC_VDW_DER=       0.0000  SC_DERIV   =         0.0000
 ------------------------------------------------------------------------------


| TI region  2


      A V E R A G E S   O V E R    1000 S T E P S


 NSTEP =     1000   TIME(PS) =     336.000  TEMP(K) =   296.50  PRESS =     0.0
 Etot   =    -11943.7475  EKtot   =      2657.2973  EPtot      =    -14601.0448
 BOND   =        14.2514  ANGLE   =        51.1888  DIHED      =        42.1705
 1-4 NB =        16.5736  1-4 EEL =      -621.1283  VDWAALS    =      2100.7691
 EELEC  =    -16204.8697  EHBOND  =         0.0000  RESTRAINT  =         0.0000
 EKCMT  =         0.0000  VIRIAL  =         0.0000  VOLUME     =     45552.6327
                                                    Density    =         0.9880
 DV/DL  =      -232.0133
 ------------------------------------------------------------------------------


      R M S  F L U C T U A T I O N S


 NSTEP =     1000   TIME(PS) =     336.000  TEMP(K) =     3.29  PRESS =     0.0
 Etot   =        28.1336  EKtot   =        29.4649  EPtot      =        32.8050
 BOND   =         3.4935  ANGLE   =         6.5498  DIHED      =         2.2870
 1-4 NB =         1.7742  1-4 EEL =         7.8792  VDWAALS    =        51.0714
 EELEC  =        67.2174  EHBOND  =         0.0000  RESTRAINT  =         0.0000
 EKCMT  =         0.0000  VIRIAL  =         0.0000  VOLUME     =       164.3109
                                                    Density    =         0.0036
 DV/DL  =         8.9581
 ------------------------------------------------------------------------------


      DV/DL, AVERAGES OVER    1000 STEPS


 NSTEP =     1000   TIME(PS) =     336.000  TEMP(K) =     3.29  PRESS =     0.0
 Etot   =         0.0000  EKtot   =         0.0000  EPtot      =      -229.6866
 BOND   =         0.0000  ANGLE   =         0.0000  DIHED      =         0.0000
 1-4 NB =        -0.3354  1-4 EEL =      -234.9794  VDWAALS    =        -0.2237
 EELEC  =         3.5252  EHBOND  =         0.0000  RESTRAINT  =         0.0000
 EKCMT  =         0.0000  VIRIAL  =         0.0000  VOLUME     =         0.0000
                                                    Density    =         0.0000
 DV/DL  =      -229.6866
 ------------------------------------------------------------------------------

|===============================================================================

| TI region  1


      A V E R A G E S   O V E R    1000 S T E P S


 NSTEP =     1000   TIME(PS) =     336.000  TEMP(K) =   296.50  PRESS =     0.0
 Etot   =    -11941.9699  EKtot   =      2659.0749  EPtot      =    -14601.0448
 BOND   =        14.2514  ANGLE   =        51.1888  DIHED      =        42.1705
 1-4 NB =        16.5736  1-4 EEL =      -621.1283  VDWAALS    =      2100.7691
 EELEC  =    -16204.8697  EHBOND  =         0.0000  RESTRAINT  =         0.0000
 EKCMT  =         0.0000  VIRIAL  =         0.0000  VOLUME     =     45552.6327
                                                    Density    =         0.9881
 DV/DL  =      -232.0133
 ------------------------------------------------------------------------------

  Softcore part of the system:       2 atoms,       TEMP(K)    =         298.18
 SC_Etot=         5.5106  SC_EKtot=         1.7776  SC_EPtot   =         3.7330
 SC_BOND=         1.1615  SC_ANGLE=         1.8086  SC_DIHED   =         0.7629
 SC_14NB=         0.0000  SC_14EEL=         0.0000  SC_VDW     =         0.0000
 SC_EEL =         0.0000
 SC_RES_DIST=     0.0000  SC_RES_ANG=       0.0000  SC_RES_TORS=         0.0000
 SC_EEL_DER=      0.0000  SC_VDW_DER=       0.0000  SC_DERIV   =         0.0000
 ------------------------------------------------------------------------------


      R M S  F L U C T U A T I O N S


 NSTEP =     1000   TIME(PS) =     336.000  TEMP(K) =     3.29  PRESS =     0.0
 Etot   =        28.0258  EKtot   =        29.5048  EPtot      =        32.8050
 BOND   =         3.4935  ANGLE   =         6.5498  DIHED      =         2.2870
 1-4 NB =         1.7742  1-4 EEL =         7.8792  VDWAALS    =        51.0714
 EELEC  =        67.2174  EHBOND  =         0.0000  RESTRAINT  =         0.0000
 EKCMT  =         0.0000  VIRIAL  =         0.0000  VOLUME     =       164.3109
                                                    Density    =         0.0036
 DV/DL  =         8.9581
 ------------------------------------------------------------------------------

  Softcore part of the system:       2 atoms,       TEMP(K)    =         151.25
 SC_Etot=         1.4343  SC_EKtot=         0.9017  SC_EPtot   =         1.3113
 SC_BOND=         0.9679  SC_ANGLE=         0.7726  SC_DIHED   =         0.4271
 SC_14NB=         0.0000  SC_14EEL=         0.0000  SC_VDW     =         0.0000
 SC_EEL =         0.0000
 SC_RES_DIST=     0.0000  SC_RES_ANG=       0.0000  SC_RES_TORS=         0.0000
 SC_EEL_DER=      0.0000  SC_VDW_DER=       0.0000  SC_DERIV   =         0.0000
 ------------------------------------------------------------------------------


| TI region  2


      A V E R A G E S   O V E R    1000 S T E P S


 NSTEP =     1000   TIME(PS) =     336.000  TEMP(K) =   296.50  PRESS =     0.0
 Etot   =    -11943.7475  EKtot   =      2657.2973  EPtot      =    -14601.0448
 BOND   =        14.2514  ANGLE   =        51.1888  DIHED      =        42.1705
 1-4 NB =        16.5736  1-4 EEL =      -621.1283  VDWAALS    =      2100.7691
 EELEC  =    -16204.8697  EHBOND  =         0.0000  RESTRAINT  =         0.0000
 EKCMT  =         0.0000  VIRIAL  =         0.0000  VOLUME     =     45552.6327
                                                    Density    =         0.9880
 DV/DL  =      -232.0133
 ------------------------------------------------------------------------------


      R M S  F L U C T U A T I O N S


 NSTEP =     1000   TIME(PS) =     336.000  TEMP(K) =     3.29  PRESS =     0.0
 Etot   =        28.1336  EKtot   =        29.4649  EPtot      =        32.8050
 BOND   =         3.4935  ANGLE   =         6.5498  DIHED      =         2.2870
 1-4 NB =         1.7742  1-4 EEL =         7.8792  VDWAALS    =        51.0714
 EELEC  =        67.2174  EHBOND  =         0.0000  RESTRAINT  =         0.0000
 EKCMT  =         0.0000  VIRIAL  =         0.0000  VOLUME     =       164.3109
                                                    Density    =         0.0036
 DV/DL  =         8.9581
 ------------------------------------------------------------------------------


      DV/DL, AVERAGES OVER    1000 STEPS


 NSTEP =     1000   TIME(PS) =     336.000  TEMP(K) =     3.29  PRESS =     0.0
 Etot   =         0.0000  EKtot   =         0.0000  EPtot      =      -229.6866
 BOND   =         0.0000  ANGLE   =         0.0000  DIHED      =         0.0000
 1-4 NB =        -0.3354  1-4 EEL =      -234.9794  VDWAALS    =        -0.2237
 EELEC  =         3.5252  EHBOND  =         0.0000  RESTRAINT  =         0.0000
 EKCMT  =         0.0000  VIRIAL  =         0.0000  VOLUME     =         0.0000
                                                    Density    =         0.0000
 DV/DL  =      -229.6866
 ------------------------------------------------------------------------------

| MC Barostat:         10 volume changes attempted.
| MC Barostat:          4 changes successful ( 40.00%)
 ------------------------------------------------------------------------------

--------------------------------------------------------------------------------
   5.  TIMINGS
--------------------------------------------------------------------------------

|  NonSetup CPU Time in Major Routines:
|
|     Routine           Sec        %
|     ------------------------------
|     Nonbond           0.42   81.51
|     Bond              0.00    0.00
|     Angle             0.00    0.00
|     Dihedral          0.00    0.00
|     Shake             0.00    0.69
|     RunMD             0.08   16.64
|     Other             0.01    1.16
|     ------------------------------
|     Total             0.51

|  PME Nonbond Pairlist CPU Time:
|
|     Routine              Sec        %
|     ---------------------------------
|     Set Up Cit           0.00    0.00
|     Build List           0.00    0.00
|     ---------------------------------
|     Total                0.00    0.00

|  PME Direct Force CPU Time:
|
|     Routine              Sec        %
|     ---------------------------------
|     NonBonded Calc       0.00    0.00
|     Exclude Masked       0.00    0.00
|     Other                0.00    0.38
|     ---------------------------------
|     Total                0.00    0.38

|  PME Reciprocal Force CPU Time:
|
|     Routine              Sec        %
|     ---------------------------------
|     1D bspline           0.00    0.00
|     Grid Charges         0.00    0.00
|     Scalar Sum           0.00    0.00
|     Gradient Sum         0.00    0.00
|     FFT                  0.00    0.00
|     ---------------------------------
|     Total                0.00    0.00

|  Final Performance Info:
|     -----------------------------------------------------
|     Average timings for last     950 steps:
|     Elapsed(s) =       0.49 Per Step(ms) =       0.52
|         ns/day =     335.37   seconds/ns =     257.62
|
|     Average timings for all steps:
|     Elapsed(s) =       0.52 Per Step(ms) =       0.52
|         ns/day =     332.39   seconds/ns =     259.93
|     -----------------------------------------------------

|  Setup CPU time:            0.80 seconds
|  NonSetup CPU time:         0.51 seconds
|  Total CPU time:            1.31 seconds     0.00 hours

|  Setup wall time:           1    seconds
|  NonSetup wall time:        0    seconds
|  Total wall time:           1    seconds     0.00 hours
