
          -------------------------------------------------------
          Amber 20 PMEMD                              2020
          -------------------------------------------------------

| PMEMD implementation of SANDER, Release 18

|  Compiled date/time: Tue Apr 28 09:19:54 2020
| Run on 07/19/2024 at 17:15:23

|   Executable path: pmemd.cuda_SPFP
| Working directory: /nfs/zli_gpu2/bin/developed_softwares/CAR_method/example/0.0_0.6_0.6
|          Hostname: compute-0-9.local

  [-O]verwriting output

File Assignments:
|   MDIN: prod5.in                                                              
|  MDOUT: prod5.out                                                             
| INPCRD: prev_cen.rst                                                          
|   PARM: ../lM2A.prmtop                                                        
| RESTRT: prod5.rst                                                             
|   REFC: refc                                                                  
|  MDVEL: mdvel                                                                 
|   MDEN: mden                                                                  
|  MDCRD: prod5.netcdf                                                          
| MDINFO: prod5.mdinfo                                                          
|  MDFRC: mdfrc                                                                 


 Here is the input file:

NVT MD w/No position restraints and PME (sander)                               
 &cntrl                                                                        
  ntx    = 5,                                                                  
  irest  = 1,                                                                  
  ntpr   = 50,                                                                 
  ntwx   = 10000,                                                              
  ntwe   = 10000,                                                              
  ntwr   = 10000,                                                              
  ig     = -1,                                                                 
                                                                               
  ntb    = 2,                                                                  
  ntp = 1, pres0 = 1.0, taup = 2.0,gamma_ln = 2.0,                             
  cut    = 10.0,                                                               
  iwrap  = 1,                                                                  
  barostat = 2,                                                                
                                                                               
  t      = 0.0,                                                                
  dt     = 0.002,                                                              
                                                                               
  temp0  = 300.0,                                                              
  tempi  = 300.0,                                                              
  ntt    = 3,                                                                  
  tautp  = 2.0,                                                                
                                                                               
  ntf    = 1,                                                                  
  ntc    = 2,                                                                  
  iwrap=1, ioutfm=1, ntwv=-1,ntave=1000,                                       
  bar_intervall = 50,                                                          
  icfe = 1, ifsc = 1,                                                          
  timask1=':1,2',                                                              
  timask2=':3',                                                                
  scmask1=':2',                                                                
  scmask2='',                                                                  
  ifmbar = 1,                                                                  
  nstlim = 1000,                                                               
  clambda = 0.6,                                                               
  mbar_states = 10,                                                            
  mbar_lambda = 0.0, 0.0, 0.2, 0.2, 0.5, 0.5, 0.6, 0.6, 1.0, 1.0,              
&end                                                                           
 /                                                                             


Note: ig = -1. Setting random seed to   258568 based on wallclock time in 
      microseconds.
| irandom = 1, using AMBER's internal random number generator (default).
 
|--------------------- INFORMATION ----------------------
| GPU (CUDA) Version of PMEMD in use: NVIDIA GPU IN USE.
|                    Version 18.0.0
| 
|                      03/25/2018
| 
| Implementation by:
|                    Ross C. Walker     (SDSC)
|                    Scott Le Grand     (nVIDIA)
| 
| Version 18 performance extensions by:
|                    David Cerutti     (Rutgers)
| 
| Precision model in use:
|      [SPFP] - Single Precision Forces, 64-bit Fixed Point
|               Accumulation. (Default)
| 
|--------------------------------------------------------
 
|----------------- CITATION INFORMATION -----------------
|
|    When publishing work that utilized the CUDA version
|    of AMBER, please cite the following in addition to
|    the regular AMBER citations:
|
|  - Romelia Salomon-Ferrer; Andreas W. Goetz; Duncan
|    Poole; Scott Le Grand; Ross C. Walker "Routine
|    microsecond molecular dynamics simulations with
|    AMBER - Part II: Particle Mesh Ewald", J. Chem.
|    Theory Comput., 2013, 9 (9), pp3878-3888,
|    DOI: 10.1021/ct400314y.
|
|  - Andreas W. Goetz; Mark J. Williamson; Dong Xu;
|    Duncan Poole; Scott Le Grand; Ross C. Walker
|    "Routine microsecond molecular dynamics simulations
|    with AMBER - Part I: Generalized Born", J. Chem.
|    Theory Comput., 2012, 8 (5), pp1542-1555.
|
|  - Scott Le Grand; Andreas W. Goetz; Ross C. Walker
|    "SPFP: Speed without compromise - a mixed precision
|    model for GPU accelerated molecular dynamics
|    simulations.", Comp. Phys. Comm., 2013, 184
|    pp374-380, DOI: 10.1016/j.cpc.2012.09.022
|
|    When publishing work that utilized the CUDA version
|    of TI, BAR, MBAR or FEP please cite the following 
|    publications in addition to the regular AMBER 
|    GPU citations:
|
|  - Daniel J. Mermelstein; Charles Lin; Gard Nelson; 
|    Rachael Kretsch; J. Andrew McCammon; Ross C. Walker
|    "Fast and Flexible GPU Accelerated Binding 
|    Free Energy Calculations within the AMBER Molecular
|    Dynamics Package" J. Comp. Chem., 2018,
|    DOI: 10.1002/jcc.25187
|
|  - Tai-Sung Lee; Yuan Hu; Brad Sherborne; Zhuyan Guo;
|    Darrin M. York
|    "Toward Fast and Accurate Binding Affinity Prediction with
|    pmemdGTI: An Efficient Implementation of GPU-Accelerated
|    Thermodynamic Integration"
|    J. Chem. Theory Comput., 2017, 13 (7), 3077
|
|
|--------------------------------------------------------
 
|------------------- GPU DEVICE INFO --------------------
|
|            CUDA_VISIBLE_DEVICES: not set
|   CUDA Capable Devices Detected:      5
|           CUDA Device ID in use:      0
|                CUDA Device Name: NVIDIA GeForce RTX 3070
|     CUDA Device Global Mem Size:   7982 MB
| CUDA Device Num Multiprocessors:     46
|           CUDA Device Core Freq:   1.73 GHz
|
|--------------------------------------------------------
 
 
| Conditional Compilation Defines Used:
| PUBFFT
| BINTRAJ
| CUDA
| EMIL

| Largest sphere to fit in unit cell has radius =    17.488

| New format PARM file being parsed.
| Version =    1.000 Date = 08/02/22 Time = 19:36:52

| Note: 1-4 EEL scale factors are being read from the topology file.

| Note: 1-4 VDW scale factors are being read from the topology file.
| Duplicated    0 dihedrals

| Duplicated    0 dihedrals

--------------------------------------------------------------------------------
   1.  RESOURCE   USE: 
--------------------------------------------------------------------------------

 getting new box info from bottom of inpcrd
 NATOM  =    4548 NTYPES =      17 NBONH =    4492 MBONA  =      62
 NTHETH =     105 MTHETA =      88 NPHIH =     188 MPHIA  =     154
 NHPARM =       0 NPARM  =       0 NNB   =    6494 NRES   =    1485
 NBONA  =      62 NTHETA =      88 NPHIA =     154 NUMBND =      22
 NUMANG =      36 NPTRA  =      19 NATYP =      18 NPHB   =       1
 IFBOX  =       1 NMXRS  =      50 IFCAP =       0 NEXTRA =       0
 NCOPY  =       0

| Coordinate Index Table dimensions:     6    6    6
| Direct force subcell size =     5.9182    6.1486    5.8295

     BOX TYPE: RECTILINEAR

--------------------------------------------------------------------------------
   2.  CONTROL  DATA  FOR  THE  RUN
--------------------------------------------------------------------------------

default_name                                                                    

General flags:
     imin    =       0, nmropt  =       0

Nature and format of input:
     ntx     =       5, irest   =       1, ntrx    =       1

Nature and format of output:
     ntxo    =       2, ntpr    =      50, ntrx    =       1, ntwr    =   10000
     iwrap   =       1, ntwx    =   10000, ntwv    =      -1, ntwe    =   10000
     ioutfm  =       1, ntwprt  =       0, idecomp =       0, rbornstat=      0

Potential function:
     ntf     =       1, ntb     =       2, igb     =       0, nsnb    =      25
     ipol    =       0, gbsa    =       0, iesp    =       0
     dielc   =   1.00000, cut     =  10.00000, intdiel =   1.00000

Frozen or restrained atoms:
     ibelly  =       0, ntr     =       0

Molecular dynamics:
     nstlim  =      1000, nscm    =      1000, nrespa  =         1
     t       =   0.00000, dt      =   0.00200, vlimit  =  -1.00000

Langevin dynamics temperature regulation:
     ig      =  258568
     temp0   = 300.00000, tempi   = 300.00000, gamma_ln=   2.00000

Pressure regulation:
     ntp     =       1
     pres0   =   1.00000, comp    =  44.60000, taup    =   2.00000
     Monte-Carlo Barostat:
     mcbarint  =     100

SHAKE:
     ntc     =       2, jfastw  =       0
     tol     =   0.00001

Free energy options:
     icfe    =       1, ifsc    =       1, klambda =       1
     clambda =  0.6000, scalpha =  0.5000, scbeta  = 12.0000
     sceeorder =       2
     dynlmb =  0.0000 logdvdl =       0

FEP MBAR options:
     ifmbar  =       1,  bar_intervall =       50
     mbar_states =      10

| Intermolecular bonds treatment:
|     no_intermolecular_bonds =       1

| Energy averages sample interval:
|     ene_avg_sampling =       1

Ewald parameters:
     verbose =       0, ew_type =       0, nbflag  =       1, use_pme =       1
     vdwmeth =       1, eedmeth =       1, netfrc  =       1
     Box X =   35.509   Box Y =   36.891   Box Z =   34.977
     Alpha =   90.000   Beta  =   90.000   Gamma =   90.000
     NFFT1 =   36       NFFT2 =   40       NFFT3 =   36
     Cutoff=   10.000   Tol   =0.100E-04
     Ewald Coefficient =  0.27511
     Interpolation order =    4
     TI Mask 1 :1,2; matches     52 atoms
     TI Mask 2 :3; matches     50 atoms
     TI region 1:    4498 atoms
     TI region 2:    4496 atoms
     SC Mask 1 :2; matches      2 atoms

    MBAR - lambda values considered:
      10 total:  0.0000 0.0000 0.2000 0.2000 0.5000 0.5000 0.6000 0.6000 1.0000 1.0000
    Extra energies will be computed     20 times.
| MONTE CARLO BAROSTAT IMPORTANT NOTE:
|   The Monte-Carlo barostat does not require the virial to adjust the system volume.
|   Since it is an expensive calculation, it is skipped for efficiency. A side-effect
|   is that the reported pressure is always 0 because it is not calculated.

--------------------------------------------------------------------------------
   3.  ATOMIC COORDINATES AND VELOCITIES
--------------------------------------------------------------------------------

Cpptraj Generated Restart                                                       
 begin time read from input coords =   332.000 ps

 
     Molecule     1 is partially softcore
     Molecule     2 is partially softcore
 Number of triangulated 3-point waters found:     1482
   Removing shake constraints from HX1   LBM   2 -- N26   LAM   1
   Removing shake constraints from H23   LBM   2 -- N26   LAM   1
 Number of shake restraints removed in TI region  1 :        2
 Number of shake restraints removed in TI region  2 :        0

     Sum of charges for TI region  1 =  -0.00249680
     Skip neutralizing charges...


     Sum of charges for TI region  2 =  -0.00299999
     Skip neutralizing charges...

| Dynamic Memory, Types Used:
| Reals              376231
| Integers           194647

| Nonbonded Pairs Initial Allocation:     1375656

| GPU memory information (estimate):
| KB of GPU memory in use:     42305
| KB of CPU memory in use:     18371

--------------------------------------------------------------------------------
   4.  RESULTS
--------------------------------------------------------------------------------

   DOF for the SC part  1 of the system:    6

MBAR Energy analysis:
Energy at 0.0000 =    -14304.824598
Energy at 0.0000 =    -14304.824598
Energy at 0.2000 =    -14344.764046
Energy at 0.2000 =    -14344.764046
Energy at 0.5000 =    -14402.512300
Energy at 0.5000 =    -14402.512300
Energy at 0.6000 =    -14421.586848
Energy at 0.6000 =    -14421.586848
Energy at 1.0000 =    -14497.614435
Energy at 1.0000 =    -14497.614435
 ------------------------------------------------------------------------------


| TI region  1


 NSTEP =       50   TIME(PS) =     332.100  TEMP(K) =   298.46  PRESS =     0.0
 Etot   =    -11744.9208  EKtot   =      2676.6660  EPtot      =    -14421.5868
 BOND   =        11.5292  ANGLE   =        37.2502  DIHED      =        38.2699
 1-4 NB =        17.4668  1-4 EEL =      -515.4426  VDWAALS    =      2033.5214
 EELEC  =    -16044.1818  EHBOND  =         0.0000  RESTRAINT  =         0.0000
 EKCMT  =         0.0000  VIRIAL  =         0.0000  VOLUME     =     45819.4569
                                                    Density    =         0.9823
 DV/DL  =      -190.5307
 ------------------------------------------------------------------------------

  Softcore part of the system:       2 atoms,       TEMP(K)    =         122.46
 SC_Etot=         3.0662  SC_EKtot=         0.7300  SC_EPtot   =         2.3361
 SC_BOND=         0.8305  SC_ANGLE=         1.1693  SC_DIHED   =         0.3363
 SC_14NB=         0.0000  SC_14EEL=         0.0000  SC_VDW     =         0.0000
 SC_EEL =         0.0000
 SC_RES_DIST=     0.0000  SC_RES_ANG=       0.0000  SC_RES_TORS=         0.0000
 SC_EEL_DER=      0.0000  SC_VDW_DER=      -0.4617  SC_DERIV   =        -0.4617
 ------------------------------------------------------------------------------


| TI region  2


 NSTEP =       50   TIME(PS) =     332.100  TEMP(K) =   298.58  PRESS =     0.0
 Etot   =    -11745.6508  EKtot   =      2675.9360  EPtot      =    -14421.5868
 BOND   =        11.5292  ANGLE   =        37.2502  DIHED      =        38.2699
 1-4 NB =        17.4668  1-4 EEL =      -515.4426  VDWAALS    =      2033.5214
 EELEC  =    -16044.1818  EHBOND  =         0.0000  RESTRAINT  =         0.0000
 EKCMT  =         0.0000  VIRIAL  =         0.0000  VOLUME     =     45819.4569
                                                    Density    =         0.9822
 DV/DL  =      -190.5307
 ------------------------------------------------------------------------------


MBAR Energy analysis:
Energy at 0.0000 =    -14269.345010
Energy at 0.0000 =    -14269.345010
Energy at 0.2000 =    -14308.076369
Energy at 0.2000 =    -14308.076369
Energy at 0.5000 =    -14365.698348
Energy at 0.5000 =    -14365.698348
Energy at 0.6000 =    -14384.846367
Energy at 0.6000 =    -14384.846367
Energy at 1.0000 =    -14461.314873
Energy at 1.0000 =    -14461.314873
 ------------------------------------------------------------------------------


| TI region  1


 NSTEP =      100   TIME(PS) =     332.200  TEMP(K) =   302.78  PRESS =     0.0
 Etot   =    -11669.4290  EKtot   =      2715.4174  EPtot      =    -14384.8464
 BOND   =        13.8786  ANGLE   =        34.9532  DIHED      =        39.5642
 1-4 NB =        16.9475  1-4 EEL =      -516.9352  VDWAALS    =      2016.2629
 EELEC  =    -15989.5176  EHBOND  =         0.0000  RESTRAINT  =         0.0000
 EKCMT  =         0.0000  VIRIAL  =         0.0000  VOLUME     =     45819.4569
                                                    Density    =         0.9823
 DV/DL  =      -191.3900
 ------------------------------------------------------------------------------

  Softcore part of the system:       2 atoms,       TEMP(K)    =         320.15
 SC_Etot=         3.0866  SC_EKtot=         1.9086  SC_EPtot   =         1.1780
 SC_BOND=         0.1473  SC_ANGLE=         1.0270  SC_DIHED   =         0.0036
 SC_14NB=         0.0000  SC_14EEL=         0.0000  SC_VDW     =         0.0000
 SC_EEL =         0.0000
 SC_RES_DIST=     0.0000  SC_RES_ANG=       0.0000  SC_RES_TORS=         0.0000
 SC_EEL_DER=      0.0000  SC_VDW_DER=      -0.2187  SC_DERIV   =        -0.2187
 ------------------------------------------------------------------------------


| TI region  2


 NSTEP =      100   TIME(PS) =     332.200  TEMP(K) =   302.77  PRESS =     0.0
 Etot   =    -11671.3376  EKtot   =      2713.5088  EPtot      =    -14384.8464
 BOND   =        13.8786  ANGLE   =        34.9532  DIHED      =        39.5642
 1-4 NB =        16.9475  1-4 EEL =      -516.9352  VDWAALS    =      2016.2629
 EELEC  =    -15989.5176  EHBOND  =         0.0000  RESTRAINT  =         0.0000
 EKCMT  =         0.0000  VIRIAL  =         0.0000  VOLUME     =     45819.4569
                                                    Density    =         0.9822
 DV/DL  =      -191.3900
 ------------------------------------------------------------------------------


MBAR Energy analysis:
Energy at 0.0000 =    -14238.141839
Energy at 0.0000 =    -14238.141839
Energy at 0.2000 =    -14276.404534
Energy at 0.2000 =    -14276.404534
Energy at 0.5000 =    -14332.971425
Energy at 0.5000 =    -14332.971425
Energy at 0.6000 =    -14351.738171
Energy at 0.6000 =    -14351.738171
Energy at 1.0000 =    -14426.637781
Energy at 1.0000 =    -14426.637781
 ------------------------------------------------------------------------------


| TI region  1


 NSTEP =      150   TIME(PS) =     332.300  TEMP(K) =   301.33  PRESS =     0.0
 Etot   =    -11649.3805  EKtot   =      2702.3577  EPtot      =    -14351.7382
 BOND   =        20.0977  ANGLE   =        28.9510  DIHED      =        41.5942
 1-4 NB =        19.2046  1-4 EEL =      -518.2443  VDWAALS    =      2097.4080
 EELEC  =    -16040.7495  EHBOND  =         0.0000  RESTRAINT  =         0.0000
 EKCMT  =         0.0000  VIRIAL  =         0.0000  VOLUME     =     45819.4569
                                                    Density    =         0.9823
 DV/DL  =      -187.5417
 ------------------------------------------------------------------------------

  Softcore part of the system:       2 atoms,       TEMP(K)    =          84.17
 SC_Etot=         1.6997  SC_EKtot=         0.5018  SC_EPtot   =         1.1979
 SC_BOND=         0.8005  SC_ANGLE=         0.3835  SC_DIHED   =         0.0139
 SC_14NB=         0.0000  SC_14EEL=         0.0000  SC_VDW     =         0.0000
 SC_EEL =         0.0000
 SC_RES_DIST=     0.0000  SC_RES_ANG=       0.0000  SC_RES_TORS=         0.0000
 SC_EEL_DER=      0.0000  SC_VDW_DER=      -0.2927  SC_DERIV   =        -0.2927
 ------------------------------------------------------------------------------


| TI region  2


 NSTEP =      150   TIME(PS) =     332.300  TEMP(K) =   301.47  PRESS =     0.0
 Etot   =    -11649.8822  EKtot   =      2701.8559  EPtot      =    -14351.7382
 BOND   =        20.0977  ANGLE   =        28.9510  DIHED      =        41.5942
 1-4 NB =        19.2046  1-4 EEL =      -518.2443  VDWAALS    =      2097.4080
 EELEC  =    -16040.7495  EHBOND  =         0.0000  RESTRAINT  =         0.0000
 EKCMT  =         0.0000  VIRIAL  =         0.0000  VOLUME     =     45819.4569
                                                    Density    =         0.9822
 DV/DL  =      -187.5417
 ------------------------------------------------------------------------------


MBAR Energy analysis:
Energy at 0.0000 =    -14316.438456
Energy at 0.0000 =    -14316.438456
Energy at 0.2000 =    -14355.756660
Energy at 0.2000 =    -14355.756660
Energy at 0.5000 =    -14410.787784
Energy at 0.5000 =    -14410.787784
Energy at 0.6000 =    -14428.830985
Energy at 0.6000 =    -14428.830985
Energy at 1.0000 =    -14500.563530
Energy at 1.0000 =    -14500.563530
 ------------------------------------------------------------------------------


| TI region  1


 NSTEP =      200   TIME(PS) =     332.400  TEMP(K) =   306.74  PRESS =     0.0
 Etot   =    -11677.8868  EKtot   =      2750.9442  EPtot      =    -14428.8310
 BOND   =        17.2234  ANGLE   =        26.6161  DIHED      =        39.1405
 1-4 NB =        17.3150  1-4 EEL =      -510.7295  VDWAALS    =      2054.0303
 EELEC  =    -16072.4267  EHBOND  =         0.0000  RESTRAINT  =         0.0000
 EKCMT  =         0.0000  VIRIAL  =         0.0000  VOLUME     =     45819.4569
                                                    Density    =         0.9823
 DV/DL  =      -180.0768
 ------------------------------------------------------------------------------

  Softcore part of the system:       2 atoms,       TEMP(K)    =         155.32
 SC_Etot=         1.7096  SC_EKtot=         0.9259  SC_EPtot   =         0.7836
 SC_BOND=         0.2498  SC_ANGLE=         0.4598  SC_DIHED   =         0.0741
 SC_14NB=         0.0000  SC_14EEL=         0.0000  SC_VDW     =         0.0000
 SC_EEL =         0.0000
 SC_RES_DIST=     0.0000  SC_RES_ANG=       0.0000  SC_RES_TORS=         0.0000
 SC_EEL_DER=      0.0000  SC_VDW_DER=      -0.7454  SC_DERIV   =        -0.7454
 ------------------------------------------------------------------------------


| TI region  2


 NSTEP =      200   TIME(PS) =     332.400  TEMP(K) =   306.85  PRESS =     0.0
 Etot   =    -11678.8127  EKtot   =      2750.0183  EPtot      =    -14428.8310
 BOND   =        17.2234  ANGLE   =        26.6161  DIHED      =        39.1405
 1-4 NB =        17.3150  1-4 EEL =      -510.7295  VDWAALS    =      2054.0303
 EELEC  =    -16072.4267  EHBOND  =         0.0000  RESTRAINT  =         0.0000
 EKCMT  =         0.0000  VIRIAL  =         0.0000  VOLUME     =     45819.4569
                                                    Density    =         0.9822
 DV/DL  =      -180.0768
 ------------------------------------------------------------------------------


MBAR Energy analysis:
Energy at 0.0000 =    -14249.867587
Energy at 0.0000 =    -14249.867587
Energy at 0.2000 =    -14294.537877
Energy at 0.2000 =    -14294.537877
Energy at 0.5000 =    -14352.581698
Energy at 0.5000 =    -14352.581698
Energy at 0.6000 =    -14371.511449
Energy at 0.6000 =    -14371.511449
Energy at 1.0000 =    -14446.772128
Energy at 1.0000 =    -14446.772128
 ------------------------------------------------------------------------------


| TI region  1


 NSTEP =      250   TIME(PS) =     332.500  TEMP(K) =   302.97  PRESS =     0.0
 Etot   =    -11654.4110  EKtot   =      2717.1005  EPtot      =    -14371.5114
 BOND   =        12.8587  ANGLE   =        31.4318  DIHED      =        38.0964
 1-4 NB =        17.0237  1-4 EEL =      -511.4001  VDWAALS    =      2028.5540
 EELEC  =    -15988.0759  EHBOND  =         0.0000  RESTRAINT  =         0.0000
 EKCMT  =         0.0000  VIRIAL  =         0.0000  VOLUME     =     45819.4569
                                                    Density    =         0.9823
 DV/DL  =      -188.9001
 ------------------------------------------------------------------------------

  Softcore part of the system:       2 atoms,       TEMP(K)    =         197.42
 SC_Etot=         1.9188  SC_EKtot=         1.1769  SC_EPtot   =         0.7419
 SC_BOND=         0.2303  SC_ANGLE=         0.5001  SC_DIHED   =         0.0115
 SC_14NB=         0.0000  SC_14EEL=         0.0000  SC_VDW     =         0.0000
 SC_EEL =         0.0000
 SC_RES_DIST=     0.0000  SC_RES_ANG=       0.0000  SC_RES_TORS=         0.0000
 SC_EEL_DER=      0.0000  SC_VDW_DER=      -0.7484  SC_DERIV   =        -0.7484
 ------------------------------------------------------------------------------


| TI region  2


 NSTEP =      250   TIME(PS) =     332.500  TEMP(K) =   303.04  PRESS =     0.0
 Etot   =    -11655.5879  EKtot   =      2715.9236  EPtot      =    -14371.5114
 BOND   =        12.8587  ANGLE   =        31.4318  DIHED      =        38.0964
 1-4 NB =        17.0237  1-4 EEL =      -511.4001  VDWAALS    =      2028.5540
 EELEC  =    -15988.0759  EHBOND  =         0.0000  RESTRAINT  =         0.0000
 EKCMT  =         0.0000  VIRIAL  =         0.0000  VOLUME     =     45819.4569
                                                    Density    =         0.9822
 DV/DL  =      -188.9001
 ------------------------------------------------------------------------------


MBAR Energy analysis:
Energy at 0.0000 =    -14313.402894
Energy at 0.0000 =    -14313.402894
Energy at 0.2000 =    -14351.976881
Energy at 0.2000 =    -14351.976881
Energy at 0.5000 =    -14408.137349
Energy at 0.5000 =    -14408.137349
Energy at 0.6000 =    -14426.704051
Energy at 0.6000 =    -14426.704051
Energy at 1.0000 =    -14500.718431
Energy at 1.0000 =    -14500.718431
 ------------------------------------------------------------------------------


| TI region  1


 NSTEP =      300   TIME(PS) =     332.600  TEMP(K) =   301.72  PRESS =     0.0
 Etot   =    -11720.8555  EKtot   =      2705.8486  EPtot      =    -14426.7041
 BOND   =        13.4732  ANGLE   =        32.9212  DIHED      =        40.7530
 1-4 NB =        17.7512  1-4 EEL =      -509.5351  VDWAALS    =      2059.1556
 EELEC  =    -16081.2231  EHBOND  =         0.0000  RESTRAINT  =         0.0000
 EKCMT  =         0.0000  VIRIAL  =         0.0000  VOLUME     =     45819.4569
                                                    Density    =         0.9823
 DV/DL  =      -185.4695
 ------------------------------------------------------------------------------

  Softcore part of the system:       2 atoms,       TEMP(K)    =         230.17
 SC_Etot=         2.0725  SC_EKtot=         1.3722  SC_EPtot   =         0.7004
 SC_BOND=         0.0060  SC_ANGLE=         0.6252  SC_DIHED   =         0.0692
 SC_14NB=         0.0000  SC_14EEL=         0.0000  SC_VDW     =         0.0000
 SC_EEL =         0.0000
 SC_RES_DIST=     0.0000  SC_RES_ANG=       0.0000  SC_RES_TORS=         0.0000
 SC_EEL_DER=      0.0000  SC_VDW_DER=      -0.4336  SC_DERIV   =        -0.4336
 ------------------------------------------------------------------------------


| TI region  2


 NSTEP =      300   TIME(PS) =     332.600  TEMP(K) =   301.76  PRESS =     0.0
 Etot   =    -11722.2276  EKtot   =      2704.4764  EPtot      =    -14426.7041
 BOND   =        13.4732  ANGLE   =        32.9212  DIHED      =        40.7530
 1-4 NB =        17.7512  1-4 EEL =      -509.5351  VDWAALS    =      2059.1556
 EELEC  =    -16081.2231  EHBOND  =         0.0000  RESTRAINT  =         0.0000
 EKCMT  =         0.0000  VIRIAL  =         0.0000  VOLUME     =     45819.4569
                                                    Density    =         0.9822
 DV/DL  =      -185.4695
 ------------------------------------------------------------------------------


MBAR Energy analysis:
Energy at 0.0000 =    -14310.920581
Energy at 0.0000 =    -14310.920581
Energy at 0.2000 =    -14378.668317
Energy at 0.2000 =    -14378.668317
Energy at 0.5000 =    -14437.837974
Energy at 0.5000 =    -14437.837974
Energy at 0.6000 =    -14456.568885
Energy at 0.6000 =    -14456.568885
Energy at 1.0000 =    -14530.649539
Energy at 1.0000 =    -14530.649539
 ------------------------------------------------------------------------------


| TI region  1


 NSTEP =      350   TIME(PS) =     332.700  TEMP(K) =   309.20  PRESS =     0.0
 Etot   =    -11683.6184  EKtot   =      2772.9505  EPtot      =    -14456.5689
 BOND   =        16.6123  ANGLE   =        25.1322  DIHED      =        42.6142
 1-4 NB =        15.2061  1-4 EEL =      -502.4265  VDWAALS    =      2044.6224
 EELEC  =    -16098.3296  EHBOND  =         0.0000  RESTRAINT  =         0.0000
 EKCMT  =         0.0000  VIRIAL  =         0.0000  VOLUME     =     45819.4569
                                                    Density    =         0.9823
 DV/DL  =      -186.5443
 ------------------------------------------------------------------------------

  Softcore part of the system:       2 atoms,       TEMP(K)    =         114.09
 SC_Etot=         2.1799  SC_EKtot=         0.6802  SC_EPtot   =         1.4997
 SC_BOND=         0.0252  SC_ANGLE=         1.2650  SC_DIHED   =         0.2095
 SC_14NB=         0.0000  SC_14EEL=         0.0000  SC_VDW     =         0.0000
 SC_EEL =         0.0000
 SC_RES_DIST=     0.0000  SC_RES_ANG=       0.0000  SC_RES_TORS=         0.0000
 SC_EEL_DER=      0.0000  SC_VDW_DER=      -1.3426  SC_DERIV   =        -1.3426
 ------------------------------------------------------------------------------


| TI region  2


 NSTEP =      350   TIME(PS) =     332.700  TEMP(K) =   309.33  PRESS =     0.0
 Etot   =    -11684.2986  EKtot   =      2772.2703  EPtot      =    -14456.5689
 BOND   =        16.6123  ANGLE   =        25.1322  DIHED      =        42.6142
 1-4 NB =        15.2061  1-4 EEL =      -502.4265  VDWAALS    =      2044.6224
 EELEC  =    -16098.3296  EHBOND  =         0.0000  RESTRAINT  =         0.0000
 EKCMT  =         0.0000  VIRIAL  =         0.0000  VOLUME     =     45819.4569
                                                    Density    =         0.9822
 DV/DL  =      -186.5443
 ------------------------------------------------------------------------------


MBAR Energy analysis:
Energy at 0.0000 =    -14326.503832
Energy at 0.0000 =    -14326.503832
Energy at 0.2000 =    -14365.314792
Energy at 0.2000 =    -14365.314792
Energy at 0.5000 =    -14422.978567
Energy at 0.5000 =    -14422.978567
Energy at 0.6000 =    -14442.130384
Energy at 0.6000 =    -14442.130384
Energy at 1.0000 =    -14518.591933
Energy at 1.0000 =    -14518.591933
 ------------------------------------------------------------------------------


| TI region  1


 NSTEP =      400   TIME(PS) =     332.800  TEMP(K) =   300.47  PRESS =     0.0
 Etot   =    -11747.4215  EKtot   =      2694.7089  EPtot      =    -14442.1304
 BOND   =        18.5175  ANGLE   =        31.9895  DIHED      =        43.6616
 1-4 NB =        13.0220  1-4 EEL =      -506.1298  VDWAALS    =      2122.5489
 EELEC  =    -16165.7400  EHBOND  =         0.0000  RESTRAINT  =         0.0000
 EKCMT  =         0.0000  VIRIAL  =         0.0000  VOLUME     =     45819.4569
                                                    Density    =         0.9823
 DV/DL  =      -191.4120
 ------------------------------------------------------------------------------

  Softcore part of the system:       2 atoms,       TEMP(K)    =         172.45
 SC_Etot=         1.6725  SC_EKtot=         1.0281  SC_EPtot   =         0.6444
 SC_BOND=         0.1231  SC_ANGLE=         0.4058  SC_DIHED   =         0.1155
 SC_14NB=         0.0000  SC_14EEL=         0.0000  SC_VDW     =         0.0000
 SC_EEL =         0.0000
 SC_RES_DIST=     0.0000  SC_RES_ANG=       0.0000  SC_RES_TORS=         0.0000
 SC_EEL_DER=      0.0000  SC_VDW_DER=      -0.2582  SC_DERIV   =        -0.2582
 ------------------------------------------------------------------------------


| TI region  2


 NSTEP =      400   TIME(PS) =     332.800  TEMP(K) =   300.56  PRESS =     0.0
 Etot   =    -11748.4496  EKtot   =      2693.6808  EPtot      =    -14442.1304
 BOND   =        18.5175  ANGLE   =        31.9895  DIHED      =        43.6616
 1-4 NB =        13.0220  1-4 EEL =      -506.1298  VDWAALS    =      2122.5489
 EELEC  =    -16165.7400  EHBOND  =         0.0000  RESTRAINT  =         0.0000
 EKCMT  =         0.0000  VIRIAL  =         0.0000  VOLUME     =     45819.4569
                                                    Density    =         0.9822
 DV/DL  =      -191.4120
 ------------------------------------------------------------------------------


MBAR Energy analysis:
Energy at 0.0000 =    -14348.718470
Energy at 0.0000 =    -14348.718470
Energy at 0.2000 =    -14391.508253
Energy at 0.2000 =    -14391.508253
Energy at 0.5000 =    -14448.151738
Energy at 0.5000 =    -14448.151738
Energy at 0.6000 =    -14466.603965
Energy at 0.6000 =    -14466.603965
Energy at 1.0000 =    -14539.860785
Energy at 1.0000 =    -14539.860785
 ------------------------------------------------------------------------------


| TI region  1


 NSTEP =      450   TIME(PS) =     332.900  TEMP(K) =   294.04  PRESS =     0.0
 Etot   =    -11829.6164  EKtot   =      2636.9876  EPtot      =    -14466.6040
 BOND   =        20.8094  ANGLE   =        26.0250  DIHED      =        40.8837
 1-4 NB =        17.6090  1-4 EEL =      -508.5149  VDWAALS    =      2165.0941
 EELEC  =    -16228.5102  EHBOND  =         0.0000  RESTRAINT  =         0.0000
 EKCMT  =         0.0000  VIRIAL  =         0.0000  VOLUME     =     45819.4569
                                                    Density    =         0.9823
 DV/DL  =      -184.0652
 ------------------------------------------------------------------------------

  Softcore part of the system:       2 atoms,       TEMP(K)    =         516.22
 SC_Etot=         3.3782  SC_EKtot=         3.0775  SC_EPtot   =         0.3008
 SC_BOND=         0.0384  SC_ANGLE=         0.2620  SC_DIHED   =         0.0004
 SC_14NB=         0.0000  SC_14EEL=         0.0000  SC_VDW     =         0.0000
 SC_EEL =         0.0000
 SC_RES_DIST=     0.0000  SC_RES_ANG=       0.0000  SC_RES_TORS=         0.0000
 SC_EEL_DER=      0.0000  SC_VDW_DER=      -0.9232  SC_DERIV   =        -0.9232
 ------------------------------------------------------------------------------


| TI region  2


 NSTEP =      450   TIME(PS) =     332.900  TEMP(K) =   293.89  PRESS =     0.0
 Etot   =    -11832.6938  EKtot   =      2633.9101  EPtot      =    -14466.6040
 BOND   =        20.8094  ANGLE   =        26.0250  DIHED      =        40.8837
 1-4 NB =        17.6090  1-4 EEL =      -508.5149  VDWAALS    =      2165.0941
 EELEC  =    -16228.5102  EHBOND  =         0.0000  RESTRAINT  =         0.0000
 EKCMT  =         0.0000  VIRIAL  =         0.0000  VOLUME     =     45819.4569
                                                    Density    =         0.9822
 DV/DL  =      -184.0652
 ------------------------------------------------------------------------------


MBAR Energy analysis:
Energy at 0.0000 =    -14379.813475
Energy at 0.0000 =    -14379.813475
Energy at 0.2000 =    -14422.883659
Energy at 0.2000 =    -14422.883659
Energy at 0.5000 =    -14479.444108
Energy at 0.5000 =    -14479.444108
Energy at 0.6000 =    -14497.765340
Energy at 0.6000 =    -14497.765340
Energy at 1.0000 =    -14570.312959
Energy at 1.0000 =    -14570.312959
 ------------------------------------------------------------------------------


| TI region  1


 NSTEP =      500   TIME(PS) =     333.000  TEMP(K) =   302.13  PRESS =     0.0
 Etot   =    -11788.1738  EKtot   =      2709.5915  EPtot      =    -14497.7653
 BOND   =        12.0312  ANGLE   =        33.7916  DIHED      =        44.8876
 1-4 NB =        16.1027  1-4 EEL =      -512.1810  VDWAALS    =      2100.4828
 EELEC  =    -16192.8802  EHBOND  =         0.0000  RESTRAINT  =         0.0000
 EKCMT  =         0.0000  VIRIAL  =         0.0000  VOLUME     =     45819.4569
                                                    Density    =         0.9823
 DV/DL  =      -182.6114
 ------------------------------------------------------------------------------

  Softcore part of the system:       2 atoms,       TEMP(K)    =         208.69
 SC_Etot=         3.8103  SC_EKtot=         1.2441  SC_EPtot   =         2.5662
 SC_BOND=         0.8151  SC_ANGLE=         1.7503  SC_DIHED   =         0.0009
 SC_14NB=         0.0000  SC_14EEL=         0.0000  SC_VDW     =         0.0000
 SC_EEL =         0.0000
 SC_RES_DIST=     0.0000  SC_RES_ANG=       0.0000  SC_RES_TORS=         0.0000
 SC_EEL_DER=      0.0000  SC_VDW_DER=      -1.2423  SC_DERIV   =        -1.2423
 ------------------------------------------------------------------------------


| TI region  2


 NSTEP =      500   TIME(PS) =     333.000  TEMP(K) =   302.20  PRESS =     0.0
 Etot   =    -11789.4180  EKtot   =      2708.3474  EPtot      =    -14497.7653
 BOND   =        12.0312  ANGLE   =        33.7916  DIHED      =        44.8876
 1-4 NB =        16.1027  1-4 EEL =      -512.1810  VDWAALS    =      2100.4828
 EELEC  =    -16192.8802  EHBOND  =         0.0000  RESTRAINT  =         0.0000
 EKCMT  =         0.0000  VIRIAL  =         0.0000  VOLUME     =     45819.4569
                                                    Density    =         0.9822
 DV/DL  =      -182.6114
 ------------------------------------------------------------------------------


MBAR Energy analysis:
Energy at 0.0000 =    -14329.460317
Energy at 0.0000 =    -14329.460317
Energy at 0.2000 =    -14383.013817
Energy at 0.2000 =    -14383.013817
Energy at 0.5000 =    -14443.352957
Energy at 0.5000 =    -14443.352957
Energy at 0.6000 =    -14462.787362
Energy at 0.6000 =    -14462.787362
Energy at 1.0000 =    -14539.864158
Energy at 1.0000 =    -14539.864158
 ------------------------------------------------------------------------------


| TI region  1


 NSTEP =      550   TIME(PS) =     333.100  TEMP(K) =   300.88  PRESS =     0.0
 Etot   =    -11764.4812  EKtot   =      2698.3061  EPtot      =    -14462.7874
 BOND   =        19.5270  ANGLE   =        28.1856  DIHED      =        42.9358
 1-4 NB =        15.8862  1-4 EEL =      -513.3768  VDWAALS    =      2190.4511
 EELEC  =    -16246.3962  EHBOND  =         0.0000  RESTRAINT  =         0.0000
 EKCMT  =         0.0000  VIRIAL  =         0.0000  VOLUME     =     45819.4569
                                                    Density    =         0.9823
 DV/DL  =      -193.7597
 ------------------------------------------------------------------------------

  Softcore part of the system:       2 atoms,       TEMP(K)    =         110.86
 SC_Etot=         2.2814  SC_EKtot=         0.6609  SC_EPtot   =         1.6205
 SC_BOND=         0.2396  SC_ANGLE=         0.6191  SC_DIHED   =         0.7618
 SC_14NB=         0.0000  SC_14EEL=         0.0000  SC_VDW     =         0.0000
 SC_EEL =         0.0000
 SC_RES_DIST=     0.0000  SC_RES_ANG=       0.0000  SC_RES_TORS=         0.0000
 SC_EEL_DER=      0.0000  SC_VDW_DER=      -1.0677  SC_DERIV   =        -1.0677
 ------------------------------------------------------------------------------


| TI region  2


 NSTEP =      550   TIME(PS) =     333.100  TEMP(K) =   301.00  PRESS =     0.0
 Etot   =    -11765.1421  EKtot   =      2697.6452  EPtot      =    -14462.7874
 BOND   =        19.5270  ANGLE   =        28.1856  DIHED      =        42.9358
 1-4 NB =        15.8862  1-4 EEL =      -513.3768  VDWAALS    =      2190.4511
 EELEC  =    -16246.3962  EHBOND  =         0.0000  RESTRAINT  =         0.0000
 EKCMT  =         0.0000  VIRIAL  =         0.0000  VOLUME     =     45819.4569
                                                    Density    =         0.9822
 DV/DL  =      -193.7597
 ------------------------------------------------------------------------------


MBAR Energy analysis:
Energy at 0.0000 =    -14308.699571
Energy at 0.0000 =    -14308.699571
Energy at 0.2000 =    -14353.572441
Energy at 0.2000 =    -14353.572441
Energy at 0.5000 =    -14411.851885
Energy at 0.5000 =    -14411.851885
Energy at 0.6000 =    -14430.818340
Energy at 0.6000 =    -14430.818340
Energy at 1.0000 =    -14506.122004
Energy at 1.0000 =    -14506.122004
 ------------------------------------------------------------------------------


| TI region  1


 NSTEP =      600   TIME(PS) =     333.200  TEMP(K) =   296.94  PRESS =     0.0
 Etot   =    -11767.7973  EKtot   =      2663.0211  EPtot      =    -14430.8183
 BOND   =        13.6225  ANGLE   =        30.1256  DIHED      =        42.7919
 1-4 NB =        15.0191  1-4 EEL =      -513.6033  VDWAALS    =      2080.0309
 EELEC  =    -16098.8049  EHBOND  =         0.0000  RESTRAINT  =         0.0000
 EKCMT  =         0.0000  VIRIAL  =         0.0000  VOLUME     =     45835.1453
                                                    Density    =         0.9820
 DV/DL  =      -189.1943
 ------------------------------------------------------------------------------

  Softcore part of the system:       2 atoms,       TEMP(K)    =          84.93
 SC_Etot=         1.3032  SC_EKtot=         0.5063  SC_EPtot   =         0.7968
 SC_BOND=         0.4316  SC_ANGLE=         0.3547  SC_DIHED   =         0.0104
 SC_14NB=         0.0000  SC_14EEL=         0.0000  SC_VDW     =         0.0000
 SC_EEL =         0.0000
 SC_RES_DIST=     0.0000  SC_RES_ANG=       0.0000  SC_RES_TORS=         0.0000
 SC_EEL_DER=      0.0000  SC_VDW_DER=      -0.9351  SC_DERIV   =        -0.9351
 ------------------------------------------------------------------------------


| TI region  2


 NSTEP =      600   TIME(PS) =     333.200  TEMP(K) =   297.08  PRESS =     0.0
 Etot   =    -11768.3036  EKtot   =      2662.5147  EPtot      =    -14430.8183
 BOND   =        13.6225  ANGLE   =        30.1256  DIHED      =        42.7919
 1-4 NB =        15.0191  1-4 EEL =      -513.6033  VDWAALS    =      2080.0309
 EELEC  =    -16098.8049  EHBOND  =         0.0000  RESTRAINT  =         0.0000
 EKCMT  =         0.0000  VIRIAL  =         0.0000  VOLUME     =     45835.1453
                                                    Density    =         0.9819
 DV/DL  =      -189.1943
 ------------------------------------------------------------------------------


MBAR Energy analysis:
Energy at 0.0000 =    -14266.173205
Energy at 0.0000 =    -14266.173205
Energy at 0.2000 =    -14323.277668
Energy at 0.2000 =    -14323.277668
Energy at 0.5000 =    -14385.800327
Energy at 0.5000 =    -14385.800327
Energy at 0.6000 =    -14405.882181
Energy at 0.6000 =    -14405.882181
Energy at 1.0000 =    -14485.458665
Energy at 1.0000 =    -14485.458665
 ------------------------------------------------------------------------------


| TI region  1


 NSTEP =      650   TIME(PS) =     333.300  TEMP(K) =   294.65  PRESS =     0.0
 Etot   =    -11763.3895  EKtot   =      2642.4927  EPtot      =    -14405.8822
 BOND   =        14.3208  ANGLE   =        34.9242  DIHED      =        39.9339
 1-4 NB =        19.6493  1-4 EEL =      -516.2109  VDWAALS    =      1991.1440
 EELEC  =    -15989.6434  EHBOND  =         0.0000  RESTRAINT  =         0.0000
 EKCMT  =         0.0000  VIRIAL  =         0.0000  VOLUME     =     45835.1453
                                                    Density    =         0.9820
 DV/DL  =      -200.1599
 ------------------------------------------------------------------------------

  Softcore part of the system:       2 atoms,       TEMP(K)    =         134.19
 SC_Etot=         3.0733  SC_EKtot=         0.8000  SC_EPtot   =         2.2733
 SC_BOND=         0.6719  SC_ANGLE=         1.2446  SC_DIHED   =         0.3568
 SC_14NB=         0.0000  SC_14EEL=         0.0000  SC_VDW     =         0.0000
 SC_EEL =         0.0000
 SC_RES_DIST=     0.0000  SC_RES_ANG=       0.0000  SC_RES_TORS=         0.0000
 SC_EEL_DER=      0.0000  SC_VDW_DER=      -1.2187  SC_DERIV   =        -1.2187
 ------------------------------------------------------------------------------


| TI region  2


 NSTEP =      650   TIME(PS) =     333.300  TEMP(K) =   294.76  PRESS =     0.0
 Etot   =    -11764.1894  EKtot   =      2641.6927  EPtot      =    -14405.8822
 BOND   =        14.3208  ANGLE   =        34.9242  DIHED      =        39.9339
 1-4 NB =        19.6493  1-4 EEL =      -516.2109  VDWAALS    =      1991.1440
 EELEC  =    -15989.6434  EHBOND  =         0.0000  RESTRAINT  =         0.0000
 EKCMT  =         0.0000  VIRIAL  =         0.0000  VOLUME     =     45835.1453
                                                    Density    =         0.9819
 DV/DL  =      -200.1599
 ------------------------------------------------------------------------------


MBAR Energy analysis:
Energy at 0.0000 =    -14379.993273
Energy at 0.0000 =    -14379.993273
Energy at 0.2000 =    -14442.571461
Energy at 0.2000 =    -14442.571461
Energy at 0.5000 =    -14506.159834
Energy at 0.5000 =    -14506.159834
Energy at 0.6000 =    -14526.422535
Energy at 0.6000 =    -14526.422535
Energy at 1.0000 =    -14606.572179
Energy at 1.0000 =    -14606.572179
 ------------------------------------------------------------------------------


| TI region  1


 NSTEP =      700   TIME(PS) =     333.400  TEMP(K) =   303.72  PRESS =     0.0
 Etot   =    -11802.6463  EKtot   =      2723.7762  EPtot      =    -14526.4225
 BOND   =        13.9421  ANGLE   =        38.9854  DIHED      =        38.9804
 1-4 NB =        16.0106  1-4 EEL =      -514.3496  VDWAALS    =      2111.6482
 EELEC  =    -16231.6396  EHBOND  =         0.0000  RESTRAINT  =         0.0000
 EKCMT  =         0.0000  VIRIAL  =         0.0000  VOLUME     =     45704.0171
                                                    Density    =         0.9848
 DV/DL  =      -201.8301
 ------------------------------------------------------------------------------

  Softcore part of the system:       2 atoms,       TEMP(K)    =         165.02
 SC_Etot=         2.0886  SC_EKtot=         0.9838  SC_EPtot   =         1.1049
 SC_BOND=         0.2107  SC_ANGLE=         0.8761  SC_DIHED   =         0.0182
 SC_14NB=         0.0000  SC_14EEL=         0.0000  SC_VDW     =         0.0000
 SC_EEL =         0.0000
 SC_RES_DIST=     0.0000  SC_RES_ANG=       0.0000  SC_RES_TORS=         0.0000
 SC_EEL_DER=      0.0000  SC_VDW_DER=      -1.4560  SC_DERIV   =        -1.4560
 ------------------------------------------------------------------------------


| TI region  2


 NSTEP =      700   TIME(PS) =     333.400  TEMP(K) =   303.81  PRESS =     0.0
 Etot   =    -11803.6301  EKtot   =      2722.7925  EPtot      =    -14526.4225
 BOND   =        13.9421  ANGLE   =        38.9854  DIHED      =        38.9804
 1-4 NB =        16.0106  1-4 EEL =      -514.3496  VDWAALS    =      2111.6482
 EELEC  =    -16231.6396  EHBOND  =         0.0000  RESTRAINT  =         0.0000
 EKCMT  =         0.0000  VIRIAL  =         0.0000  VOLUME     =     45704.0171
                                                    Density    =         0.9847
 DV/DL  =      -201.8301
 ------------------------------------------------------------------------------


MBAR Energy analysis:
Energy at 0.0000 =    -14373.539747
Energy at 0.0000 =    -14373.539747
Energy at 0.2000 =    -14415.566596
Energy at 0.2000 =    -14415.566596
Energy at 0.5000 =    -14474.629324
Energy at 0.5000 =    -14474.629324
Energy at 0.6000 =    -14494.041201
Energy at 0.6000 =    -14494.041201
Energy at 1.0000 =    -14571.302860
Energy at 1.0000 =    -14571.302860
 ------------------------------------------------------------------------------


| TI region  1


 NSTEP =      750   TIME(PS) =     333.500  TEMP(K) =   299.88  PRESS =     0.0
 Etot   =    -11804.6535  EKtot   =      2689.3877  EPtot      =    -14494.0412
 BOND   =        12.9570  ANGLE   =        30.7248  DIHED      =        41.3451
 1-4 NB =        13.5648  1-4 EEL =      -508.5703  VDWAALS    =      2163.0240
 EELEC  =    -16247.0866  EHBOND  =         0.0000  RESTRAINT  =         0.0000
 EKCMT  =         0.0000  VIRIAL  =         0.0000  VOLUME     =     45704.0171
                                                    Density    =         0.9848
 DV/DL  =      -193.8040
 ------------------------------------------------------------------------------

  Softcore part of the system:       2 atoms,       TEMP(K)    =         528.41
 SC_Etot=         5.4162  SC_EKtot=         3.1502  SC_EPtot   =         2.2660
 SC_BOND=         0.5002  SC_ANGLE=         0.5608  SC_DIHED   =         1.2050
 SC_14NB=         0.0000  SC_14EEL=         0.0000  SC_VDW     =         0.0000
 SC_EEL =         0.0000
 SC_RES_DIST=     0.0000  SC_RES_ANG=       0.0000  SC_RES_TORS=         0.0000
 SC_EEL_DER=      0.0000  SC_VDW_DER=      -0.6499  SC_DERIV   =        -0.6499
 ------------------------------------------------------------------------------


| TI region  2


 NSTEP =      750   TIME(PS) =     333.500  TEMP(K) =   299.73  PRESS =     0.0
 Etot   =    -11807.8037  EKtot   =      2686.2375  EPtot      =    -14494.0412
 BOND   =        12.9570  ANGLE   =        30.7248  DIHED      =        41.3451
 1-4 NB =        13.5648  1-4 EEL =      -508.5703  VDWAALS    =      2163.0240
 EELEC  =    -16247.0866  EHBOND  =         0.0000  RESTRAINT  =         0.0000
 EKCMT  =         0.0000  VIRIAL  =         0.0000  VOLUME     =     45704.0171
                                                    Density    =         0.9847
 DV/DL  =      -193.8040
 ------------------------------------------------------------------------------


MBAR Energy analysis:
Energy at 0.0000 =    -14344.496384
Energy at 0.0000 =    -14344.496384
Energy at 0.2000 =    -14394.903993
Energy at 0.2000 =    -14394.903993
Energy at 0.5000 =    -14458.056602
Energy at 0.5000 =    -14458.056602
Energy at 0.6000 =    -14478.453643
Energy at 0.6000 =    -14478.453643
Energy at 1.0000 =    -14559.258226
Energy at 1.0000 =    -14559.258226
 ------------------------------------------------------------------------------


| TI region  1


 NSTEP =      800   TIME(PS) =     333.600  TEMP(K) =   303.28  PRESS =     0.0
 Etot   =    -11758.5899  EKtot   =      2719.8638  EPtot      =    -14478.4536
 BOND   =        10.2411  ANGLE   =        34.5161  DIHED      =        40.0184
 1-4 NB =        18.3247  1-4 EEL =      -511.1957  VDWAALS    =      2036.2801
 EELEC  =    -16106.6383  EHBOND  =         0.0000  RESTRAINT  =         0.0000
 EKCMT  =         0.0000  VIRIAL  =         0.0000  VOLUME     =     46091.2177
                                                    Density    =         0.9765
 DV/DL  =      -203.3076
 ------------------------------------------------------------------------------

  Softcore part of the system:       2 atoms,       TEMP(K)    =         230.65
 SC_Etot=         2.6125  SC_EKtot=         1.3751  SC_EPtot   =         1.2374
 SC_BOND=         0.7637  SC_ANGLE=         0.4729  SC_DIHED   =         0.0008
 SC_14NB=         0.0000  SC_14EEL=         0.0000  SC_VDW     =         0.0000
 SC_EEL =         0.0000
 SC_RES_DIST=     0.0000  SC_RES_ANG=       0.0000  SC_RES_TORS=         0.0000
 SC_EEL_DER=      0.0000  SC_VDW_DER=      -1.2961  SC_DERIV   =        -1.2961
 ------------------------------------------------------------------------------


| TI region  2


 NSTEP =      800   TIME(PS) =     333.600  TEMP(K) =   303.33  PRESS =     0.0
 Etot   =    -11759.9649  EKtot   =      2718.4887  EPtot      =    -14478.4536
 BOND   =        10.2411  ANGLE   =        34.5161  DIHED      =        40.0184
 1-4 NB =        18.3247  1-4 EEL =      -511.1957  VDWAALS    =      2036.2801
 EELEC  =    -16106.6383  EHBOND  =         0.0000  RESTRAINT  =         0.0000
 EKCMT  =         0.0000  VIRIAL  =         0.0000  VOLUME     =     46091.2177
                                                    Density    =         0.9764
 DV/DL  =      -203.3076
 ------------------------------------------------------------------------------


MBAR Energy analysis:
Energy at 0.0000 =    -14326.843654
Energy at 0.0000 =    -14326.843654
Energy at 0.2000 =    -14369.912524
Energy at 0.2000 =    -14369.912524
Energy at 0.5000 =    -14428.773109
Energy at 0.5000 =    -14428.773109
Energy at 0.6000 =    -14448.054699
Energy at 0.6000 =    -14448.054699
Energy at 1.0000 =    -14524.743965
Energy at 1.0000 =    -14524.743965
 ------------------------------------------------------------------------------


| TI region  1


 NSTEP =      850   TIME(PS) =     333.700  TEMP(K) =   291.00  PRESS =     0.0
 Etot   =    -11838.3119  EKtot   =      2609.7428  EPtot      =    -14448.0547
 BOND   =        13.8960  ANGLE   =        30.2091  DIHED      =        38.2902
 1-4 NB =        15.0801  1-4 EEL =      -508.9630  VDWAALS    =      2113.1356
 EELEC  =    -16149.7027  EHBOND  =         0.0000  RESTRAINT  =         0.0000
 EKCMT  =         0.0000  VIRIAL  =         0.0000  VOLUME     =     46091.2177
                                                    Density    =         0.9765
 DV/DL  =      -192.4535
 ------------------------------------------------------------------------------

  Softcore part of the system:       2 atoms,       TEMP(K)    =         280.11
 SC_Etot=         4.3331  SC_EKtot=         1.6699  SC_EPtot   =         2.6632
 SC_BOND=         0.7076  SC_ANGLE=         1.6601  SC_DIHED   =         0.2954
 SC_14NB=         0.0000  SC_14EEL=         0.0000  SC_VDW     =         0.0000
 SC_EEL =         0.0000
 SC_RES_DIST=     0.0000  SC_RES_ANG=       0.0000  SC_RES_TORS=         0.0000
 SC_EEL_DER=      0.0000  SC_VDW_DER=      -0.7303  SC_DERIV   =        -0.7303
 ------------------------------------------------------------------------------


| TI region  2


 NSTEP =      850   TIME(PS) =     333.700  TEMP(K) =   291.01  PRESS =     0.0
 Etot   =    -11839.9818  EKtot   =      2608.0729  EPtot      =    -14448.0547
 BOND   =        13.8960  ANGLE   =        30.2091  DIHED      =        38.2902
 1-4 NB =        15.0801  1-4 EEL =      -508.9630  VDWAALS    =      2113.1356
 EELEC  =    -16149.7027  EHBOND  =         0.0000  RESTRAINT  =         0.0000
 EKCMT  =         0.0000  VIRIAL  =         0.0000  VOLUME     =     46091.2177
                                                    Density    =         0.9764
 DV/DL  =      -192.4535
 ------------------------------------------------------------------------------


MBAR Energy analysis:
Energy at 0.0000 =    -14401.361713
Energy at 0.0000 =    -14401.361713
Energy at 0.2000 =    -14451.019744
Energy at 0.2000 =    -14451.019744
Energy at 0.5000 =    -14511.091278
Energy at 0.5000 =    -14511.091278
Energy at 0.6000 =    -14530.557498
Energy at 0.6000 =    -14530.557498
Energy at 1.0000 =    -14607.858073
Energy at 1.0000 =    -14607.858073
 ------------------------------------------------------------------------------


| TI region  1


 NSTEP =      900   TIME(PS) =     333.800  TEMP(K) =   300.29  PRESS =     0.0
 Etot   =    -11837.4684  EKtot   =      2693.0891  EPtot      =    -14530.5575
 BOND   =        13.3838  ANGLE   =        33.2514  DIHED      =        39.8051
 1-4 NB =        16.6649  1-4 EEL =      -514.3205  VDWAALS    =      2032.6297
 EELEC  =    -16151.9718  EHBOND  =         0.0000  RESTRAINT  =         0.0000
 EKCMT  =         0.0000  VIRIAL  =         0.0000  VOLUME     =     46091.2177
                                                    Density    =         0.9765
 DV/DL  =      -194.1654
 ------------------------------------------------------------------------------

  Softcore part of the system:       2 atoms,       TEMP(K)    =         644.46
 SC_Etot=         6.3374  SC_EKtot=         3.8420  SC_EPtot   =         2.4954
 SC_BOND=         1.2619  SC_ANGLE=         0.5831  SC_DIHED   =         0.6504
 SC_14NB=         0.0000  SC_14EEL=         0.0000  SC_VDW     =         0.0000
 SC_EEL =         0.0000
 SC_RES_DIST=     0.0000  SC_RES_ANG=       0.0000  SC_RES_TORS=         0.0000
 SC_EEL_DER=      0.0000  SC_VDW_DER=      -0.9140  SC_DERIV   =        -0.9140
 ------------------------------------------------------------------------------


| TI region  2


 NSTEP =      900   TIME(PS) =     333.800  TEMP(K) =   300.06  PRESS =     0.0
 Etot   =    -11841.3104  EKtot   =      2689.2471  EPtot      =    -14530.5575
 BOND   =        13.3838  ANGLE   =        33.2514  DIHED      =        39.8051
 1-4 NB =        16.6649  1-4 EEL =      -514.3205  VDWAALS    =      2032.6297
 EELEC  =    -16151.9718  EHBOND  =         0.0000  RESTRAINT  =         0.0000
 EKCMT  =         0.0000  VIRIAL  =         0.0000  VOLUME     =     46091.2177
                                                    Density    =         0.9764
 DV/DL  =      -194.1654
 ------------------------------------------------------------------------------


MBAR Energy analysis:
Energy at 0.0000 =    -14349.237212
Energy at 0.0000 =    -14349.237212
Energy at 0.2000 =    -14428.047656
Energy at 0.2000 =    -14428.047656
Energy at 0.5000 =    -14489.164450
Energy at 0.5000 =    -14489.164450
Energy at 0.6000 =    -14508.093414
Energy at 0.6000 =    -14508.093414
Energy at 1.0000 =    -14582.538890
Energy at 1.0000 =    -14582.538890
 ------------------------------------------------------------------------------


| TI region  1


 NSTEP =      950   TIME(PS) =     333.900  TEMP(K) =   295.32  PRESS =     0.0
 Etot   =    -11859.6084  EKtot   =      2648.4850  EPtot      =    -14508.0934
 BOND   =        10.2537  ANGLE   =        35.1365  DIHED      =        39.4856
 1-4 NB =        15.3813  1-4 EEL =      -515.4576  VDWAALS    =      2099.4914
 EELEC  =    -16192.3843  EHBOND  =         0.0000  RESTRAINT  =         0.0000
 EKCMT  =         0.0000  VIRIAL  =         0.0000  VOLUME     =     46091.2177
                                                    Density    =         0.9765
 DV/DL  =      -188.1412
 ------------------------------------------------------------------------------

  Softcore part of the system:       2 atoms,       TEMP(K)    =         361.34
 SC_Etot=         4.1059  SC_EKtot=         2.1542  SC_EPtot   =         1.9517
 SC_BOND=         1.0947  SC_ANGLE=         0.8331  SC_DIHED   =         0.0240
 SC_14NB=         0.0000  SC_14EEL=         0.0000  SC_VDW     =         0.0000
 SC_EEL =         0.0000
 SC_RES_DIST=     0.0000  SC_RES_ANG=       0.0000  SC_RES_TORS=         0.0000
 SC_EEL_DER=      0.0000  SC_VDW_DER=      -2.0275  SC_DERIV   =        -2.0275
 ------------------------------------------------------------------------------


| TI region  2


 NSTEP =      950   TIME(PS) =     333.900  TEMP(K) =   295.28  PRESS =     0.0
 Etot   =    -11861.7626  EKtot   =      2646.3308  EPtot      =    -14508.0934
 BOND   =        10.2537  ANGLE   =        35.1365  DIHED      =        39.4856
 1-4 NB =        15.3813  1-4 EEL =      -515.4576  VDWAALS    =      2099.4914
 EELEC  =    -16192.3843  EHBOND  =         0.0000  RESTRAINT  =         0.0000
 EKCMT  =         0.0000  VIRIAL  =         0.0000  VOLUME     =     46091.2177
                                                    Density    =         0.9764
 DV/DL  =      -188.1412
 ------------------------------------------------------------------------------


MBAR Energy analysis:
Energy at 0.0000 =    -14402.633042
Energy at 0.0000 =    -14402.633042
Energy at 0.2000 =    -14443.769555
Energy at 0.2000 =    -14443.769555
Energy at 0.5000 =    -14499.615863
Energy at 0.5000 =    -14499.615863
Energy at 0.6000 =    -14517.912872
Energy at 0.6000 =    -14517.912872
Energy at 1.0000 =    -14590.725925
Energy at 1.0000 =    -14590.725925
 ------------------------------------------------------------------------------


| TI region  1


 NSTEP =     1000   TIME(PS) =     334.000  TEMP(K) =   297.10  PRESS =     0.0
 Etot   =    -11853.4196  EKtot   =      2664.4933  EPtot      =    -14517.9129
 BOND   =         9.9165  ANGLE   =        29.0156  DIHED      =        41.4396
 1-4 NB =        15.7700  1-4 EEL =      -509.8834  VDWAALS    =      2234.8701
 EELEC  =    -16339.0413  EHBOND  =         0.0000  RESTRAINT  =         0.0000
 EKCMT  =         0.0000  VIRIAL  =         0.0000  VOLUME     =     45634.2082
                                                    Density    =         0.9863
 DV/DL  =      -182.6495
 ------------------------------------------------------------------------------

  Softcore part of the system:       2 atoms,       TEMP(K)    =         385.26
 SC_Etot=         7.0353  SC_EKtot=         2.2967  SC_EPtot   =         4.7386
 SC_BOND=         1.3288  SC_ANGLE=         2.8333  SC_DIHED   =         0.5765
 SC_14NB=         0.0000  SC_14EEL=         0.0000  SC_VDW     =         0.0000
 SC_EEL =         0.0000
 SC_RES_DIST=     0.0000  SC_RES_ANG=       0.0000  SC_RES_TORS=         0.0000
 SC_EEL_DER=      0.0000  SC_VDW_DER=      -0.6169  SC_DERIV   =        -0.6169
 ------------------------------------------------------------------------------


| TI region  2


 NSTEP =     1000   TIME(PS) =     334.000  TEMP(K) =   297.05  PRESS =     0.0
 Etot   =    -11855.7164  EKtot   =      2662.1965  EPtot      =    -14517.9129
 BOND   =         9.9165  ANGLE   =        29.0156  DIHED      =        41.4396
 1-4 NB =        15.7700  1-4 EEL =      -509.8834  VDWAALS    =      2234.8701
 EELEC  =    -16339.0413  EHBOND  =         0.0000  RESTRAINT  =         0.0000
 EKCMT  =         0.0000  VIRIAL  =         0.0000  VOLUME     =     45634.2082
                                                    Density    =         0.9862
 DV/DL  =      -182.6495
 ------------------------------------------------------------------------------

|===============================================================================

| TI region  1


      A V E R A G E S   O V E R    1000 S T E P S


 NSTEP =     1000   TIME(PS) =     334.000  TEMP(K) =   300.27  PRESS =     0.0
 Etot   =    -11758.7577  EKtot   =      2692.8412  EPtot      =    -14451.5989
 BOND   =        12.4336  ANGLE   =        32.7572  DIHED      =        40.8760
 1-4 NB =        16.1604  1-4 EEL =      -510.1780  VDWAALS    =      2084.2711
 EELEC  =    -16127.9192  EHBOND  =         0.0000  RESTRAINT  =         0.0000
 EKCMT  =         0.0000  VIRIAL  =         0.0000  VOLUME     =     45863.6486
                                                    Density    =         0.9814
 DV/DL  =      -189.4204
 ------------------------------------------------------------------------------

  Softcore part of the system:       2 atoms,       TEMP(K)    =         213.59
 SC_Etot=         3.2144  SC_EKtot=         1.2733  SC_EPtot   =         1.9411
 SC_BOND=         0.6970  SC_ANGLE=         1.0192  SC_DIHED   =         0.2250
 SC_14NB=         0.0000  SC_14EEL=         0.0000  SC_VDW     =         0.0000
 SC_EEL =         0.0000
 SC_RES_DIST=     0.0000  SC_RES_ANG=       0.0000  SC_RES_TORS=         0.0000
 SC_EEL_DER=      0.0000  SC_VDW_DER=      -0.8707  SC_DERIV   =        -0.8707
 ------------------------------------------------------------------------------


      R M S  F L U C T U A T I O N S


 NSTEP =     1000   TIME(PS) =     334.000  TEMP(K) =     4.35  PRESS =     0.0
 Etot   =        59.8172  EKtot   =        39.0545  EPtot      =        54.8480
 BOND   =         2.9378  ANGLE   =         4.1149  DIHED      =         2.1575
 1-4 NB =         1.4371  1-4 EEL =         4.4484  VDWAALS    =        53.3595
 EELEC  =        88.0847  EHBOND  =         0.0000  RESTRAINT  =         0.0000
 EKCMT  =         0.0000  VIRIAL  =         0.0000  VOLUME     =       119.2034
                                                    Density    =         0.0025
 DV/DL  =         6.8672
 ------------------------------------------------------------------------------

  Softcore part of the system:       2 atoms,       TEMP(K)    =         129.43
 SC_Etot=         1.4190  SC_EKtot=         0.7716  SC_EPtot   =         1.0780
 SC_BOND=         0.7665  SC_ANGLE=         0.5998  SC_DIHED   =         0.2656
 SC_14NB=         0.0000  SC_14EEL=         0.0000  SC_VDW     =         0.0000
 SC_EEL =         0.0000
 SC_RES_DIST=     0.0000  SC_RES_ANG=       0.0000  SC_RES_TORS=         0.0000
 SC_EEL_DER=      0.0000  SC_VDW_DER=       0.4440  SC_DERIV   =         0.4440
 ------------------------------------------------------------------------------


| TI region  2


      A V E R A G E S   O V E R    1000 S T E P S


 NSTEP =     1000   TIME(PS) =     334.000  TEMP(K) =   300.32  PRESS =     0.0
 Etot   =    -11760.0310  EKtot   =      2691.5679  EPtot      =    -14451.5989
 BOND   =        12.4336  ANGLE   =        32.7572  DIHED      =        40.8760
 1-4 NB =        16.1604  1-4 EEL =      -510.1780  VDWAALS    =      2084.2711
 EELEC  =    -16127.9192  EHBOND  =         0.0000  RESTRAINT  =         0.0000
 EKCMT  =         0.0000  VIRIAL  =         0.0000  VOLUME     =     45863.6486
                                                    Density    =         0.9813
 DV/DL  =      -189.4204
 ------------------------------------------------------------------------------


      R M S  F L U C T U A T I O N S


 NSTEP =     1000   TIME(PS) =     334.000  TEMP(K) =     4.38  PRESS =     0.0
 Etot   =        60.1363  EKtot   =        39.2337  EPtot      =        54.8480
 BOND   =         2.9378  ANGLE   =         4.1149  DIHED      =         2.1575
 1-4 NB =         1.4371  1-4 EEL =         4.4484  VDWAALS    =        53.3595
 EELEC  =        88.0847  EHBOND  =         0.0000  RESTRAINT  =         0.0000
 EKCMT  =         0.0000  VIRIAL  =         0.0000  VOLUME     =       119.2034
                                                    Density    =         0.0025
 DV/DL  =         6.8672
 ------------------------------------------------------------------------------


      DV/DL, AVERAGES OVER    1000 STEPS


 NSTEP =     1000   TIME(PS) =     334.000  TEMP(K) =     4.38  PRESS =     0.0
 Etot   =         0.0000  EKtot   =         0.0000  EPtot      =      -187.5183
 BOND   =         0.0000  ANGLE   =         0.0000  DIHED      =         0.0000
 1-4 NB =        -0.0387  1-4 EEL =      -205.3553  VDWAALS    =        -0.7558
 EELEC  =        17.6001  EHBOND  =         0.0000  RESTRAINT  =         0.0000
 EKCMT  =         0.0000  VIRIAL  =         0.0000  VOLUME     =         0.0000
                                                    Density    =         0.0000
 DV/DL  =      -187.5183
 ------------------------------------------------------------------------------

|===============================================================================

| TI region  1


      A V E R A G E S   O V E R    1000 S T E P S


 NSTEP =     1000   TIME(PS) =     334.000  TEMP(K) =   300.27  PRESS =     0.0
 Etot   =    -11758.7577  EKtot   =      2692.8412  EPtot      =    -14451.5989
 BOND   =        12.4336  ANGLE   =        32.7572  DIHED      =        40.8760
 1-4 NB =        16.1604  1-4 EEL =      -510.1780  VDWAALS    =      2084.2711
 EELEC  =    -16127.9192  EHBOND  =         0.0000  RESTRAINT  =         0.0000
 EKCMT  =         0.0000  VIRIAL  =         0.0000  VOLUME     =     45863.6486
                                                    Density    =         0.9814
 DV/DL  =      -189.4204
 ------------------------------------------------------------------------------

  Softcore part of the system:       2 atoms,       TEMP(K)    =         213.59
 SC_Etot=         3.2144  SC_EKtot=         1.2733  SC_EPtot   =         1.9411
 SC_BOND=         0.6970  SC_ANGLE=         1.0192  SC_DIHED   =         0.2250
 SC_14NB=         0.0000  SC_14EEL=         0.0000  SC_VDW     =         0.0000
 SC_EEL =         0.0000
 SC_RES_DIST=     0.0000  SC_RES_ANG=       0.0000  SC_RES_TORS=         0.0000
 SC_EEL_DER=      0.0000  SC_VDW_DER=      -0.8707  SC_DERIV   =        -0.8707
 ------------------------------------------------------------------------------


      R M S  F L U C T U A T I O N S


 NSTEP =     1000   TIME(PS) =     334.000  TEMP(K) =     4.35  PRESS =     0.0
 Etot   =        59.8172  EKtot   =        39.0545  EPtot      =        54.8480
 BOND   =         2.9378  ANGLE   =         4.1149  DIHED      =         2.1575
 1-4 NB =         1.4371  1-4 EEL =         4.4484  VDWAALS    =        53.3595
 EELEC  =        88.0847  EHBOND  =         0.0000  RESTRAINT  =         0.0000
 EKCMT  =         0.0000  VIRIAL  =         0.0000  VOLUME     =       119.2034
                                                    Density    =         0.0025
 DV/DL  =         6.8672
 ------------------------------------------------------------------------------

  Softcore part of the system:       2 atoms,       TEMP(K)    =         129.43
 SC_Etot=         1.4190  SC_EKtot=         0.7716  SC_EPtot   =         1.0780
 SC_BOND=         0.7665  SC_ANGLE=         0.5998  SC_DIHED   =         0.2656
 SC_14NB=         0.0000  SC_14EEL=         0.0000  SC_VDW     =         0.0000
 SC_EEL =         0.0000
 SC_RES_DIST=     0.0000  SC_RES_ANG=       0.0000  SC_RES_TORS=         0.0000
 SC_EEL_DER=      0.0000  SC_VDW_DER=       0.4440  SC_DERIV   =         0.4440
 ------------------------------------------------------------------------------


| TI region  2


      A V E R A G E S   O V E R    1000 S T E P S


 NSTEP =     1000   TIME(PS) =     334.000  TEMP(K) =   300.32  PRESS =     0.0
 Etot   =    -11760.0310  EKtot   =      2691.5679  EPtot      =    -14451.5989
 BOND   =        12.4336  ANGLE   =        32.7572  DIHED      =        40.8760
 1-4 NB =        16.1604  1-4 EEL =      -510.1780  VDWAALS    =      2084.2711
 EELEC  =    -16127.9192  EHBOND  =         0.0000  RESTRAINT  =         0.0000
 EKCMT  =         0.0000  VIRIAL  =         0.0000  VOLUME     =     45863.6486
                                                    Density    =         0.9813
 DV/DL  =      -189.4204
 ------------------------------------------------------------------------------


      R M S  F L U C T U A T I O N S


 NSTEP =     1000   TIME(PS) =     334.000  TEMP(K) =     4.38  PRESS =     0.0
 Etot   =        60.1363  EKtot   =        39.2337  EPtot      =        54.8480
 BOND   =         2.9378  ANGLE   =         4.1149  DIHED      =         2.1575
 1-4 NB =         1.4371  1-4 EEL =         4.4484  VDWAALS    =        53.3595
 EELEC  =        88.0847  EHBOND  =         0.0000  RESTRAINT  =         0.0000
 EKCMT  =         0.0000  VIRIAL  =         0.0000  VOLUME     =       119.2034
                                                    Density    =         0.0025
 DV/DL  =         6.8672
 ------------------------------------------------------------------------------


      DV/DL, AVERAGES OVER    1000 STEPS


 NSTEP =     1000   TIME(PS) =     334.000  TEMP(K) =     4.38  PRESS =     0.0
 Etot   =         0.0000  EKtot   =         0.0000  EPtot      =      -187.5183
 BOND   =         0.0000  ANGLE   =         0.0000  DIHED      =         0.0000
 1-4 NB =        -0.0387  1-4 EEL =      -205.3553  VDWAALS    =        -0.7558
 EELEC  =        17.6001  EHBOND  =         0.0000  RESTRAINT  =         0.0000
 EKCMT  =         0.0000  VIRIAL  =         0.0000  VOLUME     =         0.0000
                                                    Density    =         0.0000
 DV/DL  =      -187.5183
 ------------------------------------------------------------------------------

| MC Barostat:         10 volume changes attempted.
| MC Barostat:          4 changes successful ( 40.00%)
 ------------------------------------------------------------------------------

--------------------------------------------------------------------------------
   5.  TIMINGS
--------------------------------------------------------------------------------

|  NonSetup CPU Time in Major Routines:
|
|     Routine           Sec        %
|     ------------------------------
|     Nonbond           0.41   81.74
|     Bond              0.00    0.00
|     Angle             0.00    0.00
|     Dihedral          0.00    0.00
|     Shake             0.00    0.66
|     RunMD             0.08   16.52
|     Other             0.01    1.08
|     ------------------------------
|     Total             0.50

|  PME Nonbond Pairlist CPU Time:
|
|     Routine              Sec        %
|     ---------------------------------
|     Set Up Cit           0.00    0.00
|     Build List           0.00    0.00
|     ---------------------------------
|     Total                0.00    0.00

|  PME Direct Force CPU Time:
|
|     Routine              Sec        %
|     ---------------------------------
|     NonBonded Calc       0.00    0.00
|     Exclude Masked       0.00    0.00
|     Other                0.00    0.35
|     ---------------------------------
|     Total                0.00    0.35

|  PME Reciprocal Force CPU Time:
|
|     Routine              Sec        %
|     ---------------------------------
|     1D bspline           0.00    0.00
|     Grid Charges         0.00    0.00
|     Scalar Sum           0.00    0.00
|     Gradient Sum         0.00    0.00
|     FFT                  0.00    0.00
|     ---------------------------------
|     Total                0.00    0.00

|  Final Performance Info:
|     -----------------------------------------------------
|     Average timings for last     950 steps:
|     Elapsed(s) =       0.48 Per Step(ms) =       0.51
|         ns/day =     340.20   seconds/ns =     253.97
|
|     Average timings for all steps:
|     Elapsed(s) =       0.51 Per Step(ms) =       0.51
|         ns/day =     337.65   seconds/ns =     255.89
|     -----------------------------------------------------

|  Setup CPU time:            0.78 seconds
|  NonSetup CPU time:         0.50 seconds
|  Total CPU time:            1.28 seconds     0.00 hours

|  Setup wall time:           1    seconds
|  NonSetup wall time:        1    seconds
|  Total wall time:           2    seconds     0.00 hours
