
          -------------------------------------------------------
          Amber 20 PMEMD                              2020
          -------------------------------------------------------

| PMEMD implementation of SANDER, Release 18

|  Compiled date/time: Tue Apr 28 09:19:54 2020
| Run on 07/19/2024 at 17:15:12

|   Executable path: pmemd.cuda_SPFP
| Working directory: /nfs/zli_gpu2/bin/developed_softwares/CAR_method/example/0.0_0.6_0.6
|          Hostname: compute-0-9.local

  [-O]verwriting output

File Assignments:
|   MDIN: prod3.in                                                              
|  MDOUT: prod3.out                                                             
| INPCRD: prev_cen.rst                                                          
|   PARM: ../lM2A.prmtop                                                        
| RESTRT: prod3.rst                                                             
|   REFC: refc                                                                  
|  MDVEL: mdvel                                                                 
|   MDEN: mden                                                                  
|  MDCRD: prod3.netcdf                                                          
| MDINFO: prod3.mdinfo                                                          
|  MDFRC: mdfrc                                                                 


 Here is the input file:

NVT MD w/No position restraints and PME (sander)                               
 &cntrl                                                                        
  ntx    = 5,                                                                  
  irest  = 1,                                                                  
  ntpr   = 50,                                                                 
  ntwx   = 10000,                                                              
  ntwe   = 10000,                                                              
  ntwr   = 10000,                                                              
  ig     = -1,                                                                 
                                                                               
  ntb    = 2,                                                                  
  ntp = 1, pres0 = 1.0, taup = 2.0,gamma_ln = 2.0,                             
  cut    = 10.0,                                                               
  iwrap  = 1,                                                                  
  barostat = 2,                                                                
                                                                               
  t      = 0.0,                                                                
  dt     = 0.002,                                                              
                                                                               
  temp0  = 300.0,                                                              
  tempi  = 300.0,                                                              
  ntt    = 3,                                                                  
  tautp  = 2.0,                                                                
                                                                               
  ntf    = 1,                                                                  
  ntc    = 2,                                                                  
  iwrap=1, ioutfm=1, ntwv=-1,ntave=1000,                                       
  bar_intervall = 50,                                                          
  icfe = 1, ifsc = 1,                                                          
  timask1=':1,2',                                                              
  timask2=':3',                                                                
  scmask1=':2',                                                                
  scmask2='',                                                                  
  ifmbar = 1,                                                                  
  nstlim = 1000,                                                               
  clambda = 0.6,                                                               
  mbar_states = 10,                                                            
  mbar_lambda = 0.0, 0.0, 0.2, 0.2, 0.5, 0.5, 0.6, 0.6, 1.0, 1.0,              
&end                                                                           
 /                                                                             


Note: ig = -1. Setting random seed to   188391 based on wallclock time in 
      microseconds.
| irandom = 1, using AMBER's internal random number generator (default).
 
|--------------------- INFORMATION ----------------------
| GPU (CUDA) Version of PMEMD in use: NVIDIA GPU IN USE.
|                    Version 18.0.0
| 
|                      03/25/2018
| 
| Implementation by:
|                    Ross C. Walker     (SDSC)
|                    Scott Le Grand     (nVIDIA)
| 
| Version 18 performance extensions by:
|                    David Cerutti     (Rutgers)
| 
| Precision model in use:
|      [SPFP] - Single Precision Forces, 64-bit Fixed Point
|               Accumulation. (Default)
| 
|--------------------------------------------------------
 
|----------------- CITATION INFORMATION -----------------
|
|    When publishing work that utilized the CUDA version
|    of AMBER, please cite the following in addition to
|    the regular AMBER citations:
|
|  - Romelia Salomon-Ferrer; Andreas W. Goetz; Duncan
|    Poole; Scott Le Grand; Ross C. Walker "Routine
|    microsecond molecular dynamics simulations with
|    AMBER - Part II: Particle Mesh Ewald", J. Chem.
|    Theory Comput., 2013, 9 (9), pp3878-3888,
|    DOI: 10.1021/ct400314y.
|
|  - Andreas W. Goetz; Mark J. Williamson; Dong Xu;
|    Duncan Poole; Scott Le Grand; Ross C. Walker
|    "Routine microsecond molecular dynamics simulations
|    with AMBER - Part I: Generalized Born", J. Chem.
|    Theory Comput., 2012, 8 (5), pp1542-1555.
|
|  - Scott Le Grand; Andreas W. Goetz; Ross C. Walker
|    "SPFP: Speed without compromise - a mixed precision
|    model for GPU accelerated molecular dynamics
|    simulations.", Comp. Phys. Comm., 2013, 184
|    pp374-380, DOI: 10.1016/j.cpc.2012.09.022
|
|    When publishing work that utilized the CUDA version
|    of TI, BAR, MBAR or FEP please cite the following 
|    publications in addition to the regular AMBER 
|    GPU citations:
|
|  - Daniel J. Mermelstein; Charles Lin; Gard Nelson; 
|    Rachael Kretsch; J. Andrew McCammon; Ross C. Walker
|    "Fast and Flexible GPU Accelerated Binding 
|    Free Energy Calculations within the AMBER Molecular
|    Dynamics Package" J. Comp. Chem., 2018,
|    DOI: 10.1002/jcc.25187
|
|  - Tai-Sung Lee; Yuan Hu; Brad Sherborne; Zhuyan Guo;
|    Darrin M. York
|    "Toward Fast and Accurate Binding Affinity Prediction with
|    pmemdGTI: An Efficient Implementation of GPU-Accelerated
|    Thermodynamic Integration"
|    J. Chem. Theory Comput., 2017, 13 (7), 3077
|
|
|--------------------------------------------------------
 
|------------------- GPU DEVICE INFO --------------------
|
|            CUDA_VISIBLE_DEVICES: not set
|   CUDA Capable Devices Detected:      5
|           CUDA Device ID in use:      0
|                CUDA Device Name: NVIDIA GeForce RTX 3070
|     CUDA Device Global Mem Size:   7982 MB
| CUDA Device Num Multiprocessors:     46
|           CUDA Device Core Freq:   1.73 GHz
|
|--------------------------------------------------------
 
 
| Conditional Compilation Defines Used:
| PUBFFT
| BINTRAJ
| CUDA
| EMIL

| Largest sphere to fit in unit cell has radius =    17.389

| New format PARM file being parsed.
| Version =    1.000 Date = 08/02/22 Time = 19:36:52

| Note: 1-4 EEL scale factors are being read from the topology file.

| Note: 1-4 VDW scale factors are being read from the topology file.
| Duplicated    0 dihedrals

| Duplicated    0 dihedrals

--------------------------------------------------------------------------------
   1.  RESOURCE   USE: 
--------------------------------------------------------------------------------

 getting new box info from bottom of inpcrd
 NATOM  =    4548 NTYPES =      17 NBONH =    4492 MBONA  =      62
 NTHETH =     105 MTHETA =      88 NPHIH =     188 MPHIA  =     154
 NHPARM =       0 NPARM  =       0 NNB   =    6494 NRES   =    1485
 NBONA  =      62 NTHETA =      88 NPHIA =     154 NUMBND =      22
 NUMANG =      36 NPTRA  =      19 NATYP =      18 NPHB   =       1
 IFBOX  =       1 NMXRS  =      50 IFCAP =       0 NEXTRA =       0
 NCOPY  =       0

| Coordinate Index Table dimensions:     6    6    6
| Direct force subcell size =     5.8846    6.1136    5.7964

     BOX TYPE: RECTILINEAR

--------------------------------------------------------------------------------
   2.  CONTROL  DATA  FOR  THE  RUN
--------------------------------------------------------------------------------

default_name                                                                    

General flags:
     imin    =       0, nmropt  =       0

Nature and format of input:
     ntx     =       5, irest   =       1, ntrx    =       1

Nature and format of output:
     ntxo    =       2, ntpr    =      50, ntrx    =       1, ntwr    =   10000
     iwrap   =       1, ntwx    =   10000, ntwv    =      -1, ntwe    =   10000
     ioutfm  =       1, ntwprt  =       0, idecomp =       0, rbornstat=      0

Potential function:
     ntf     =       1, ntb     =       2, igb     =       0, nsnb    =      25
     ipol    =       0, gbsa    =       0, iesp    =       0
     dielc   =   1.00000, cut     =  10.00000, intdiel =   1.00000

Frozen or restrained atoms:
     ibelly  =       0, ntr     =       0

Molecular dynamics:
     nstlim  =      1000, nscm    =      1000, nrespa  =         1
     t       =   0.00000, dt      =   0.00200, vlimit  =  -1.00000

Langevin dynamics temperature regulation:
     ig      =  188391
     temp0   = 300.00000, tempi   = 300.00000, gamma_ln=   2.00000

Pressure regulation:
     ntp     =       1
     pres0   =   1.00000, comp    =  44.60000, taup    =   2.00000
     Monte-Carlo Barostat:
     mcbarint  =     100

SHAKE:
     ntc     =       2, jfastw  =       0
     tol     =   0.00001

Free energy options:
     icfe    =       1, ifsc    =       1, klambda =       1
     clambda =  0.6000, scalpha =  0.5000, scbeta  = 12.0000
     sceeorder =       2
     dynlmb =  0.0000 logdvdl =       0

FEP MBAR options:
     ifmbar  =       1,  bar_intervall =       50
     mbar_states =      10

| Intermolecular bonds treatment:
|     no_intermolecular_bonds =       1

| Energy averages sample interval:
|     ene_avg_sampling =       1

Ewald parameters:
     verbose =       0, ew_type =       0, nbflag  =       1, use_pme =       1
     vdwmeth =       1, eedmeth =       1, netfrc  =       1
     Box X =   35.308   Box Y =   36.682   Box Z =   34.778
     Alpha =   90.000   Beta  =   90.000   Gamma =   90.000
     NFFT1 =   36       NFFT2 =   40       NFFT3 =   36
     Cutoff=   10.000   Tol   =0.100E-04
     Ewald Coefficient =  0.27511
     Interpolation order =    4
     TI Mask 1 :1,2; matches     52 atoms
     TI Mask 2 :3; matches     50 atoms
     TI region 1:    4498 atoms
     TI region 2:    4496 atoms
     SC Mask 1 :2; matches      2 atoms

    MBAR - lambda values considered:
      10 total:  0.0000 0.0000 0.2000 0.2000 0.5000 0.5000 0.6000 0.6000 1.0000 1.0000
    Extra energies will be computed     20 times.
| MONTE CARLO BAROSTAT IMPORTANT NOTE:
|   The Monte-Carlo barostat does not require the virial to adjust the system volume.
|   Since it is an expensive calculation, it is skipped for efficiency. A side-effect
|   is that the reported pressure is always 0 because it is not calculated.

--------------------------------------------------------------------------------
   3.  ATOMIC COORDINATES AND VELOCITIES
--------------------------------------------------------------------------------

Cpptraj Generated Restart                                                       
 begin time read from input coords =   324.000 ps

 
     Molecule     1 is partially softcore
     Molecule     2 is partially softcore
 Number of triangulated 3-point waters found:     1482
   Removing shake constraints from HX1   LBM   2 -- N26   LAM   1
   Removing shake constraints from H23   LBM   2 -- N26   LAM   1
 Number of shake restraints removed in TI region  1 :        2
 Number of shake restraints removed in TI region  2 :        0

     Sum of charges for TI region  1 =  -0.00249680
     Skip neutralizing charges...


     Sum of charges for TI region  2 =  -0.00299999
     Skip neutralizing charges...

| Dynamic Memory, Types Used:
| Reals              376231
| Integers           194647

| Nonbonded Pairs Initial Allocation:     1375656

| GPU memory information (estimate):
| KB of GPU memory in use:     42305
| KB of CPU memory in use:     18371

--------------------------------------------------------------------------------
   4.  RESULTS
--------------------------------------------------------------------------------

   DOF for the SC part  1 of the system:    6

MBAR Energy analysis:
Energy at 0.0000 =    -14395.409900
Energy at 0.0000 =    -14395.409900
Energy at 0.2000 =    -14434.909237
Energy at 0.2000 =    -14434.909237
Energy at 0.5000 =    -14492.081522
Energy at 0.5000 =    -14492.081522
Energy at 0.6000 =    -14510.953522
Energy at 0.6000 =    -14510.953522
Energy at 1.0000 =    -14586.128697
Energy at 1.0000 =    -14586.128697
 ------------------------------------------------------------------------------


| TI region  1


 NSTEP =       50   TIME(PS) =     324.100  TEMP(K) =   304.24  PRESS =     0.0
 Etot   =    -11782.4806  EKtot   =      2728.4729  EPtot      =    -14510.9535
 BOND   =        13.3234  ANGLE   =        30.8145  DIHED      =        38.6949
 1-4 NB =        16.1056  1-4 EEL =      -505.2340  VDWAALS    =      2153.5378
 EELEC  =    -16258.1958  EHBOND  =         0.0000  RESTRAINT  =         0.0000
 EKCMT  =         0.0000  VIRIAL  =         0.0000  VOLUME     =     45043.3890
                                                    Density    =         0.9992
 DV/DL  =      -188.4785
 ------------------------------------------------------------------------------

  Softcore part of the system:       2 atoms,       TEMP(K)    =         263.55
 SC_Etot=         3.0927  SC_EKtot=         1.5712  SC_EPtot   =         1.5216
 SC_BOND=         0.0249  SC_ANGLE=         1.4791  SC_DIHED   =         0.0175
 SC_14NB=         0.0000  SC_14EEL=         0.0000  SC_VDW     =         0.0000
 SC_EEL =         0.0000
 SC_RES_DIST=     0.0000  SC_RES_ANG=       0.0000  SC_RES_TORS=         0.0000
 SC_EEL_DER=      0.0000  SC_VDW_DER=      -0.5405  SC_DERIV   =        -0.5405
 ------------------------------------------------------------------------------


| TI region  2


 NSTEP =       50   TIME(PS) =     324.100  TEMP(K) =   304.27  PRESS =     0.0
 Etot   =    -11784.0518  EKtot   =      2726.9017  EPtot      =    -14510.9535
 BOND   =        13.3234  ANGLE   =        30.8145  DIHED      =        38.6949
 1-4 NB =        16.1056  1-4 EEL =      -505.2340  VDWAALS    =      2153.5378
 EELEC  =    -16258.1958  EHBOND  =         0.0000  RESTRAINT  =         0.0000
 EKCMT  =         0.0000  VIRIAL  =         0.0000  VOLUME     =     45043.3890
                                                    Density    =         0.9991
 DV/DL  =      -188.4785
 ------------------------------------------------------------------------------


MBAR Energy analysis:
Energy at 0.0000 =    -14395.657985
Energy at 0.0000 =    -14395.657985
Energy at 0.2000 =    -14431.662811
Energy at 0.2000 =    -14431.662811
Energy at 0.5000 =    -14485.231186
Energy at 0.5000 =    -14485.231186
Energy at 0.6000 =    -14503.031869
Energy at 0.6000 =    -14503.031869
Energy at 1.0000 =    -14574.117415
Energy at 1.0000 =    -14574.117415
 ------------------------------------------------------------------------------


| TI region  1


 NSTEP =      100   TIME(PS) =     324.200  TEMP(K) =   302.06  PRESS =     0.0
 Etot   =    -11794.0587  EKtot   =      2708.9731  EPtot      =    -14503.0319
 BOND   =        15.4175  ANGLE   =        30.7691  DIHED      =        44.7400
 1-4 NB =        16.6275  1-4 EEL =      -513.1270  VDWAALS    =      2120.2076
 EELEC  =    -16217.6667  EHBOND  =         0.0000  RESTRAINT  =         0.0000
 EKCMT  =         0.0000  VIRIAL  =         0.0000  VOLUME     =     44876.6506
                                                    Density    =         1.0029
 DV/DL  =      -177.9217
 ------------------------------------------------------------------------------

  Softcore part of the system:       2 atoms,       TEMP(K)    =         146.76
 SC_Etot=         3.4867  SC_EKtot=         0.8749  SC_EPtot   =         2.6118
 SC_BOND=         0.2966  SC_ANGLE=         1.3555  SC_DIHED   =         0.9597
 SC_14NB=         0.0000  SC_14EEL=         0.0000  SC_VDW     =         0.0000
 SC_EEL =         0.0000
 SC_RES_DIST=     0.0000  SC_RES_ANG=       0.0000  SC_RES_TORS=         0.0000
 SC_EEL_DER=      0.0000  SC_VDW_DER=      -0.2078  SC_DERIV   =        -0.2078
 ------------------------------------------------------------------------------


| TI region  2


 NSTEP =      100   TIME(PS) =     324.200  TEMP(K) =   302.17  PRESS =     0.0
 Etot   =    -11794.9336  EKtot   =      2708.0982  EPtot      =    -14503.0319
 BOND   =        15.4175  ANGLE   =        30.7691  DIHED      =        44.7400
 1-4 NB =        16.6275  1-4 EEL =      -513.1270  VDWAALS    =      2120.2076
 EELEC  =    -16217.6667  EHBOND  =         0.0000  RESTRAINT  =         0.0000
 EKCMT  =         0.0000  VIRIAL  =         0.0000  VOLUME     =     44876.6506
                                                    Density    =         1.0029
 DV/DL  =      -177.9217
 ------------------------------------------------------------------------------


MBAR Energy analysis:
Energy at 0.0000 =    -14359.579631
Energy at 0.0000 =    -14359.579631
Energy at 0.2000 =    -14403.935245
Energy at 0.2000 =    -14403.935245
Energy at 0.5000 =    -14460.480897
Energy at 0.5000 =    -14460.480897
Energy at 0.6000 =    -14478.826059
Energy at 0.6000 =    -14478.826059
Energy at 1.0000 =    -14551.598061
Energy at 1.0000 =    -14551.598061
 ------------------------------------------------------------------------------


| TI region  1


 NSTEP =      150   TIME(PS) =     324.300  TEMP(K) =   305.44  PRESS =     0.0
 Etot   =    -11739.6044  EKtot   =      2739.2216  EPtot      =    -14478.8261
 BOND   =        17.8056  ANGLE   =        29.4759  DIHED      =        39.6533
 1-4 NB =        14.6722  1-4 EEL =      -504.0047  VDWAALS    =      2121.0305
 EELEC  =    -16197.4589  EHBOND  =         0.0000  RESTRAINT  =         0.0000
 EKCMT  =         0.0000  VIRIAL  =         0.0000  VOLUME     =     44876.6506
                                                    Density    =         1.0029
 DV/DL  =      -182.9402
 ------------------------------------------------------------------------------

  Softcore part of the system:       2 atoms,       TEMP(K)    =         181.59
 SC_Etot=         2.9698  SC_EKtot=         1.0825  SC_EPtot   =         1.8872
 SC_BOND=         0.2290  SC_ANGLE=         1.3881  SC_DIHED   =         0.2701
 SC_14NB=         0.0000  SC_14EEL=         0.0000  SC_VDW     =         0.0000
 SC_EEL =         0.0000
 SC_RES_DIST=     0.0000  SC_RES_ANG=       0.0000  SC_RES_TORS=         0.0000
 SC_EEL_DER=      0.0000  SC_VDW_DER=      -1.0102  SC_DERIV   =        -1.0102
 ------------------------------------------------------------------------------


| TI region  2


 NSTEP =      150   TIME(PS) =     324.300  TEMP(K) =   305.52  PRESS =     0.0
 Etot   =    -11740.6870  EKtot   =      2738.1391  EPtot      =    -14478.8261
 BOND   =        17.8056  ANGLE   =        29.4759  DIHED      =        39.6533
 1-4 NB =        14.6722  1-4 EEL =      -504.0047  VDWAALS    =      2121.0305
 EELEC  =    -16197.4589  EHBOND  =         0.0000  RESTRAINT  =         0.0000
 EKCMT  =         0.0000  VIRIAL  =         0.0000  VOLUME     =     44876.6506
                                                    Density    =         1.0029
 DV/DL  =      -182.9402
 ------------------------------------------------------------------------------


MBAR Energy analysis:
Energy at 0.0000 =    -14349.377750
Energy at 0.0000 =    -14349.377750
Energy at 0.2000 =    -14393.717712
Energy at 0.2000 =    -14393.717712
Energy at 0.5000 =    -14449.478662
Energy at 0.5000 =    -14449.478662
Energy at 0.6000 =    -14467.462699
Energy at 0.6000 =    -14467.462699
Energy at 1.0000 =    -14538.654756
Energy at 1.0000 =    -14538.654756
 ------------------------------------------------------------------------------


| TI region  1


 NSTEP =      200   TIME(PS) =     324.400  TEMP(K) =   301.92  PRESS =     0.0
 Etot   =    -11759.7565  EKtot   =      2707.7062  EPtot      =    -14467.4627
 BOND   =         8.5516  ANGLE   =        34.7598  DIHED      =        39.6175
 1-4 NB =        18.8544  1-4 EEL =      -507.8921  VDWAALS    =      2024.1236
 EELEC  =    -16085.4775  EHBOND  =         0.0000  RESTRAINT  =         0.0000
 EKCMT  =         0.0000  VIRIAL  =         0.0000  VOLUME     =     45044.8720
                                                    Density    =         0.9992
 DV/DL  =      -179.2148
 ------------------------------------------------------------------------------

  Softcore part of the system:       2 atoms,       TEMP(K)    =         352.59
 SC_Etot=         3.0407  SC_EKtot=         2.1020  SC_EPtot   =         0.9387
 SC_BOND=         0.4586  SC_ANGLE=         0.4644  SC_DIHED   =         0.0157
 SC_14NB=         0.0000  SC_14EEL=         0.0000  SC_VDW     =         0.0000
 SC_EEL =         0.0000
 SC_RES_DIST=     0.0000  SC_RES_ANG=       0.0000  SC_RES_TORS=         0.0000
 SC_EEL_DER=      0.0000  SC_VDW_DER=      -1.2346  SC_DERIV   =        -1.2346
 ------------------------------------------------------------------------------


| TI region  2


 NSTEP =      200   TIME(PS) =     324.400  TEMP(K) =   301.89  PRESS =     0.0
 Etot   =    -11761.8585  EKtot   =      2705.6042  EPtot      =    -14467.4627
 BOND   =         8.5516  ANGLE   =        34.7598  DIHED      =        39.6175
 1-4 NB =        18.8544  1-4 EEL =      -507.8921  VDWAALS    =      2024.1236
 EELEC  =    -16085.4775  EHBOND  =         0.0000  RESTRAINT  =         0.0000
 EKCMT  =         0.0000  VIRIAL  =         0.0000  VOLUME     =     45044.8720
                                                    Density    =         0.9991
 DV/DL  =      -179.2148
 ------------------------------------------------------------------------------


MBAR Energy analysis:
Energy at 0.0000 =    -14323.879336
Energy at 0.0000 =    -14323.879336
Energy at 0.2000 =    -14361.195040
Energy at 0.2000 =    -14361.195040
Energy at 0.5000 =    -14416.372758
Energy at 0.5000 =    -14416.372758
Energy at 0.6000 =    -14434.671616
Energy at 0.6000 =    -14434.671616
Energy at 1.0000 =    -14507.680480
Energy at 1.0000 =    -14507.680480
 ------------------------------------------------------------------------------


| TI region  1


 NSTEP =      250   TIME(PS) =     324.500  TEMP(K) =   297.38  PRESS =     0.0
 Etot   =    -11767.7342  EKtot   =      2666.9375  EPtot      =    -14434.6716
 BOND   =        14.3452  ANGLE   =        34.4825  DIHED      =        41.2171
 1-4 NB =        15.1404  1-4 EEL =      -514.4541  VDWAALS    =      2061.7427
 EELEC  =    -16087.1453  EHBOND  =         0.0000  RESTRAINT  =         0.0000
 EKCMT  =         0.0000  VIRIAL  =         0.0000  VOLUME     =     45044.8720
                                                    Density    =         0.9992
 DV/DL  =      -182.8505
 ------------------------------------------------------------------------------

  Softcore part of the system:       2 atoms,       TEMP(K)    =         437.07
 SC_Etot=         6.6737  SC_EKtot=         2.6056  SC_EPtot   =         4.0681
 SC_BOND=         0.7395  SC_ANGLE=         2.8154  SC_DIHED   =         0.5131
 SC_14NB=         0.0000  SC_14EEL=         0.0000  SC_VDW     =         0.0000
 SC_EEL =         0.0000
 SC_RES_DIST=     0.0000  SC_RES_ANG=       0.0000  SC_RES_TORS=         0.0000
 SC_EEL_DER=      0.0000  SC_VDW_DER=      -0.3283  SC_DERIV   =        -0.3283
 ------------------------------------------------------------------------------


| TI region  2


 NSTEP =      250   TIME(PS) =     324.500  TEMP(K) =   297.28  PRESS =     0.0
 Etot   =    -11770.3398  EKtot   =      2664.3319  EPtot      =    -14434.6716
 BOND   =        14.3452  ANGLE   =        34.4825  DIHED      =        41.2171
 1-4 NB =        15.1404  1-4 EEL =      -514.4541  VDWAALS    =      2061.7427
 EELEC  =    -16087.1453  EHBOND  =         0.0000  RESTRAINT  =         0.0000
 EKCMT  =         0.0000  VIRIAL  =         0.0000  VOLUME     =     45044.8720
                                                    Density    =         0.9991
 DV/DL  =      -182.8505
 ------------------------------------------------------------------------------


MBAR Energy analysis:
Energy at 0.0000 =    -14325.623564
Energy at 0.0000 =    -14325.623564
Energy at 0.2000 =    -14369.159179
Energy at 0.2000 =    -14369.159179
Energy at 0.5000 =    -14426.414424
Energy at 0.5000 =    -14426.414424
Energy at 0.6000 =    -14445.005106
Energy at 0.6000 =    -14445.005106
Energy at 1.0000 =    -14518.712455
Energy at 1.0000 =    -14518.712455
 ------------------------------------------------------------------------------


| TI region  1


 NSTEP =      300   TIME(PS) =     324.600  TEMP(K) =   297.69  PRESS =     0.0
 Etot   =    -11775.3022  EKtot   =      2669.7029  EPtot      =    -14445.0051
 BOND   =        13.6254  ANGLE   =        30.6407  DIHED      =        46.0981
 1-4 NB =        16.7924  1-4 EEL =      -510.7781  VDWAALS    =      2068.0732
 EELEC  =    -16109.4568  EHBOND  =         0.0000  RESTRAINT  =         0.0000
 EKCMT  =         0.0000  VIRIAL  =         0.0000  VOLUME     =     45044.8720
                                                    Density    =         0.9992
 DV/DL  =      -185.3668
 ------------------------------------------------------------------------------

  Softcore part of the system:       2 atoms,       TEMP(K)    =          62.05
 SC_Etot=         4.5972  SC_EKtot=         0.3699  SC_EPtot   =         4.2273
 SC_BOND=         0.2506  SC_ANGLE=         3.9518  SC_DIHED   =         0.0249
 SC_14NB=         0.0000  SC_14EEL=         0.0000  SC_VDW     =         0.0000
 SC_EEL =         0.0000
 SC_RES_DIST=     0.0000  SC_RES_ANG=       0.0000  SC_RES_TORS=         0.0000
 SC_EEL_DER=      0.0000  SC_VDW_DER=      -1.0984  SC_DERIV   =        -1.0984
 ------------------------------------------------------------------------------


| TI region  2


 NSTEP =      300   TIME(PS) =     324.600  TEMP(K) =   297.84  PRESS =     0.0
 Etot   =    -11775.6721  EKtot   =      2669.3330  EPtot      =    -14445.0051
 BOND   =        13.6254  ANGLE   =        30.6407  DIHED      =        46.0981
 1-4 NB =        16.7924  1-4 EEL =      -510.7781  VDWAALS    =      2068.0732
 EELEC  =    -16109.4568  EHBOND  =         0.0000  RESTRAINT  =         0.0000
 EKCMT  =         0.0000  VIRIAL  =         0.0000  VOLUME     =     45044.8720
                                                    Density    =         0.9991
 DV/DL  =      -185.3668
 ------------------------------------------------------------------------------


MBAR Energy analysis:
Energy at 0.0000 =    -14336.047524
Energy at 0.0000 =    -14336.047524
Energy at 0.2000 =    -14381.210341
Energy at 0.2000 =    -14381.210341
Energy at 0.5000 =    -14438.664658
Energy at 0.5000 =    -14438.664658
Energy at 0.6000 =    -14457.250434
Energy at 0.6000 =    -14457.250434
Energy at 1.0000 =    -14530.909534
Energy at 1.0000 =    -14530.909534
 ------------------------------------------------------------------------------


| TI region  1


 NSTEP =      350   TIME(PS) =     324.700  TEMP(K) =   296.46  PRESS =     0.0
 Etot   =    -11798.5422  EKtot   =      2658.7082  EPtot      =    -14457.2504
 BOND   =        16.0594  ANGLE   =        31.3017  DIHED      =        41.1038
 1-4 NB =        16.2504  1-4 EEL =      -506.0877  VDWAALS    =      2018.1118
 EELEC  =    -16073.9899  EHBOND  =         0.0000  RESTRAINT  =         0.0000
 EKCMT  =         0.0000  VIRIAL  =         0.0000  VOLUME     =     45044.8720
                                                    Density    =         0.9992
 DV/DL  =      -185.2788
 ------------------------------------------------------------------------------

  Softcore part of the system:       2 atoms,       TEMP(K)    =         174.12
 SC_Etot=         4.1296  SC_EKtot=         1.0381  SC_EPtot   =         3.0915
 SC_BOND=         0.0084  SC_ANGLE=         3.0638  SC_DIHED   =         0.0194
 SC_14NB=         0.0000  SC_14EEL=         0.0000  SC_VDW     =         0.0000
 SC_EEL =         0.0000
 SC_RES_DIST=     0.0000  SC_RES_ANG=       0.0000  SC_RES_TORS=         0.0000
 SC_EEL_DER=      0.0000  SC_VDW_DER=      -1.1310  SC_DERIV   =        -1.1310
 ------------------------------------------------------------------------------


| TI region  2


 NSTEP =      350   TIME(PS) =     324.700  TEMP(K) =   296.54  PRESS =     0.0
 Etot   =    -11799.5803  EKtot   =      2657.6702  EPtot      =    -14457.2504
 BOND   =        16.0594  ANGLE   =        31.3017  DIHED      =        41.1038
 1-4 NB =        16.2504  1-4 EEL =      -506.0877  VDWAALS    =      2018.1118
 EELEC  =    -16073.9899  EHBOND  =         0.0000  RESTRAINT  =         0.0000
 EKCMT  =         0.0000  VIRIAL  =         0.0000  VOLUME     =     45044.8720
                                                    Density    =         0.9991
 DV/DL  =      -185.2788
 ------------------------------------------------------------------------------


MBAR Energy analysis:
Energy at 0.0000 =    -14361.986469
Energy at 0.0000 =    -14361.986469
Energy at 0.2000 =    -14406.104637
Energy at 0.2000 =    -14406.104637
Energy at 0.5000 =    -14463.736733
Energy at 0.5000 =    -14463.736733
Energy at 0.6000 =    -14482.528181
Energy at 0.6000 =    -14482.528181
Energy at 1.0000 =    -14557.209460
Energy at 1.0000 =    -14557.209460
 ------------------------------------------------------------------------------


| TI region  1


 NSTEP =      400   TIME(PS) =     324.800  TEMP(K) =   303.78  PRESS =     0.0
 Etot   =    -11758.1471  EKtot   =      2724.3811  EPtot      =    -14482.5282
 BOND   =        13.6407  ANGLE   =        35.7450  DIHED      =        41.0094
 1-4 NB =        16.1664  1-4 EEL =      -505.9496  VDWAALS    =      2080.5746
 EELEC  =    -16163.7146  EHBOND  =         0.0000  RESTRAINT  =         0.0000
 EKCMT  =         0.0000  VIRIAL  =         0.0000  VOLUME     =     45044.8720
                                                    Density    =         0.9992
 DV/DL  =      -187.5015
 ------------------------------------------------------------------------------

  Softcore part of the system:       2 atoms,       TEMP(K)    =         353.36
 SC_Etot=         3.4361  SC_EKtot=         2.1066  SC_EPtot   =         1.3295
 SC_BOND=         0.1014  SC_ANGLE=         0.5582  SC_DIHED   =         0.6700
 SC_14NB=         0.0000  SC_14EEL=         0.0000  SC_VDW     =         0.0000
 SC_EEL =         0.0000
 SC_RES_DIST=     0.0000  SC_RES_ANG=       0.0000  SC_RES_TORS=         0.0000
 SC_EEL_DER=      0.0000  SC_VDW_DER=      -0.7983  SC_DERIV   =        -0.7983
 ------------------------------------------------------------------------------


| TI region  2


 NSTEP =      400   TIME(PS) =     324.800  TEMP(K) =   303.75  PRESS =     0.0
 Etot   =    -11760.2536  EKtot   =      2722.2746  EPtot      =    -14482.5282
 BOND   =        13.6407  ANGLE   =        35.7450  DIHED      =        41.0094
 1-4 NB =        16.1664  1-4 EEL =      -505.9496  VDWAALS    =      2080.5746
 EELEC  =    -16163.7146  EHBOND  =         0.0000  RESTRAINT  =         0.0000
 EKCMT  =         0.0000  VIRIAL  =         0.0000  VOLUME     =     45044.8720
                                                    Density    =         0.9991
 DV/DL  =      -187.5015
 ------------------------------------------------------------------------------


MBAR Energy analysis:
Energy at 0.0000 =    -14367.665807
Energy at 0.0000 =    -14367.665807
Energy at 0.2000 =    -14414.867887
Energy at 0.2000 =    -14414.867887
Energy at 0.5000 =    -14472.115675
Energy at 0.5000 =    -14472.115675
Energy at 0.6000 =    -14490.658430
Energy at 0.6000 =    -14490.658430
Energy at 1.0000 =    -14564.273075
Energy at 1.0000 =    -14564.273075
 ------------------------------------------------------------------------------


| TI region  1


 NSTEP =      450   TIME(PS) =     324.900  TEMP(K) =   297.11  PRESS =     0.0
 Etot   =    -11826.1412  EKtot   =      2664.5172  EPtot      =    -14490.6584
 BOND   =        10.5356  ANGLE   =        28.4838  DIHED      =        43.0940
 1-4 NB =        16.9101  1-4 EEL =      -509.3848  VDWAALS    =      2108.3014
 EELEC  =    -16188.5987  EHBOND  =         0.0000  RESTRAINT  =         0.0000
 EKCMT  =         0.0000  VIRIAL  =         0.0000  VOLUME     =     45044.8720
                                                    Density    =         0.9992
 DV/DL  =      -184.9403
 ------------------------------------------------------------------------------

  Softcore part of the system:       2 atoms,       TEMP(K)    =         541.12
 SC_Etot=         6.1321  SC_EKtot=         3.2259  SC_EPtot   =         2.9062
 SC_BOND=         1.3262  SC_ANGLE=         0.8417  SC_DIHED   =         0.7382
 SC_14NB=         0.0000  SC_14EEL=         0.0000  SC_VDW     =         0.0000
 SC_EEL =         0.0000
 SC_RES_DIST=     0.0000  SC_RES_ANG=       0.0000  SC_RES_TORS=         0.0000
 SC_EEL_DER=      0.0000  SC_VDW_DER=      -0.9037  SC_DERIV   =        -0.9037
 ------------------------------------------------------------------------------


| TI region  2


 NSTEP =      450   TIME(PS) =     324.900  TEMP(K) =   296.95  PRESS =     0.0
 Etot   =    -11829.3671  EKtot   =      2661.2913  EPtot      =    -14490.6584
 BOND   =        10.5356  ANGLE   =        28.4838  DIHED      =        43.0940
 1-4 NB =        16.9101  1-4 EEL =      -509.3848  VDWAALS    =      2108.3014
 EELEC  =    -16188.5987  EHBOND  =         0.0000  RESTRAINT  =         0.0000
 EKCMT  =         0.0000  VIRIAL  =         0.0000  VOLUME     =     45044.8720
                                                    Density    =         0.9991
 DV/DL  =      -184.9403
 ------------------------------------------------------------------------------


MBAR Energy analysis:
Energy at 0.0000 =    -14322.688806
Energy at 0.0000 =    -14322.688806
Energy at 0.2000 =    -14363.411659
Energy at 0.2000 =    -14363.411659
Energy at 0.5000 =    -14419.378676
Energy at 0.5000 =    -14419.378676
Energy at 0.6000 =    -14437.737283
Energy at 0.6000 =    -14437.737283
Energy at 1.0000 =    -14510.803378
Energy at 1.0000 =    -14510.803378
 ------------------------------------------------------------------------------


| TI region  1


 NSTEP =      500   TIME(PS) =     325.000  TEMP(K) =   296.38  PRESS =     0.0
 Etot   =    -11779.7034  EKtot   =      2658.0339  EPtot      =    -14437.7373
 BOND   =         8.1099  ANGLE   =        36.8488  DIHED      =        42.0199
 1-4 NB =        16.5288  1-4 EEL =      -515.1076  VDWAALS    =      2169.2022
 EELEC  =    -16195.3393  EHBOND  =         0.0000  RESTRAINT  =         0.0000
 EKCMT  =         0.0000  VIRIAL  =         0.0000  VOLUME     =     45044.8720
                                                    Density    =         0.9992
 DV/DL  =      -183.2759
 ------------------------------------------------------------------------------

  Softcore part of the system:       2 atoms,       TEMP(K)    =         440.29
 SC_Etot=         5.4879  SC_EKtot=         2.6248  SC_EPtot   =         2.8631
 SC_BOND=         0.0149  SC_ANGLE=         2.2687  SC_DIHED   =         0.5795
 SC_14NB=         0.0000  SC_14EEL=         0.0000  SC_VDW     =         0.0000
 SC_EEL =         0.0000
 SC_RES_DIST=     0.0000  SC_RES_ANG=       0.0000  SC_RES_TORS=         0.0000
 SC_EEL_DER=      0.0000  SC_VDW_DER=      -0.6107  SC_DERIV   =        -0.6107
 ------------------------------------------------------------------------------


| TI region  2


 NSTEP =      500   TIME(PS) =     325.000  TEMP(K) =   296.29  PRESS =     0.0
 Etot   =    -11782.3282  EKtot   =      2655.4091  EPtot      =    -14437.7373
 BOND   =         8.1099  ANGLE   =        36.8488  DIHED      =        42.0199
 1-4 NB =        16.5288  1-4 EEL =      -515.1076  VDWAALS    =      2169.2022
 EELEC  =    -16195.3393  EHBOND  =         0.0000  RESTRAINT  =         0.0000
 EKCMT  =         0.0000  VIRIAL  =         0.0000  VOLUME     =     45044.8720
                                                    Density    =         0.9991
 DV/DL  =      -183.2759
 ------------------------------------------------------------------------------


MBAR Energy analysis:
Energy at 0.0000 =    -14446.931562
Energy at 0.0000 =    -14446.931562
Energy at 0.2000 =    -14491.832700
Energy at 0.2000 =    -14491.832700
Energy at 0.5000 =    -14550.689866
Energy at 0.5000 =    -14550.689866
Energy at 0.6000 =    -14569.868835
Energy at 0.6000 =    -14569.868835
Energy at 1.0000 =    -14646.050899
Energy at 1.0000 =    -14646.050899
 ------------------------------------------------------------------------------


| TI region  1


 NSTEP =      550   TIME(PS) =     325.100  TEMP(K) =   307.71  PRESS =     0.0
 Etot   =    -11810.2904  EKtot   =      2759.5785  EPtot      =    -14569.8688
 BOND   =        13.0874  ANGLE   =        34.3028  DIHED      =        38.6706
 1-4 NB =        17.9118  1-4 EEL =      -512.7537  VDWAALS    =      2139.9897
 EELEC  =    -16301.0774  EHBOND  =         0.0000  RESTRAINT  =         0.0000
 EKCMT  =         0.0000  VIRIAL  =         0.0000  VOLUME     =     45044.8720
                                                    Density    =         0.9992
 DV/DL  =      -191.3408
 ------------------------------------------------------------------------------

  Softcore part of the system:       2 atoms,       TEMP(K)    =         124.57
 SC_Etot=         5.4442  SC_EKtot=         0.7426  SC_EPtot   =         4.7016
 SC_BOND=         1.3304  SC_ANGLE=         2.0119  SC_DIHED   =         1.3593
 SC_14NB=         0.0000  SC_14EEL=         0.0000  SC_VDW     =         0.0000
 SC_EEL =         0.0000
 SC_RES_DIST=     0.0000  SC_RES_ANG=       0.0000  SC_RES_TORS=         0.0000
 SC_EEL_DER=      0.0000  SC_VDW_DER=      -0.8857  SC_DERIV   =        -0.8857
 ------------------------------------------------------------------------------


| TI region  2


 NSTEP =      550   TIME(PS) =     325.100  TEMP(K) =   307.83  PRESS =     0.0
 Etot   =    -11811.0330  EKtot   =      2758.8358  EPtot      =    -14569.8688
 BOND   =        13.0874  ANGLE   =        34.3028  DIHED      =        38.6706
 1-4 NB =        17.9118  1-4 EEL =      -512.7537  VDWAALS    =      2139.9897
 EELEC  =    -16301.0774  EHBOND  =         0.0000  RESTRAINT  =         0.0000
 EKCMT  =         0.0000  VIRIAL  =         0.0000  VOLUME     =     45044.8720
                                                    Density    =         0.9991
 DV/DL  =      -191.3408
 ------------------------------------------------------------------------------


MBAR Energy analysis:
Energy at 0.0000 =    -14396.313473
Energy at 0.0000 =    -14396.313473
Energy at 0.2000 =    -14461.726098
Energy at 0.2000 =    -14461.726098
Energy at 0.5000 =    -14520.738949
Energy at 0.5000 =    -14520.738949
Energy at 0.6000 =    -14539.467585
Energy at 0.6000 =    -14539.467585
Energy at 1.0000 =    -14613.584789
Energy at 1.0000 =    -14613.584789
 ------------------------------------------------------------------------------


| TI region  1


 NSTEP =      600   TIME(PS) =     325.200  TEMP(K) =   295.99  PRESS =     0.0
 Etot   =    -11884.9302  EKtot   =      2654.5374  EPtot      =    -14539.4676
 BOND   =         9.7642  ANGLE   =        30.7224  DIHED      =        40.5368
 1-4 NB =        15.7564  1-4 EEL =      -510.5652  VDWAALS    =      2045.3813
 EELEC  =    -16171.0634  EHBOND  =         0.0000  RESTRAINT  =         0.0000
 EKCMT  =         0.0000  VIRIAL  =         0.0000  VOLUME     =     45044.8720
                                                    Density    =         0.9992
 DV/DL  =      -186.5607
 ------------------------------------------------------------------------------

  Softcore part of the system:       2 atoms,       TEMP(K)    =         159.79
 SC_Etot=         4.5522  SC_EKtot=         0.9526  SC_EPtot   =         3.5996
 SC_BOND=         1.2199  SC_ANGLE=         1.3360  SC_DIHED   =         1.0437
 SC_14NB=         0.0000  SC_14EEL=         0.0000  SC_VDW     =         0.0000
 SC_EEL =         0.0000
 SC_RES_DIST=     0.0000  SC_RES_ANG=       0.0000  SC_RES_TORS=         0.0000
 SC_EEL_DER=      0.0000  SC_VDW_DER=      -1.2677  SC_DERIV   =        -1.2677
 ------------------------------------------------------------------------------


| TI region  2


 NSTEP =      600   TIME(PS) =     325.200  TEMP(K) =   296.09  PRESS =     0.0
 Etot   =    -11885.8828  EKtot   =      2653.5848  EPtot      =    -14539.4676
 BOND   =         9.7642  ANGLE   =        30.7224  DIHED      =        40.5368
 1-4 NB =        15.7564  1-4 EEL =      -510.5652  VDWAALS    =      2045.3813
 EELEC  =    -16171.0634  EHBOND  =         0.0000  RESTRAINT  =         0.0000
 EKCMT  =         0.0000  VIRIAL  =         0.0000  VOLUME     =     45044.8720
                                                    Density    =         0.9991
 DV/DL  =      -186.5607
 ------------------------------------------------------------------------------


MBAR Energy analysis:
Energy at 0.0000 =    -14442.373163
Energy at 0.0000 =    -14442.373163
Energy at 0.2000 =    -14481.770360
Energy at 0.2000 =    -14481.770360
Energy at 0.5000 =    -14540.014348
Energy at 0.5000 =    -14540.014348
Energy at 0.6000 =    -14559.343200
Energy at 0.6000 =    -14559.343200
Energy at 1.0000 =    -14636.505540
Energy at 1.0000 =    -14636.505540
 ------------------------------------------------------------------------------


| TI region  1


 NSTEP =      650   TIME(PS) =     325.300  TEMP(K) =   301.06  PRESS =     0.0
 Etot   =    -11859.3638  EKtot   =      2699.9794  EPtot      =    -14559.3432
 BOND   =        13.7556  ANGLE   =        34.9273  DIHED      =        37.7340
 1-4 NB =        16.3505  1-4 EEL =      -511.9644  VDWAALS    =      2202.8630
 EELEC  =    -16353.0091  EHBOND  =         0.0000  RESTRAINT  =         0.0000
 EKCMT  =         0.0000  VIRIAL  =         0.0000  VOLUME     =     45044.8720
                                                    Density    =         0.9992
 DV/DL  =      -193.1715
 ------------------------------------------------------------------------------

  Softcore part of the system:       2 atoms,       TEMP(K)    =         335.36
 SC_Etot=         4.7839  SC_EKtot=         1.9993  SC_EPtot   =         2.7846
 SC_BOND=         0.9486  SC_ANGLE=         1.1094  SC_DIHED   =         0.7265
 SC_14NB=         0.0000  SC_14EEL=         0.0000  SC_VDW     =         0.0000
 SC_EEL =         0.0000
 SC_RES_DIST=     0.0000  SC_RES_ANG=       0.0000  SC_RES_TORS=         0.0000
 SC_EEL_DER=      0.0000  SC_VDW_DER=      -0.2656  SC_DERIV   =        -0.2656
 ------------------------------------------------------------------------------


| TI region  2


 NSTEP =      650   TIME(PS) =     325.300  TEMP(K) =   301.04  PRESS =     0.0
 Etot   =    -11861.3631  EKtot   =      2697.9801  EPtot      =    -14559.3432
 BOND   =        13.7556  ANGLE   =        34.9273  DIHED      =        37.7340
 1-4 NB =        16.3505  1-4 EEL =      -511.9644  VDWAALS    =      2202.8630
 EELEC  =    -16353.0091  EHBOND  =         0.0000  RESTRAINT  =         0.0000
 EKCMT  =         0.0000  VIRIAL  =         0.0000  VOLUME     =     45044.8720
                                                    Density    =         0.9991
 DV/DL  =      -193.1715
 ------------------------------------------------------------------------------


MBAR Energy analysis:
Energy at 0.0000 =    -14415.455328
Energy at 0.0000 =    -14415.455328
Energy at 0.2000 =    -14461.334319
Energy at 0.2000 =    -14461.334319
Energy at 0.5000 =    -14520.767777
Energy at 0.5000 =    -14520.767777
Energy at 0.6000 =    -14540.145073
Energy at 0.6000 =    -14540.145073
Energy at 1.0000 =    -14617.176224
Energy at 1.0000 =    -14617.176224
 ------------------------------------------------------------------------------


| TI region  1


 NSTEP =      700   TIME(PS) =     325.400  TEMP(K) =   304.73  PRESS =     0.0
 Etot   =    -11807.2508  EKtot   =      2732.8943  EPtot      =    -14540.1451
 BOND   =        13.1939  ANGLE   =        29.7958  DIHED      =        38.8716
 1-4 NB =        17.2079  1-4 EEL =      -511.7006  VDWAALS    =      2186.5848
 EELEC  =    -16314.0985  EHBOND  =         0.0000  RESTRAINT  =         0.0000
 EKCMT  =         0.0000  VIRIAL  =         0.0000  VOLUME     =     45044.8720
                                                    Density    =         0.9992
 DV/DL  =      -193.3599
 ------------------------------------------------------------------------------

  Softcore part of the system:       2 atoms,       TEMP(K)    =         357.00
 SC_Etot=         4.5121  SC_EKtot=         2.1283  SC_EPtot   =         2.3838
 SC_BOND=         0.1217  SC_ANGLE=         2.2552  SC_DIHED   =         0.0068
 SC_14NB=         0.0000  SC_14EEL=         0.0000  SC_VDW     =         0.0000
 SC_EEL =         0.0000
 SC_RES_DIST=     0.0000  SC_RES_ANG=       0.0000  SC_RES_TORS=         0.0000
 SC_EEL_DER=      0.0000  SC_VDW_DER=      -0.7820  SC_DERIV   =        -0.7820
 ------------------------------------------------------------------------------


| TI region  2


 NSTEP =      700   TIME(PS) =     325.400  TEMP(K) =   304.70  PRESS =     0.0
 Etot   =    -11809.3791  EKtot   =      2730.7660  EPtot      =    -14540.1451
 BOND   =        13.1939  ANGLE   =        29.7958  DIHED      =        38.8716
 1-4 NB =        17.2079  1-4 EEL =      -511.7006  VDWAALS    =      2186.5848
 EELEC  =    -16314.0985  EHBOND  =         0.0000  RESTRAINT  =         0.0000
 EKCMT  =         0.0000  VIRIAL  =         0.0000  VOLUME     =     45044.8720
                                                    Density    =         0.9991
 DV/DL  =      -193.3599
 ------------------------------------------------------------------------------


MBAR Energy analysis:
Energy at 0.0000 =    -14438.804420
Energy at 0.0000 =    -14438.804420
Energy at 0.2000 =    -14478.038718
Energy at 0.2000 =    -14478.038718
Energy at 0.5000 =    -14535.470294
Energy at 0.5000 =    -14535.470294
Energy at 0.6000 =    -14554.485087
Energy at 0.6000 =    -14554.485087
Energy at 1.0000 =    -14630.328904
Energy at 1.0000 =    -14630.328904
 ------------------------------------------------------------------------------


| TI region  1


 NSTEP =      750   TIME(PS) =     325.500  TEMP(K) =   303.48  PRESS =     0.0
 Etot   =    -11832.8083  EKtot   =      2721.6768  EPtot      =    -14554.4851
 BOND   =         7.5696  ANGLE   =        33.2258  DIHED      =        39.5197
 1-4 NB =        15.1292  1-4 EEL =      -510.1671  VDWAALS    =      2000.4979
 EELEC  =    -16140.2603  EHBOND  =         0.0000  RESTRAINT  =         0.0000
 EKCMT  =         0.0000  VIRIAL  =         0.0000  VOLUME     =     45044.8720
                                                    Density    =         0.9992
 DV/DL  =      -189.9804
 ------------------------------------------------------------------------------

  Softcore part of the system:       2 atoms,       TEMP(K)    =         401.33
 SC_Etot=         4.4452  SC_EKtot=         2.3925  SC_EPtot   =         2.0526
 SC_BOND=         0.3456  SC_ANGLE=         1.5175  SC_DIHED   =         0.1895
 SC_14NB=         0.0000  SC_14EEL=         0.0000  SC_VDW     =         0.0000
 SC_EEL =         0.0000
 SC_RES_DIST=     0.0000  SC_RES_ANG=       0.0000  SC_RES_TORS=         0.0000
 SC_EEL_DER=      0.0000  SC_VDW_DER=      -0.3709  SC_DERIV   =        -0.3709
 ------------------------------------------------------------------------------


| TI region  2


 NSTEP =      750   TIME(PS) =     325.500  TEMP(K) =   303.42  PRESS =     0.0
 Etot   =    -11835.2008  EKtot   =      2719.2842  EPtot      =    -14554.4851
 BOND   =         7.5696  ANGLE   =        33.2258  DIHED      =        39.5197
 1-4 NB =        15.1292  1-4 EEL =      -510.1671  VDWAALS    =      2000.4979
 EELEC  =    -16140.2603  EHBOND  =         0.0000  RESTRAINT  =         0.0000
 EKCMT  =         0.0000  VIRIAL  =         0.0000  VOLUME     =     45044.8720
                                                    Density    =         0.9991
 DV/DL  =      -189.9804
 ------------------------------------------------------------------------------


MBAR Energy analysis:
Energy at 0.0000 =    -14417.550412
Energy at 0.0000 =    -14417.550412
Energy at 0.2000 =    -14463.627711
Energy at 0.2000 =    -14463.627711
Energy at 0.5000 =    -14521.708077
Energy at 0.5000 =    -14521.708077
Energy at 0.6000 =    -14540.591583
Energy at 0.6000 =    -14540.591583
Energy at 1.0000 =    -14615.618900
Energy at 1.0000 =    -14615.618900
 ------------------------------------------------------------------------------


| TI region  1


 NSTEP =      800   TIME(PS) =     325.600  TEMP(K) =   301.89  PRESS =     0.0
 Etot   =    -11833.1556  EKtot   =      2707.4360  EPtot      =    -14540.5916
 BOND   =        12.8813  ANGLE   =        31.8459  DIHED      =        40.8355
 1-4 NB =        15.3560  1-4 EEL =      -509.5504  VDWAALS    =      2156.2006
 EELEC  =    -16288.1605  EHBOND  =         0.0000  RESTRAINT  =         0.0000
 EKCMT  =         0.0000  VIRIAL  =         0.0000  VOLUME     =     45177.8952
                                                    Density    =         0.9962
 DV/DL  =      -188.3935
 ------------------------------------------------------------------------------

  Softcore part of the system:       2 atoms,       TEMP(K)    =         303.66
 SC_Etot=         3.3280  SC_EKtot=         1.8103  SC_EPtot   =         1.5177
 SC_BOND=         0.4235  SC_ANGLE=         0.8960  SC_DIHED   =         0.1983
 SC_14NB=         0.0000  SC_14EEL=         0.0000  SC_VDW     =         0.0000
 SC_EEL =         0.0000
 SC_RES_DIST=     0.0000  SC_RES_ANG=       0.0000  SC_RES_TORS=         0.0000
 SC_EEL_DER=      0.0000  SC_VDW_DER=      -0.8252  SC_DERIV   =        -0.8252
 ------------------------------------------------------------------------------


| TI region  2


 NSTEP =      800   TIME(PS) =     325.600  TEMP(K) =   301.89  PRESS =     0.0
 Etot   =    -11834.9659  EKtot   =      2705.6256  EPtot      =    -14540.5916
 BOND   =        12.8813  ANGLE   =        31.8459  DIHED      =        40.8355
 1-4 NB =        15.3560  1-4 EEL =      -509.5504  VDWAALS    =      2156.2006
 EELEC  =    -16288.1605  EHBOND  =         0.0000  RESTRAINT  =         0.0000
 EKCMT  =         0.0000  VIRIAL  =         0.0000  VOLUME     =     45177.8952
                                                    Density    =         0.9962
 DV/DL  =      -188.3935
 ------------------------------------------------------------------------------


MBAR Energy analysis:
Energy at 0.0000 =    -14353.828363
Energy at 0.0000 =    -14353.828363
Energy at 0.2000 =    -14398.416290
Energy at 0.2000 =    -14398.416290
Energy at 0.5000 =    -14460.705832
Energy at 0.5000 =    -14460.705832
Energy at 0.6000 =    -14481.185423
Energy at 0.6000 =    -14481.185423
Energy at 1.0000 =    -14562.731716
Energy at 1.0000 =    -14562.731716
 ------------------------------------------------------------------------------


| TI region  1


 NSTEP =      850   TIME(PS) =     325.700  TEMP(K) =   299.03  PRESS =     0.0
 Etot   =    -11799.4395  EKtot   =      2681.7459  EPtot      =    -14481.1854
 BOND   =        10.7188  ANGLE   =        42.3422  DIHED      =        44.0685
 1-4 NB =        16.6533  1-4 EEL =      -510.0271  VDWAALS    =      2032.4025
 EELEC  =    -16117.3437  EHBOND  =         0.0000  RESTRAINT  =         0.0000
 EKCMT  =         0.0000  VIRIAL  =         0.0000  VOLUME     =     45177.8952
                                                    Density    =         0.9962
 DV/DL  =      -204.4883
 ------------------------------------------------------------------------------

  Softcore part of the system:       2 atoms,       TEMP(K)    =         213.52
 SC_Etot=         4.6901  SC_EKtot=         1.2729  SC_EPtot   =         3.4171
 SC_BOND=         0.2645  SC_ANGLE=         2.7726  SC_DIHED   =         0.3800
 SC_14NB=         0.0000  SC_14EEL=         0.0000  SC_VDW     =         0.0000
 SC_EEL =         0.0000
 SC_RES_DIST=     0.0000  SC_RES_ANG=       0.0000  SC_RES_TORS=         0.0000
 SC_EEL_DER=      0.0000  SC_VDW_DER=      -0.6225  SC_DERIV   =        -0.6225
 ------------------------------------------------------------------------------


| TI region  2


 NSTEP =      850   TIME(PS) =     325.700  TEMP(K) =   299.09  PRESS =     0.0
 Etot   =    -11800.7124  EKtot   =      2680.4730  EPtot      =    -14481.1854
 BOND   =        10.7188  ANGLE   =        42.3422  DIHED      =        44.0685
 1-4 NB =        16.6533  1-4 EEL =      -510.0271  VDWAALS    =      2032.4025
 EELEC  =    -16117.3437  EHBOND  =         0.0000  RESTRAINT  =         0.0000
 EKCMT  =         0.0000  VIRIAL  =         0.0000  VOLUME     =     45177.8952
                                                    Density    =         0.9962
 DV/DL  =      -204.4883
 ------------------------------------------------------------------------------


MBAR Energy analysis:
Energy at 0.0000 =    -14357.936340
Energy at 0.0000 =    -14357.936340
Energy at 0.2000 =    -14395.943917
Energy at 0.2000 =    -14395.943917
Energy at 0.5000 =    -14452.087308
Energy at 0.5000 =    -14452.087308
Energy at 0.6000 =    -14470.701898
Energy at 0.6000 =    -14470.701898
Energy at 1.0000 =    -14544.962924
Energy at 1.0000 =    -14544.962924
 ------------------------------------------------------------------------------


| TI region  1


 NSTEP =      900   TIME(PS) =     325.800  TEMP(K) =   297.14  PRESS =     0.0
 Etot   =    -11805.9134  EKtot   =      2664.7885  EPtot      =    -14470.7019
 BOND   =        17.4171  ANGLE   =        25.6474  DIHED      =        39.3705
 1-4 NB =        15.6475  1-4 EEL =      -510.4831  VDWAALS    =      2020.1623
 EELEC  =    -16078.4637  EHBOND  =         0.0000  RESTRAINT  =         0.0000
 EKCMT  =         0.0000  VIRIAL  =         0.0000  VOLUME     =     45501.1759
                                                    Density    =         0.9892
 DV/DL  =      -185.9998
 ------------------------------------------------------------------------------

  Softcore part of the system:       2 atoms,       TEMP(K)    =         125.66
 SC_Etot=         2.9947  SC_EKtot=         0.7491  SC_EPtot   =         2.2456
 SC_BOND=         0.0431  SC_ANGLE=         2.1588  SC_DIHED   =         0.0437
 SC_14NB=         0.0000  SC_14EEL=         0.0000  SC_VDW     =         0.0000
 SC_EEL =         0.0000
 SC_RES_DIST=     0.0000  SC_RES_ANG=       0.0000  SC_RES_TORS=         0.0000
 SC_EEL_DER=      0.0000  SC_VDW_DER=      -0.3473  SC_DERIV   =        -0.3473
 ------------------------------------------------------------------------------


| TI region  2


 NSTEP =      900   TIME(PS) =     325.800  TEMP(K) =   297.25  PRESS =     0.0
 Etot   =    -11806.6625  EKtot   =      2664.0394  EPtot      =    -14470.7019
 BOND   =        17.4171  ANGLE   =        25.6474  DIHED      =        39.3705
 1-4 NB =        15.6475  1-4 EEL =      -510.4831  VDWAALS    =      2020.1623
 EELEC  =    -16078.4637  EHBOND  =         0.0000  RESTRAINT  =         0.0000
 EKCMT  =         0.0000  VIRIAL  =         0.0000  VOLUME     =     45501.1759
                                                    Density    =         0.9891
 DV/DL  =      -185.9998
 ------------------------------------------------------------------------------


MBAR Energy analysis:
Energy at 0.0000 =    -14299.462116
Energy at 0.0000 =    -14299.462116
Energy at 0.2000 =    -14361.868231
Energy at 0.2000 =    -14361.868231
Energy at 0.5000 =    -14425.600359
Energy at 0.5000 =    -14425.600359
Energy at 0.6000 =    -14445.966746
Energy at 0.6000 =    -14445.966746
Energy at 1.0000 =    -14526.602323
Energy at 1.0000 =    -14526.602323
 ------------------------------------------------------------------------------


| TI region  1


 NSTEP =      950   TIME(PS) =     325.900  TEMP(K) =   293.15  PRESS =     0.0
 Etot   =    -11816.8986  EKtot   =      2629.0681  EPtot      =    -14445.9667
 BOND   =         8.2860  ANGLE   =        42.2312  DIHED      =        40.9821
 1-4 NB =        15.5445  1-4 EEL =      -509.0831  VDWAALS    =      2072.6897
 EELEC  =    -16116.6173  EHBOND  =         0.0000  RESTRAINT  =         0.0000
 EKCMT  =         0.0000  VIRIAL  =         0.0000  VOLUME     =     45501.1759
                                                    Density    =         0.9892
 DV/DL  =      -202.9284
 ------------------------------------------------------------------------------

  Softcore part of the system:       2 atoms,       TEMP(K)    =         431.90
 SC_Etot=         5.1751  SC_EKtot=         2.5748  SC_EPtot   =         2.6003
 SC_BOND=         0.4067  SC_ANGLE=         1.9526  SC_DIHED   =         0.2409
 SC_14NB=         0.0000  SC_14EEL=         0.0000  SC_VDW     =         0.0000
 SC_EEL =         0.0000
 SC_RES_DIST=     0.0000  SC_RES_ANG=       0.0000  SC_RES_TORS=         0.0000
 SC_EEL_DER=      0.0000  SC_VDW_DER=      -1.3395  SC_DERIV   =        -1.3395
 ------------------------------------------------------------------------------


| TI region  2


 NSTEP =      950   TIME(PS) =     325.900  TEMP(K) =   293.06  PRESS =     0.0
 Etot   =    -11819.4735  EKtot   =      2626.4933  EPtot      =    -14445.9667
 BOND   =         8.2860  ANGLE   =        42.2312  DIHED      =        40.9821
 1-4 NB =        15.5445  1-4 EEL =      -509.0831  VDWAALS    =      2072.6897
 EELEC  =    -16116.6173  EHBOND  =         0.0000  RESTRAINT  =         0.0000
 EKCMT  =         0.0000  VIRIAL  =         0.0000  VOLUME     =     45501.1759
                                                    Density    =         0.9891
 DV/DL  =      -202.9284
 ------------------------------------------------------------------------------


MBAR Energy analysis:
Energy at 0.0000 =    -14374.644818
Energy at 0.0000 =    -14374.644818
Energy at 0.2000 =    -14417.658045
Energy at 0.2000 =    -14417.658045
Energy at 0.5000 =    -14474.701076
Energy at 0.5000 =    -14474.701076
Energy at 0.6000 =    -14493.336331
Energy at 0.6000 =    -14493.336331
Energy at 1.0000 =    -14567.437550
Energy at 1.0000 =    -14567.437550
 ------------------------------------------------------------------------------


| TI region  1


 NSTEP =     1000   TIME(PS) =     326.000  TEMP(K) =   297.99  PRESS =     0.0
 Etot   =    -11820.9320  EKtot   =      2672.4043  EPtot      =    -14493.3363
 BOND   =        11.1787  ANGLE   =        27.4555  DIHED      =        42.5358
 1-4 NB =        13.8796  1-4 EEL =      -504.2471  VDWAALS    =      2050.7732
 EELEC  =    -16134.9120  EHBOND  =         0.0000  RESTRAINT  =         0.0000
 EKCMT  =         0.0000  VIRIAL  =         0.0000  VOLUME     =     45823.4456
                                                    Density    =         0.9822
 DV/DL  =      -185.9771
 ------------------------------------------------------------------------------

  Softcore part of the system:       2 atoms,       TEMP(K)    =         172.07
 SC_Etot=         3.5309  SC_EKtot=         1.0258  SC_EPtot   =         2.5051
 SC_BOND=         0.5002  SC_ANGLE=         1.9162  SC_DIHED   =         0.0886
 SC_14NB=         0.0000  SC_14EEL=         0.0000  SC_VDW     =         0.0000
 SC_EEL =         0.0000
 SC_RES_DIST=     0.0000  SC_RES_ANG=       0.0000  SC_RES_TORS=         0.0000
 SC_EEL_DER=      0.0000  SC_VDW_DER=      -0.7241  SC_DERIV   =        -0.7241
 ------------------------------------------------------------------------------


| TI region  2


 NSTEP =     1000   TIME(PS) =     326.000  TEMP(K) =   298.07  PRESS =     0.0
 Etot   =    -11821.9578  EKtot   =      2671.3785  EPtot      =    -14493.3363
 BOND   =        11.1787  ANGLE   =        27.4555  DIHED      =        42.5358
 1-4 NB =        13.8796  1-4 EEL =      -504.2471  VDWAALS    =      2050.7732
 EELEC  =    -16134.9120  EHBOND  =         0.0000  RESTRAINT  =         0.0000
 EKCMT  =         0.0000  VIRIAL  =         0.0000  VOLUME     =     45823.4456
                                                    Density    =         0.9821
 DV/DL  =      -185.9771
 ------------------------------------------------------------------------------

|===============================================================================

| TI region  1


      A V E R A G E S   O V E R    1000 S T E P S


 NSTEP =     1000   TIME(PS) =     326.000  TEMP(K) =   299.56  PRESS =     0.0
 Etot   =    -11804.6347  EKtot   =      2686.5345  EPtot      =    -14491.1692
 BOND   =        12.7179  ANGLE   =        32.6197  DIHED      =        40.7768
 1-4 NB =        15.9630  1-4 EEL =      -509.3356  VDWAALS    =      2102.2973
 EELEC  =    -16186.2084  EHBOND  =         0.0000  RESTRAINT  =         0.0000
 EKCMT  =         0.0000  VIRIAL  =         0.0000  VOLUME     =     45087.6143
                                                    Density    =         0.9983
 DV/DL  =      -187.1365
 ------------------------------------------------------------------------------

  Softcore part of the system:       2 atoms,       TEMP(K)    =         290.16
 SC_Etot=         4.2720  SC_EKtot=         1.7298  SC_EPtot   =         2.5422
 SC_BOND=         0.4598  SC_ANGLE=         1.6193  SC_DIHED   =         0.4631
 SC_14NB=         0.0000  SC_14EEL=         0.0000  SC_VDW     =         0.0000
 SC_EEL =         0.0000
 SC_RES_DIST=     0.0000  SC_RES_ANG=       0.0000  SC_RES_TORS=         0.0000
 SC_EEL_DER=      0.0000  SC_VDW_DER=      -0.7592  SC_DERIV   =        -0.7592
 ------------------------------------------------------------------------------


      R M S  F L U C T U A T I O N S


 NSTEP =     1000   TIME(PS) =     326.000  TEMP(K) =     3.73  PRESS =     0.0
 Etot   =        35.0650  EKtot   =        33.4501  EPtot      =        40.1358
 BOND   =         3.0123  ANGLE   =         3.8501  DIHED      =         2.2030
 1-4 NB =         1.2165  1-4 EEL =         4.2313  VDWAALS    =        57.5320
 EELEC  =        73.6937  EHBOND  =         0.0000  RESTRAINT  =         0.0000
 EKCMT  =         0.0000  VIRIAL  =         0.0000  VOLUME     =       155.5641
                                                    Density    =         0.0034
 DV/DL  =         6.0955
 ------------------------------------------------------------------------------

  Softcore part of the system:       2 atoms,       TEMP(K)    =         152.66
 SC_Etot=         1.2969  SC_EKtot=         0.9101  SC_EPtot   =         1.0402
 SC_BOND=         0.4486  SC_ANGLE=         0.8281  SC_DIHED   =         0.4094
 SC_14NB=         0.0000  SC_14EEL=         0.0000  SC_VDW     =         0.0000
 SC_EEL =         0.0000
 SC_RES_DIST=     0.0000  SC_RES_ANG=       0.0000  SC_RES_TORS=         0.0000
 SC_EEL_DER=      0.0000  SC_VDW_DER=       0.4330  SC_DERIV   =         0.4330
 ------------------------------------------------------------------------------


| TI region  2


      A V E R A G E S   O V E R    1000 S T E P S


 NSTEP =     1000   TIME(PS) =     326.000  TEMP(K) =   299.57  PRESS =     0.0
 Etot   =    -11806.3645  EKtot   =      2684.8047  EPtot      =    -14491.1692
 BOND   =        12.7179  ANGLE   =        32.6197  DIHED      =        40.7768
 1-4 NB =        15.9630  1-4 EEL =      -509.3356  VDWAALS    =      2102.2973
 EELEC  =    -16186.2084  EHBOND  =         0.0000  RESTRAINT  =         0.0000
 EKCMT  =         0.0000  VIRIAL  =         0.0000  VOLUME     =     45087.6143
                                                    Density    =         0.9982
 DV/DL  =      -187.1365
 ------------------------------------------------------------------------------


      R M S  F L U C T U A T I O N S


 NSTEP =     1000   TIME(PS) =     326.000  TEMP(K) =     3.73  PRESS =     0.0
 Etot   =        34.9708  EKtot   =        33.4155  EPtot      =        40.1358
 BOND   =         3.0123  ANGLE   =         3.8501  DIHED      =         2.2030
 1-4 NB =         1.2165  1-4 EEL =         4.2313  VDWAALS    =        57.5320
 EELEC  =        73.6937  EHBOND  =         0.0000  RESTRAINT  =         0.0000
 EKCMT  =         0.0000  VIRIAL  =         0.0000  VOLUME     =       155.5641
                                                    Density    =         0.0034
 DV/DL  =         6.0955
 ------------------------------------------------------------------------------


      DV/DL, AVERAGES OVER    1000 STEPS


 NSTEP =     1000   TIME(PS) =     326.000  TEMP(K) =     3.73  PRESS =     0.0
 Etot   =         0.0000  EKtot   =         0.0000  EPtot      =      -185.2830
 BOND   =         0.0000  ANGLE   =         0.0000  DIHED      =         0.0000
 1-4 NB =        -0.0450  1-4 EEL =      -205.5883  VDWAALS    =        -0.7463
 EELEC  =        20.0022  EHBOND  =         0.0000  RESTRAINT  =         0.0000
 EKCMT  =         0.0000  VIRIAL  =         0.0000  VOLUME     =         0.0000
                                                    Density    =         0.0000
 DV/DL  =      -185.2830
 ------------------------------------------------------------------------------

|===============================================================================

| TI region  1


      A V E R A G E S   O V E R    1000 S T E P S


 NSTEP =     1000   TIME(PS) =     326.000  TEMP(K) =   299.56  PRESS =     0.0
 Etot   =    -11804.6347  EKtot   =      2686.5345  EPtot      =    -14491.1692
 BOND   =        12.7179  ANGLE   =        32.6197  DIHED      =        40.7768
 1-4 NB =        15.9630  1-4 EEL =      -509.3356  VDWAALS    =      2102.2973
 EELEC  =    -16186.2084  EHBOND  =         0.0000  RESTRAINT  =         0.0000
 EKCMT  =         0.0000  VIRIAL  =         0.0000  VOLUME     =     45087.6143
                                                    Density    =         0.9983
 DV/DL  =      -187.1365
 ------------------------------------------------------------------------------

  Softcore part of the system:       2 atoms,       TEMP(K)    =         290.16
 SC_Etot=         4.2720  SC_EKtot=         1.7298  SC_EPtot   =         2.5422
 SC_BOND=         0.4598  SC_ANGLE=         1.6193  SC_DIHED   =         0.4631
 SC_14NB=         0.0000  SC_14EEL=         0.0000  SC_VDW     =         0.0000
 SC_EEL =         0.0000
 SC_RES_DIST=     0.0000  SC_RES_ANG=       0.0000  SC_RES_TORS=         0.0000
 SC_EEL_DER=      0.0000  SC_VDW_DER=      -0.7592  SC_DERIV   =        -0.7592
 ------------------------------------------------------------------------------


      R M S  F L U C T U A T I O N S


 NSTEP =     1000   TIME(PS) =     326.000  TEMP(K) =     3.73  PRESS =     0.0
 Etot   =        35.0650  EKtot   =        33.4501  EPtot      =        40.1358
 BOND   =         3.0123  ANGLE   =         3.8501  DIHED      =         2.2030
 1-4 NB =         1.2165  1-4 EEL =         4.2313  VDWAALS    =        57.5320
 EELEC  =        73.6937  EHBOND  =         0.0000  RESTRAINT  =         0.0000
 EKCMT  =         0.0000  VIRIAL  =         0.0000  VOLUME     =       155.5641
                                                    Density    =         0.0034
 DV/DL  =         6.0955
 ------------------------------------------------------------------------------

  Softcore part of the system:       2 atoms,       TEMP(K)    =         152.66
 SC_Etot=         1.2969  SC_EKtot=         0.9101  SC_EPtot   =         1.0402
 SC_BOND=         0.4486  SC_ANGLE=         0.8281  SC_DIHED   =         0.4094
 SC_14NB=         0.0000  SC_14EEL=         0.0000  SC_VDW     =         0.0000
 SC_EEL =         0.0000
 SC_RES_DIST=     0.0000  SC_RES_ANG=       0.0000  SC_RES_TORS=         0.0000
 SC_EEL_DER=      0.0000  SC_VDW_DER=       0.4330  SC_DERIV   =         0.4330
 ------------------------------------------------------------------------------


| TI region  2


      A V E R A G E S   O V E R    1000 S T E P S


 NSTEP =     1000   TIME(PS) =     326.000  TEMP(K) =   299.57  PRESS =     0.0
 Etot   =    -11806.3645  EKtot   =      2684.8047  EPtot      =    -14491.1692
 BOND   =        12.7179  ANGLE   =        32.6197  DIHED      =        40.7768
 1-4 NB =        15.9630  1-4 EEL =      -509.3356  VDWAALS    =      2102.2973
 EELEC  =    -16186.2084  EHBOND  =         0.0000  RESTRAINT  =         0.0000
 EKCMT  =         0.0000  VIRIAL  =         0.0000  VOLUME     =     45087.6143
                                                    Density    =         0.9982
 DV/DL  =      -187.1365
 ------------------------------------------------------------------------------


      R M S  F L U C T U A T I O N S


 NSTEP =     1000   TIME(PS) =     326.000  TEMP(K) =     3.73  PRESS =     0.0
 Etot   =        34.9708  EKtot   =        33.4155  EPtot      =        40.1358
 BOND   =         3.0123  ANGLE   =         3.8501  DIHED      =         2.2030
 1-4 NB =         1.2165  1-4 EEL =         4.2313  VDWAALS    =        57.5320
 EELEC  =        73.6937  EHBOND  =         0.0000  RESTRAINT  =         0.0000
 EKCMT  =         0.0000  VIRIAL  =         0.0000  VOLUME     =       155.5641
                                                    Density    =         0.0034
 DV/DL  =         6.0955
 ------------------------------------------------------------------------------


      DV/DL, AVERAGES OVER    1000 STEPS


 NSTEP =     1000   TIME(PS) =     326.000  TEMP(K) =     3.73  PRESS =     0.0
 Etot   =         0.0000  EKtot   =         0.0000  EPtot      =      -185.2830
 BOND   =         0.0000  ANGLE   =         0.0000  DIHED      =         0.0000
 1-4 NB =        -0.0450  1-4 EEL =      -205.5883  VDWAALS    =        -0.7463
 EELEC  =        20.0022  EHBOND  =         0.0000  RESTRAINT  =         0.0000
 EKCMT  =         0.0000  VIRIAL  =         0.0000  VOLUME     =         0.0000
                                                    Density    =         0.0000
 DV/DL  =      -185.2830
 ------------------------------------------------------------------------------

| MC Barostat:         10 volume changes attempted.
| MC Barostat:          5 changes successful ( 50.00%)
 ------------------------------------------------------------------------------

--------------------------------------------------------------------------------
   5.  TIMINGS
--------------------------------------------------------------------------------

|  NonSetup CPU Time in Major Routines:
|
|     Routine           Sec        %
|     ------------------------------
|     Nonbond           0.42   81.66
|     Bond              0.00    0.00
|     Angle             0.00    0.00
|     Dihedral          0.00    0.00
|     Shake             0.00    0.68
|     RunMD             0.09   16.49
|     Other             0.01    1.18
|     ------------------------------
|     Total             0.52

|  PME Nonbond Pairlist CPU Time:
|
|     Routine              Sec        %
|     ---------------------------------
|     Set Up Cit           0.00    0.00
|     Build List           0.00    0.00
|     ---------------------------------
|     Total                0.00    0.00

|  PME Direct Force CPU Time:
|
|     Routine              Sec        %
|     ---------------------------------
|     NonBonded Calc       0.00    0.00
|     Exclude Masked       0.00    0.00
|     Other                0.00    0.40
|     ---------------------------------
|     Total                0.00    0.40

|  PME Reciprocal Force CPU Time:
|
|     Routine              Sec        %
|     ---------------------------------
|     1D bspline           0.00    0.00
|     Grid Charges         0.00    0.00
|     Scalar Sum           0.00    0.00
|     Gradient Sum         0.00    0.00
|     FFT                  0.00    0.00
|     ---------------------------------
|     Total                0.00    0.00

|  Final Performance Info:
|     -----------------------------------------------------
|     Average timings for last     950 steps:
|     Elapsed(s) =       0.50 Per Step(ms) =       0.52
|         ns/day =     331.12   seconds/ns =     260.93
|
|     Average timings for all steps:
|     Elapsed(s) =       0.53 Per Step(ms) =       0.53
|         ns/day =     328.40   seconds/ns =     263.09
|     -----------------------------------------------------

|  Setup CPU time:            0.84 seconds
|  NonSetup CPU time:         0.52 seconds
|  Total CPU time:            1.35 seconds     0.00 hours

|  Setup wall time:           1    seconds
|  NonSetup wall time:        1    seconds
|  Total wall time:           2    seconds     0.00 hours
