
          -------------------------------------------------------
          Amber 20 PMEMD                              2020
          -------------------------------------------------------

| PMEMD implementation of SANDER, Release 18

|  Compiled date/time: Tue Apr 28 09:19:54 2020
| Run on 07/19/2024 at 17:15:09

|   Executable path: pmemd.cuda_SPFP
| Working directory: /nfs/zli_gpu2/bin/developed_softwares/CAR_method/example/0.0_0.6_0.6
|          Hostname: compute-0-9.local

  [-O]verwriting output

File Assignments:
|   MDIN: prod2.in                                                              
|  MDOUT: prod2.out                                                             
| INPCRD: prev_cen.rst                                                          
|   PARM: ../lM2A.prmtop                                                        
| RESTRT: prod2.rst                                                             
|   REFC: refc                                                                  
|  MDVEL: mdvel                                                                 
|   MDEN: mden                                                                  
|  MDCRD: prod2.netcdf                                                          
| MDINFO: prod2.mdinfo                                                          
|  MDFRC: mdfrc                                                                 


 Here is the input file:

NVT MD w/No position restraints and PME (sander)                               
 &cntrl                                                                        
  ntx    = 5,                                                                  
  irest  = 1,                                                                  
  ntpr   = 50,                                                                 
  ntwx   = 10000,                                                              
  ntwe   = 10000,                                                              
  ntwr   = 10000,                                                              
  ig     = -1,                                                                 
                                                                               
  ntb    = 2,                                                                  
  ntp = 1, pres0 = 1.0, taup = 2.0,gamma_ln = 2.0,                             
  cut    = 10.0,                                                               
  iwrap  = 1,                                                                  
  barostat = 2,                                                                
                                                                               
  t      = 0.0,                                                                
  dt     = 0.002,                                                              
                                                                               
  temp0  = 300.0,                                                              
  tempi  = 300.0,                                                              
  ntt    = 3,                                                                  
  tautp  = 2.0,                                                                
                                                                               
  ntf    = 1,                                                                  
  ntc    = 2,                                                                  
  iwrap=1, ioutfm=1, ntwv=-1,ntave=1000,                                       
  bar_intervall = 50,                                                          
  icfe = 1, ifsc = 1,                                                          
  timask1=':1,2',                                                              
  timask2=':3',                                                                
  scmask1=':2',                                                                
  scmask2='',                                                                  
  ifmbar = 1,                                                                  
  nstlim = 1000,                                                               
  clambda = 0.6,                                                               
  mbar_states = 10,                                                            
  mbar_lambda = 0.0, 0.0, 0.2, 0.2, 0.5, 0.5, 0.6, 0.6, 1.0, 1.0,              
&end                                                                           
 /                                                                             


Note: ig = -1. Setting random seed to    68804 based on wallclock time in 
      microseconds.
| irandom = 1, using AMBER's internal random number generator (default).
 
|--------------------- INFORMATION ----------------------
| GPU (CUDA) Version of PMEMD in use: NVIDIA GPU IN USE.
|                    Version 18.0.0
| 
|                      03/25/2018
| 
| Implementation by:
|                    Ross C. Walker     (SDSC)
|                    Scott Le Grand     (nVIDIA)
| 
| Version 18 performance extensions by:
|                    David Cerutti     (Rutgers)
| 
| Precision model in use:
|      [SPFP] - Single Precision Forces, 64-bit Fixed Point
|               Accumulation. (Default)
| 
|--------------------------------------------------------
 
|----------------- CITATION INFORMATION -----------------
|
|    When publishing work that utilized the CUDA version
|    of AMBER, please cite the following in addition to
|    the regular AMBER citations:
|
|  - Romelia Salomon-Ferrer; Andreas W. Goetz; Duncan
|    Poole; Scott Le Grand; Ross C. Walker "Routine
|    microsecond molecular dynamics simulations with
|    AMBER - Part II: Particle Mesh Ewald", J. Chem.
|    Theory Comput., 2013, 9 (9), pp3878-3888,
|    DOI: 10.1021/ct400314y.
|
|  - Andreas W. Goetz; Mark J. Williamson; Dong Xu;
|    Duncan Poole; Scott Le Grand; Ross C. Walker
|    "Routine microsecond molecular dynamics simulations
|    with AMBER - Part I: Generalized Born", J. Chem.
|    Theory Comput., 2012, 8 (5), pp1542-1555.
|
|  - Scott Le Grand; Andreas W. Goetz; Ross C. Walker
|    "SPFP: Speed without compromise - a mixed precision
|    model for GPU accelerated molecular dynamics
|    simulations.", Comp. Phys. Comm., 2013, 184
|    pp374-380, DOI: 10.1016/j.cpc.2012.09.022
|
|    When publishing work that utilized the CUDA version
|    of TI, BAR, MBAR or FEP please cite the following 
|    publications in addition to the regular AMBER 
|    GPU citations:
|
|  - Daniel J. Mermelstein; Charles Lin; Gard Nelson; 
|    Rachael Kretsch; J. Andrew McCammon; Ross C. Walker
|    "Fast and Flexible GPU Accelerated Binding 
|    Free Energy Calculations within the AMBER Molecular
|    Dynamics Package" J. Comp. Chem., 2018,
|    DOI: 10.1002/jcc.25187
|
|  - Tai-Sung Lee; Yuan Hu; Brad Sherborne; Zhuyan Guo;
|    Darrin M. York
|    "Toward Fast and Accurate Binding Affinity Prediction with
|    pmemdGTI: An Efficient Implementation of GPU-Accelerated
|    Thermodynamic Integration"
|    J. Chem. Theory Comput., 2017, 13 (7), 3077
|
|
|--------------------------------------------------------
 
|------------------- GPU DEVICE INFO --------------------
|
|            CUDA_VISIBLE_DEVICES: not set
|   CUDA Capable Devices Detected:      5
|           CUDA Device ID in use:      0
|                CUDA Device Name: NVIDIA GeForce RTX 3070
|     CUDA Device Global Mem Size:   7982 MB
| CUDA Device Num Multiprocessors:     46
|           CUDA Device Core Freq:   1.73 GHz
|
|--------------------------------------------------------
 
 
| Conditional Compilation Defines Used:
| PUBFFT
| BINTRAJ
| CUDA
| EMIL

| Largest sphere to fit in unit cell has radius =    17.409

| New format PARM file being parsed.
| Version =    1.000 Date = 08/02/22 Time = 19:36:52

| Note: 1-4 EEL scale factors are being read from the topology file.

| Note: 1-4 VDW scale factors are being read from the topology file.
| Duplicated    0 dihedrals

| Duplicated    0 dihedrals

--------------------------------------------------------------------------------
   1.  RESOURCE   USE: 
--------------------------------------------------------------------------------

 getting new box info from bottom of inpcrd
 NATOM  =    4548 NTYPES =      17 NBONH =    4492 MBONA  =      62
 NTHETH =     105 MTHETA =      88 NPHIH =     188 MPHIA  =     154
 NHPARM =       0 NPARM  =       0 NNB   =    6494 NRES   =    1485
 NBONA  =      62 NTHETA =      88 NPHIA =     154 NUMBND =      22
 NUMANG =      36 NPTRA  =      19 NATYP =      18 NPHB   =       1
 IFBOX  =       1 NMXRS  =      50 IFCAP =       0 NEXTRA =       0
 NCOPY  =       0

| Coordinate Index Table dimensions:     6    6    6
| Direct force subcell size =     5.8912    6.1204    5.8028

     BOX TYPE: RECTILINEAR

--------------------------------------------------------------------------------
   2.  CONTROL  DATA  FOR  THE  RUN
--------------------------------------------------------------------------------

default_name                                                                    

General flags:
     imin    =       0, nmropt  =       0

Nature and format of input:
     ntx     =       5, irest   =       1, ntrx    =       1

Nature and format of output:
     ntxo    =       2, ntpr    =      50, ntrx    =       1, ntwr    =   10000
     iwrap   =       1, ntwx    =   10000, ntwv    =      -1, ntwe    =   10000
     ioutfm  =       1, ntwprt  =       0, idecomp =       0, rbornstat=      0

Potential function:
     ntf     =       1, ntb     =       2, igb     =       0, nsnb    =      25
     ipol    =       0, gbsa    =       0, iesp    =       0
     dielc   =   1.00000, cut     =  10.00000, intdiel =   1.00000

Frozen or restrained atoms:
     ibelly  =       0, ntr     =       0

Molecular dynamics:
     nstlim  =      1000, nscm    =      1000, nrespa  =         1
     t       =   0.00000, dt      =   0.00200, vlimit  =  -1.00000

Langevin dynamics temperature regulation:
     ig      =   68804
     temp0   = 300.00000, tempi   = 300.00000, gamma_ln=   2.00000

Pressure regulation:
     ntp     =       1
     pres0   =   1.00000, comp    =  44.60000, taup    =   2.00000
     Monte-Carlo Barostat:
     mcbarint  =     100

SHAKE:
     ntc     =       2, jfastw  =       0
     tol     =   0.00001

Free energy options:
     icfe    =       1, ifsc    =       1, klambda =       1
     clambda =  0.6000, scalpha =  0.5000, scbeta  = 12.0000
     sceeorder =       2
     dynlmb =  0.0000 logdvdl =       0

FEP MBAR options:
     ifmbar  =       1,  bar_intervall =       50
     mbar_states =      10

| Intermolecular bonds treatment:
|     no_intermolecular_bonds =       1

| Energy averages sample interval:
|     ene_avg_sampling =       1

Ewald parameters:
     verbose =       0, ew_type =       0, nbflag  =       1, use_pme =       1
     vdwmeth =       1, eedmeth =       1, netfrc  =       1
     Box X =   35.347   Box Y =   36.723   Box Z =   34.817
     Alpha =   90.000   Beta  =   90.000   Gamma =   90.000
     NFFT1 =   36       NFFT2 =   40       NFFT3 =   36
     Cutoff=   10.000   Tol   =0.100E-04
     Ewald Coefficient =  0.27511
     Interpolation order =    4
     TI Mask 1 :1,2; matches     52 atoms
     TI Mask 2 :3; matches     50 atoms
     TI region 1:    4498 atoms
     TI region 2:    4496 atoms
     SC Mask 1 :2; matches      2 atoms

    MBAR - lambda values considered:
      10 total:  0.0000 0.0000 0.2000 0.2000 0.5000 0.5000 0.6000 0.6000 1.0000 1.0000
    Extra energies will be computed     20 times.
| MONTE CARLO BAROSTAT IMPORTANT NOTE:
|   The Monte-Carlo barostat does not require the virial to adjust the system volume.
|   Since it is an expensive calculation, it is skipped for efficiency. A side-effect
|   is that the reported pressure is always 0 because it is not calculated.

--------------------------------------------------------------------------------
   3.  ATOMIC COORDINATES AND VELOCITIES
--------------------------------------------------------------------------------

Cpptraj Generated Restart                                                       
 begin time read from input coords =   322.000 ps

 
     Molecule     1 is partially softcore
     Molecule     2 is partially softcore
 Number of triangulated 3-point waters found:     1482
   Removing shake constraints from HX1   LBM   2 -- N26   LAM   1
   Removing shake constraints from H23   LBM   2 -- N26   LAM   1
 Number of shake restraints removed in TI region  1 :        2
 Number of shake restraints removed in TI region  2 :        0

     Sum of charges for TI region  1 =  -0.00249680
     Skip neutralizing charges...


     Sum of charges for TI region  2 =  -0.00299999
     Skip neutralizing charges...

| Dynamic Memory, Types Used:
| Reals              376231
| Integers           194647

| Nonbonded Pairs Initial Allocation:     1375656

| GPU memory information (estimate):
| KB of GPU memory in use:     42305
| KB of CPU memory in use:     18371

--------------------------------------------------------------------------------
   4.  RESULTS
--------------------------------------------------------------------------------

   DOF for the SC part  1 of the system:    6

MBAR Energy analysis:
Energy at 0.0000 =    -14286.464117
Energy at 0.0000 =    -14286.464117
Energy at 0.2000 =    -14323.273239
Energy at 0.2000 =    -14323.273239
Energy at 0.5000 =    -14378.222753
Energy at 0.5000 =    -14378.222753
Energy at 0.6000 =    -14396.506545
Energy at 0.6000 =    -14396.506545
Energy at 1.0000 =    -14469.575172
Energy at 1.0000 =    -14469.575172
 ------------------------------------------------------------------------------


| TI region  1


 NSTEP =       50   TIME(PS) =     322.100  TEMP(K) =   297.24  PRESS =     0.0
 Etot   =    -11730.8053  EKtot   =      2665.7013  EPtot      =    -14396.5065
 BOND   =         9.2124  ANGLE   =        37.5457  DIHED      =        43.5804
 1-4 NB =        16.0301  1-4 EEL =      -511.4800  VDWAALS    =      2042.1714
 EELEC  =    -16033.5665  EHBOND  =         0.0000  RESTRAINT  =         0.0000
 EKCMT  =         0.0000  VIRIAL  =         0.0000  VOLUME     =     45194.0461
                                                    Density    =         0.9959
 DV/DL  =      -182.7887
 ------------------------------------------------------------------------------

  Softcore part of the system:       2 atoms,       TEMP(K)    =         405.74
 SC_Etot=         5.6203  SC_EKtot=         2.4188  SC_EPtot   =         3.2014
 SC_BOND=         0.9343  SC_ANGLE=         2.2326  SC_DIHED   =         0.0345
 SC_14NB=         0.0000  SC_14EEL=         0.0000  SC_VDW     =         0.0000
 SC_EEL =         0.0000
 SC_RES_DIST=     0.0000  SC_RES_ANG=       0.0000  SC_RES_TORS=         0.0000
 SC_EEL_DER=      0.0000  SC_VDW_DER=      -0.1171  SC_DERIV   =        -0.1171
 ------------------------------------------------------------------------------


| TI region  2


 NSTEP =       50   TIME(PS) =     322.100  TEMP(K) =   297.17  PRESS =     0.0
 Etot   =    -11733.2241  EKtot   =      2663.2824  EPtot      =    -14396.5065
 BOND   =         9.2124  ANGLE   =        37.5457  DIHED      =        43.5804
 1-4 NB =        16.0301  1-4 EEL =      -511.4800  VDWAALS    =      2042.1714
 EELEC  =    -16033.5665  EHBOND  =         0.0000  RESTRAINT  =         0.0000
 EKCMT  =         0.0000  VIRIAL  =         0.0000  VOLUME     =     45194.0461
                                                    Density    =         0.9958
 DV/DL  =      -182.7887
 ------------------------------------------------------------------------------


MBAR Energy analysis:
Energy at 0.0000 =    -14269.730908
Energy at 0.0000 =    -14269.730908
Energy at 0.2000 =    -14315.126477
Energy at 0.2000 =    -14315.126477
Energy at 0.5000 =    -14371.939192
Energy at 0.5000 =    -14371.939192
Energy at 0.6000 =    -14390.398432
Energy at 0.6000 =    -14390.398432
Energy at 1.0000 =    -14463.736627
Energy at 1.0000 =    -14463.736627
 ------------------------------------------------------------------------------


| TI region  1


 NSTEP =      100   TIME(PS) =     322.200  TEMP(K) =   296.95  PRESS =     0.0
 Etot   =    -11727.3126  EKtot   =      2663.0859  EPtot      =    -14390.3984
 BOND   =        14.1401  ANGLE   =        32.3567  DIHED      =        43.3901
 1-4 NB =        16.2780  1-4 EEL =      -512.7272  VDWAALS    =      2002.1439
 EELEC  =    -15985.9801  EHBOND  =         0.0000  RESTRAINT  =         0.0000
 EKCMT  =         0.0000  VIRIAL  =         0.0000  VOLUME     =     45444.9708
                                                    Density    =         0.9904
 DV/DL  =      -184.1551
 ------------------------------------------------------------------------------

  Softcore part of the system:       2 atoms,       TEMP(K)    =         191.81
 SC_Etot=         4.5741  SC_EKtot=         1.1435  SC_EPtot   =         3.4306
 SC_BOND=         1.3167  SC_ANGLE=         1.3628  SC_DIHED   =         0.7512
 SC_14NB=         0.0000  SC_14EEL=         0.0000  SC_VDW     =         0.0000
 SC_EEL =         0.0000
 SC_RES_DIST=     0.0000  SC_RES_ANG=       0.0000  SC_RES_TORS=         0.0000
 SC_EEL_DER=      0.0000  SC_VDW_DER=      -0.8096  SC_DERIV   =        -0.8096
 ------------------------------------------------------------------------------


| TI region  2


 NSTEP =      100   TIME(PS) =     322.200  TEMP(K) =   297.02  PRESS =     0.0
 Etot   =    -11728.4561  EKtot   =      2661.9424  EPtot      =    -14390.3984
 BOND   =        14.1401  ANGLE   =        32.3567  DIHED      =        43.3901
 1-4 NB =        16.2780  1-4 EEL =      -512.7272  VDWAALS    =      2002.1439
 EELEC  =    -15985.9801  EHBOND  =         0.0000  RESTRAINT  =         0.0000
 EKCMT  =         0.0000  VIRIAL  =         0.0000  VOLUME     =     45444.9708
                                                    Density    =         0.9903
 DV/DL  =      -184.1551
 ------------------------------------------------------------------------------


MBAR Energy analysis:
Energy at 0.0000 =    -14296.427865
Energy at 0.0000 =    -14296.427865
Energy at 0.2000 =    -14351.259859
Energy at 0.2000 =    -14351.259859
Energy at 0.5000 =    -14409.691454
Energy at 0.5000 =    -14409.691454
Energy at 0.6000 =    -14428.433497
Energy at 0.6000 =    -14428.433497
Energy at 1.0000 =    -14502.722412
Energy at 1.0000 =    -14502.722412
 ------------------------------------------------------------------------------


| TI region  1


 NSTEP =      150   TIME(PS) =     322.300  TEMP(K) =   295.07  PRESS =     0.0
 Etot   =    -11782.2283  EKtot   =      2646.2052  EPtot      =    -14428.4335
 BOND   =        14.4666  ANGLE   =        28.5858  DIHED      =        44.5437
 1-4 NB =        17.0209  1-4 EEL =      -509.0627  VDWAALS    =      2081.5276
 EELEC  =    -16105.5154  EHBOND  =         0.0000  RESTRAINT  =         0.0000
 EKCMT  =         0.0000  VIRIAL  =         0.0000  VOLUME     =     45444.9708
                                                    Density    =         0.9904
 DV/DL  =      -186.8121
 ------------------------------------------------------------------------------

  Softcore part of the system:       2 atoms,       TEMP(K)    =         246.09
 SC_Etot=         5.3514  SC_EKtot=         1.4671  SC_EPtot   =         3.8843
 SC_BOND=         1.2810  SC_ANGLE=         1.7420  SC_DIHED   =         0.8614
 SC_14NB=         0.0000  SC_14EEL=         0.0000  SC_VDW     =         0.0000
 SC_EEL =         0.0000
 SC_RES_DIST=     0.0000  SC_RES_ANG=       0.0000  SC_RES_TORS=         0.0000
 SC_EEL_DER=      0.0000  SC_VDW_DER=      -1.0898  SC_DERIV   =        -1.0898
 ------------------------------------------------------------------------------


| TI region  2


 NSTEP =      150   TIME(PS) =     322.300  TEMP(K) =   295.10  PRESS =     0.0
 Etot   =    -11783.6954  EKtot   =      2644.7381  EPtot      =    -14428.4335
 BOND   =        14.4666  ANGLE   =        28.5858  DIHED      =        44.5437
 1-4 NB =        17.0209  1-4 EEL =      -509.0627  VDWAALS    =      2081.5276
 EELEC  =    -16105.5154  EHBOND  =         0.0000  RESTRAINT  =         0.0000
 EKCMT  =         0.0000  VIRIAL  =         0.0000  VOLUME     =     45444.9708
                                                    Density    =         0.9903
 DV/DL  =      -186.8121
 ------------------------------------------------------------------------------


MBAR Energy analysis:
Energy at 0.0000 =    -14336.370796
Energy at 0.0000 =    -14336.370796
Energy at 0.2000 =    -14378.788307
Energy at 0.2000 =    -14378.788307
Energy at 0.5000 =    -14436.142106
Energy at 0.5000 =    -14436.142106
Energy at 0.6000 =    -14454.876280
Energy at 0.6000 =    -14454.876280
Energy at 1.0000 =    -14529.311632
Energy at 1.0000 =    -14529.311632
 ------------------------------------------------------------------------------


| TI region  1


 NSTEP =      200   TIME(PS) =     322.400  TEMP(K) =   302.85  PRESS =     0.0
 Etot   =    -11738.9022  EKtot   =      2715.9740  EPtot      =    -14454.8763
 BOND   =        10.0576  ANGLE   =        27.3393  DIHED      =        43.4123
 1-4 NB =        17.6869  1-4 EEL =      -512.7504  VDWAALS    =      2194.7942
 EELEC  =    -16235.4162  EHBOND  =         0.0000  RESTRAINT  =         0.0000
 EKCMT  =         0.0000  VIRIAL  =         0.0000  VOLUME     =     45444.9708
                                                    Density    =         0.9904
 DV/DL  =      -186.9262
 ------------------------------------------------------------------------------

  Softcore part of the system:       2 atoms,       TEMP(K)    =         559.62
 SC_Etot=         6.4457  SC_EKtot=         3.3362  SC_EPtot   =         3.1095
 SC_BOND=         0.9500  SC_ANGLE=         0.9122  SC_DIHED   =         1.2473
 SC_14NB=         0.0000  SC_14EEL=         0.0000  SC_VDW     =         0.0000
 SC_EEL =         0.0000
 SC_RES_DIST=     0.0000  SC_RES_ANG=       0.0000  SC_RES_TORS=         0.0000
 SC_EEL_DER=      0.0000  SC_VDW_DER=      -0.8378  SC_DERIV   =        -0.8378
 ------------------------------------------------------------------------------


| TI region  2


 NSTEP =      200   TIME(PS) =     322.400  TEMP(K) =   302.67  PRESS =     0.0
 Etot   =    -11742.2385  EKtot   =      2712.6378  EPtot      =    -14454.8763
 BOND   =        10.0576  ANGLE   =        27.3393  DIHED      =        43.4123
 1-4 NB =        17.6869  1-4 EEL =      -512.7504  VDWAALS    =      2194.7942
 EELEC  =    -16235.4162  EHBOND  =         0.0000  RESTRAINT  =         0.0000
 EKCMT  =         0.0000  VIRIAL  =         0.0000  VOLUME     =     45444.9708
                                                    Density    =         0.9903
 DV/DL  =      -186.9262
 ------------------------------------------------------------------------------


MBAR Energy analysis:
Energy at 0.0000 =    -14318.043068
Energy at 0.0000 =    -14318.043068
Energy at 0.2000 =    -14380.950056
Energy at 0.2000 =    -14380.950056
Energy at 0.5000 =    -14444.364882
Energy at 0.5000 =    -14444.364882
Energy at 0.6000 =    -14464.454291
Energy at 0.6000 =    -14464.454291
Energy at 1.0000 =    -14543.769345
Energy at 1.0000 =    -14543.769345
 ------------------------------------------------------------------------------


| TI region  1


 NSTEP =      250   TIME(PS) =     322.500  TEMP(K) =   305.85  PRESS =     0.0
 Etot   =    -11721.5464  EKtot   =      2742.9079  EPtot      =    -14464.4543
 BOND   =        13.3129  ANGLE   =        35.3753  DIHED      =        37.7276
 1-4 NB =        15.5597  1-4 EEL =      -520.1142  VDWAALS    =      2163.7828
 EELEC  =    -16210.0984  EHBOND  =         0.0000  RESTRAINT  =         0.0000
 EKCMT  =         0.0000  VIRIAL  =         0.0000  VOLUME     =     45444.9708
                                                    Density    =         0.9904
 DV/DL  =      -199.9765
 ------------------------------------------------------------------------------

  Softcore part of the system:       2 atoms,       TEMP(K)    =        1024.25
 SC_Etot=         9.3434  SC_EKtot=         6.1061  SC_EPtot   =         3.2373
 SC_BOND=         0.0690  SC_ANGLE=         1.6860  SC_DIHED   =         1.4824
 SC_14NB=         0.0000  SC_14EEL=         0.0000  SC_VDW     =         0.0000
 SC_EEL =         0.0000
 SC_RES_DIST=     0.0000  SC_RES_ANG=       0.0000  SC_RES_TORS=         0.0000
 SC_EEL_DER=      0.0000  SC_VDW_DER=      -1.6888  SC_DERIV   =        -1.6888
 ------------------------------------------------------------------------------


| TI region  2


 NSTEP =      250   TIME(PS) =     322.500  TEMP(K) =   305.37  PRESS =     0.0
 Etot   =    -11727.6525  EKtot   =      2736.8018  EPtot      =    -14464.4543
 BOND   =        13.3129  ANGLE   =        35.3753  DIHED      =        37.7276
 1-4 NB =        15.5597  1-4 EEL =      -520.1142  VDWAALS    =      2163.7828
 EELEC  =    -16210.0984  EHBOND  =         0.0000  RESTRAINT  =         0.0000
 EKCMT  =         0.0000  VIRIAL  =         0.0000  VOLUME     =     45444.9708
                                                    Density    =         0.9903
 DV/DL  =      -199.9765
 ------------------------------------------------------------------------------


MBAR Energy analysis:
Energy at 0.0000 =    -14347.050322
Energy at 0.0000 =    -14347.050322
Energy at 0.2000 =    -14386.467106
Energy at 0.2000 =    -14386.467106
Energy at 0.5000 =    -14442.136188
Energy at 0.5000 =    -14442.136188
Energy at 0.6000 =    -14460.416538
Energy at 0.6000 =    -14460.416538
Energy at 1.0000 =    -14533.124080
Energy at 1.0000 =    -14533.124080
 ------------------------------------------------------------------------------


| TI region  1


 NSTEP =      300   TIME(PS) =     322.600  TEMP(K) =   302.79  PRESS =     0.0
 Etot   =    -11744.9708  EKtot   =      2715.4458  EPtot      =    -14460.4165
 BOND   =        13.5727  ANGLE   =        28.8544  DIHED      =        39.4229
 1-4 NB =        14.1307  1-4 EEL =      -505.9790  VDWAALS    =      2018.7464
 EELEC  =    -16069.1646  EHBOND  =         0.0000  RESTRAINT  =         0.0000
 EKCMT  =         0.0000  VIRIAL  =         0.0000  VOLUME     =     45444.9708
                                                    Density    =         0.9904
 DV/DL  =      -182.4712
 ------------------------------------------------------------------------------

  Softcore part of the system:       2 atoms,       TEMP(K)    =         234.14
 SC_Etot=         4.0745  SC_EKtot=         1.3958  SC_EPtot   =         2.6787
 SC_BOND=         1.1003  SC_ANGLE=         1.2158  SC_DIHED   =         0.3626
 SC_14NB=         0.0000  SC_14EEL=         0.0000  SC_VDW     =         0.0000
 SC_EEL =         0.0000
 SC_RES_DIST=     0.0000  SC_RES_ANG=       0.0000  SC_RES_TORS=         0.0000
 SC_EEL_DER=      0.0000  SC_VDW_DER=      -0.7023  SC_DERIV   =        -0.7023
 ------------------------------------------------------------------------------


| TI region  2


 NSTEP =      300   TIME(PS) =     322.600  TEMP(K) =   302.83  PRESS =     0.0
 Etot   =    -11746.3666  EKtot   =      2714.0499  EPtot      =    -14460.4165
 BOND   =        13.5727  ANGLE   =        28.8544  DIHED      =        39.4229
 1-4 NB =        14.1307  1-4 EEL =      -505.9790  VDWAALS    =      2018.7464
 EELEC  =    -16069.1646  EHBOND  =         0.0000  RESTRAINT  =         0.0000
 EKCMT  =         0.0000  VIRIAL  =         0.0000  VOLUME     =     45444.9708
                                                    Density    =         0.9903
 DV/DL  =      -182.4712
 ------------------------------------------------------------------------------


MBAR Energy analysis:
Energy at 0.0000 =    -14304.691034
Energy at 0.0000 =    -14304.691034
Energy at 0.2000 =    -14344.292013
Energy at 0.2000 =    -14344.292013
Energy at 0.5000 =    -14402.345487
Energy at 0.5000 =    -14402.345487
Energy at 0.6000 =    -14421.570155
Energy at 0.6000 =    -14421.570155
Energy at 1.0000 =    -14498.253117
Energy at 1.0000 =    -14498.253117
 ------------------------------------------------------------------------------


| TI region  1


 NSTEP =      350   TIME(PS) =     322.700  TEMP(K) =   298.78  PRESS =     0.0
 Etot   =    -11742.0570  EKtot   =      2679.5132  EPtot      =    -14421.5702
 BOND   =         7.6656  ANGLE   =        40.2138  DIHED      =        41.7518
 1-4 NB =        17.2029  1-4 EEL =      -514.8402  VDWAALS    =      2087.9849
 EELEC  =    -16101.5490  EHBOND  =         0.0000  RESTRAINT  =         0.0000
 EKCMT  =         0.0000  VIRIAL  =         0.0000  VOLUME     =     45444.9708
                                                    Density    =         0.9904
 DV/DL  =      -192.0798
 ------------------------------------------------------------------------------

  Softcore part of the system:       2 atoms,       TEMP(K)    =         361.72
 SC_Etot=         6.8637  SC_EKtot=         2.1564  SC_EPtot   =         4.7073
 SC_BOND=         1.2018  SC_ANGLE=         2.0314  SC_DIHED   =         1.4740
 SC_14NB=         0.0000  SC_14EEL=         0.0000  SC_VDW     =         0.0000
 SC_EEL =         0.0000
 SC_RES_DIST=     0.0000  SC_RES_ANG=       0.0000  SC_RES_TORS=         0.0000
 SC_EEL_DER=      0.0000  SC_VDW_DER=      -0.3724  SC_DERIV   =        -0.3724
 ------------------------------------------------------------------------------


| TI region  2


 NSTEP =      350   TIME(PS) =     322.700  TEMP(K) =   298.74  PRESS =     0.0
 Etot   =    -11744.2134  EKtot   =      2677.3567  EPtot      =    -14421.5702
 BOND   =         7.6656  ANGLE   =        40.2138  DIHED      =        41.7518
 1-4 NB =        17.2029  1-4 EEL =      -514.8402  VDWAALS    =      2087.9849
 EELEC  =    -16101.5490  EHBOND  =         0.0000  RESTRAINT  =         0.0000
 EKCMT  =         0.0000  VIRIAL  =         0.0000  VOLUME     =     45444.9708
                                                    Density    =         0.9903
 DV/DL  =      -192.0798
 ------------------------------------------------------------------------------


MBAR Energy analysis:
Energy at 0.0000 =    -14401.017730
Energy at 0.0000 =    -14401.017730
Energy at 0.2000 =    -14444.739002
Energy at 0.2000 =    -14444.739002
Energy at 0.5000 =    -14504.569347
Energy at 0.5000 =    -14504.569347
Energy at 0.6000 =    -14524.190248
Energy at 0.6000 =    -14524.190248
Energy at 1.0000 =    -14602.277710
Energy at 1.0000 =    -14602.277710
 ------------------------------------------------------------------------------


| TI region  1


 NSTEP =      400   TIME(PS) =     322.800  TEMP(K) =   299.17  PRESS =     0.0
 Etot   =    -11841.1730  EKtot   =      2683.0172  EPtot      =    -14524.1902
 BOND   =        12.5992  ANGLE   =        35.1273  DIHED      =        39.3649
 1-4 NB =        14.6294  1-4 EEL =      -508.4401  VDWAALS    =      2073.6988
 EELEC  =    -16191.1697  EHBOND  =         0.0000  RESTRAINT  =         0.0000
 EKCMT  =         0.0000  VIRIAL  =         0.0000  VOLUME     =     45444.9708
                                                    Density    =         0.9904
 DV/DL  =      -195.8754
 ------------------------------------------------------------------------------

  Softcore part of the system:       2 atoms,       TEMP(K)    =          66.07
 SC_Etot=         3.3643  SC_EKtot=         0.3939  SC_EPtot   =         2.9704
 SC_BOND=         1.1409  SC_ANGLE=         1.5496  SC_DIHED   =         0.2799
 SC_14NB=         0.0000  SC_14EEL=         0.0000  SC_VDW     =         0.0000
 SC_EEL =         0.0000
 SC_RES_DIST=     0.0000  SC_RES_ANG=       0.0000  SC_RES_TORS=         0.0000
 SC_EEL_DER=      0.0000  SC_VDW_DER=      -0.6568  SC_DERIV   =        -0.6568
 ------------------------------------------------------------------------------


| TI region  2


 NSTEP =      400   TIME(PS) =     322.800  TEMP(K) =   299.33  PRESS =     0.0
 Etot   =    -11841.5669  EKtot   =      2682.6234  EPtot      =    -14524.1902
 BOND   =        12.5992  ANGLE   =        35.1273  DIHED      =        39.3649
 1-4 NB =        14.6294  1-4 EEL =      -508.4401  VDWAALS    =      2073.6988
 EELEC  =    -16191.1697  EHBOND  =         0.0000  RESTRAINT  =         0.0000
 EKCMT  =         0.0000  VIRIAL  =         0.0000  VOLUME     =     45444.9708
                                                    Density    =         0.9903
 DV/DL  =      -195.8754
 ------------------------------------------------------------------------------


MBAR Energy analysis:
Energy at 0.0000 =    -14386.882312
Energy at 0.0000 =    -14386.882312
Energy at 0.2000 =    -14424.858841
Energy at 0.2000 =    -14424.858841
Energy at 0.5000 =    -14479.734610
Energy at 0.5000 =    -14479.734610
Energy at 0.6000 =    -14497.860409
Energy at 0.6000 =    -14497.860409
Energy at 1.0000 =    -14570.113296
Energy at 1.0000 =    -14570.113296
 ------------------------------------------------------------------------------


| TI region  1


 NSTEP =      450   TIME(PS) =     322.900  TEMP(K) =   295.08  PRESS =     0.0
 Etot   =    -11851.5193  EKtot   =      2646.3412  EPtot      =    -14497.8604
 BOND   =        13.6588  ANGLE   =        32.1026  DIHED      =        42.3363
 1-4 NB =        13.9158  1-4 EEL =      -509.8446  VDWAALS    =      2101.5662
 EELEC  =    -16191.5956  EHBOND  =         0.0000  RESTRAINT  =         0.0000
 EKCMT  =         0.0000  VIRIAL  =         0.0000  VOLUME     =     45444.9708
                                                    Density    =         0.9904
 DV/DL  =      -181.0573
 ------------------------------------------------------------------------------

  Softcore part of the system:       2 atoms,       TEMP(K)    =         240.63
 SC_Etot=         2.9789  SC_EKtot=         1.4345  SC_EPtot   =         1.5444
 SC_BOND=         0.2134  SC_ANGLE=         1.1453  SC_DIHED   =         0.1856
 SC_14NB=         0.0000  SC_14EEL=         0.0000  SC_VDW     =         0.0000
 SC_EEL =         0.0000
 SC_RES_DIST=     0.0000  SC_RES_ANG=       0.0000  SC_RES_TORS=         0.0000
 SC_EEL_DER=      0.0000  SC_VDW_DER=      -0.4251  SC_DERIV   =        -0.4251
 ------------------------------------------------------------------------------


| TI region  2


 NSTEP =      450   TIME(PS) =     322.900  TEMP(K) =   295.12  PRESS =     0.0
 Etot   =    -11852.9538  EKtot   =      2644.9066  EPtot      =    -14497.8604
 BOND   =        13.6588  ANGLE   =        32.1026  DIHED      =        42.3363
 1-4 NB =        13.9158  1-4 EEL =      -509.8446  VDWAALS    =      2101.5662
 EELEC  =    -16191.5956  EHBOND  =         0.0000  RESTRAINT  =         0.0000
 EKCMT  =         0.0000  VIRIAL  =         0.0000  VOLUME     =     45444.9708
                                                    Density    =         0.9903
 DV/DL  =      -181.0573
 ------------------------------------------------------------------------------


MBAR Energy analysis:
Energy at 0.0000 =    -14435.909410
Energy at 0.0000 =    -14435.909410
Energy at 0.2000 =    -14472.764992
Energy at 0.2000 =    -14472.764992
Energy at 0.5000 =    -14527.505032
Energy at 0.5000 =    -14527.505032
Energy at 0.6000 =    -14545.693451
Energy at 0.6000 =    -14545.693451
Energy at 1.0000 =    -14618.338473
Energy at 1.0000 =    -14618.338473
 ------------------------------------------------------------------------------


| TI region  1


 NSTEP =      500   TIME(PS) =     323.000  TEMP(K) =   298.50  PRESS =     0.0
 Etot   =    -11868.6725  EKtot   =      2677.0209  EPtot      =    -14545.6935
 BOND   =         8.9499  ANGLE   =        37.9621  DIHED      =        43.9976
 1-4 NB =        16.7536  1-4 EEL =      -504.2697  VDWAALS    =      2129.6180
 EELEC  =    -16278.7050  EHBOND  =         0.0000  RESTRAINT  =         0.0000
 EKCMT  =         0.0000  VIRIAL  =         0.0000  VOLUME     =     45398.3225
                                                    Density    =         0.9914
 DV/DL  =      -181.8019
 ------------------------------------------------------------------------------

  Softcore part of the system:       2 atoms,       TEMP(K)    =         203.56
 SC_Etot=         2.2577  SC_EKtot=         1.2135  SC_EPtot   =         1.0441
 SC_BOND=         0.0913  SC_ANGLE=         0.8999  SC_DIHED   =         0.0530
 SC_14NB=         0.0000  SC_14EEL=         0.0000  SC_VDW     =         0.0000
 SC_EEL =         0.0000
 SC_RES_DIST=     0.0000  SC_RES_ANG=       0.0000  SC_RES_TORS=         0.0000
 SC_EEL_DER=      0.0000  SC_VDW_DER=      -0.1894  SC_DERIV   =        -0.1894
 ------------------------------------------------------------------------------


| TI region  2


 NSTEP =      500   TIME(PS) =     323.000  TEMP(K) =   298.56  PRESS =     0.0
 Etot   =    -11869.8861  EKtot   =      2675.8074  EPtot      =    -14545.6935
 BOND   =         8.9499  ANGLE   =        37.9621  DIHED      =        43.9976
 1-4 NB =        16.7536  1-4 EEL =      -504.2697  VDWAALS    =      2129.6180
 EELEC  =    -16278.7050  EHBOND  =         0.0000  RESTRAINT  =         0.0000
 EKCMT  =         0.0000  VIRIAL  =         0.0000  VOLUME     =     45398.3225
                                                    Density    =         0.9913
 DV/DL  =      -181.8019
 ------------------------------------------------------------------------------


MBAR Energy analysis:
Energy at 0.0000 =    -14352.317315
Energy at 0.0000 =    -14352.317315
Energy at 0.2000 =    -14448.330451
Energy at 0.2000 =    -14448.330451
Energy at 0.5000 =    -14509.700985
Energy at 0.5000 =    -14509.700985
Energy at 0.6000 =    -14528.864511
Energy at 0.6000 =    -14528.864511
Energy at 1.0000 =    -14604.571579
Energy at 1.0000 =    -14604.571579
 ------------------------------------------------------------------------------


| TI region  1


 NSTEP =      550   TIME(PS) =     323.100  TEMP(K) =   302.21  PRESS =     0.0
 Etot   =    -11818.5790  EKtot   =      2710.2855  EPtot      =    -14528.8645
 BOND   =        12.0125  ANGLE   =        32.4988  DIHED      =        42.6399
 1-4 NB =        15.4523  1-4 EEL =      -513.1057  VDWAALS    =      2132.7455
 EELEC  =    -16251.1077  EHBOND  =         0.0000  RESTRAINT  =         0.0000
 EKCMT  =         0.0000  VIRIAL  =         0.0000  VOLUME     =     45398.3225
                                                    Density    =         0.9914
 DV/DL  =      -190.7489
 ------------------------------------------------------------------------------

  Softcore part of the system:       2 atoms,       TEMP(K)    =         145.15
 SC_Etot=         3.9906  SC_EKtot=         0.8653  SC_EPtot   =         3.1254
 SC_BOND=         0.4907  SC_ANGLE=         1.8103  SC_DIHED   =         0.8244
 SC_14NB=         0.0000  SC_14EEL=         0.0000  SC_VDW     =         0.0000
 SC_EEL =         0.0000
 SC_RES_DIST=     0.0000  SC_RES_ANG=       0.0000  SC_RES_TORS=         0.0000
 SC_EEL_DER=      0.0000  SC_VDW_DER=      -1.4812  SC_DERIV   =        -1.4812
 ------------------------------------------------------------------------------


| TI region  2


 NSTEP =      550   TIME(PS) =     323.100  TEMP(K) =   302.32  PRESS =     0.0
 Etot   =    -11819.4443  EKtot   =      2709.4202  EPtot      =    -14528.8645
 BOND   =        12.0125  ANGLE   =        32.4988  DIHED      =        42.6399
 1-4 NB =        15.4523  1-4 EEL =      -513.1057  VDWAALS    =      2132.7455
 EELEC  =    -16251.1077  EHBOND  =         0.0000  RESTRAINT  =         0.0000
 EKCMT  =         0.0000  VIRIAL  =         0.0000  VOLUME     =     45398.3225
                                                    Density    =         0.9913
 DV/DL  =      -190.7489
 ------------------------------------------------------------------------------


MBAR Energy analysis:
Energy at 0.0000 =    -14417.438837
Energy at 0.0000 =    -14417.438837
Energy at 0.2000 =    -14456.714076
Energy at 0.2000 =    -14456.714076
Energy at 0.5000 =    -14509.832052
Energy at 0.5000 =    -14509.832052
Energy at 0.6000 =    -14527.215055
Energy at 0.6000 =    -14527.215055
Energy at 1.0000 =    -14596.353901
Energy at 1.0000 =    -14596.353901
 ------------------------------------------------------------------------------


| TI region  1


 NSTEP =      600   TIME(PS) =     323.200  TEMP(K) =   301.08  PRESS =     0.0
 Etot   =    -11827.1121  EKtot   =      2700.1029  EPtot      =    -14527.2151
 BOND   =        14.9379  ANGLE   =        33.4636  DIHED      =        42.0430
 1-4 NB =        17.9997  1-4 EEL =      -509.2975  VDWAALS    =      2086.3500
 EELEC  =    -16212.7117  EHBOND  =         0.0000  RESTRAINT  =         0.0000
 EKCMT  =         0.0000  VIRIAL  =         0.0000  VOLUME     =     45398.3225
                                                    Density    =         0.9914
 DV/DL  =      -173.4978
 ------------------------------------------------------------------------------

  Softcore part of the system:       2 atoms,       TEMP(K)    =         207.20
 SC_Etot=         4.8234  SC_EKtot=         1.2353  SC_EPtot   =         3.5881
 SC_BOND=         1.0138  SC_ANGLE=         1.0834  SC_DIHED   =         1.4909
 SC_14NB=         0.0000  SC_14EEL=         0.0000  SC_VDW     =         0.0000
 SC_EEL =         0.0000
 SC_RES_DIST=     0.0000  SC_RES_ANG=       0.0000  SC_RES_TORS=         0.0000
 SC_EEL_DER=      0.0000  SC_VDW_DER=      -0.6507  SC_DERIV   =        -0.6507
 ------------------------------------------------------------------------------


| TI region  2


 NSTEP =      600   TIME(PS) =     323.200  TEMP(K) =   301.14  PRESS =     0.0
 Etot   =    -11828.3474  EKtot   =      2698.8677  EPtot      =    -14527.2151
 BOND   =        14.9379  ANGLE   =        33.4636  DIHED      =        42.0430
 1-4 NB =        17.9997  1-4 EEL =      -509.2975  VDWAALS    =      2086.3500
 EELEC  =    -16212.7117  EHBOND  =         0.0000  RESTRAINT  =         0.0000
 EKCMT  =         0.0000  VIRIAL  =         0.0000  VOLUME     =     45398.3225
                                                    Density    =         0.9913
 DV/DL  =      -173.4978
 ------------------------------------------------------------------------------


MBAR Energy analysis:
Energy at 0.0000 =    -14362.751082
Energy at 0.0000 =    -14362.751082
Energy at 0.2000 =    -14412.636706
Energy at 0.2000 =    -14412.636706
Energy at 0.5000 =    -14469.576580
Energy at 0.5000 =    -14469.576580
Energy at 0.6000 =    -14487.751009
Energy at 0.6000 =    -14487.751009
Energy at 1.0000 =    -14559.550347
Energy at 1.0000 =    -14559.550347
 ------------------------------------------------------------------------------


| TI region  1


 NSTEP =      650   TIME(PS) =     323.300  TEMP(K) =   294.27  PRESS =     0.0
 Etot   =    -11848.6806  EKtot   =      2639.0705  EPtot      =    -14487.7510
 BOND   =        10.7363  ANGLE   =        32.0858  DIHED      =        48.1706
 1-4 NB =        15.1036  1-4 EEL =      -499.4380  VDWAALS    =      2070.0642
 EELEC  =    -16164.4734  EHBOND  =         0.0000  RESTRAINT  =         0.0000
 EKCMT  =         0.0000  VIRIAL  =         0.0000  VOLUME     =     45398.3225
                                                    Density    =         0.9914
 DV/DL  =      -180.9719
 ------------------------------------------------------------------------------

  Softcore part of the system:       2 atoms,       TEMP(K)    =         129.27
 SC_Etot=         3.2678  SC_EKtot=         0.7707  SC_EPtot   =         2.4971
 SC_BOND=         0.6050  SC_ANGLE=         0.6707  SC_DIHED   =         1.2215
 SC_14NB=         0.0000  SC_14EEL=         0.0000  SC_VDW     =         0.0000
 SC_EEL =         0.0000
 SC_RES_DIST=     0.0000  SC_RES_ANG=       0.0000  SC_RES_TORS=         0.0000
 SC_EEL_DER=      0.0000  SC_VDW_DER=      -1.4736  SC_DERIV   =        -1.4736
 ------------------------------------------------------------------------------


| TI region  2


 NSTEP =      650   TIME(PS) =     323.300  TEMP(K) =   294.38  PRESS =     0.0
 Etot   =    -11849.4512  EKtot   =      2638.2998  EPtot      =    -14487.7510
 BOND   =        10.7363  ANGLE   =        32.0858  DIHED      =        48.1706
 1-4 NB =        15.1036  1-4 EEL =      -499.4380  VDWAALS    =      2070.0642
 EELEC  =    -16164.4734  EHBOND  =         0.0000  RESTRAINT  =         0.0000
 EKCMT  =         0.0000  VIRIAL  =         0.0000  VOLUME     =     45398.3225
                                                    Density    =         0.9913
 DV/DL  =      -180.9719
 ------------------------------------------------------------------------------


MBAR Energy analysis:
Energy at 0.0000 =    -14321.310758
Energy at 0.0000 =    -14321.310758
Energy at 0.2000 =    -14363.601158
Energy at 0.2000 =    -14363.601158
Energy at 0.5000 =    -14419.917009
Energy at 0.5000 =    -14419.917009
Energy at 0.6000 =    -14438.231474
Energy at 0.6000 =    -14438.231474
Energy at 1.0000 =    -14510.892963
Energy at 1.0000 =    -14510.892963
 ------------------------------------------------------------------------------


| TI region  1


 NSTEP =      700   TIME(PS) =     323.400  TEMP(K) =   295.91  PRESS =     0.0
 Etot   =    -11784.4711  EKtot   =      2653.7604  EPtot      =    -14438.2315
 BOND   =        13.9910  ANGLE   =        28.2469  DIHED      =        45.5940
 1-4 NB =        15.3036  1-4 EEL =      -505.6991  VDWAALS    =      2152.2374
 EELEC  =    -16187.9052  EHBOND  =         0.0000  RESTRAINT  =         0.0000
 EKCMT  =         0.0000  VIRIAL  =         0.0000  VOLUME     =     45398.3225
                                                    Density    =         0.9914
 DV/DL  =      -182.6482
 ------------------------------------------------------------------------------

  Softcore part of the system:       2 atoms,       TEMP(K)    =         150.91
 SC_Etot=         2.9248  SC_EKtot=         0.8997  SC_EPtot   =         2.0251
 SC_BOND=         0.9181  SC_ANGLE=         0.8939  SC_DIHED   =         0.2131
 SC_14NB=         0.0000  SC_14EEL=         0.0000  SC_VDW     =         0.0000
 SC_EEL =         0.0000
 SC_RES_DIST=     0.0000  SC_RES_ANG=       0.0000  SC_RES_TORS=         0.0000
 SC_EEL_DER=      0.0000  SC_VDW_DER=      -0.9944  SC_DERIV   =        -0.9944
 ------------------------------------------------------------------------------


| TI region  2


 NSTEP =      700   TIME(PS) =     323.400  TEMP(K) =   296.00  PRESS =     0.0
 Etot   =    -11785.3707  EKtot   =      2652.8608  EPtot      =    -14438.2315
 BOND   =        13.9910  ANGLE   =        28.2469  DIHED      =        45.5940
 1-4 NB =        15.3036  1-4 EEL =      -505.6991  VDWAALS    =      2152.2374
 EELEC  =    -16187.9052  EHBOND  =         0.0000  RESTRAINT  =         0.0000
 EKCMT  =         0.0000  VIRIAL  =         0.0000  VOLUME     =     45398.3225
                                                    Density    =         0.9913
 DV/DL  =      -182.6482
 ------------------------------------------------------------------------------


MBAR Energy analysis:
Energy at 0.0000 =    -14328.373070
Energy at 0.0000 =    -14328.373070
Energy at 0.2000 =    -14388.632288
Energy at 0.2000 =    -14388.632288
Energy at 0.5000 =    -14448.876750
Energy at 0.5000 =    -14448.876750
Energy at 0.6000 =    -14467.915615
Energy at 0.6000 =    -14467.915615
Energy at 1.0000 =    -14543.017194
Energy at 1.0000 =    -14543.017194
 ------------------------------------------------------------------------------


| TI region  1


 NSTEP =      750   TIME(PS) =     323.500  TEMP(K) =   304.99  PRESS =     0.0
 Etot   =    -11732.6691  EKtot   =      2735.2466  EPtot      =    -14467.9156
 BOND   =        14.4664  ANGLE   =        33.7670  DIHED      =        45.6350
 1-4 NB =        13.7213  1-4 EEL =      -504.4285  VDWAALS    =      2101.5486
 EELEC  =    -16172.6253  EHBOND  =         0.0000  RESTRAINT  =         0.0000
 EKCMT  =         0.0000  VIRIAL  =         0.0000  VOLUME     =     45398.3225
                                                    Density    =         0.9914
 DV/DL  =      -189.4657
 ------------------------------------------------------------------------------

  Softcore part of the system:       2 atoms,       TEMP(K)    =         611.47
 SC_Etot=         5.1653  SC_EKtot=         3.6453  SC_EPtot   =         1.5200
 SC_BOND=         0.4478  SC_ANGLE=         1.0320  SC_DIHED   =         0.0403
 SC_14NB=         0.0000  SC_14EEL=         0.0000  SC_VDW     =         0.0000
 SC_EEL =         0.0000
 SC_RES_DIST=     0.0000  SC_RES_ANG=       0.0000  SC_RES_TORS=         0.0000
 SC_EEL_DER=      0.0000  SC_VDW_DER=      -1.7118  SC_DERIV   =        -1.7118
 ------------------------------------------------------------------------------


| TI region  2


 NSTEP =      750   TIME(PS) =     323.500  TEMP(K) =   304.79  PRESS =     0.0
 Etot   =    -11736.3144  EKtot   =      2731.6012  EPtot      =    -14467.9156
 BOND   =        14.4664  ANGLE   =        33.7670  DIHED      =        45.6350
 1-4 NB =        13.7213  1-4 EEL =      -504.4285  VDWAALS    =      2101.5486
 EELEC  =    -16172.6253  EHBOND  =         0.0000  RESTRAINT  =         0.0000
 EKCMT  =         0.0000  VIRIAL  =         0.0000  VOLUME     =     45398.3225
                                                    Density    =         0.9913
 DV/DL  =      -189.4657
 ------------------------------------------------------------------------------


MBAR Energy analysis:
Energy at 0.0000 =    -14386.606167
Energy at 0.0000 =    -14386.606167
Energy at 0.2000 =    -14434.891665
Energy at 0.2000 =    -14434.891665
Energy at 0.5000 =    -14495.169424
Energy at 0.5000 =    -14495.169424
Energy at 0.6000 =    -14514.607449
Energy at 0.6000 =    -14514.607449
Energy at 1.0000 =    -14591.571699
Energy at 1.0000 =    -14591.571699
 ------------------------------------------------------------------------------


| TI region  1


 NSTEP =      800   TIME(PS) =     323.600  TEMP(K) =   305.49  PRESS =     0.0
 Etot   =    -11774.9334  EKtot   =      2739.6741  EPtot      =    -14514.6074
 BOND   =        13.2897  ANGLE   =        37.2049  DIHED      =        42.3639
 1-4 NB =        15.8853  1-4 EEL =      -513.9743  VDWAALS    =      2111.1920
 EELEC  =    -16220.5689  EHBOND  =         0.0000  RESTRAINT  =         0.0000
 EKCMT  =         0.0000  VIRIAL  =         0.0000  VOLUME     =     45043.3889
                                                    Density    =         0.9992
 DV/DL  =      -193.7141
 ------------------------------------------------------------------------------

  Softcore part of the system:       2 atoms,       TEMP(K)    =         286.48
 SC_Etot=         4.3875  SC_EKtot=         1.7079  SC_EPtot   =         2.6796
 SC_BOND=         0.1599  SC_ANGLE=         2.4837  SC_DIHED   =         0.0360
 SC_14NB=         0.0000  SC_14EEL=         0.0000  SC_VDW     =         0.0000
 SC_EEL =         0.0000
 SC_RES_DIST=     0.0000  SC_RES_ANG=       0.0000  SC_RES_TORS=         0.0000
 SC_EEL_DER=      0.0000  SC_VDW_DER=      -1.3035  SC_DERIV   =        -1.3035
 ------------------------------------------------------------------------------


| TI region  2


 NSTEP =      800   TIME(PS) =     323.600  TEMP(K) =   305.50  PRESS =     0.0
 Etot   =    -11776.6413  EKtot   =      2737.9662  EPtot      =    -14514.6074
 BOND   =        13.2897  ANGLE   =        37.2049  DIHED      =        42.3639
 1-4 NB =        15.8853  1-4 EEL =      -513.9743  VDWAALS    =      2111.1920
 EELEC  =    -16220.5689  EHBOND  =         0.0000  RESTRAINT  =         0.0000
 EKCMT  =         0.0000  VIRIAL  =         0.0000  VOLUME     =     45043.3889
                                                    Density    =         0.9991
 DV/DL  =      -193.7141
 ------------------------------------------------------------------------------


MBAR Energy analysis:
Energy at 0.0000 =    -14360.006046
Energy at 0.0000 =    -14360.006046
Energy at 0.2000 =    -14413.515650
Energy at 0.2000 =    -14413.515650
Energy at 0.5000 =    -14475.857041
Energy at 0.5000 =    -14475.857041
Energy at 0.6000 =    -14495.789902
Energy at 0.6000 =    -14495.789902
Energy at 1.0000 =    -14574.553367
Energy at 1.0000 =    -14574.553367
 ------------------------------------------------------------------------------


| TI region  1


 NSTEP =      850   TIME(PS) =     323.700  TEMP(K) =   303.65  PRESS =     0.0
 Etot   =    -11772.5681  EKtot   =      2723.2218  EPtot      =    -14495.7899
 BOND   =        13.9633  ANGLE   =        45.2142  DIHED      =        43.6310
 1-4 NB =        16.3256  1-4 EEL =      -518.4813  VDWAALS    =      2177.6986
 EELEC  =    -16274.1413  EHBOND  =         0.0000  RESTRAINT  =         0.0000
 EKCMT  =         0.0000  VIRIAL  =         0.0000  VOLUME     =     45043.3889
                                                    Density    =         0.9992
 DV/DL  =      -198.5020
 ------------------------------------------------------------------------------

  Softcore part of the system:       2 atoms,       TEMP(K)    =          66.79
 SC_Etot=         4.1821  SC_EKtot=         0.3982  SC_EPtot   =         3.7839
 SC_BOND=         0.3953  SC_ANGLE=         3.2235  SC_DIHED   =         0.1650
 SC_14NB=         0.0000  SC_14EEL=         0.0000  SC_VDW     =         0.0000
 SC_EEL =         0.0000
 SC_RES_DIST=     0.0000  SC_RES_ANG=       0.0000  SC_RES_TORS=         0.0000
 SC_EEL_DER=      0.0000  SC_VDW_DER=      -1.5933  SC_DERIV   =        -1.5933
 ------------------------------------------------------------------------------


| TI region  2


 NSTEP =      850   TIME(PS) =     323.700  TEMP(K) =   303.81  PRESS =     0.0
 Etot   =    -11772.9662  EKtot   =      2722.8237  EPtot      =    -14495.7899
 BOND   =        13.9633  ANGLE   =        45.2142  DIHED      =        43.6310
 1-4 NB =        16.3256  1-4 EEL =      -518.4813  VDWAALS    =      2177.6986
 EELEC  =    -16274.1413  EHBOND  =         0.0000  RESTRAINT  =         0.0000
 EKCMT  =         0.0000  VIRIAL  =         0.0000  VOLUME     =     45043.3889
                                                    Density    =         0.9991
 DV/DL  =      -198.5020
 ------------------------------------------------------------------------------


MBAR Energy analysis:
Energy at 0.0000 =    -14375.786595
Energy at 0.0000 =    -14375.786595
Energy at 0.2000 =    -14417.605142
Energy at 0.2000 =    -14417.605142
Energy at 0.5000 =    -14475.942402
Energy at 0.5000 =    -14475.942402
Energy at 0.6000 =    -14495.063998
Energy at 0.6000 =    -14495.063998
Energy at 1.0000 =    -14571.081497
Energy at 1.0000 =    -14571.081497
 ------------------------------------------------------------------------------


| TI region  1


 NSTEP =      900   TIME(PS) =     323.800  TEMP(K) =   295.75  PRESS =     0.0
 Etot   =    -11842.7074  EKtot   =      2652.3566  EPtot      =    -14495.0640
 BOND   =        14.2173  ANGLE   =        36.1795  DIHED      =        40.2789
 1-4 NB =        15.6449  1-4 EEL =      -515.6524  VDWAALS    =      2095.0045
 EELEC  =    -16180.7365  EHBOND  =         0.0000  RESTRAINT  =         0.0000
 EKCMT  =         0.0000  VIRIAL  =         0.0000  VOLUME     =     45043.3889
                                                    Density    =         0.9992
 DV/DL  =      -190.8366
 ------------------------------------------------------------------------------

  Softcore part of the system:       2 atoms,       TEMP(K)    =         304.93
 SC_Etot=         3.3498  SC_EKtot=         1.8179  SC_EPtot   =         1.5319
 SC_BOND=         0.0815  SC_ANGLE=         1.1344  SC_DIHED   =         0.3160
 SC_14NB=         0.0000  SC_14EEL=         0.0000  SC_VDW     =         0.0000
 SC_EEL =         0.0000
 SC_RES_DIST=     0.0000  SC_RES_ANG=       0.0000  SC_RES_TORS=         0.0000
 SC_EEL_DER=      0.0000  SC_VDW_DER=      -0.7928  SC_DERIV   =        -0.7928
 ------------------------------------------------------------------------------


| TI region  2


 NSTEP =      900   TIME(PS) =     323.800  TEMP(K) =   295.75  PRESS =     0.0
 Etot   =    -11844.5252  EKtot   =      2650.5388  EPtot      =    -14495.0640
 BOND   =        14.2173  ANGLE   =        36.1795  DIHED      =        40.2789
 1-4 NB =        15.6449  1-4 EEL =      -515.6524  VDWAALS    =      2095.0045
 EELEC  =    -16180.7365  EHBOND  =         0.0000  RESTRAINT  =         0.0000
 EKCMT  =         0.0000  VIRIAL  =         0.0000  VOLUME     =     45043.3889
                                                    Density    =         0.9991
 DV/DL  =      -190.8366
 ------------------------------------------------------------------------------


MBAR Energy analysis:
Energy at 0.0000 =    -14396.143144
Energy at 0.0000 =    -14396.143144
Energy at 0.2000 =    -14441.575291
Energy at 0.2000 =    -14441.575291
Energy at 0.5000 =    -14499.785731
Energy at 0.5000 =    -14499.785731
Energy at 0.6000 =    -14518.681403
Energy at 0.6000 =    -14518.681403
Energy at 1.0000 =    -14593.635588
Energy at 1.0000 =    -14593.635588
 ------------------------------------------------------------------------------


| TI region  1


 NSTEP =      950   TIME(PS) =     323.900  TEMP(K) =   295.01  PRESS =     0.0
 Etot   =    -11872.9584  EKtot   =      2645.7230  EPtot      =    -14518.6814
 BOND   =        11.0752  ANGLE   =        31.9035  DIHED      =        45.1910
 1-4 NB =        15.5951  1-4 EEL =      -512.4121  VDWAALS    =      2164.5894
 EELEC  =    -16274.6235  EHBOND  =         0.0000  RESTRAINT  =         0.0000
 EKCMT  =         0.0000  VIRIAL  =         0.0000  VOLUME     =     45043.3889
                                                    Density    =         0.9992
 DV/DL  =      -188.4331
 ------------------------------------------------------------------------------

  Softcore part of the system:       2 atoms,       TEMP(K)    =         535.47
 SC_Etot=         4.3305  SC_EKtot=         3.1922  SC_EPtot   =         1.1382
 SC_BOND=         0.2079  SC_ANGLE=         0.3219  SC_DIHED   =         0.6085
 SC_14NB=         0.0000  SC_14EEL=         0.0000  SC_VDW     =         0.0000
 SC_EEL =         0.0000
 SC_RES_DIST=     0.0000  SC_RES_ANG=       0.0000  SC_RES_TORS=         0.0000
 SC_EEL_DER=      0.0000  SC_VDW_DER=      -1.0476  SC_DERIV   =        -1.0476
 ------------------------------------------------------------------------------


| TI region  2


 NSTEP =      950   TIME(PS) =     323.900  TEMP(K) =   294.85  PRESS =     0.0
 Etot   =    -11876.1506  EKtot   =      2642.5308  EPtot      =    -14518.6814
 BOND   =        11.0752  ANGLE   =        31.9035  DIHED      =        45.1910
 1-4 NB =        15.5951  1-4 EEL =      -512.4121  VDWAALS    =      2164.5894
 EELEC  =    -16274.6235  EHBOND  =         0.0000  RESTRAINT  =         0.0000
 EKCMT  =         0.0000  VIRIAL  =         0.0000  VOLUME     =     45043.3889
                                                    Density    =         0.9991
 DV/DL  =      -188.4331
 ------------------------------------------------------------------------------


MBAR Energy analysis:
Energy at 0.0000 =    -14401.652881
Energy at 0.0000 =    -14401.652881
Energy at 0.2000 =    -14440.393981
Energy at 0.2000 =    -14440.393981
Energy at 0.5000 =    -14496.868905
Energy at 0.5000 =    -14496.868905
Energy at 0.6000 =    -14515.556902
Energy at 0.6000 =    -14515.556902
Energy at 1.0000 =    -14590.095280
Energy at 1.0000 =    -14590.095280
 ------------------------------------------------------------------------------


| TI region  1


 NSTEP =     1000   TIME(PS) =     324.000  TEMP(K) =   300.66  PRESS =     0.0
 Etot   =    -11819.1645  EKtot   =      2696.3924  EPtot      =    -14515.5569
 BOND   =        12.0117  ANGLE   =        24.4261  DIHED      =        40.4141
 1-4 NB =        14.2725  1-4 EEL =      -511.0758  VDWAALS    =      2128.7257
 EELEC  =    -16224.3313  EHBOND  =         0.0000  RESTRAINT  =         0.0000
 EKCMT  =         0.0000  VIRIAL  =         0.0000  VOLUME     =     45043.3889
                                                    Density    =         0.9992
 DV/DL  =      -186.7102
 ------------------------------------------------------------------------------

  Softcore part of the system:       2 atoms,       TEMP(K)    =          45.86
 SC_Etot=         1.9801  SC_EKtot=         0.2734  SC_EPtot   =         1.7067
 SC_BOND=         0.0619  SC_ANGLE=         0.9401  SC_DIHED   =         0.7047
 SC_14NB=         0.0000  SC_14EEL=         0.0000  SC_VDW     =         0.0000
 SC_EEL =         0.0000
 SC_RES_DIST=     0.0000  SC_RES_ANG=       0.0000  SC_RES_TORS=         0.0000
 SC_EEL_DER=      0.0000  SC_VDW_DER=      -0.3643  SC_DERIV   =        -0.3643
 ------------------------------------------------------------------------------


| TI region  2


 NSTEP =     1000   TIME(PS) =     324.000  TEMP(K) =   300.83  PRESS =     0.0
 Etot   =    -11819.4378  EKtot   =      2696.1191  EPtot      =    -14515.5569
 BOND   =        12.0117  ANGLE   =        24.4261  DIHED      =        40.4141
 1-4 NB =        14.2725  1-4 EEL =      -511.0758  VDWAALS    =      2128.7257
 EELEC  =    -16224.3313  EHBOND  =         0.0000  RESTRAINT  =         0.0000
 EKCMT  =         0.0000  VIRIAL  =         0.0000  VOLUME     =     45043.3889
                                                    Density    =         0.9991
 DV/DL  =      -186.7102
 ------------------------------------------------------------------------------

|===============================================================================

| TI region  1


      A V E R A G E S   O V E R    1000 S T E P S


 NSTEP =     1000   TIME(PS) =     324.000  TEMP(K) =   299.78  PRESS =     0.0
 Etot   =    -11789.8616  EKtot   =      2688.4732  EPtot      =    -14478.3348
 BOND   =        13.0881  ANGLE   =        33.8251  DIHED      =        42.9853
 1-4 NB =        16.1476  1-4 EEL =      -511.0127  VDWAALS    =      2097.5434
 EELEC  =    -16170.9117  EHBOND  =         0.0000  RESTRAINT  =         0.0000
 EKCMT  =         0.0000  VIRIAL  =         0.0000  VOLUME     =     45325.4168
                                                    Density    =         0.9930
 DV/DL  =      -186.0968
 ------------------------------------------------------------------------------

  Softcore part of the system:       2 atoms,       TEMP(K)    =         274.43
 SC_Etot=         4.4940  SC_EKtot=         1.6360  SC_EPtot   =         2.8580
 SC_BOND=         0.6446  SC_ANGLE=         1.5719  SC_DIHED   =         0.6415
 SC_14NB=         0.0000  SC_14EEL=         0.0000  SC_VDW     =         0.0000
 SC_EEL =         0.0000
 SC_RES_DIST=     0.0000  SC_RES_ANG=       0.0000  SC_RES_TORS=         0.0000
 SC_EEL_DER=      0.0000  SC_VDW_DER=      -0.7785  SC_DERIV   =        -0.7785
 ------------------------------------------------------------------------------


      R M S  F L U C T U A T I O N S


 NSTEP =     1000   TIME(PS) =     324.000  TEMP(K) =     3.59  PRESS =     0.0
 Etot   =        49.0673  EKtot   =        32.1992  EPtot      =        46.8597
 BOND   =         2.9621  ANGLE   =         4.2474  DIHED      =         2.7394
 1-4 NB =         1.4575  1-4 EEL =         4.5759  VDWAALS    =        50.7933
 EELEC  =        74.2737  EHBOND  =         0.0000  RESTRAINT  =         0.0000
 EKCMT  =         0.0000  VIRIAL  =         0.0000  VOLUME     =       158.1388
                                                    Density    =         0.0035
 DV/DL  =         7.2005
 ------------------------------------------------------------------------------

  Softcore part of the system:       2 atoms,       TEMP(K)    =         150.44
 SC_Etot=         1.5403  SC_EKtot=         0.8969  SC_EPtot   =         1.2591
 SC_BOND=         0.5408  SC_ANGLE=         0.9991  SC_DIHED   =         0.5070
 SC_14NB=         0.0000  SC_14EEL=         0.0000  SC_VDW     =         0.0000
 SC_EEL =         0.0000
 SC_RES_DIST=     0.0000  SC_RES_ANG=       0.0000  SC_RES_TORS=         0.0000
 SC_EEL_DER=      0.0000  SC_VDW_DER=       0.4649  SC_DERIV   =         0.4649
 ------------------------------------------------------------------------------


| TI region  2


      A V E R A G E S   O V E R    1000 S T E P S


 NSTEP =     1000   TIME(PS) =     324.000  TEMP(K) =   299.80  PRESS =     0.0
 Etot   =    -11791.4976  EKtot   =      2686.8372  EPtot      =    -14478.3348
 BOND   =        13.0881  ANGLE   =        33.8251  DIHED      =        42.9853
 1-4 NB =        16.1476  1-4 EEL =      -511.0127  VDWAALS    =      2097.5434
 EELEC  =    -16170.9117  EHBOND  =         0.0000  RESTRAINT  =         0.0000
 EKCMT  =         0.0000  VIRIAL  =         0.0000  VOLUME     =     45325.4168
                                                    Density    =         0.9929
 DV/DL  =      -186.0968
 ------------------------------------------------------------------------------


      R M S  F L U C T U A T I O N S


 NSTEP =     1000   TIME(PS) =     324.000  TEMP(K) =     3.57  PRESS =     0.0
 Etot   =        48.7249  EKtot   =        32.0056  EPtot      =        46.8597
 BOND   =         2.9621  ANGLE   =         4.2474  DIHED      =         2.7394
 1-4 NB =         1.4575  1-4 EEL =         4.5759  VDWAALS    =        50.7933
 EELEC  =        74.2737  EHBOND  =         0.0000  RESTRAINT  =         0.0000
 EKCMT  =         0.0000  VIRIAL  =         0.0000  VOLUME     =       158.1388
                                                    Density    =         0.0035
 DV/DL  =         7.2005
 ------------------------------------------------------------------------------


      DV/DL, AVERAGES OVER    1000 STEPS


 NSTEP =     1000   TIME(PS) =     324.000  TEMP(K) =     3.57  PRESS =     0.0
 Etot   =         0.0000  EKtot   =         0.0000  EPtot      =      -184.2382
 BOND   =         0.0000  ANGLE   =         0.0000  DIHED      =         0.0000
 1-4 NB =        -0.0969  1-4 EEL =      -209.2995  VDWAALS    =        -0.7671
 EELEC  =        24.8451  EHBOND  =         0.0000  RESTRAINT  =         0.0000
 EKCMT  =         0.0000  VIRIAL  =         0.0000  VOLUME     =         0.0000
                                                    Density    =         0.0000
 DV/DL  =      -184.2382
 ------------------------------------------------------------------------------

|===============================================================================

| TI region  1


      A V E R A G E S   O V E R    1000 S T E P S


 NSTEP =     1000   TIME(PS) =     324.000  TEMP(K) =   299.78  PRESS =     0.0
 Etot   =    -11789.8616  EKtot   =      2688.4732  EPtot      =    -14478.3348
 BOND   =        13.0881  ANGLE   =        33.8251  DIHED      =        42.9853
 1-4 NB =        16.1476  1-4 EEL =      -511.0127  VDWAALS    =      2097.5434
 EELEC  =    -16170.9117  EHBOND  =         0.0000  RESTRAINT  =         0.0000
 EKCMT  =         0.0000  VIRIAL  =         0.0000  VOLUME     =     45325.4168
                                                    Density    =         0.9930
 DV/DL  =      -186.0968
 ------------------------------------------------------------------------------

  Softcore part of the system:       2 atoms,       TEMP(K)    =         274.43
 SC_Etot=         4.4940  SC_EKtot=         1.6360  SC_EPtot   =         2.8580
 SC_BOND=         0.6446  SC_ANGLE=         1.5719  SC_DIHED   =         0.6415
 SC_14NB=         0.0000  SC_14EEL=         0.0000  SC_VDW     =         0.0000
 SC_EEL =         0.0000
 SC_RES_DIST=     0.0000  SC_RES_ANG=       0.0000  SC_RES_TORS=         0.0000
 SC_EEL_DER=      0.0000  SC_VDW_DER=      -0.7785  SC_DERIV   =        -0.7785
 ------------------------------------------------------------------------------


      R M S  F L U C T U A T I O N S


 NSTEP =     1000   TIME(PS) =     324.000  TEMP(K) =     3.59  PRESS =     0.0
 Etot   =        49.0673  EKtot   =        32.1992  EPtot      =        46.8597
 BOND   =         2.9621  ANGLE   =         4.2474  DIHED      =         2.7394
 1-4 NB =         1.4575  1-4 EEL =         4.5759  VDWAALS    =        50.7933
 EELEC  =        74.2737  EHBOND  =         0.0000  RESTRAINT  =         0.0000
 EKCMT  =         0.0000  VIRIAL  =         0.0000  VOLUME     =       158.1388
                                                    Density    =         0.0035
 DV/DL  =         7.2005
 ------------------------------------------------------------------------------

  Softcore part of the system:       2 atoms,       TEMP(K)    =         150.44
 SC_Etot=         1.5403  SC_EKtot=         0.8969  SC_EPtot   =         1.2591
 SC_BOND=         0.5408  SC_ANGLE=         0.9991  SC_DIHED   =         0.5070
 SC_14NB=         0.0000  SC_14EEL=         0.0000  SC_VDW     =         0.0000
 SC_EEL =         0.0000
 SC_RES_DIST=     0.0000  SC_RES_ANG=       0.0000  SC_RES_TORS=         0.0000
 SC_EEL_DER=      0.0000  SC_VDW_DER=       0.4649  SC_DERIV   =         0.4649
 ------------------------------------------------------------------------------


| TI region  2


      A V E R A G E S   O V E R    1000 S T E P S


 NSTEP =     1000   TIME(PS) =     324.000  TEMP(K) =   299.80  PRESS =     0.0
 Etot   =    -11791.4976  EKtot   =      2686.8372  EPtot      =    -14478.3348
 BOND   =        13.0881  ANGLE   =        33.8251  DIHED      =        42.9853
 1-4 NB =        16.1476  1-4 EEL =      -511.0127  VDWAALS    =      2097.5434
 EELEC  =    -16170.9117  EHBOND  =         0.0000  RESTRAINT  =         0.0000
 EKCMT  =         0.0000  VIRIAL  =         0.0000  VOLUME     =     45325.4168
                                                    Density    =         0.9929
 DV/DL  =      -186.0968
 ------------------------------------------------------------------------------


      R M S  F L U C T U A T I O N S


 NSTEP =     1000   TIME(PS) =     324.000  TEMP(K) =     3.57  PRESS =     0.0
 Etot   =        48.7249  EKtot   =        32.0056  EPtot      =        46.8597
 BOND   =         2.9621  ANGLE   =         4.2474  DIHED      =         2.7394
 1-4 NB =         1.4575  1-4 EEL =         4.5759  VDWAALS    =        50.7933
 EELEC  =        74.2737  EHBOND  =         0.0000  RESTRAINT  =         0.0000
 EKCMT  =         0.0000  VIRIAL  =         0.0000  VOLUME     =       158.1388
                                                    Density    =         0.0035
 DV/DL  =         7.2005
 ------------------------------------------------------------------------------


      DV/DL, AVERAGES OVER    1000 STEPS


 NSTEP =     1000   TIME(PS) =     324.000  TEMP(K) =     3.57  PRESS =     0.0
 Etot   =         0.0000  EKtot   =         0.0000  EPtot      =      -184.2382
 BOND   =         0.0000  ANGLE   =         0.0000  DIHED      =         0.0000
 1-4 NB =        -0.0969  1-4 EEL =      -209.2995  VDWAALS    =        -0.7671
 EELEC  =        24.8451  EHBOND  =         0.0000  RESTRAINT  =         0.0000
 EKCMT  =         0.0000  VIRIAL  =         0.0000  VOLUME     =         0.0000
                                                    Density    =         0.0000
 DV/DL  =      -184.2382
 ------------------------------------------------------------------------------

| MC Barostat:         10 volume changes attempted.
| MC Barostat:          3 changes successful ( 30.00%)
 ------------------------------------------------------------------------------

--------------------------------------------------------------------------------
   5.  TIMINGS
--------------------------------------------------------------------------------

|  NonSetup CPU Time in Major Routines:
|
|     Routine           Sec        %
|     ------------------------------
|     Nonbond           0.42   81.56
|     Bond              0.00    0.00
|     Angle             0.00    0.00
|     Dihedral          0.00    0.00
|     Shake             0.00    0.70
|     RunMD             0.09   16.58
|     Other             0.01    1.16
|     ------------------------------
|     Total             0.52

|  PME Nonbond Pairlist CPU Time:
|
|     Routine              Sec        %
|     ---------------------------------
|     Set Up Cit           0.00    0.00
|     Build List           0.00    0.00
|     ---------------------------------
|     Total                0.00    0.00

|  PME Direct Force CPU Time:
|
|     Routine              Sec        %
|     ---------------------------------
|     NonBonded Calc       0.00    0.00
|     Exclude Masked       0.00    0.00
|     Other                0.00    0.39
|     ---------------------------------
|     Total                0.00    0.39

|  PME Reciprocal Force CPU Time:
|
|     Routine              Sec        %
|     ---------------------------------
|     1D bspline           0.00    0.00
|     Grid Charges         0.00    0.00
|     Scalar Sum           0.00    0.00
|     Gradient Sum         0.00    0.00
|     FFT                  0.00    0.00
|     ---------------------------------
|     Total                0.00    0.00

|  Final Performance Info:
|     -----------------------------------------------------
|     Average timings for last     950 steps:
|     Elapsed(s) =       0.50 Per Step(ms) =       0.52
|         ns/day =     330.12   seconds/ns =     261.73
|
|     Average timings for all steps:
|     Elapsed(s) =       0.53 Per Step(ms) =       0.53
|         ns/day =     327.85   seconds/ns =     263.53
|     -----------------------------------------------------

|  Setup CPU time:            0.80 seconds
|  NonSetup CPU time:         0.52 seconds
|  Total CPU time:            1.32 seconds     0.00 hours

|  Setup wall time:           1    seconds
|  NonSetup wall time:        0    seconds
|  Total wall time:           1    seconds     0.00 hours
