
          -------------------------------------------------------
          Amber 20 PMEMD                              2020
          -------------------------------------------------------

| PMEMD implementation of SANDER, Release 18

|  Compiled date/time: Tue Apr 28 09:19:54 2020
| Run on 07/19/2024 at 17:15:20

|   Executable path: pmemd.cuda_SPFP
| Working directory: /nfs/zli_gpu2/bin/developed_softwares/CAR_method/example/0.0_0.6_0.6
|          Hostname: compute-0-9.local

  [-O]verwriting output

File Assignments:
|   MDIN: prod4.in                                                              
|  MDOUT: prod4.out                                                             
| INPCRD: prev_cen.rst                                                          
|   PARM: ../lM2A.prmtop                                                        
| RESTRT: prod4.rst                                                             
|   REFC: refc                                                                  
|  MDVEL: mdvel                                                                 
|   MDEN: mden                                                                  
|  MDCRD: prod4.netcdf                                                          
| MDINFO: prod4.mdinfo                                                          
|  MDFRC: mdfrc                                                                 


 Here is the input file:

NVT MD w/No position restraints and PME (sander)                               
 &cntrl                                                                        
  ntx    = 5,                                                                  
  irest  = 1,                                                                  
  ntpr   = 50,                                                                 
  ntwx   = 10000,                                                              
  ntwe   = 10000,                                                              
  ntwr   = 10000,                                                              
  ig     = -1,                                                                 
                                                                               
  ntb    = 2,                                                                  
  ntp = 1, pres0 = 1.0, taup = 2.0,gamma_ln = 2.0,                             
  cut    = 10.0,                                                               
  iwrap  = 1,                                                                  
  barostat = 2,                                                                
                                                                               
  t      = 0.0,                                                                
  dt     = 0.002,                                                              
                                                                               
  temp0  = 300.0,                                                              
  tempi  = 300.0,                                                              
  ntt    = 3,                                                                  
  tautp  = 2.0,                                                                
                                                                               
  ntf    = 1,                                                                  
  ntc    = 2,                                                                  
  iwrap=1, ioutfm=1, ntwv=-1,ntave=1000,                                       
  bar_intervall = 50,                                                          
  icfe = 1, ifsc = 1,                                                          
  timask1=':1,2',                                                              
  timask2=':3',                                                                
  scmask1=':2',                                                                
  scmask2='',                                                                  
  ifmbar = 1,                                                                  
  nstlim = 1000,                                                               
  clambda = 0.6,                                                               
  mbar_states = 10,                                                            
  mbar_lambda = 0.0, 0.0, 0.2, 0.2, 0.5, 0.5, 0.6, 0.6, 1.0, 1.0,              
&end                                                                           
 /                                                                             


Note: ig = -1. Setting random seed to    12093 based on wallclock time in 
      microseconds.
| irandom = 1, using AMBER's internal random number generator (default).
 
|--------------------- INFORMATION ----------------------
| GPU (CUDA) Version of PMEMD in use: NVIDIA GPU IN USE.
|                    Version 18.0.0
| 
|                      03/25/2018
| 
| Implementation by:
|                    Ross C. Walker     (SDSC)
|                    Scott Le Grand     (nVIDIA)
| 
| Version 18 performance extensions by:
|                    David Cerutti     (Rutgers)
| 
| Precision model in use:
|      [SPFP] - Single Precision Forces, 64-bit Fixed Point
|               Accumulation. (Default)
| 
|--------------------------------------------------------
 
|----------------- CITATION INFORMATION -----------------
|
|    When publishing work that utilized the CUDA version
|    of AMBER, please cite the following in addition to
|    the regular AMBER citations:
|
|  - Romelia Salomon-Ferrer; Andreas W. Goetz; Duncan
|    Poole; Scott Le Grand; Ross C. Walker "Routine
|    microsecond molecular dynamics simulations with
|    AMBER - Part II: Particle Mesh Ewald", J. Chem.
|    Theory Comput., 2013, 9 (9), pp3878-3888,
|    DOI: 10.1021/ct400314y.
|
|  - Andreas W. Goetz; Mark J. Williamson; Dong Xu;
|    Duncan Poole; Scott Le Grand; Ross C. Walker
|    "Routine microsecond molecular dynamics simulations
|    with AMBER - Part I: Generalized Born", J. Chem.
|    Theory Comput., 2012, 8 (5), pp1542-1555.
|
|  - Scott Le Grand; Andreas W. Goetz; Ross C. Walker
|    "SPFP: Speed without compromise - a mixed precision
|    model for GPU accelerated molecular dynamics
|    simulations.", Comp. Phys. Comm., 2013, 184
|    pp374-380, DOI: 10.1016/j.cpc.2012.09.022
|
|    When publishing work that utilized the CUDA version
|    of TI, BAR, MBAR or FEP please cite the following 
|    publications in addition to the regular AMBER 
|    GPU citations:
|
|  - Daniel J. Mermelstein; Charles Lin; Gard Nelson; 
|    Rachael Kretsch; J. Andrew McCammon; Ross C. Walker
|    "Fast and Flexible GPU Accelerated Binding 
|    Free Energy Calculations within the AMBER Molecular
|    Dynamics Package" J. Comp. Chem., 2018,
|    DOI: 10.1002/jcc.25187
|
|  - Tai-Sung Lee; Yuan Hu; Brad Sherborne; Zhuyan Guo;
|    Darrin M. York
|    "Toward Fast and Accurate Binding Affinity Prediction with
|    pmemdGTI: An Efficient Implementation of GPU-Accelerated
|    Thermodynamic Integration"
|    J. Chem. Theory Comput., 2017, 13 (7), 3077
|
|
|--------------------------------------------------------
 
|------------------- GPU DEVICE INFO --------------------
|
|            CUDA_VISIBLE_DEVICES: not set
|   CUDA Capable Devices Detected:      5
|           CUDA Device ID in use:      0
|                CUDA Device Name: NVIDIA GeForce RTX 3070
|     CUDA Device Global Mem Size:   7982 MB
| CUDA Device Num Multiprocessors:     46
|           CUDA Device Core Freq:   1.73 GHz
|
|--------------------------------------------------------
 
 
| Conditional Compilation Defines Used:
| PUBFFT
| BINTRAJ
| CUDA
| EMIL

| Largest sphere to fit in unit cell has radius =    17.504

| New format PARM file being parsed.
| Version =    1.000 Date = 08/02/22 Time = 19:36:52

| Note: 1-4 EEL scale factors are being read from the topology file.

| Note: 1-4 VDW scale factors are being read from the topology file.
| Duplicated    0 dihedrals

| Duplicated    0 dihedrals

--------------------------------------------------------------------------------
   1.  RESOURCE   USE: 
--------------------------------------------------------------------------------

 getting new box info from bottom of inpcrd
 NATOM  =    4548 NTYPES =      17 NBONH =    4492 MBONA  =      62
 NTHETH =     105 MTHETA =      88 NPHIH =     188 MPHIA  =     154
 NHPARM =       0 NPARM  =       0 NNB   =    6494 NRES   =    1485
 NBONA  =      62 NTHETA =      88 NPHIA =     154 NUMBND =      22
 NUMANG =      36 NPTRA  =      19 NATYP =      18 NPHB   =       1
 IFBOX  =       1 NMXRS  =      50 IFCAP =       0 NEXTRA =       0
 NCOPY  =       0

| Coordinate Index Table dimensions:     6    6    6
| Direct force subcell size =     5.9234    6.1539    5.8346

     BOX TYPE: RECTILINEAR

--------------------------------------------------------------------------------
   2.  CONTROL  DATA  FOR  THE  RUN
--------------------------------------------------------------------------------

default_name                                                                    

General flags:
     imin    =       0, nmropt  =       0

Nature and format of input:
     ntx     =       5, irest   =       1, ntrx    =       1

Nature and format of output:
     ntxo    =       2, ntpr    =      50, ntrx    =       1, ntwr    =   10000
     iwrap   =       1, ntwx    =   10000, ntwv    =      -1, ntwe    =   10000
     ioutfm  =       1, ntwprt  =       0, idecomp =       0, rbornstat=      0

Potential function:
     ntf     =       1, ntb     =       2, igb     =       0, nsnb    =      25
     ipol    =       0, gbsa    =       0, iesp    =       0
     dielc   =   1.00000, cut     =  10.00000, intdiel =   1.00000

Frozen or restrained atoms:
     ibelly  =       0, ntr     =       0

Molecular dynamics:
     nstlim  =      1000, nscm    =      1000, nrespa  =         1
     t       =   0.00000, dt      =   0.00200, vlimit  =  -1.00000

Langevin dynamics temperature regulation:
     ig      =   12093
     temp0   = 300.00000, tempi   = 300.00000, gamma_ln=   2.00000

Pressure regulation:
     ntp     =       1
     pres0   =   1.00000, comp    =  44.60000, taup    =   2.00000
     Monte-Carlo Barostat:
     mcbarint  =     100

SHAKE:
     ntc     =       2, jfastw  =       0
     tol     =   0.00001

Free energy options:
     icfe    =       1, ifsc    =       1, klambda =       1
     clambda =  0.6000, scalpha =  0.5000, scbeta  = 12.0000
     sceeorder =       2
     dynlmb =  0.0000 logdvdl =       0

FEP MBAR options:
     ifmbar  =       1,  bar_intervall =       50
     mbar_states =      10

| Intermolecular bonds treatment:
|     no_intermolecular_bonds =       1

| Energy averages sample interval:
|     ene_avg_sampling =       1

Ewald parameters:
     verbose =       0, ew_type =       0, nbflag  =       1, use_pme =       1
     vdwmeth =       1, eedmeth =       1, netfrc  =       1
     Box X =   35.540   Box Y =   36.923   Box Z =   35.007
     Alpha =   90.000   Beta  =   90.000   Gamma =   90.000
     NFFT1 =   36       NFFT2 =   40       NFFT3 =   36
     Cutoff=   10.000   Tol   =0.100E-04
     Ewald Coefficient =  0.27511
     Interpolation order =    4
     TI Mask 1 :1,2; matches     52 atoms
     TI Mask 2 :3; matches     50 atoms
     TI region 1:    4498 atoms
     TI region 2:    4496 atoms
     SC Mask 1 :2; matches      2 atoms

    MBAR - lambda values considered:
      10 total:  0.0000 0.0000 0.2000 0.2000 0.5000 0.5000 0.6000 0.6000 1.0000 1.0000
    Extra energies will be computed     20 times.
| MONTE CARLO BAROSTAT IMPORTANT NOTE:
|   The Monte-Carlo barostat does not require the virial to adjust the system volume.
|   Since it is an expensive calculation, it is skipped for efficiency. A side-effect
|   is that the reported pressure is always 0 because it is not calculated.

--------------------------------------------------------------------------------
   3.  ATOMIC COORDINATES AND VELOCITIES
--------------------------------------------------------------------------------

Cpptraj Generated Restart                                                       
 begin time read from input coords =   330.000 ps

 
     Molecule     1 is partially softcore
     Molecule     2 is partially softcore
 Number of triangulated 3-point waters found:     1482
   Removing shake constraints from HX1   LBM   2 -- N26   LAM   1
   Removing shake constraints from H23   LBM   2 -- N26   LAM   1
 Number of shake restraints removed in TI region  1 :        2
 Number of shake restraints removed in TI region  2 :        0

     Sum of charges for TI region  1 =  -0.00249680
     Skip neutralizing charges...


     Sum of charges for TI region  2 =  -0.00299999
     Skip neutralizing charges...

| Dynamic Memory, Types Used:
| Reals              376231
| Integers           194647

| Nonbonded Pairs Initial Allocation:     1375656

| GPU memory information (estimate):
| KB of GPU memory in use:     42305
| KB of CPU memory in use:     18371

--------------------------------------------------------------------------------
   4.  RESULTS
--------------------------------------------------------------------------------

   DOF for the SC part  1 of the system:    6

MBAR Energy analysis:
Energy at 0.0000 =    -14288.140615
Energy at 0.0000 =    -14288.140615
Energy at 0.2000 =    -14336.773662
Energy at 0.2000 =    -14336.773662
Energy at 0.5000 =    -14399.172372
Energy at 0.5000 =    -14399.172372
Energy at 0.6000 =    -14419.494501
Energy at 0.6000 =    -14419.494501
Energy at 1.0000 =    -14500.254099
Energy at 1.0000 =    -14500.254099
 ------------------------------------------------------------------------------


| TI region  1


 NSTEP =       50   TIME(PS) =     330.100  TEMP(K) =   304.69  PRESS =     0.0
 Etot   =    -11686.9378  EKtot   =      2732.5567  EPtot      =    -14419.4945
 BOND   =        18.5292  ANGLE   =        39.0249  DIHED      =        41.6166
 1-4 NB =        16.4316  1-4 EEL =      -518.3139  VDWAALS    =      2014.1025
 EELEC  =    -16030.8854  EHBOND  =         0.0000  RESTRAINT  =         0.0000
 EKCMT  =         0.0000  VIRIAL  =         0.0000  VOLUME     =     45939.0884
                                                    Density    =         0.9797
 DV/DL  =      -202.7658
 ------------------------------------------------------------------------------

  Softcore part of the system:       2 atoms,       TEMP(K)    =         340.71
 SC_Etot=         5.4105  SC_EKtot=         2.0311  SC_EPtot   =         3.3794
 SC_BOND=         0.4011  SC_ANGLE=         2.3815  SC_DIHED   =         0.5968
 SC_14NB=         0.0000  SC_14EEL=         0.0000  SC_VDW     =         0.0000
 SC_EEL =         0.0000
 SC_RES_DIST=     0.0000  SC_RES_ANG=       0.0000  SC_RES_TORS=         0.0000
 SC_EEL_DER=      0.0000  SC_VDW_DER=      -0.8668  SC_DERIV   =        -0.8668
 ------------------------------------------------------------------------------


| TI region  2


 NSTEP =       50   TIME(PS) =     330.100  TEMP(K) =   304.67  PRESS =     0.0
 Etot   =    -11688.9690  EKtot   =      2730.5255  EPtot      =    -14419.4945
 BOND   =        18.5292  ANGLE   =        39.0249  DIHED      =        41.6166
 1-4 NB =        16.4316  1-4 EEL =      -518.3139  VDWAALS    =      2014.1025
 EELEC  =    -16030.8854  EHBOND  =         0.0000  RESTRAINT  =         0.0000
 EKCMT  =         0.0000  VIRIAL  =         0.0000  VOLUME     =     45939.0884
                                                    Density    =         0.9797
 DV/DL  =      -202.7658
 ------------------------------------------------------------------------------


MBAR Energy analysis:
Energy at 0.0000 =    -14253.909644
Energy at 0.0000 =    -14253.909644
Energy at 0.2000 =    -14290.324578
Energy at 0.2000 =    -14290.324578
Energy at 0.5000 =    -14344.597695
Energy at 0.5000 =    -14344.597695
Energy at 0.6000 =    -14362.641804
Energy at 0.6000 =    -14362.641804
Energy at 1.0000 =    -14434.714348
Energy at 1.0000 =    -14434.714348
 ------------------------------------------------------------------------------


| TI region  1


 NSTEP =      100   TIME(PS) =     330.200  TEMP(K) =   300.57  PRESS =     0.0
 Etot   =    -11667.0562  EKtot   =      2695.5856  EPtot      =    -14362.6418
 BOND   =        12.9421  ANGLE   =        34.4197  DIHED      =        42.4802
 1-4 NB =        15.9352  1-4 EEL =      -509.3151  VDWAALS    =      2064.0916
 EELEC  =    -16023.1954  EHBOND  =         0.0000  RESTRAINT  =         0.0000
 EKCMT  =         0.0000  VIRIAL  =         0.0000  VOLUME     =     45939.0884
                                                    Density    =         0.9797
 DV/DL  =      -180.3667
 ------------------------------------------------------------------------------

  Softcore part of the system:       2 atoms,       TEMP(K)    =         271.65
 SC_Etot=         4.9044  SC_EKtot=         1.6195  SC_EPtot   =         3.2849
 SC_BOND=         0.9138  SC_ANGLE=         2.3384  SC_DIHED   =         0.0327
 SC_14NB=         0.0000  SC_14EEL=         0.0000  SC_VDW     =         0.0000
 SC_EEL =         0.0000
 SC_RES_DIST=     0.0000  SC_RES_ANG=       0.0000  SC_RES_TORS=         0.0000
 SC_EEL_DER=      0.0000  SC_VDW_DER=      -0.1853  SC_DERIV   =        -0.1853
 ------------------------------------------------------------------------------


| TI region  2


 NSTEP =      100   TIME(PS) =     330.200  TEMP(K) =   300.59  PRESS =     0.0
 Etot   =    -11668.6757  EKtot   =      2693.9661  EPtot      =    -14362.6418
 BOND   =        12.9421  ANGLE   =        34.4197  DIHED      =        42.4802
 1-4 NB =        15.9352  1-4 EEL =      -509.3151  VDWAALS    =      2064.0916
 EELEC  =    -16023.1954  EHBOND  =         0.0000  RESTRAINT  =         0.0000
 EKCMT  =         0.0000  VIRIAL  =         0.0000  VOLUME     =     45939.0884
                                                    Density    =         0.9797
 DV/DL  =      -180.3667
 ------------------------------------------------------------------------------


MBAR Energy analysis:
Energy at 0.0000 =    -14207.647505
Energy at 0.0000 =    -14207.647505
Energy at 0.2000 =    -14245.536155
Energy at 0.2000 =    -14245.536155
Energy at 0.5000 =    -14299.799221
Energy at 0.5000 =    -14299.799221
Energy at 0.6000 =    -14317.696514
Energy at 0.6000 =    -14317.696514
Energy at 1.0000 =    -14389.011015
Energy at 1.0000 =    -14389.011015
 ------------------------------------------------------------------------------


| TI region  1


 NSTEP =      150   TIME(PS) =     330.300  TEMP(K) =   293.55  PRESS =     0.0
 Etot   =    -11685.0988  EKtot   =      2632.5977  EPtot      =    -14317.6965
 BOND   =        12.1327  ANGLE   =        25.3038  DIHED      =        42.6130
 1-4 NB =        17.2188  1-4 EEL =      -505.5326  VDWAALS    =      2070.2827
 EELEC  =    -15979.7149  EHBOND  =         0.0000  RESTRAINT  =         0.0000
 EKCMT  =         0.0000  VIRIAL  =         0.0000  VOLUME     =     45939.0884
                                                    Density    =         0.9797
 DV/DL  =      -178.7503
 ------------------------------------------------------------------------------

  Softcore part of the system:       2 atoms,       TEMP(K)    =         269.53
 SC_Etot=         3.9156  SC_EKtot=         1.6068  SC_EPtot   =         2.3088
 SC_BOND=         1.0484  SC_ANGLE=         0.7037  SC_DIHED   =         0.5567
 SC_14NB=         0.0000  SC_14EEL=         0.0000  SC_VDW     =         0.0000
 SC_EEL =         0.0000
 SC_RES_DIST=     0.0000  SC_RES_ANG=       0.0000  SC_RES_TORS=         0.0000
 SC_EEL_DER=      0.0000  SC_VDW_DER=      -0.4641  SC_DERIV   =        -0.4641
 ------------------------------------------------------------------------------


| TI region  2


 NSTEP =      150   TIME(PS) =     330.300  TEMP(K) =   293.56  PRESS =     0.0
 Etot   =    -11686.7057  EKtot   =      2630.9908  EPtot      =    -14317.6965
 BOND   =        12.1327  ANGLE   =        25.3038  DIHED      =        42.6130
 1-4 NB =        17.2188  1-4 EEL =      -505.5326  VDWAALS    =      2070.2827
 EELEC  =    -15979.7149  EHBOND  =         0.0000  RESTRAINT  =         0.0000
 EKCMT  =         0.0000  VIRIAL  =         0.0000  VOLUME     =     45939.0884
                                                    Density    =         0.9797
 DV/DL  =      -178.7503
 ------------------------------------------------------------------------------


MBAR Energy analysis:
Energy at 0.0000 =    -14303.547903
Energy at 0.0000 =    -14303.547903
Energy at 0.2000 =    -14342.722088
Energy at 0.2000 =    -14342.722088
Energy at 0.5000 =    -14400.066411
Energy at 0.5000 =    -14400.066411
Energy at 0.6000 =    -14419.060603
Energy at 0.6000 =    -14419.060603
Energy at 1.0000 =    -14494.848532
Energy at 1.0000 =    -14494.848532
 ------------------------------------------------------------------------------


| TI region  1


 NSTEP =      200   TIME(PS) =     330.400  TEMP(K) =   300.13  PRESS =     0.0
 Etot   =    -11727.4117  EKtot   =      2691.6489  EPtot      =    -14419.0606
 BOND   =        15.3192  ANGLE   =        34.6062  DIHED      =        39.8565
 1-4 NB =        17.1172  1-4 EEL =      -510.2508  VDWAALS    =      2041.0006
 EELEC  =    -16056.7097  EHBOND  =         0.0000  RESTRAINT  =         0.0000
 EKCMT  =         0.0000  VIRIAL  =         0.0000  VOLUME     =     45939.0884
                                                    Density    =         0.9797
 DV/DL  =      -189.7920
 ------------------------------------------------------------------------------

  Softcore part of the system:       2 atoms,       TEMP(K)    =         461.90
 SC_Etot=         5.3455  SC_EKtot=         2.7536  SC_EPtot   =         2.5919
 SC_BOND=         0.7661  SC_ANGLE=         0.7802  SC_DIHED   =         1.0456
 SC_14NB=         0.0000  SC_14EEL=         0.0000  SC_VDW     =         0.0000
 SC_EEL =         0.0000
 SC_RES_DIST=     0.0000  SC_RES_ANG=       0.0000  SC_RES_TORS=         0.0000
 SC_EEL_DER=      0.0000  SC_VDW_DER=      -0.3221  SC_DERIV   =        -0.3221
 ------------------------------------------------------------------------------


| TI region  2


 NSTEP =      200   TIME(PS) =     330.400  TEMP(K) =   300.03  PRESS =     0.0
 Etot   =    -11730.1653  EKtot   =      2688.8953  EPtot      =    -14419.0606
 BOND   =        15.3192  ANGLE   =        34.6062  DIHED      =        39.8565
 1-4 NB =        17.1172  1-4 EEL =      -510.2508  VDWAALS    =      2041.0006
 EELEC  =    -16056.7097  EHBOND  =         0.0000  RESTRAINT  =         0.0000
 EKCMT  =         0.0000  VIRIAL  =         0.0000  VOLUME     =     45939.0884
                                                    Density    =         0.9797
 DV/DL  =      -189.7920
 ------------------------------------------------------------------------------


MBAR Energy analysis:
Energy at 0.0000 =    -14288.816528
Energy at 0.0000 =    -14288.816528
Energy at 0.2000 =    -14328.309623
Energy at 0.2000 =    -14328.309623
Energy at 0.5000 =    -14386.892037
Energy at 0.5000 =    -14386.892037
Energy at 0.6000 =    -14406.343831
Energy at 0.6000 =    -14406.343831
Energy at 1.0000 =    -14484.003698
Energy at 1.0000 =    -14484.003698
 ------------------------------------------------------------------------------


| TI region  1


 NSTEP =      250   TIME(PS) =     330.500  TEMP(K) =   302.64  PRESS =     0.0
 Etot   =    -11692.2358  EKtot   =      2714.1080  EPtot      =    -14406.3438
 BOND   =        15.6506  ANGLE   =        36.9649  DIHED      =        39.4357
 1-4 NB =        14.2101  1-4 EEL =      -514.0057  VDWAALS    =      2052.8477
 EELEC  =    -16051.4471  EHBOND  =         0.0000  RESTRAINT  =         0.0000
 EKCMT  =         0.0000  VIRIAL  =         0.0000  VOLUME     =     45939.0884
                                                    Density    =         0.9797
 DV/DL  =      -194.4080
 ------------------------------------------------------------------------------

  Softcore part of the system:       2 atoms,       TEMP(K)    =         403.05
 SC_Etot=         4.8990  SC_EKtot=         2.4028  SC_EPtot   =         2.4961
 SC_BOND=         0.5628  SC_ANGLE=         1.3125  SC_DIHED   =         0.6208
 SC_14NB=         0.0000  SC_14EEL=         0.0000  SC_VDW     =         0.0000
 SC_EEL =         0.0000
 SC_RES_DIST=     0.0000  SC_RES_ANG=       0.0000  SC_RES_TORS=         0.0000
 SC_EEL_DER=      0.0000  SC_VDW_DER=      -0.2583  SC_DERIV   =        -0.2583
 ------------------------------------------------------------------------------


| TI region  2


 NSTEP =      250   TIME(PS) =     330.500  TEMP(K) =   302.57  PRESS =     0.0
 Etot   =    -11694.6387  EKtot   =      2711.7052  EPtot      =    -14406.3438
 BOND   =        15.6506  ANGLE   =        36.9649  DIHED      =        39.4357
 1-4 NB =        14.2101  1-4 EEL =      -514.0057  VDWAALS    =      2052.8477
 EELEC  =    -16051.4471  EHBOND  =         0.0000  RESTRAINT  =         0.0000
 EKCMT  =         0.0000  VIRIAL  =         0.0000  VOLUME     =     45939.0884
                                                    Density    =         0.9797
 DV/DL  =      -194.4080
 ------------------------------------------------------------------------------


MBAR Energy analysis:
Energy at 0.0000 =    -14216.832056
Energy at 0.0000 =    -14216.832056
Energy at 0.2000 =    -14256.819335
Energy at 0.2000 =    -14256.819335
Energy at 0.5000 =    -14316.697285
Energy at 0.5000 =    -14316.697285
Energy at 0.6000 =    -14336.641931
Energy at 0.6000 =    -14336.641931
Energy at 1.0000 =    -14416.387870
Energy at 1.0000 =    -14416.387870
 ------------------------------------------------------------------------------


| TI region  1


 NSTEP =      300   TIME(PS) =     330.600  TEMP(K) =   293.99  PRESS =     0.0
 Etot   =    -11700.1105  EKtot   =      2636.5314  EPtot      =    -14336.6419
 BOND   =        13.4991  ANGLE   =        37.7247  DIHED      =        42.1625
 1-4 NB =        16.1127  1-4 EEL =      -507.7407  VDWAALS    =      2059.8749
 EELEC  =    -15998.2752  EHBOND  =         0.0000  RESTRAINT  =         0.0000
 EKCMT  =         0.0000  VIRIAL  =         0.0000  VOLUME     =     45939.0884
                                                    Density    =         0.9797
 DV/DL  =      -199.4228
 ------------------------------------------------------------------------------

  Softcore part of the system:       2 atoms,       TEMP(K)    =         128.45
 SC_Etot=         3.0564  SC_EKtot=         0.7658  SC_EPtot   =         2.2906
 SC_BOND=         0.3395  SC_ANGLE=         1.3608  SC_DIHED   =         0.5903
 SC_14NB=         0.0000  SC_14EEL=         0.0000  SC_VDW     =         0.0000
 SC_EEL =         0.0000
 SC_RES_DIST=     0.0000  SC_RES_ANG=       0.0000  SC_RES_TORS=         0.0000
 SC_EEL_DER=      0.0000  SC_VDW_DER=      -0.0579  SC_DERIV   =        -0.0579
 ------------------------------------------------------------------------------


| TI region  2


 NSTEP =      300   TIME(PS) =     330.600  TEMP(K) =   294.10  PRESS =     0.0
 Etot   =    -11700.8763  EKtot   =      2635.7657  EPtot      =    -14336.6419
 BOND   =        13.4991  ANGLE   =        37.7247  DIHED      =        42.1625
 1-4 NB =        16.1127  1-4 EEL =      -507.7407  VDWAALS    =      2059.8749
 EELEC  =    -15998.2752  EHBOND  =         0.0000  RESTRAINT  =         0.0000
 EKCMT  =         0.0000  VIRIAL  =         0.0000  VOLUME     =     45939.0884
                                                    Density    =         0.9797
 DV/DL  =      -199.4228
 ------------------------------------------------------------------------------


MBAR Energy analysis:
Energy at 0.0000 =    -14276.199027
Energy at 0.0000 =    -14276.199027
Energy at 0.2000 =    -14311.365105
Energy at 0.2000 =    -14311.365105
Energy at 0.5000 =    -14364.080263
Energy at 0.5000 =    -14364.080263
Energy at 0.6000 =    -14381.647355
Energy at 0.6000 =    -14381.647355
Energy at 1.0000 =    -14451.907578
Energy at 1.0000 =    -14451.907578
 ------------------------------------------------------------------------------


| TI region  1


 NSTEP =      350   TIME(PS) =     330.700  TEMP(K) =   303.50  PRESS =     0.0
 Etot   =    -11659.7897  EKtot   =      2721.8577  EPtot      =    -14381.6474
 BOND   =        18.9864  ANGLE   =        30.0575  DIHED      =        40.6346
 1-4 NB =        15.5634  1-4 EEL =      -516.3964  VDWAALS    =      2071.1937
 EELEC  =    -16041.6867  EHBOND  =         0.0000  RESTRAINT  =         0.0000
 EKCMT  =         0.0000  VIRIAL  =         0.0000  VOLUME     =     45939.0884
                                                    Density    =         0.9797
 DV/DL  =      -175.6641
 ------------------------------------------------------------------------------

  Softcore part of the system:       2 atoms,       TEMP(K)    =         174.84
 SC_Etot=         2.2688  SC_EKtot=         1.0423  SC_EPtot   =         1.2265
 SC_BOND=         0.2587  SC_ANGLE=         0.4794  SC_DIHED   =         0.4884
 SC_14NB=         0.0000  SC_14EEL=         0.0000  SC_VDW     =         0.0000
 SC_EEL =         0.0000
 SC_RES_DIST=     0.0000  SC_RES_ANG=       0.0000  SC_RES_TORS=         0.0000
 SC_EEL_DER=      0.0000  SC_VDW_DER=      -0.0135  SC_DERIV   =        -0.0135
 ------------------------------------------------------------------------------


| TI region  2


 NSTEP =      350   TIME(PS) =     330.700  TEMP(K) =   303.59  PRESS =     0.0
 Etot   =    -11660.8320  EKtot   =      2720.8154  EPtot      =    -14381.6474
 BOND   =        18.9864  ANGLE   =        30.0575  DIHED      =        40.6346
 1-4 NB =        15.5634  1-4 EEL =      -516.3964  VDWAALS    =      2071.1937
 EELEC  =    -16041.6867  EHBOND  =         0.0000  RESTRAINT  =         0.0000
 EKCMT  =         0.0000  VIRIAL  =         0.0000  VOLUME     =     45939.0884
                                                    Density    =         0.9797
 DV/DL  =      -175.6641
 ------------------------------------------------------------------------------


MBAR Energy analysis:
Energy at 0.0000 =    -14310.759942
Energy at 0.0000 =    -14310.759942
Energy at 0.2000 =    -14349.377048
Energy at 0.2000 =    -14349.377048
Energy at 0.5000 =    -14407.284388
Energy at 0.5000 =    -14407.284388
Energy at 0.6000 =    -14426.584546
Energy at 0.6000 =    -14426.584546
Energy at 1.0000 =    -14503.783078
Energy at 1.0000 =    -14503.783078
 ------------------------------------------------------------------------------


| TI region  1


 NSTEP =      400   TIME(PS) =     330.800  TEMP(K) =   300.29  PRESS =     0.0
 Etot   =    -11733.5584  EKtot   =      2693.0261  EPtot      =    -14426.5845
 BOND   =         7.6397  ANGLE   =        36.4375  DIHED      =        40.9575
 1-4 NB =        13.2638  1-4 EEL =      -510.5261  VDWAALS    =      2052.1310
 EELEC  =    -16066.4879  EHBOND  =         0.0000  RESTRAINT  =         0.0000
 EKCMT  =         0.0000  VIRIAL  =         0.0000  VOLUME     =     45869.1336
                                                    Density    =         0.9812
 DV/DL  =      -192.9988
 ------------------------------------------------------------------------------

  Softcore part of the system:       2 atoms,       TEMP(K)    =         237.00
 SC_Etot=         5.8000  SC_EKtot=         1.4129  SC_EPtot   =         4.3871
 SC_BOND=         0.3794  SC_ANGLE=         3.1740  SC_DIHED   =         0.8337
 SC_14NB=         0.0000  SC_14EEL=         0.0000  SC_VDW     =         0.0000
 SC_EEL =         0.0000
 SC_RES_DIST=     0.0000  SC_RES_ANG=       0.0000  SC_RES_TORS=         0.0000
 SC_EEL_DER=      0.0000  SC_VDW_DER=      -0.0024  SC_DERIV   =        -0.0024
 ------------------------------------------------------------------------------


| TI region  2


 NSTEP =      400   TIME(PS) =     330.800  TEMP(K) =   300.33  PRESS =     0.0
 Etot   =    -11734.9713  EKtot   =      2691.6132  EPtot      =    -14426.5845
 BOND   =         7.6397  ANGLE   =        36.4375  DIHED      =        40.9575
 1-4 NB =        13.2638  1-4 EEL =      -510.5261  VDWAALS    =      2052.1310
 EELEC  =    -16066.4879  EHBOND  =         0.0000  RESTRAINT  =         0.0000
 EKCMT  =         0.0000  VIRIAL  =         0.0000  VOLUME     =     45869.1336
                                                    Density    =         0.9812
 DV/DL  =      -192.9988
 ------------------------------------------------------------------------------


MBAR Energy analysis:
Energy at 0.0000 =    -14304.181516
Energy at 0.0000 =    -14304.181516
Energy at 0.2000 =    -14340.309359
Energy at 0.2000 =    -14340.309359
Energy at 0.5000 =    -14394.484360
Energy at 0.5000 =    -14394.484360
Energy at 0.6000 =    -14412.540539
Energy at 0.6000 =    -14412.540539
Energy at 1.0000 =    -14484.762968
Energy at 1.0000 =    -14484.762968
 ------------------------------------------------------------------------------


| TI region  1


 NSTEP =      450   TIME(PS) =     330.900  TEMP(K) =   301.39  PRESS =     0.0
 Etot   =    -11709.6423  EKtot   =      2702.8982  EPtot      =    -14412.5405
 BOND   =         9.5484  ANGLE   =        32.8502  DIHED      =        39.6984
 1-4 NB =        16.0674  1-4 EEL =      -509.3705  VDWAALS    =      2041.7132
 EELEC  =    -16043.0475  EHBOND  =         0.0000  RESTRAINT  =         0.0000
 EKCMT  =         0.0000  VIRIAL  =         0.0000  VOLUME     =     45869.1336
                                                    Density    =         0.9812
 DV/DL  =      -180.5590
 ------------------------------------------------------------------------------

  Softcore part of the system:       2 atoms,       TEMP(K)    =         293.38
 SC_Etot=         4.0515  SC_EKtot=         1.7490  SC_EPtot   =         2.3025
 SC_BOND=         0.0621  SC_ANGLE=         1.9099  SC_DIHED   =         0.3306
 SC_14NB=         0.0000  SC_14EEL=         0.0000  SC_VDW     =         0.0000
 SC_EEL =         0.0000
 SC_RES_DIST=     0.0000  SC_RES_ANG=       0.0000  SC_RES_TORS=         0.0000
 SC_EEL_DER=      0.0000  SC_VDW_DER=      -0.0029  SC_DERIV   =        -0.0029
 ------------------------------------------------------------------------------


| TI region  2


 NSTEP =      450   TIME(PS) =     330.900  TEMP(K) =   301.39  PRESS =     0.0
 Etot   =    -11711.3913  EKtot   =      2701.1492  EPtot      =    -14412.5405
 BOND   =         9.5484  ANGLE   =        32.8502  DIHED      =        39.6984
 1-4 NB =        16.0674  1-4 EEL =      -509.3705  VDWAALS    =      2041.7132
 EELEC  =    -16043.0475  EHBOND  =         0.0000  RESTRAINT  =         0.0000
 EKCMT  =         0.0000  VIRIAL  =         0.0000  VOLUME     =     45869.1336
                                                    Density    =         0.9812
 DV/DL  =      -180.5590
 ------------------------------------------------------------------------------


MBAR Energy analysis:
Energy at 0.0000 =    -14318.750421
Energy at 0.0000 =    -14318.750421
Energy at 0.2000 =    -14357.503384
Energy at 0.2000 =    -14357.503384
Energy at 0.5000 =    -14415.594777
Energy at 0.5000 =    -14415.594777
Energy at 0.6000 =    -14434.953264
Energy at 0.6000 =    -14434.953264
Energy at 1.0000 =    -14512.377842
Energy at 1.0000 =    -14512.377842
 ------------------------------------------------------------------------------


| TI region  1


 NSTEP =      500   TIME(PS) =     331.000  TEMP(K) =   302.40  PRESS =     0.0
 Etot   =    -11722.9733  EKtot   =      2711.9799  EPtot      =    -14434.9533
 BOND   =        13.3565  ANGLE   =        37.6210  DIHED      =        37.4048
 1-4 NB =        12.9654  1-4 EEL =      -514.0993  VDWAALS    =      2103.6173
 EELEC  =    -16125.8191  EHBOND  =         0.0000  RESTRAINT  =         0.0000
 EKCMT  =         0.0000  VIRIAL  =         0.0000  VOLUME     =     45869.1336
                                                    Density    =         0.9812
 DV/DL  =      -193.5769
 ------------------------------------------------------------------------------

  Softcore part of the system:       2 atoms,       TEMP(K)    =          43.28
 SC_Etot=         2.9127  SC_EKtot=         0.2580  SC_EPtot   =         2.6547
 SC_BOND=         0.0466  SC_ANGLE=         1.8041  SC_DIHED   =         0.8040
 SC_14NB=         0.0000  SC_14EEL=         0.0000  SC_VDW     =         0.0000
 SC_EEL =         0.0000
 SC_RES_DIST=     0.0000  SC_RES_ANG=       0.0000  SC_RES_TORS=         0.0000
 SC_EEL_DER=      0.0000  SC_VDW_DER=      -0.0155  SC_DERIV   =        -0.0155
 ------------------------------------------------------------------------------


| TI region  2


 NSTEP =      500   TIME(PS) =     331.000  TEMP(K) =   302.57  PRESS =     0.0
 Etot   =    -11723.2313  EKtot   =      2711.7219  EPtot      =    -14434.9533
 BOND   =        13.3565  ANGLE   =        37.6210  DIHED      =        37.4048
 1-4 NB =        12.9654  1-4 EEL =      -514.0993  VDWAALS    =      2103.6173
 EELEC  =    -16125.8191  EHBOND  =         0.0000  RESTRAINT  =         0.0000
 EKCMT  =         0.0000  VIRIAL  =         0.0000  VOLUME     =     45869.1336
                                                    Density    =         0.9812
 DV/DL  =      -193.5769
 ------------------------------------------------------------------------------


MBAR Energy analysis:
Energy at 0.0000 =    -14347.989407
Energy at 0.0000 =    -14347.989407
Energy at 0.2000 =    -14386.219632
Energy at 0.2000 =    -14386.219632
Energy at 0.5000 =    -14443.384029
Energy at 0.5000 =    -14443.384029
Energy at 0.6000 =    -14462.415105
Energy at 0.6000 =    -14462.415105
Energy at 1.0000 =    -14538.490323
Energy at 1.0000 =    -14538.490323
 ------------------------------------------------------------------------------


| TI region  1


 NSTEP =      550   TIME(PS) =     331.100  TEMP(K) =   305.81  PRESS =     0.0
 Etot   =    -11719.8498  EKtot   =      2742.5653  EPtot      =    -14462.4151
 BOND   =        12.9007  ANGLE   =        31.5235  DIHED      =        38.1760
 1-4 NB =        17.5158  1-4 EEL =      -509.8750  VDWAALS    =      2144.2917
 EELEC  =    -16196.9477  EHBOND  =         0.0000  RESTRAINT  =         0.0000
 EKCMT  =         0.0000  VIRIAL  =         0.0000  VOLUME     =     45869.1336
                                                    Density    =         0.9812
 DV/DL  =      -190.2743
 ------------------------------------------------------------------------------

  Softcore part of the system:       2 atoms,       TEMP(K)    =         276.60
 SC_Etot=         4.6480  SC_EKtot=         1.6490  SC_EPtot   =         2.9991
 SC_BOND=         0.6400  SC_ANGLE=         1.8630  SC_DIHED   =         0.4961
 SC_14NB=         0.0000  SC_14EEL=         0.0000  SC_VDW     =         0.0000
 SC_EEL =         0.0000
 SC_RES_DIST=     0.0000  SC_RES_ANG=       0.0000  SC_RES_TORS=         0.0000
 SC_EEL_DER=      0.0000  SC_VDW_DER=      -0.0862  SC_DERIV   =        -0.0862
 ------------------------------------------------------------------------------


| TI region  2


 NSTEP =      550   TIME(PS) =     331.100  TEMP(K) =   305.83  PRESS =     0.0
 Etot   =    -11721.4988  EKtot   =      2740.9163  EPtot      =    -14462.4151
 BOND   =        12.9007  ANGLE   =        31.5235  DIHED      =        38.1760
 1-4 NB =        17.5158  1-4 EEL =      -509.8750  VDWAALS    =      2144.2917
 EELEC  =    -16196.9477  EHBOND  =         0.0000  RESTRAINT  =         0.0000
 EKCMT  =         0.0000  VIRIAL  =         0.0000  VOLUME     =     45869.1336
                                                    Density    =         0.9812
 DV/DL  =      -190.2743
 ------------------------------------------------------------------------------


MBAR Energy analysis:
Energy at 0.0000 =    -14248.614671
Energy at 0.0000 =    -14248.614671
Energy at 0.2000 =    -14285.236297
Energy at 0.2000 =    -14285.236297
Energy at 0.5000 =    -14339.975470
Energy at 0.5000 =    -14339.975470
Energy at 0.6000 =    -14358.195012
Energy at 0.6000 =    -14358.195012
Energy at 1.0000 =    -14431.013487
Energy at 1.0000 =    -14431.013487
 ------------------------------------------------------------------------------


| TI region  1


 NSTEP =      600   TIME(PS) =     331.200  TEMP(K) =   298.20  PRESS =     0.0
 Etot   =    -11683.8582  EKtot   =      2674.3368  EPtot      =    -14358.1950
 BOND   =        11.2496  ANGLE   =        38.4167  DIHED      =        38.1387
 1-4 NB =        17.3110  1-4 EEL =      -512.6930  VDWAALS    =      2132.0293
 EELEC  =    -16082.6473  EHBOND  =         0.0000  RESTRAINT  =         0.0000
 EKCMT  =         0.0000  VIRIAL  =         0.0000  VOLUME     =     45869.1336
                                                    Density    =         0.9812
 DV/DL  =      -182.1524
 ------------------------------------------------------------------------------

  Softcore part of the system:       2 atoms,       TEMP(K)    =         104.12
 SC_Etot=         5.5914  SC_EKtot=         0.6207  SC_EPtot   =         4.9707
 SC_BOND=         1.1707  SC_ANGLE=         2.3976  SC_DIHED   =         1.4024
 SC_14NB=         0.0000  SC_14EEL=         0.0000  SC_VDW     =         0.0000
 SC_EEL =         0.0000
 SC_RES_DIST=     0.0000  SC_RES_ANG=       0.0000  SC_RES_TORS=         0.0000
 SC_EEL_DER=      0.0000  SC_VDW_DER=      -0.1062  SC_DERIV   =        -0.1062
 ------------------------------------------------------------------------------


| TI region  2


 NSTEP =      600   TIME(PS) =     331.200  TEMP(K) =   298.33  PRESS =     0.0
 Etot   =    -11684.4790  EKtot   =      2673.7161  EPtot      =    -14358.1950
 BOND   =        11.2496  ANGLE   =        38.4167  DIHED      =        38.1387
 1-4 NB =        17.3110  1-4 EEL =      -512.6930  VDWAALS    =      2132.0293
 EELEC  =    -16082.6473  EHBOND  =         0.0000  RESTRAINT  =         0.0000
 EKCMT  =         0.0000  VIRIAL  =         0.0000  VOLUME     =     45869.1336
                                                    Density    =         0.9812
 DV/DL  =      -182.1524
 ------------------------------------------------------------------------------


MBAR Energy analysis:
Energy at 0.0000 =    -14265.039254
Energy at 0.0000 =    -14265.039254
Energy at 0.2000 =    -14303.623229
Energy at 0.2000 =    -14303.623229
Energy at 0.5000 =    -14360.442280
Energy at 0.5000 =    -14360.442280
Energy at 0.6000 =    -14379.280400
Energy at 0.6000 =    -14379.280400
Energy at 1.0000 =    -14454.457949
Energy at 1.0000 =    -14454.457949
 ------------------------------------------------------------------------------


| TI region  1


 NSTEP =      650   TIME(PS) =     331.300  TEMP(K) =   296.45  PRESS =     0.0
 Etot   =    -11720.6257  EKtot   =      2658.6547  EPtot      =    -14379.2804
 BOND   =        14.8145  ANGLE   =        37.6420  DIHED      =        39.8019
 1-4 NB =        15.5137  1-4 EEL =      -507.4178  VDWAALS    =      2014.5330
 EELEC  =    -15994.1678  EHBOND  =         0.0000  RESTRAINT  =         0.0000
 EKCMT  =         0.0000  VIRIAL  =         0.0000  VOLUME     =     45869.1336
                                                    Density    =         0.9812
 DV/DL  =      -188.2461
 ------------------------------------------------------------------------------

  Softcore part of the system:       2 atoms,       TEMP(K)    =         292.97
 SC_Etot=         3.8619  SC_EKtot=         1.7466  SC_EPtot   =         2.1153
 SC_BOND=         0.8156  SC_ANGLE=         1.2917  SC_DIHED   =         0.0080
 SC_14NB=         0.0000  SC_14EEL=         0.0000  SC_VDW     =         0.0000
 SC_EEL =         0.0000
 SC_RES_DIST=     0.0000  SC_RES_ANG=       0.0000  SC_RES_TORS=         0.0000
 SC_EEL_DER=      0.0000  SC_VDW_DER=      -0.3022  SC_DERIV   =        -0.3022
 ------------------------------------------------------------------------------


| TI region  2


 NSTEP =      650   TIME(PS) =     331.300  TEMP(K) =   296.46  PRESS =     0.0
 Etot   =    -11722.3723  EKtot   =      2656.9081  EPtot      =    -14379.2804
 BOND   =        14.8145  ANGLE   =        37.6420  DIHED      =        39.8019
 1-4 NB =        15.5137  1-4 EEL =      -507.4178  VDWAALS    =      2014.5330
 EELEC  =    -15994.1678  EHBOND  =         0.0000  RESTRAINT  =         0.0000
 EKCMT  =         0.0000  VIRIAL  =         0.0000  VOLUME     =     45869.1336
                                                    Density    =         0.9812
 DV/DL  =      -188.2461
 ------------------------------------------------------------------------------


MBAR Energy analysis:
Energy at 0.0000 =    -14312.218345
Energy at 0.0000 =    -14312.218345
Energy at 0.2000 =    -14353.674805
Energy at 0.2000 =    -14353.674805
Energy at 0.5000 =    -14411.964464
Energy at 0.5000 =    -14411.964464
Energy at 0.6000 =    -14431.104013
Energy at 0.6000 =    -14431.104013
Energy at 1.0000 =    -14507.221436
Energy at 1.0000 =    -14507.221436
 ------------------------------------------------------------------------------


| TI region  1


 NSTEP =      700   TIME(PS) =     331.400  TEMP(K) =   303.19  PRESS =     0.0
 Etot   =    -11711.9970  EKtot   =      2719.1070  EPtot      =    -14431.1040
 BOND   =        15.8095  ANGLE   =        33.8081  DIHED      =        46.6326
 1-4 NB =        17.2276  1-4 EEL =      -516.0802  VDWAALS    =      2057.1155
 EELEC  =    -16085.6171  EHBOND  =         0.0000  RESTRAINT  =         0.0000
 EKCMT  =         0.0000  VIRIAL  =         0.0000  VOLUME     =     45869.1336
                                                    Density    =         0.9812
 DV/DL  =      -191.0458
 ------------------------------------------------------------------------------

  Softcore part of the system:       2 atoms,       TEMP(K)    =         248.29
 SC_Etot=         4.7664  SC_EKtot=         1.4802  SC_EPtot   =         3.2861
 SC_BOND=         0.5980  SC_ANGLE=         2.2256  SC_DIHED   =         0.4626
 SC_14NB=         0.0000  SC_14EEL=         0.0000  SC_VDW     =         0.0000
 SC_EEL =         0.0000
 SC_RES_DIST=     0.0000  SC_RES_ANG=       0.0000  SC_RES_TORS=         0.0000
 SC_EEL_DER=      0.0000  SC_VDW_DER=      -0.7523  SC_DERIV   =        -0.7523
 ------------------------------------------------------------------------------


| TI region  2


 NSTEP =      700   TIME(PS) =     331.400  TEMP(K) =   303.23  PRESS =     0.0
 Etot   =    -11713.4772  EKtot   =      2717.6268  EPtot      =    -14431.1040
 BOND   =        15.8095  ANGLE   =        33.8081  DIHED      =        46.6326
 1-4 NB =        17.2276  1-4 EEL =      -516.0802  VDWAALS    =      2057.1155
 EELEC  =    -16085.6171  EHBOND  =         0.0000  RESTRAINT  =         0.0000
 EKCMT  =         0.0000  VIRIAL  =         0.0000  VOLUME     =     45869.1336
                                                    Density    =         0.9812
 DV/DL  =      -191.0458
 ------------------------------------------------------------------------------


MBAR Energy analysis:
Energy at 0.0000 =    -14258.267734
Energy at 0.0000 =    -14258.267734
Energy at 0.2000 =    -14301.904913
Energy at 0.2000 =    -14301.904913
Energy at 0.5000 =    -14359.855777
Energy at 0.5000 =    -14359.855777
Energy at 0.6000 =    -14378.778614
Energy at 0.6000 =    -14378.778614
Energy at 1.0000 =    -14453.996576
Energy at 1.0000 =    -14453.996576
 ------------------------------------------------------------------------------


| TI region  1


 NSTEP =      750   TIME(PS) =     331.500  TEMP(K) =   295.41  PRESS =     0.0
 Etot   =    -11729.4577  EKtot   =      2649.3209  EPtot      =    -14378.7786
 BOND   =        11.6826  ANGLE   =        28.4812  DIHED      =        40.4077
 1-4 NB =        17.3957  1-4 EEL =      -512.2441  VDWAALS    =      2058.4402
 EELEC  =    -16022.9419  EHBOND  =         0.0000  RESTRAINT  =         0.0000
 EKCMT  =         0.0000  VIRIAL  =         0.0000  VOLUME     =     45869.1336
                                                    Density    =         0.9812
 DV/DL  =      -188.8283
 ------------------------------------------------------------------------------

  Softcore part of the system:       2 atoms,       TEMP(K)    =         127.84
 SC_Etot=         6.6362  SC_EKtot=         0.7622  SC_EPtot   =         5.8740
 SC_BOND=         2.3720  SC_ANGLE=         2.6641  SC_DIHED   =         0.8379
 SC_14NB=         0.0000  SC_14EEL=         0.0000  SC_VDW     =         0.0000
 SC_EEL =         0.0000
 SC_RES_DIST=     0.0000  SC_RES_ANG=       0.0000  SC_RES_TORS=         0.0000
 SC_EEL_DER=      0.0000  SC_VDW_DER=      -0.7834  SC_DERIV   =        -0.7834
 ------------------------------------------------------------------------------


| TI region  2


 NSTEP =      750   TIME(PS) =     331.500  TEMP(K) =   295.52  PRESS =     0.0
 Etot   =    -11730.2199  EKtot   =      2648.5588  EPtot      =    -14378.7786
 BOND   =        11.6826  ANGLE   =        28.4812  DIHED      =        40.4077
 1-4 NB =        17.3957  1-4 EEL =      -512.2441  VDWAALS    =      2058.4402
 EELEC  =    -16022.9419  EHBOND  =         0.0000  RESTRAINT  =         0.0000
 EKCMT  =         0.0000  VIRIAL  =         0.0000  VOLUME     =     45869.1336
                                                    Density    =         0.9812
 DV/DL  =      -188.8283
 ------------------------------------------------------------------------------


MBAR Energy analysis:
Energy at 0.0000 =    -14322.831368
Energy at 0.0000 =    -14322.831368
Energy at 0.2000 =    -14362.988726
Energy at 0.2000 =    -14362.988726
Energy at 0.5000 =    -14419.303892
Energy at 0.5000 =    -14419.303892
Energy at 0.6000 =    -14437.785817
Energy at 0.6000 =    -14437.785817
Energy at 1.0000 =    -14511.286598
Energy at 1.0000 =    -14511.286598
 ------------------------------------------------------------------------------


| TI region  1


 NSTEP =      800   TIME(PS) =     331.600  TEMP(K) =   298.29  PRESS =     0.0
 Etot   =    -11762.6539  EKtot   =      2675.1319  EPtot      =    -14437.7858
 BOND   =        11.5807  ANGLE   =        33.9854  DIHED      =        41.4975
 1-4 NB =        16.1376  1-4 EEL =      -513.4235  VDWAALS    =      2194.8142
 EELEC  =    -16222.3777  EHBOND  =         0.0000  RESTRAINT  =         0.0000
 EKCMT  =         0.0000  VIRIAL  =         0.0000  VOLUME     =     45869.1336
                                                    Density    =         0.9812
 DV/DL  =      -184.4765
 ------------------------------------------------------------------------------

  Softcore part of the system:       2 atoms,       TEMP(K)    =         360.22
 SC_Etot=         6.4640  SC_EKtot=         2.1475  SC_EPtot   =         4.3165
 SC_BOND=         1.3553  SC_ANGLE=         2.1166  SC_DIHED   =         0.8446
 SC_14NB=         0.0000  SC_14EEL=         0.0000  SC_VDW     =         0.0000
 SC_EEL =         0.0000
 SC_RES_DIST=     0.0000  SC_RES_ANG=       0.0000  SC_RES_TORS=         0.0000
 SC_EEL_DER=      0.0000  SC_VDW_DER=      -0.7245  SC_DERIV   =        -0.7245
 ------------------------------------------------------------------------------


| TI region  2


 NSTEP =      800   TIME(PS) =     331.600  TEMP(K) =   298.25  PRESS =     0.0
 Etot   =    -11764.8013  EKtot   =      2672.9845  EPtot      =    -14437.7858
 BOND   =        11.5807  ANGLE   =        33.9854  DIHED      =        41.4975
 1-4 NB =        16.1376  1-4 EEL =      -513.4235  VDWAALS    =      2194.8142
 EELEC  =    -16222.3777  EHBOND  =         0.0000  RESTRAINT  =         0.0000
 EKCMT  =         0.0000  VIRIAL  =         0.0000  VOLUME     =     45869.1336
                                                    Density    =         0.9812
 DV/DL  =      -184.4765
 ------------------------------------------------------------------------------


MBAR Energy analysis:
Energy at 0.0000 =    -14312.405572
Energy at 0.0000 =    -14312.405572
Energy at 0.2000 =    -14365.878110
Energy at 0.2000 =    -14365.878110
Energy at 0.5000 =    -14427.802960
Energy at 0.5000 =    -14427.802960
Energy at 0.6000 =    -14447.808265
Energy at 0.6000 =    -14447.808265
Energy at 1.0000 =    -14527.214358
Energy at 1.0000 =    -14527.214358
 ------------------------------------------------------------------------------


| TI region  1


 NSTEP =      850   TIME(PS) =     331.700  TEMP(K) =   294.37  PRESS =     0.0
 Etot   =    -11807.8429  EKtot   =      2639.9654  EPtot      =    -14447.8083
 BOND   =        10.0439  ANGLE   =        30.6553  DIHED      =        42.1971
 1-4 NB =        18.6852  1-4 EEL =      -510.6556  VDWAALS    =      2016.7493
 EELEC  =    -16055.4834  EHBOND  =         0.0000  RESTRAINT  =         0.0000
 EKCMT  =         0.0000  VIRIAL  =         0.0000  VOLUME     =     45869.1336
                                                    Density    =         0.9812
 DV/DL  =      -199.5065
 ------------------------------------------------------------------------------

  Softcore part of the system:       2 atoms,       TEMP(K)    =         430.53
 SC_Etot=         6.1045  SC_EKtot=         2.5666  SC_EPtot   =         3.5379
 SC_BOND=         0.4685  SC_ANGLE=         2.7653  SC_DIHED   =         0.3041
 SC_14NB=         0.0000  SC_14EEL=         0.0000  SC_VDW     =         0.0000
 SC_EEL =         0.0000
 SC_RES_DIST=     0.0000  SC_RES_ANG=       0.0000  SC_RES_TORS=         0.0000
 SC_EEL_DER=      0.0000  SC_VDW_DER=      -0.9913  SC_DERIV   =        -0.9913
 ------------------------------------------------------------------------------


| TI region  2


 NSTEP =      850   TIME(PS) =     331.700  TEMP(K) =   294.28  PRESS =     0.0
 Etot   =    -11810.4095  EKtot   =      2637.3987  EPtot      =    -14447.8083
 BOND   =        10.0439  ANGLE   =        30.6553  DIHED      =        42.1971
 1-4 NB =        18.6852  1-4 EEL =      -510.6556  VDWAALS    =      2016.7493
 EELEC  =    -16055.4834  EHBOND  =         0.0000  RESTRAINT  =         0.0000
 EKCMT  =         0.0000  VIRIAL  =         0.0000  VOLUME     =     45869.1336
                                                    Density    =         0.9812
 DV/DL  =      -199.5065
 ------------------------------------------------------------------------------


MBAR Energy analysis:
Energy at 0.0000 =    -14412.080846
Energy at 0.0000 =    -14412.080846
Energy at 0.2000 =    -14449.980554
Energy at 0.2000 =    -14449.980554
Energy at 0.5000 =    -14506.634781
Energy at 0.5000 =    -14506.634781
Energy at 0.6000 =    -14525.492759
Energy at 0.6000 =    -14525.492759
Energy at 1.0000 =    -14600.866415
Energy at 1.0000 =    -14600.866415
 ------------------------------------------------------------------------------


| TI region  1


 NSTEP =      900   TIME(PS) =     331.800  TEMP(K) =   298.21  PRESS =     0.0
 Etot   =    -11851.0428  EKtot   =      2674.4499  EPtot      =    -14525.4928
 BOND   =        10.5851  ANGLE   =        27.8835  DIHED      =        43.2229
 1-4 NB =        14.2024  1-4 EEL =      -508.7038  VDWAALS    =      2126.5738
 EELEC  =    -16239.2566  EHBOND  =         0.0000  RESTRAINT  =         0.0000
 EKCMT  =         0.0000  VIRIAL  =         0.0000  VOLUME     =     45836.6247
                                                    Density    =         0.9819
 DV/DL  =      -188.5374
 ------------------------------------------------------------------------------

  Softcore part of the system:       2 atoms,       TEMP(K)    =         438.52
 SC_Etot=         6.8613  SC_EKtot=         2.6143  SC_EPtot   =         4.2471
 SC_BOND=         0.4320  SC_ANGLE=         2.5384  SC_DIHED   =         1.2767
 SC_14NB=         0.0000  SC_14EEL=         0.0000  SC_VDW     =         0.0000
 SC_EEL =         0.0000
 SC_RES_DIST=     0.0000  SC_RES_ANG=       0.0000  SC_RES_TORS=         0.0000
 SC_EEL_DER=      0.0000  SC_VDW_DER=      -0.1032  SC_DERIV   =        -0.1032
 ------------------------------------------------------------------------------


| TI region  2


 NSTEP =      900   TIME(PS) =     331.800  TEMP(K) =   298.12  PRESS =     0.0
 Etot   =    -11853.6571  EKtot   =      2671.8357  EPtot      =    -14525.4928
 BOND   =        10.5851  ANGLE   =        27.8835  DIHED      =        43.2229
 1-4 NB =        14.2024  1-4 EEL =      -508.7038  VDWAALS    =      2126.5738
 EELEC  =    -16239.2566  EHBOND  =         0.0000  RESTRAINT  =         0.0000
 EKCMT  =         0.0000  VIRIAL  =         0.0000  VOLUME     =     45836.6247
                                                    Density    =         0.9819
 DV/DL  =      -188.5374
 ------------------------------------------------------------------------------


MBAR Energy analysis:
Energy at 0.0000 =    -14366.474625
Energy at 0.0000 =    -14366.474625
Energy at 0.2000 =    -14404.318962
Energy at 0.2000 =    -14404.318962
Energy at 0.5000 =    -14460.619641
Energy at 0.5000 =    -14460.619641
Energy at 0.6000 =    -14479.327941
Energy at 0.6000 =    -14479.327941
Energy at 1.0000 =    -14554.038108
Energy at 1.0000 =    -14554.038108
 ------------------------------------------------------------------------------


| TI region  1


 NSTEP =      950   TIME(PS) =     331.900  TEMP(K) =   293.99  PRESS =     0.0
 Etot   =    -11842.7383  EKtot   =      2636.5896  EPtot      =    -14479.3279
 BOND   =        16.1390  ANGLE   =        26.4071  DIHED      =        37.3589
 1-4 NB =        15.3183  1-4 EEL =      -510.0819  VDWAALS    =      2048.7043
 EELEC  =    -16113.1737  EHBOND  =         0.0000  RESTRAINT  =         0.0000
 EKCMT  =         0.0000  VIRIAL  =         0.0000  VOLUME     =     45836.6247
                                                    Density    =         0.9819
 DV/DL  =      -186.9933
 ------------------------------------------------------------------------------

  Softcore part of the system:       2 atoms,       TEMP(K)    =          67.66
 SC_Etot=         2.9155  SC_EKtot=         0.4034  SC_EPtot   =         2.5122
 SC_BOND=         0.4667  SC_ANGLE=         1.6027  SC_DIHED   =         0.4428
 SC_14NB=         0.0000  SC_14EEL=         0.0000  SC_VDW     =         0.0000
 SC_EEL =         0.0000
 SC_RES_DIST=     0.0000  SC_RES_ANG=       0.0000  SC_RES_TORS=         0.0000
 SC_EEL_DER=      0.0000  SC_VDW_DER=      -0.2179  SC_DERIV   =        -0.2179
 ------------------------------------------------------------------------------


| TI region  2


 NSTEP =      950   TIME(PS) =     331.900  TEMP(K) =   294.14  PRESS =     0.0
 Etot   =    -11843.1417  EKtot   =      2636.1863  EPtot      =    -14479.3279
 BOND   =        16.1390  ANGLE   =        26.4071  DIHED      =        37.3589
 1-4 NB =        15.3183  1-4 EEL =      -510.0819  VDWAALS    =      2048.7043
 EELEC  =    -16113.1737  EHBOND  =         0.0000  RESTRAINT  =         0.0000
 EKCMT  =         0.0000  VIRIAL  =         0.0000  VOLUME     =     45836.6247
                                                    Density    =         0.9819
 DV/DL  =      -186.9933
 ------------------------------------------------------------------------------


MBAR Energy analysis:
Energy at 0.0000 =    -14288.304575
Energy at 0.0000 =    -14288.304575
Energy at 0.2000 =    -14367.691648
Energy at 0.2000 =    -14367.691648
Energy at 0.5000 =    -14429.207460
Energy at 0.5000 =    -14429.207460
Energy at 0.6000 =    -14448.594970
Energy at 0.6000 =    -14448.594970
Energy at 1.0000 =    -14525.268577
Energy at 1.0000 =    -14525.268577
 ------------------------------------------------------------------------------


| TI region  1


 NSTEP =     1000   TIME(PS) =     332.000  TEMP(K) =   299.49  PRESS =     0.0
 Etot   =    -11762.7278  EKtot   =      2685.8672  EPtot      =    -14448.5950
 BOND   =         9.6480  ANGLE   =        34.9917  DIHED      =        38.5296
 1-4 NB =        14.8592  1-4 EEL =      -508.4525  VDWAALS    =      2174.3664
 EELEC  =    -16212.5373  EHBOND  =         0.0000  RESTRAINT  =         0.0000
 EKCMT  =         0.0000  VIRIAL  =         0.0000  VOLUME     =     45819.4569
                                                    Density    =         0.9823
 DV/DL  =      -193.0653
 ------------------------------------------------------------------------------

  Softcore part of the system:       2 atoms,       TEMP(K)    =         247.16
 SC_Etot=         3.5652  SC_EKtot=         1.4734  SC_EPtot   =         2.0917
 SC_BOND=         0.8208  SC_ANGLE=         0.9179  SC_DIHED   =         0.3530
 SC_14NB=         0.0000  SC_14EEL=         0.0000  SC_VDW     =         0.0000
 SC_EEL =         0.0000
 SC_RES_DIST=     0.0000  SC_RES_ANG=       0.0000  SC_RES_TORS=         0.0000
 SC_EEL_DER=      0.0000  SC_VDW_DER=      -1.3813  SC_DERIV   =        -1.3813
 ------------------------------------------------------------------------------


| TI region  2


 NSTEP =     1000   TIME(PS) =     332.000  TEMP(K) =   299.52  PRESS =     0.0
 Etot   =    -11764.2012  EKtot   =      2684.3938  EPtot      =    -14448.5950
 BOND   =         9.6480  ANGLE   =        34.9917  DIHED      =        38.5296
 1-4 NB =        14.8592  1-4 EEL =      -508.4525  VDWAALS    =      2174.3664
 EELEC  =    -16212.5373  EHBOND  =         0.0000  RESTRAINT  =         0.0000
 EKCMT  =         0.0000  VIRIAL  =         0.0000  VOLUME     =     45819.4569
                                                    Density    =         0.9822
 DV/DL  =      -193.0653
 ------------------------------------------------------------------------------

|===============================================================================

| TI region  1


      A V E R A G E S   O V E R    1000 S T E P S


 NSTEP =     1000   TIME(PS) =     332.000  TEMP(K) =   298.93  PRESS =     0.0
 Etot   =    -11729.5479  EKtot   =      2680.9023  EPtot      =    -14410.4503
 BOND   =        12.2149  ANGLE   =        33.9894  DIHED      =        40.5925
 1-4 NB =        16.0120  1-4 EEL =      -511.1648  VDWAALS    =      2070.4242
 EELEC  =    -16072.5185  EHBOND  =         0.0000  RESTRAINT  =         0.0000
 EKCMT  =         0.0000  VIRIAL  =         0.0000  VOLUME     =     45893.7450
                                                    Density    =         0.9807
 DV/DL  =      -189.6763
 ------------------------------------------------------------------------------

  Softcore part of the system:       2 atoms,       TEMP(K)    =         272.97
 SC_Etot=         4.3722  SC_EKtot=         1.6273  SC_EPtot   =         2.7449
 SC_BOND=         0.6319  SC_ANGLE=         1.4650  SC_DIHED   =         0.6480
 SC_14NB=         0.0000  SC_14EEL=         0.0000  SC_VDW     =         0.0000
 SC_EEL =         0.0000
 SC_RES_DIST=     0.0000  SC_RES_ANG=       0.0000  SC_RES_TORS=         0.0000
 SC_EEL_DER=      0.0000  SC_VDW_DER=      -0.3751  SC_DERIV   =        -0.3751
 ------------------------------------------------------------------------------


      R M S  F L U C T U A T I O N S


 NSTEP =     1000   TIME(PS) =     332.000  TEMP(K) =     3.99  PRESS =     0.0
 Etot   =        50.8791  EKtot   =        35.7855  EPtot      =        48.4002
 BOND   =         3.1682  ANGLE   =         4.5225  DIHED      =         2.2649
 1-4 NB =         1.3089  1-4 EEL =         4.4985  VDWAALS    =        45.7935
 EELEC  =        72.7303  EHBOND  =         0.0000  RESTRAINT  =         0.0000
 EKCMT  =         0.0000  VIRIAL  =         0.0000  VOLUME     =        38.1445
                                                    Density    =         0.0008
 DV/DL  =         7.3653
 ------------------------------------------------------------------------------

  Softcore part of the system:       2 atoms,       TEMP(K)    =         160.08
 SC_Etot=         1.5740  SC_EKtot=         0.9543  SC_EPtot   =         1.1809
 SC_BOND=         0.5618  SC_ANGLE=         0.9235  SC_DIHED   =         0.4599
 SC_14NB=         0.0000  SC_14EEL=         0.0000  SC_VDW     =         0.0000
 SC_EEL =         0.0000
 SC_RES_DIST=     0.0000  SC_RES_ANG=       0.0000  SC_RES_TORS=         0.0000
 SC_EEL_DER=      0.0000  SC_VDW_DER=       0.3543  SC_DERIV   =         0.3543
 ------------------------------------------------------------------------------


| TI region  2


      A V E R A G E S   O V E R    1000 S T E P S


 NSTEP =     1000   TIME(PS) =     332.000  TEMP(K) =   298.95  PRESS =     0.0
 Etot   =    -11731.1753  EKtot   =      2679.2750  EPtot      =    -14410.4503
 BOND   =        12.2149  ANGLE   =        33.9894  DIHED      =        40.5925
 1-4 NB =        16.0120  1-4 EEL =      -511.1648  VDWAALS    =      2070.4242
 EELEC  =    -16072.5185  EHBOND  =         0.0000  RESTRAINT  =         0.0000
 EKCMT  =         0.0000  VIRIAL  =         0.0000  VOLUME     =     45893.7450
                                                    Density    =         0.9806
 DV/DL  =      -189.6763
 ------------------------------------------------------------------------------


      R M S  F L U C T U A T I O N S


 NSTEP =     1000   TIME(PS) =     332.000  TEMP(K) =     4.00  PRESS =     0.0
 Etot   =        50.9713  EKtot   =        35.8851  EPtot      =        48.4002
 BOND   =         3.1682  ANGLE   =         4.5225  DIHED      =         2.2649
 1-4 NB =         1.3089  1-4 EEL =         4.4985  VDWAALS    =        45.7935
 EELEC  =        72.7303  EHBOND  =         0.0000  RESTRAINT  =         0.0000
 EKCMT  =         0.0000  VIRIAL  =         0.0000  VOLUME     =        38.1445
                                                    Density    =         0.0008
 DV/DL  =         7.3653
 ------------------------------------------------------------------------------


      DV/DL, AVERAGES OVER    1000 STEPS


 NSTEP =     1000   TIME(PS) =     332.000  TEMP(K) =     4.00  PRESS =     0.0
 Etot   =         0.0000  EKtot   =         0.0000  EPtot      =      -187.7809
 BOND   =         0.0000  ANGLE   =         0.0000  DIHED      =         0.0000
 1-4 NB =        -0.1351  1-4 EEL =      -209.2500  VDWAALS    =        -0.3571
 EELEC  =        20.4409  EHBOND  =         0.0000  RESTRAINT  =         0.0000
 EKCMT  =         0.0000  VIRIAL  =         0.0000  VOLUME     =         0.0000
                                                    Density    =         0.0000
 DV/DL  =      -187.7809
 ------------------------------------------------------------------------------

|===============================================================================

| TI region  1


      A V E R A G E S   O V E R    1000 S T E P S


 NSTEP =     1000   TIME(PS) =     332.000  TEMP(K) =   298.93  PRESS =     0.0
 Etot   =    -11729.5479  EKtot   =      2680.9023  EPtot      =    -14410.4503
 BOND   =        12.2149  ANGLE   =        33.9894  DIHED      =        40.5925
 1-4 NB =        16.0120  1-4 EEL =      -511.1648  VDWAALS    =      2070.4242
 EELEC  =    -16072.5185  EHBOND  =         0.0000  RESTRAINT  =         0.0000
 EKCMT  =         0.0000  VIRIAL  =         0.0000  VOLUME     =     45893.7450
                                                    Density    =         0.9807
 DV/DL  =      -189.6763
 ------------------------------------------------------------------------------

  Softcore part of the system:       2 atoms,       TEMP(K)    =         272.97
 SC_Etot=         4.3722  SC_EKtot=         1.6273  SC_EPtot   =         2.7449
 SC_BOND=         0.6319  SC_ANGLE=         1.4650  SC_DIHED   =         0.6480
 SC_14NB=         0.0000  SC_14EEL=         0.0000  SC_VDW     =         0.0000
 SC_EEL =         0.0000
 SC_RES_DIST=     0.0000  SC_RES_ANG=       0.0000  SC_RES_TORS=         0.0000
 SC_EEL_DER=      0.0000  SC_VDW_DER=      -0.3751  SC_DERIV   =        -0.3751
 ------------------------------------------------------------------------------


      R M S  F L U C T U A T I O N S


 NSTEP =     1000   TIME(PS) =     332.000  TEMP(K) =     3.99  PRESS =     0.0
 Etot   =        50.8791  EKtot   =        35.7855  EPtot      =        48.4002
 BOND   =         3.1682  ANGLE   =         4.5225  DIHED      =         2.2649
 1-4 NB =         1.3089  1-4 EEL =         4.4985  VDWAALS    =        45.7935
 EELEC  =        72.7303  EHBOND  =         0.0000  RESTRAINT  =         0.0000
 EKCMT  =         0.0000  VIRIAL  =         0.0000  VOLUME     =        38.1445
                                                    Density    =         0.0008
 DV/DL  =         7.3653
 ------------------------------------------------------------------------------

  Softcore part of the system:       2 atoms,       TEMP(K)    =         160.08
 SC_Etot=         1.5740  SC_EKtot=         0.9543  SC_EPtot   =         1.1809
 SC_BOND=         0.5618  SC_ANGLE=         0.9235  SC_DIHED   =         0.4599
 SC_14NB=         0.0000  SC_14EEL=         0.0000  SC_VDW     =         0.0000
 SC_EEL =         0.0000
 SC_RES_DIST=     0.0000  SC_RES_ANG=       0.0000  SC_RES_TORS=         0.0000
 SC_EEL_DER=      0.0000  SC_VDW_DER=       0.3543  SC_DERIV   =         0.3543
 ------------------------------------------------------------------------------


| TI region  2


      A V E R A G E S   O V E R    1000 S T E P S


 NSTEP =     1000   TIME(PS) =     332.000  TEMP(K) =   298.95  PRESS =     0.0
 Etot   =    -11731.1753  EKtot   =      2679.2750  EPtot      =    -14410.4503
 BOND   =        12.2149  ANGLE   =        33.9894  DIHED      =        40.5925
 1-4 NB =        16.0120  1-4 EEL =      -511.1648  VDWAALS    =      2070.4242
 EELEC  =    -16072.5185  EHBOND  =         0.0000  RESTRAINT  =         0.0000
 EKCMT  =         0.0000  VIRIAL  =         0.0000  VOLUME     =     45893.7450
                                                    Density    =         0.9806
 DV/DL  =      -189.6763
 ------------------------------------------------------------------------------


      R M S  F L U C T U A T I O N S


 NSTEP =     1000   TIME(PS) =     332.000  TEMP(K) =     4.00  PRESS =     0.0
 Etot   =        50.9713  EKtot   =        35.8851  EPtot      =        48.4002
 BOND   =         3.1682  ANGLE   =         4.5225  DIHED      =         2.2649
 1-4 NB =         1.3089  1-4 EEL =         4.4985  VDWAALS    =        45.7935
 EELEC  =        72.7303  EHBOND  =         0.0000  RESTRAINT  =         0.0000
 EKCMT  =         0.0000  VIRIAL  =         0.0000  VOLUME     =        38.1445
                                                    Density    =         0.0008
 DV/DL  =         7.3653
 ------------------------------------------------------------------------------


      DV/DL, AVERAGES OVER    1000 STEPS


 NSTEP =     1000   TIME(PS) =     332.000  TEMP(K) =     4.00  PRESS =     0.0
 Etot   =         0.0000  EKtot   =         0.0000  EPtot      =      -187.7809
 BOND   =         0.0000  ANGLE   =         0.0000  DIHED      =         0.0000
 1-4 NB =        -0.1351  1-4 EEL =      -209.2500  VDWAALS    =        -0.3571
 EELEC  =        20.4409  EHBOND  =         0.0000  RESTRAINT  =         0.0000
 EKCMT  =         0.0000  VIRIAL  =         0.0000  VOLUME     =         0.0000
                                                    Density    =         0.0000
 DV/DL  =      -187.7809
 ------------------------------------------------------------------------------

| MC Barostat:         10 volume changes attempted.
| MC Barostat:          3 changes successful ( 30.00%)
 ------------------------------------------------------------------------------

--------------------------------------------------------------------------------
   5.  TIMINGS
--------------------------------------------------------------------------------

|  NonSetup CPU Time in Major Routines:
|
|     Routine           Sec        %
|     ------------------------------
|     Nonbond           0.42   80.46
|     Bond              0.00    0.00
|     Angle             0.00    0.00
|     Dihedral          0.00    0.00
|     Shake             0.00    0.82
|     RunMD             0.09   17.38
|     Other             0.01    1.34
|     ------------------------------
|     Total             0.53

|  PME Nonbond Pairlist CPU Time:
|
|     Routine              Sec        %
|     ---------------------------------
|     Set Up Cit           0.00    0.00
|     Build List           0.00    0.00
|     ---------------------------------
|     Total                0.00    0.00

|  PME Direct Force CPU Time:
|
|     Routine              Sec        %
|     ---------------------------------
|     NonBonded Calc       0.00    0.00
|     Exclude Masked       0.00    0.00
|     Other                0.00    0.44
|     ---------------------------------
|     Total                0.00    0.44

|  PME Reciprocal Force CPU Time:
|
|     Routine              Sec        %
|     ---------------------------------
|     1D bspline           0.00    0.00
|     Grid Charges         0.00    0.00
|     Scalar Sum           0.00    0.00
|     Gradient Sum         0.00    0.00
|     FFT                  0.00    0.00
|     ---------------------------------
|     Total                0.00    0.00

|  Final Performance Info:
|     -----------------------------------------------------
|     Average timings for last     950 steps:
|     Elapsed(s) =       0.51 Per Step(ms) =       0.53
|         ns/day =     324.34   seconds/ns =     266.39
|
|     Average timings for all steps:
|     Elapsed(s) =       0.54 Per Step(ms) =       0.54
|         ns/day =     322.21   seconds/ns =     268.15
|     -----------------------------------------------------

|  Setup CPU time:            0.84 seconds
|  NonSetup CPU time:         0.53 seconds
|  Total CPU time:            1.37 seconds     0.00 hours

|  Setup wall time:           1    seconds
|  NonSetup wall time:        0    seconds
|  Total wall time:           1    seconds     0.00 hours
