
          -------------------------------------------------------
          Amber 20 PMEMD                              2020
          -------------------------------------------------------

| PMEMD implementation of SANDER, Release 18

|  Compiled date/time: Tue Apr 28 09:19:54 2020
| Run on 07/19/2024 at 17:15:04

|   Executable path: pmemd.cuda_SPFP
| Working directory: /nfs/zli_gpu2/bin/developed_softwares/CAR_method/example/0.0_0.0_0.0
|          Hostname: compute-0-9.local

  [-O]verwriting output

File Assignments:
|   MDIN: prod2.in                                                              
|  MDOUT: prod2.out                                                             
| INPCRD: prev_cen.rst                                                          
|   PARM: ../lM2A.prmtop                                                        
| RESTRT: prod2.rst                                                             
|   REFC: refc                                                                  
|  MDVEL: mdvel                                                                 
|   MDEN: mden                                                                  
|  MDCRD: prod2.netcdf                                                          
| MDINFO: prod2.mdinfo                                                          
|  MDFRC: mdfrc                                                                 


 Here is the input file:

NVT MD w/No position restraints and PME (sander)                               
 &cntrl                                                                        
  ntx    = 5,                                                                  
  irest  = 1,                                                                  
  ntpr   = 50,                                                                 
  ntwx   = 10000,                                                              
  ntwe   = 10000,                                                              
  ntwr   = 10000,                                                              
  ig     = -1,                                                                 
                                                                               
  ntb    = 2,                                                                  
  ntp = 1, pres0 = 1.0, taup = 2.0,gamma_ln = 2.0,                             
  cut    = 10.0,                                                               
  iwrap  = 1,                                                                  
  barostat = 2,                                                                
                                                                               
  t      = 0.0,                                                                
  dt     = 0.002,                                                              
                                                                               
  temp0  = 300.0,                                                              
  tempi  = 300.0,                                                              
  ntt    = 3,                                                                  
  tautp  = 2.0,                                                                
                                                                               
  ntf    = 1,                                                                  
  ntc    = 2,                                                                  
  iwrap=1, ioutfm=1, ntwv=-1,ntave=1000,                                       
  bar_intervall = 50,                                                          
  icfe = 1, ifsc = 1,                                                          
  timask1=':1,2',                                                              
  timask2=':3',                                                                
  scmask1=':2',                                                                
  scmask2='',                                                                  
  ifmbar = 1,                                                                  
  nstlim = 1000,                                                               
  clambda = 0.0,                                                               
  mbar_states = 10,                                                            
  mbar_lambda = 0.0, 0.0, 0.2, 0.2, 0.5, 0.5, 0.6, 0.6, 1.0, 1.0,              
&end                                                                           
 /                                                                             


Note: ig = -1. Setting random seed to    63445 based on wallclock time in 
      microseconds.
| irandom = 1, using AMBER's internal random number generator (default).
 
|--------------------- INFORMATION ----------------------
| GPU (CUDA) Version of PMEMD in use: NVIDIA GPU IN USE.
|                    Version 18.0.0
| 
|                      03/25/2018
| 
| Implementation by:
|                    Ross C. Walker     (SDSC)
|                    Scott Le Grand     (nVIDIA)
| 
| Version 18 performance extensions by:
|                    David Cerutti     (Rutgers)
| 
| Precision model in use:
|      [SPFP] - Single Precision Forces, 64-bit Fixed Point
|               Accumulation. (Default)
| 
|--------------------------------------------------------
 
|----------------- CITATION INFORMATION -----------------
|
|    When publishing work that utilized the CUDA version
|    of AMBER, please cite the following in addition to
|    the regular AMBER citations:
|
|  - Romelia Salomon-Ferrer; Andreas W. Goetz; Duncan
|    Poole; Scott Le Grand; Ross C. Walker "Routine
|    microsecond molecular dynamics simulations with
|    AMBER - Part II: Particle Mesh Ewald", J. Chem.
|    Theory Comput., 2013, 9 (9), pp3878-3888,
|    DOI: 10.1021/ct400314y.
|
|  - Andreas W. Goetz; Mark J. Williamson; Dong Xu;
|    Duncan Poole; Scott Le Grand; Ross C. Walker
|    "Routine microsecond molecular dynamics simulations
|    with AMBER - Part I: Generalized Born", J. Chem.
|    Theory Comput., 2012, 8 (5), pp1542-1555.
|
|  - Scott Le Grand; Andreas W. Goetz; Ross C. Walker
|    "SPFP: Speed without compromise - a mixed precision
|    model for GPU accelerated molecular dynamics
|    simulations.", Comp. Phys. Comm., 2013, 184
|    pp374-380, DOI: 10.1016/j.cpc.2012.09.022
|
|    When publishing work that utilized the CUDA version
|    of TI, BAR, MBAR or FEP please cite the following 
|    publications in addition to the regular AMBER 
|    GPU citations:
|
|  - Daniel J. Mermelstein; Charles Lin; Gard Nelson; 
|    Rachael Kretsch; J. Andrew McCammon; Ross C. Walker
|    "Fast and Flexible GPU Accelerated Binding 
|    Free Energy Calculations within the AMBER Molecular
|    Dynamics Package" J. Comp. Chem., 2018,
|    DOI: 10.1002/jcc.25187
|
|  - Tai-Sung Lee; Yuan Hu; Brad Sherborne; Zhuyan Guo;
|    Darrin M. York
|    "Toward Fast and Accurate Binding Affinity Prediction with
|    pmemdGTI: An Efficient Implementation of GPU-Accelerated
|    Thermodynamic Integration"
|    J. Chem. Theory Comput., 2017, 13 (7), 3077
|
|
|--------------------------------------------------------
 
|------------------- GPU DEVICE INFO --------------------
|
|            CUDA_VISIBLE_DEVICES: not set
|   CUDA Capable Devices Detected:      5
|           CUDA Device ID in use:      0
|                CUDA Device Name: NVIDIA GeForce RTX 3070
|     CUDA Device Global Mem Size:   7982 MB
| CUDA Device Num Multiprocessors:     46
|           CUDA Device Core Freq:   1.73 GHz
|
|--------------------------------------------------------
 
 
| Conditional Compilation Defines Used:
| PUBFFT
| BINTRAJ
| CUDA
| EMIL

| Largest sphere to fit in unit cell has radius =    17.473

| New format PARM file being parsed.
| Version =    1.000 Date = 08/02/22 Time = 19:36:52

| Note: 1-4 EEL scale factors are being read from the topology file.

| Note: 1-4 VDW scale factors are being read from the topology file.
| Duplicated    0 dihedrals

| Duplicated    0 dihedrals

--------------------------------------------------------------------------------
   1.  RESOURCE   USE: 
--------------------------------------------------------------------------------

 getting new box info from bottom of inpcrd
 NATOM  =    4548 NTYPES =      17 NBONH =    4492 MBONA  =      62
 NTHETH =     105 MTHETA =      88 NPHIH =     188 MPHIA  =     154
 NHPARM =       0 NPARM  =       0 NNB   =    6494 NRES   =    1485
 NBONA  =      62 NTHETA =      88 NPHIA =     154 NUMBND =      22
 NUMANG =      36 NPTRA  =      19 NATYP =      18 NPHB   =       1
 IFBOX  =       1 NMXRS  =      50 IFCAP =       0 NEXTRA =       0
 NCOPY  =       0

| Coordinate Index Table dimensions:     6    6    6
| Direct force subcell size =     5.9130    6.1431    5.8243

     BOX TYPE: RECTILINEAR

--------------------------------------------------------------------------------
   2.  CONTROL  DATA  FOR  THE  RUN
--------------------------------------------------------------------------------

default_name                                                                    

General flags:
     imin    =       0, nmropt  =       0

Nature and format of input:
     ntx     =       5, irest   =       1, ntrx    =       1

Nature and format of output:
     ntxo    =       2, ntpr    =      50, ntrx    =       1, ntwr    =   10000
     iwrap   =       1, ntwx    =   10000, ntwv    =      -1, ntwe    =   10000
     ioutfm  =       1, ntwprt  =       0, idecomp =       0, rbornstat=      0

Potential function:
     ntf     =       1, ntb     =       2, igb     =       0, nsnb    =      25
     ipol    =       0, gbsa    =       0, iesp    =       0
     dielc   =   1.00000, cut     =  10.00000, intdiel =   1.00000

Frozen or restrained atoms:
     ibelly  =       0, ntr     =       0

Molecular dynamics:
     nstlim  =      1000, nscm    =      1000, nrespa  =         1
     t       =   0.00000, dt      =   0.00200, vlimit  =  -1.00000

Langevin dynamics temperature regulation:
     ig      =   63445
     temp0   = 300.00000, tempi   = 300.00000, gamma_ln=   2.00000

Pressure regulation:
     ntp     =       1
     pres0   =   1.00000, comp    =  44.60000, taup    =   2.00000
     Monte-Carlo Barostat:
     mcbarint  =     100

SHAKE:
     ntc     =       2, jfastw  =       0
     tol     =   0.00001

Free energy options:
     icfe    =       1, ifsc    =       1, klambda =       1
     clambda =  0.0000, scalpha =  0.5000, scbeta  = 12.0000
     sceeorder =       2
     dynlmb =  0.0000 logdvdl =       0

FEP MBAR options:
     ifmbar  =       1,  bar_intervall =       50
     mbar_states =      10

| Intermolecular bonds treatment:
|     no_intermolecular_bonds =       1

| Energy averages sample interval:
|     ene_avg_sampling =       1

Ewald parameters:
     verbose =       0, ew_type =       0, nbflag  =       1, use_pme =       1
     vdwmeth =       1, eedmeth =       1, netfrc  =       1
     Box X =   35.478   Box Y =   36.859   Box Z =   34.946
     Alpha =   90.000   Beta  =   90.000   Gamma =   90.000
     NFFT1 =   36       NFFT2 =   40       NFFT3 =   36
     Cutoff=   10.000   Tol   =0.100E-04
     Ewald Coefficient =  0.27511
     Interpolation order =    4
     TI Mask 1 :1,2; matches     52 atoms
     TI Mask 2 :3; matches     50 atoms
     TI region 1:    4498 atoms
     TI region 2:    4496 atoms
     SC Mask 1 :2; matches      2 atoms

    MBAR - lambda values considered:
      10 total:  0.0000 0.0000 0.2000 0.2000 0.5000 0.5000 0.6000 0.6000 1.0000 1.0000
    Extra energies will be computed     20 times.
| MONTE CARLO BAROSTAT IMPORTANT NOTE:
|   The Monte-Carlo barostat does not require the virial to adjust the system volume.
|   Since it is an expensive calculation, it is skipped for efficiency. A side-effect
|   is that the reported pressure is always 0 because it is not calculated.

--------------------------------------------------------------------------------
   3.  ATOMIC COORDINATES AND VELOCITIES
--------------------------------------------------------------------------------

Cpptraj Generated Restart                                                       
 begin time read from input coords =   316.000 ps

 
     Molecule     1 is partially softcore
     Molecule     2 is partially softcore
 Number of triangulated 3-point waters found:     1482
   Removing shake constraints from HX1   LBM   2 -- N26   LAM   1
   Removing shake constraints from H23   LBM   2 -- N26   LAM   1
 Number of shake restraints removed in TI region  1 :        2
 Number of shake restraints removed in TI region  2 :        0

     Sum of charges for TI region  1 =  -0.00249680
     Skip neutralizing charges...


     Sum of charges for TI region  2 =  -0.00299999
     Skip neutralizing charges...

| Dynamic Memory, Types Used:
| Reals              376231
| Integers           194647

| Nonbonded Pairs Initial Allocation:     1375656

| GPU memory information (estimate):
| KB of GPU memory in use:     42305
| KB of CPU memory in use:     18371

--------------------------------------------------------------------------------
   4.  RESULTS
--------------------------------------------------------------------------------

   DOF for the SC part  1 of the system:    6

MBAR Energy analysis:
Energy at 0.0000 =    -14309.360009
Energy at 0.0000 =    -14309.360009
Energy at 0.2000 =    -14337.875747
Energy at 0.2000 =    -14337.875747
Energy at 0.5000 =    -14380.621869
Energy at 0.5000 =    -14380.621869
Energy at 0.6000 =    -14394.866845
Energy at 0.6000 =    -14394.866845
Energy at 1.0000 =    -14451.841289
Energy at 1.0000 =    -14451.841289
 ------------------------------------------------------------------------------


| TI region  1


 NSTEP =       50   TIME(PS) =     316.100  TEMP(K) =   300.31  PRESS =     0.0
 Etot   =    -11616.1216  EKtot   =      2693.2384  EPtot      =    -14309.3600
 BOND   =         9.8608  ANGLE   =        29.6536  DIHED      =        40.2629
 1-4 NB =        14.8287  1-4 EEL =      -382.9048  VDWAALS    =      1936.6527
 EELEC  =    -15957.7139  EHBOND  =         0.0000  RESTRAINT  =         0.0000
 EKCMT  =         0.0000  VIRIAL  =         0.0000  VOLUME     =     45698.0812
                                                    Density    =         0.9849
 DV/DL  =      -142.6371
 ------------------------------------------------------------------------------

  Softcore part of the system:       2 atoms,       TEMP(K)    =         389.22
 SC_Etot=         5.4966  SC_EKtot=         2.3203  SC_EPtot   =         3.1762
 SC_BOND=         0.4203  SC_ANGLE=         2.6723  SC_DIHED   =         0.0836
 SC_14NB=         0.0000  SC_14EEL=         0.0000  SC_VDW     =         0.0000
 SC_EEL =         0.0000
 SC_RES_DIST=     0.0000  SC_RES_ANG=       0.0000  SC_RES_TORS=         0.0000
 SC_EEL_DER=      0.0000  SC_VDW_DER=      -0.1559  SC_DERIV   =        -0.1559
 ------------------------------------------------------------------------------


| TI region  2


 NSTEP =       50   TIME(PS) =     316.100  TEMP(K) =   300.25  PRESS =     0.0
 Etot   =    -11618.4419  EKtot   =      2690.9181  EPtot      =    -14309.3600
 BOND   =         9.8608  ANGLE   =        29.6536  DIHED      =        40.2629
 1-4 NB =        14.8287  1-4 EEL =      -382.9048  VDWAALS    =      1936.6527
 EELEC  =    -15957.7139  EHBOND  =         0.0000  RESTRAINT  =         0.0000
 EKCMT  =         0.0000  VIRIAL  =         0.0000  VOLUME     =     45698.0812
                                                    Density    =         0.9848
 DV/DL  =      -142.6371
 ------------------------------------------------------------------------------


MBAR Energy analysis:
Energy at 0.0000 =    -14282.078592
Energy at 0.0000 =    -14282.078592
Energy at 0.2000 =    -14309.683387
Energy at 0.2000 =    -14309.683387
Energy at 0.5000 =    -14350.998032
Energy at 0.5000 =    -14350.998032
Energy at 0.6000 =    -14364.756862
Energy at 0.6000 =    -14364.756862
Energy at 1.0000 =    -14419.765670
Energy at 1.0000 =    -14419.765670
 ------------------------------------------------------------------------------


| TI region  1


 NSTEP =      100   TIME(PS) =     316.200  TEMP(K) =   292.59  PRESS =     0.0
 Etot   =    -11658.0799  EKtot   =      2623.9987  EPtot      =    -14282.0786
 BOND   =         8.8113  ANGLE   =        35.2533  DIHED      =        35.4149
 1-4 NB =        14.6549  1-4 EEL =      -384.8743  VDWAALS    =      1988.8930
 EELEC  =    -15980.2317  EHBOND  =         0.0000  RESTRAINT  =         0.0000
 EKCMT  =         0.0000  VIRIAL  =         0.0000  VOLUME     =     45698.0812
                                                    Density    =         0.9849
 DV/DL  =      -138.2290
 ------------------------------------------------------------------------------

  Softcore part of the system:       2 atoms,       TEMP(K)    =         170.15
 SC_Etot=         3.4680  SC_EKtot=         1.0144  SC_EPtot   =         2.4536
 SC_BOND=         0.5653  SC_ANGLE=         1.7932  SC_DIHED   =         0.0951
 SC_14NB=         0.0000  SC_14EEL=         0.0000  SC_VDW     =         0.0000
 SC_EEL =         0.0000
 SC_RES_DIST=     0.0000  SC_RES_ANG=       0.0000  SC_RES_TORS=         0.0000
 SC_EEL_DER=      0.0000  SC_VDW_DER=      -0.5419  SC_DERIV   =        -0.5419
 ------------------------------------------------------------------------------


| TI region  2


 NSTEP =      100   TIME(PS) =     316.200  TEMP(K) =   292.67  PRESS =     0.0
 Etot   =    -11659.0943  EKtot   =      2622.9843  EPtot      =    -14282.0786
 BOND   =         8.8113  ANGLE   =        35.2533  DIHED      =        35.4149
 1-4 NB =        14.6549  1-4 EEL =      -384.8743  VDWAALS    =      1988.8930
 EELEC  =    -15980.2317  EHBOND  =         0.0000  RESTRAINT  =         0.0000
 EKCMT  =         0.0000  VIRIAL  =         0.0000  VOLUME     =     45698.0812
                                                    Density    =         0.9848
 DV/DL  =      -138.2290
 ------------------------------------------------------------------------------


MBAR Energy analysis:
Energy at 0.0000 =    -14256.824897
Energy at 0.0000 =    -14256.824897
Energy at 0.2000 =    -14288.038505
Energy at 0.2000 =    -14288.038505
Energy at 0.5000 =    -14334.642428
Energy at 0.5000 =    -14334.642428
Energy at 0.6000 =    -14350.150561
Energy at 0.6000 =    -14350.150561
Energy at 1.0000 =    -14412.131009
Energy at 1.0000 =    -14412.131009
 ------------------------------------------------------------------------------


| TI region  1


 NSTEP =      150   TIME(PS) =     316.300  TEMP(K) =   298.62  PRESS =     0.0
 Etot   =    -11578.7733  EKtot   =      2678.0516  EPtot      =    -14256.8249
 BOND   =         9.4447  ANGLE   =        38.5135  DIHED      =        42.5050
 1-4 NB =        14.4582  1-4 EEL =      -385.7671  VDWAALS    =      2060.3403
 EELEC  =    -16036.3195  EHBOND  =         0.0000  RESTRAINT  =         0.0000
 EKCMT  =         0.0000  VIRIAL  =         0.0000  VOLUME     =     45698.0812
                                                    Density    =         0.9849
 DV/DL  =      -156.6009
 ------------------------------------------------------------------------------

  Softcore part of the system:       2 atoms,       TEMP(K)    =         173.41
 SC_Etot=         2.8312  SC_EKtot=         1.0338  SC_EPtot   =         1.7974
 SC_BOND=         0.4811  SC_ANGLE=         1.2951  SC_DIHED   =         0.0212
 SC_14NB=         0.0000  SC_14EEL=         0.0000  SC_VDW     =         0.0000
 SC_EEL =         0.0000
 SC_RES_DIST=     0.0000  SC_RES_ANG=       0.0000  SC_RES_TORS=         0.0000
 SC_EEL_DER=      0.0000  SC_VDW_DER=      -1.2948  SC_DERIV   =        -1.2948
 ------------------------------------------------------------------------------


| TI region  2


 NSTEP =      150   TIME(PS) =     316.300  TEMP(K) =   298.70  PRESS =     0.0
 Etot   =    -11579.8071  EKtot   =      2677.0178  EPtot      =    -14256.8249
 BOND   =         9.4447  ANGLE   =        38.5135  DIHED      =        42.5050
 1-4 NB =        14.4582  1-4 EEL =      -385.7671  VDWAALS    =      2060.3403
 EELEC  =    -16036.3195  EHBOND  =         0.0000  RESTRAINT  =         0.0000
 EKCMT  =         0.0000  VIRIAL  =         0.0000  VOLUME     =     45698.0812
                                                    Density    =         0.9848
 DV/DL  =      -156.6009
 ------------------------------------------------------------------------------


MBAR Energy analysis:
Energy at 0.0000 =    -14257.311129
Energy at 0.0000 =    -14257.311129
Energy at 0.2000 =    -14287.892413
Energy at 0.2000 =    -14287.892413
Energy at 0.5000 =    -14333.703529
Energy at 0.5000 =    -14333.703529
Energy at 0.6000 =    -14348.964996
Energy at 0.6000 =    -14348.964996
Energy at 1.0000 =    -14409.991779
Energy at 1.0000 =    -14409.991779
 ------------------------------------------------------------------------------


| TI region  1


 NSTEP =      200   TIME(PS) =     316.400  TEMP(K) =   300.01  PRESS =     0.0
 Etot   =    -11566.7228  EKtot   =      2690.5883  EPtot      =    -14257.3111
 BOND   =        12.0876  ANGLE   =        26.1324  DIHED      =        36.1107
 1-4 NB =        16.4650  1-4 EEL =      -384.8487  VDWAALS    =      2040.4253
 EELEC  =    -16003.6833  EHBOND  =         0.0000  RESTRAINT  =         0.0000
 EKCMT  =         0.0000  VIRIAL  =         0.0000  VOLUME     =     45698.0812
                                                    Density    =         0.9849
 DV/DL  =      -153.0336
 ------------------------------------------------------------------------------

  Softcore part of the system:       2 atoms,       TEMP(K)    =         363.87
 SC_Etot=         4.1849  SC_EKtot=         2.1692  SC_EPtot   =         2.0157
 SC_BOND=         0.6540  SC_ANGLE=         1.3202  SC_DIHED   =         0.0415
 SC_14NB=         0.0000  SC_14EEL=         0.0000  SC_VDW     =         0.0000
 SC_EEL =         0.0000
 SC_RES_DIST=     0.0000  SC_RES_ANG=       0.0000  SC_RES_TORS=         0.0000
 SC_EEL_DER=      0.0000  SC_VDW_DER=      -0.3529  SC_DERIV   =        -0.3529
 ------------------------------------------------------------------------------


| TI region  2


 NSTEP =      200   TIME(PS) =     316.400  TEMP(K) =   299.97  PRESS =     0.0
 Etot   =    -11568.8921  EKtot   =      2688.4191  EPtot      =    -14257.3111
 BOND   =        12.0876  ANGLE   =        26.1324  DIHED      =        36.1107
 1-4 NB =        16.4650  1-4 EEL =      -384.8487  VDWAALS    =      2040.4253
 EELEC  =    -16003.6833  EHBOND  =         0.0000  RESTRAINT  =         0.0000
 EKCMT  =         0.0000  VIRIAL  =         0.0000  VOLUME     =     45698.0812
                                                    Density    =         0.9848
 DV/DL  =      -153.0336
 ------------------------------------------------------------------------------


MBAR Energy analysis:
Energy at 0.0000 =    -14315.754505
Energy at 0.0000 =    -14315.754505
Energy at 0.2000 =    -14343.887477
Energy at 0.2000 =    -14343.887477
Energy at 0.5000 =    -14385.854622
Energy at 0.5000 =    -14385.854622
Energy at 0.6000 =    -14399.811760
Energy at 0.6000 =    -14399.811760
Energy at 1.0000 =    -14455.568861
Energy at 1.0000 =    -14455.568861
 ------------------------------------------------------------------------------


| TI region  1


 NSTEP =      250   TIME(PS) =     316.500  TEMP(K) =   307.23  PRESS =     0.0
 Etot   =    -11560.4241  EKtot   =      2755.3304  EPtot      =    -14315.7545
 BOND   =        15.7534  ANGLE   =        30.5635  DIHED      =        36.7799
 1-4 NB =        14.1940  1-4 EEL =      -385.2981  VDWAALS    =      2048.1426
 EELEC  =    -16075.8899  EHBOND  =         0.0000  RESTRAINT  =         0.0000
 EKCMT  =         0.0000  VIRIAL  =         0.0000  VOLUME     =     45698.0812
                                                    Density    =         0.9849
 DV/DL  =      -141.1898
 ------------------------------------------------------------------------------

  Softcore part of the system:       2 atoms,       TEMP(K)    =         118.53
 SC_Etot=         2.6608  SC_EKtot=         0.7066  SC_EPtot   =         1.9542
 SC_BOND=         0.4256  SC_ANGLE=         1.1396  SC_DIHED   =         0.3890
 SC_14NB=         0.0000  SC_14EEL=         0.0000  SC_VDW     =         0.0000
 SC_EEL =         0.0000
 SC_RES_DIST=     0.0000  SC_RES_ANG=       0.0000  SC_RES_TORS=         0.0000
 SC_EEL_DER=      0.0000  SC_VDW_DER=      -1.3755  SC_DERIV   =        -1.3755
 ------------------------------------------------------------------------------


| TI region  2


 NSTEP =      250   TIME(PS) =     316.500  TEMP(K) =   307.36  PRESS =     0.0
 Etot   =    -11561.1307  EKtot   =      2754.6238  EPtot      =    -14315.7545
 BOND   =        15.7534  ANGLE   =        30.5635  DIHED      =        36.7799
 1-4 NB =        14.1940  1-4 EEL =      -385.2981  VDWAALS    =      2048.1426
 EELEC  =    -16075.8899  EHBOND  =         0.0000  RESTRAINT  =         0.0000
 EKCMT  =         0.0000  VIRIAL  =         0.0000  VOLUME     =     45698.0812
                                                    Density    =         0.9848
 DV/DL  =      -141.1898
 ------------------------------------------------------------------------------


MBAR Energy analysis:
Energy at 0.0000 =    -14251.845954
Energy at 0.0000 =    -14251.845954
Energy at 0.2000 =    -14281.426261
Energy at 0.2000 =    -14281.426261
Energy at 0.5000 =    -14325.518100
Energy at 0.5000 =    -14325.518100
Energy at 0.6000 =    -14340.176556
Energy at 0.6000 =    -14340.176556
Energy at 1.0000 =    -14398.722533
Energy at 1.0000 =    -14398.722533
 ------------------------------------------------------------------------------


| TI region  1


 NSTEP =      300   TIME(PS) =     316.600  TEMP(K) =   298.38  PRESS =     0.0
 Etot   =    -11575.9524  EKtot   =      2675.8935  EPtot      =    -14251.8460
 BOND   =        14.5621  ANGLE   =        31.3278  DIHED      =        40.3656
 1-4 NB =        15.2156  1-4 EEL =      -389.1742  VDWAALS    =      2027.0138
 EELEC  =    -15991.1566  EHBOND  =         0.0000  RESTRAINT  =         0.0000
 EKCMT  =         0.0000  VIRIAL  =         0.0000  VOLUME     =     45698.0812
                                                    Density    =         0.9849
 DV/DL  =      -148.5221
 ------------------------------------------------------------------------------

  Softcore part of the system:       2 atoms,       TEMP(K)    =         160.17
 SC_Etot=         3.9572  SC_EKtot=         0.9549  SC_EPtot   =         3.0024
 SC_BOND=         1.9363  SC_ANGLE=         0.9287  SC_DIHED   =         0.1373
 SC_14NB=         0.0000  SC_14EEL=         0.0000  SC_VDW     =         0.0000
 SC_EEL =         0.0000
 SC_RES_DIST=     0.0000  SC_RES_ANG=       0.0000  SC_RES_TORS=         0.0000
 SC_EEL_DER=      0.0000  SC_VDW_DER=      -1.6455  SC_DERIV   =        -1.6455
 ------------------------------------------------------------------------------


| TI region  2


 NSTEP =      300   TIME(PS) =     316.600  TEMP(K) =   298.47  PRESS =     0.0
 Etot   =    -11576.9073  EKtot   =      2674.9387  EPtot      =    -14251.8460
 BOND   =        14.5621  ANGLE   =        31.3278  DIHED      =        40.3656
 1-4 NB =        15.2156  1-4 EEL =      -389.1742  VDWAALS    =      2027.0138
 EELEC  =    -15991.1566  EHBOND  =         0.0000  RESTRAINT  =         0.0000
 EKCMT  =         0.0000  VIRIAL  =         0.0000  VOLUME     =     45698.0812
                                                    Density    =         0.9848
 DV/DL  =      -148.5221
 ------------------------------------------------------------------------------


MBAR Energy analysis:
Energy at 0.0000 =    -14316.778022
Energy at 0.0000 =    -14316.778022
Energy at 0.2000 =    -14346.969914
Energy at 0.2000 =    -14346.969914
Energy at 0.5000 =    -14391.320829
Energy at 0.5000 =    -14391.320829
Energy at 0.6000 =    -14406.008035
Energy at 0.6000 =    -14406.008035
Energy at 1.0000 =    -14464.580849
Energy at 1.0000 =    -14464.580849
 ------------------------------------------------------------------------------


| TI region  1


 NSTEP =      350   TIME(PS) =     316.700  TEMP(K) =   305.87  PRESS =     0.0
 Etot   =    -11573.6458  EKtot   =      2743.1322  EPtot      =    -14316.7780
 BOND   =        13.1940  ANGLE   =        29.1934  DIHED      =        39.2515
 1-4 NB =        16.3090  1-4 EEL =      -387.2515  VDWAALS    =      2189.4682
 EELEC  =    -16216.9427  EHBOND  =         0.0000  RESTRAINT  =         0.0000
 EKCMT  =         0.0000  VIRIAL  =         0.0000  VOLUME     =     45698.0812
                                                    Density    =         0.9849
 DV/DL  =      -153.6798
 ------------------------------------------------------------------------------

  Softcore part of the system:       2 atoms,       TEMP(K)    =         295.93
 SC_Etot=         3.9168  SC_EKtot=         1.7642  SC_EPtot   =         2.1526
 SC_BOND=         1.2456  SC_ANGLE=         0.9026  SC_DIHED   =         0.0044
 SC_14NB=         0.0000  SC_14EEL=         0.0000  SC_VDW     =         0.0000
 SC_EEL =         0.0000
 SC_RES_DIST=     0.0000  SC_RES_ANG=       0.0000  SC_RES_TORS=         0.0000
 SC_EEL_DER=      0.0000  SC_VDW_DER=      -5.8770  SC_DERIV   =        -5.8770
 ------------------------------------------------------------------------------


| TI region  2


 NSTEP =      350   TIME(PS) =     316.700  TEMP(K) =   305.88  PRESS =     0.0
 Etot   =    -11575.4100  EKtot   =      2741.3680  EPtot      =    -14316.7780
 BOND   =        13.1940  ANGLE   =        29.1934  DIHED      =        39.2515
 1-4 NB =        16.3090  1-4 EEL =      -387.2515  VDWAALS    =      2189.4682
 EELEC  =    -16216.9427  EHBOND  =         0.0000  RESTRAINT  =         0.0000
 EKCMT  =         0.0000  VIRIAL  =         0.0000  VOLUME     =     45698.0812
                                                    Density    =         0.9848
 DV/DL  =      -153.6798
 ------------------------------------------------------------------------------


MBAR Energy analysis:
Energy at 0.0000 =    -14305.356492
Energy at 0.0000 =    -14305.356492
Energy at 0.2000 =    -14335.336687
Energy at 0.2000 =    -14335.336687
Energy at 0.5000 =    -14380.256680
Energy at 0.5000 =    -14380.256680
Energy at 0.6000 =    -14395.222738
Energy at 0.6000 =    -14395.222738
Energy at 1.0000 =    -14455.072021
Energy at 1.0000 =    -14455.072021
 ------------------------------------------------------------------------------


| TI region  1


 NSTEP =      400   TIME(PS) =     316.800  TEMP(K) =   300.25  PRESS =     0.0
 Etot   =    -11612.6171  EKtot   =      2692.7394  EPtot      =    -14305.3565
 BOND   =        12.6694  ANGLE   =        31.5712  DIHED      =        40.2223
 1-4 NB =        13.9570  1-4 EEL =      -387.5352  VDWAALS    =      2140.6707
 EELEC  =    -16156.9119  EHBOND  =         0.0000  RESTRAINT  =         0.0000
 EKCMT  =         0.0000  VIRIAL  =         0.0000  VOLUME     =     45698.0812
                                                    Density    =         0.9849
 DV/DL  =      -150.0066
 ------------------------------------------------------------------------------

  Softcore part of the system:       2 atoms,       TEMP(K)    =         219.99
 SC_Etot=         3.1781  SC_EKtot=         1.3115  SC_EPtot   =         1.8666
 SC_BOND=         0.4202  SC_ANGLE=         1.1998  SC_DIHED   =         0.2466
 SC_14NB=         0.0000  SC_14EEL=         0.0000  SC_VDW     =         0.0000
 SC_EEL =         0.0000
 SC_RES_DIST=     0.0000  SC_RES_ANG=       0.0000  SC_RES_TORS=         0.0000
 SC_EEL_DER=      0.0000  SC_VDW_DER=      -0.2911  SC_DERIV   =        -0.2911
 ------------------------------------------------------------------------------


| TI region  2


 NSTEP =      400   TIME(PS) =     316.800  TEMP(K) =   300.31  PRESS =     0.0
 Etot   =    -11613.9286  EKtot   =      2691.4279  EPtot      =    -14305.3565
 BOND   =        12.6694  ANGLE   =        31.5712  DIHED      =        40.2223
 1-4 NB =        13.9570  1-4 EEL =      -387.5352  VDWAALS    =      2140.6707
 EELEC  =    -16156.9119  EHBOND  =         0.0000  RESTRAINT  =         0.0000
 EKCMT  =         0.0000  VIRIAL  =         0.0000  VOLUME     =     45698.0812
                                                    Density    =         0.9848
 DV/DL  =      -150.0066
 ------------------------------------------------------------------------------


MBAR Energy analysis:
Energy at 0.0000 =    -14344.568745
Energy at 0.0000 =    -14344.568745
Energy at 0.2000 =    -14375.643608
Energy at 0.2000 =    -14375.643608
Energy at 0.5000 =    -14422.200258
Energy at 0.5000 =    -14422.200258
Energy at 0.6000 =    -14437.710778
Energy at 0.6000 =    -14437.710778
Energy at 1.0000 =    -14499.734356
Energy at 1.0000 =    -14499.734356
 ------------------------------------------------------------------------------


| TI region  1


 NSTEP =      450   TIME(PS) =     316.900  TEMP(K) =   298.79  PRESS =     0.0
 Etot   =    -11665.0054  EKtot   =      2679.5634  EPtot      =    -14344.5687
 BOND   =         7.7257  ANGLE   =        29.6788  DIHED      =        35.9411
 1-4 NB =        16.2330  1-4 EEL =      -386.4566  VDWAALS    =      2017.0504
 EELEC  =    -16064.7411  EHBOND  =         0.0000  RESTRAINT  =         0.0000
 EKCMT  =         0.0000  VIRIAL  =         0.0000  VOLUME     =     45698.0812
                                                    Density    =         0.9849
 DV/DL  =      -155.4882
 ------------------------------------------------------------------------------

  Softcore part of the system:       2 atoms,       TEMP(K)    =         225.06
 SC_Etot=         4.0047  SC_EKtot=         1.3417  SC_EPtot   =         2.6630
 SC_BOND=         0.4924  SC_ANGLE=         2.1642  SC_DIHED   =         0.0064
 SC_14NB=         0.0000  SC_14EEL=         0.0000  SC_VDW     =         0.0000
 SC_EEL =         0.0000
 SC_RES_DIST=     0.0000  SC_RES_ANG=       0.0000  SC_RES_TORS=         0.0000
 SC_EEL_DER=      0.0000  SC_VDW_DER=      -0.3226  SC_DERIV   =        -0.3226
 ------------------------------------------------------------------------------


| TI region  2


 NSTEP =      450   TIME(PS) =     316.900  TEMP(K) =   298.83  PRESS =     0.0
 Etot   =    -11666.3471  EKtot   =      2678.2216  EPtot      =    -14344.5687
 BOND   =         7.7257  ANGLE   =        29.6788  DIHED      =        35.9411
 1-4 NB =        16.2330  1-4 EEL =      -386.4566  VDWAALS    =      2017.0504
 EELEC  =    -16064.7411  EHBOND  =         0.0000  RESTRAINT  =         0.0000
 EKCMT  =         0.0000  VIRIAL  =         0.0000  VOLUME     =     45698.0812
                                                    Density    =         0.9848
 DV/DL  =      -155.4882
 ------------------------------------------------------------------------------


MBAR Energy analysis:
Energy at 0.0000 =    -14330.466813
Energy at 0.0000 =    -14330.466813
Energy at 0.2000 =    -14359.856885
Energy at 0.2000 =    -14359.856885
Energy at 0.5000 =    -14403.641091
Energy at 0.5000 =    -14403.641091
Energy at 0.6000 =    -14418.196289
Energy at 0.6000 =    -14418.196289
Energy at 1.0000 =    -14476.331967
Energy at 1.0000 =    -14476.331967
 ------------------------------------------------------------------------------


| TI region  1


 NSTEP =      500   TIME(PS) =     317.000  TEMP(K) =   291.07  PRESS =     0.0
 Etot   =    -11720.1329  EKtot   =      2610.3339  EPtot      =    -14330.4668
 BOND   =        13.2955  ANGLE   =        28.3515  DIHED      =        39.4636
 1-4 NB =        13.0517  1-4 EEL =      -382.9804  VDWAALS    =      2128.0876
 EELEC  =    -16169.7364  EHBOND  =         0.0000  RESTRAINT  =         0.0000
 EKCMT  =         0.0000  VIRIAL  =         0.0000  VOLUME     =     45583.8996
                                                    Density    =         0.9874
 DV/DL  =      -147.6543
 ------------------------------------------------------------------------------

  Softcore part of the system:       2 atoms,       TEMP(K)    =         269.99
 SC_Etot=         4.0032  SC_EKtot=         1.6096  SC_EPtot   =         2.3936
 SC_BOND=         0.8813  SC_ANGLE=         0.9428  SC_DIHED   =         0.5695
 SC_14NB=         0.0000  SC_14EEL=         0.0000  SC_VDW     =         0.0000
 SC_EEL =         0.0000
 SC_RES_DIST=     0.0000  SC_RES_ANG=       0.0000  SC_RES_TORS=         0.0000
 SC_EEL_DER=      0.0000  SC_VDW_DER=      -1.7891  SC_DERIV   =        -1.7891
 ------------------------------------------------------------------------------


| TI region  2


 NSTEP =      500   TIME(PS) =     317.000  TEMP(K) =   291.08  PRESS =     0.0
 Etot   =    -11721.7425  EKtot   =      2608.7243  EPtot      =    -14330.4668
 BOND   =        13.2955  ANGLE   =        28.3515  DIHED      =        39.4636
 1-4 NB =        13.0517  1-4 EEL =      -382.9804  VDWAALS    =      2128.0876
 EELEC  =    -16169.7364  EHBOND  =         0.0000  RESTRAINT  =         0.0000
 EKCMT  =         0.0000  VIRIAL  =         0.0000  VOLUME     =     45583.8996
                                                    Density    =         0.9873
 DV/DL  =      -147.6543
 ------------------------------------------------------------------------------


MBAR Energy analysis:
Energy at 0.0000 =    -14364.344724
Energy at 0.0000 =    -14364.344724
Energy at 0.2000 =    -14392.988106
Energy at 0.2000 =    -14392.988106
Energy at 0.5000 =    -14435.657498
Energy at 0.5000 =    -14435.657498
Energy at 0.6000 =    -14449.843737
Energy at 0.6000 =    -14449.843737
Energy at 1.0000 =    -14506.513047
Energy at 1.0000 =    -14506.513047
 ------------------------------------------------------------------------------


| TI region  1


 NSTEP =      550   TIME(PS) =     317.100  TEMP(K) =   297.62  PRESS =     0.0
 Etot   =    -11695.1946  EKtot   =      2669.1501  EPtot      =    -14364.3447
 BOND   =         7.6677  ANGLE   =        34.4756  DIHED      =        37.4986
 1-4 NB =        14.9986  1-4 EEL =      -383.7159  VDWAALS    =      2099.5664
 EELEC  =    -16174.8358  EHBOND  =         0.0000  RESTRAINT  =         0.0000
 EKCMT  =         0.0000  VIRIAL  =         0.0000  VOLUME     =     45583.8996
                                                    Density    =         0.9874
 DV/DL  =      -143.9384
 ------------------------------------------------------------------------------

  Softcore part of the system:       2 atoms,       TEMP(K)    =         339.86
 SC_Etot=         3.7958  SC_EKtot=         2.0261  SC_EPtot   =         1.7697
 SC_BOND=         0.4520  SC_ANGLE=         1.0571  SC_DIHED   =         0.2606
 SC_14NB=         0.0000  SC_14EEL=         0.0000  SC_VDW     =         0.0000
 SC_EEL =         0.0000
 SC_RES_DIST=     0.0000  SC_RES_ANG=       0.0000  SC_RES_TORS=         0.0000
 SC_EEL_DER=      0.0000  SC_VDW_DER=      -1.7701  SC_DERIV   =        -1.7701
 ------------------------------------------------------------------------------


| TI region  2


 NSTEP =      550   TIME(PS) =     317.100  TEMP(K) =   297.60  PRESS =     0.0
 Etot   =    -11697.2207  EKtot   =      2667.1240  EPtot      =    -14364.3447
 BOND   =         7.6677  ANGLE   =        34.4756  DIHED      =        37.4986
 1-4 NB =        14.9986  1-4 EEL =      -383.7159  VDWAALS    =      2099.5664
 EELEC  =    -16174.8358  EHBOND  =         0.0000  RESTRAINT  =         0.0000
 EKCMT  =         0.0000  VIRIAL  =         0.0000  VOLUME     =     45583.8996
                                                    Density    =         0.9873
 DV/DL  =      -143.9384
 ------------------------------------------------------------------------------


MBAR Energy analysis:
Energy at 0.0000 =    -14326.067191
Energy at 0.0000 =    -14326.067191
Energy at 0.2000 =    -14354.230339
Energy at 0.2000 =    -14354.230339
Energy at 0.5000 =    -14396.422192
Energy at 0.5000 =    -14396.422192
Energy at 0.6000 =    -14410.478580
Energy at 0.6000 =    -14410.478580
Energy at 1.0000 =    -14466.688458
Energy at 1.0000 =    -14466.688458
 ------------------------------------------------------------------------------


| TI region  1


 NSTEP =      600   TIME(PS) =     317.200  TEMP(K) =   293.97  PRESS =     0.0
 Etot   =    -11689.6524  EKtot   =      2636.4148  EPtot      =    -14326.0672
 BOND   =        18.1385  ANGLE   =        29.2932  DIHED      =        36.9222
 1-4 NB =        15.4603  1-4 EEL =      -386.4385  VDWAALS    =      2147.0765
 EELEC  =    -16186.5193  EHBOND  =         0.0000  RESTRAINT  =         0.0000
 EKCMT  =         0.0000  VIRIAL  =         0.0000  VOLUME     =     45371.8594
                                                    Density    =         0.9920
 DV/DL  =      -140.9280
 ------------------------------------------------------------------------------

  Softcore part of the system:       2 atoms,       TEMP(K)    =          51.74
 SC_Etot=         3.7570  SC_EKtot=         0.3085  SC_EPtot   =         3.4485
 SC_BOND=         0.8849  SC_ANGLE=         2.1831  SC_DIHED   =         0.3805
 SC_14NB=         0.0000  SC_14EEL=         0.0000  SC_VDW     =         0.0000
 SC_EEL =         0.0000
 SC_RES_DIST=     0.0000  SC_RES_ANG=       0.0000  SC_RES_TORS=         0.0000
 SC_EEL_DER=      0.0000  SC_VDW_DER=      -0.3068  SC_DERIV   =        -0.3068
 ------------------------------------------------------------------------------


| TI region  2


 NSTEP =      600   TIME(PS) =     317.200  TEMP(K) =   294.13  PRESS =     0.0
 Etot   =    -11689.9608  EKtot   =      2636.1064  EPtot      =    -14326.0672
 BOND   =        18.1385  ANGLE   =        29.2932  DIHED      =        36.9222
 1-4 NB =        15.4603  1-4 EEL =      -386.4385  VDWAALS    =      2147.0765
 EELEC  =    -16186.5193  EHBOND  =         0.0000  RESTRAINT  =         0.0000
 EKCMT  =         0.0000  VIRIAL  =         0.0000  VOLUME     =     45371.8594
                                                    Density    =         0.9919
 DV/DL  =      -140.9280
 ------------------------------------------------------------------------------


MBAR Energy analysis:
Energy at 0.0000 =    -14366.631029
Energy at 0.0000 =    -14366.631029
Energy at 0.2000 =    -14395.371077
Energy at 0.2000 =    -14395.371077
Energy at 0.5000 =    -14437.907343
Energy at 0.5000 =    -14437.907343
Energy at 0.6000 =    -14452.026061
Energy at 0.6000 =    -14452.026061
Energy at 1.0000 =    -14508.393259
Energy at 1.0000 =    -14508.393259
 ------------------------------------------------------------------------------


| TI region  1


 NSTEP =      650   TIME(PS) =     317.300  TEMP(K) =   300.05  PRESS =     0.0
 Etot   =    -11675.7277  EKtot   =      2690.9033  EPtot      =    -14366.6310
 BOND   =        14.2708  ANGLE   =        28.8363  DIHED      =        39.0532
 1-4 NB =        13.5597  1-4 EEL =      -385.0723  VDWAALS    =      2148.9129
 EELEC  =    -16226.1915  EHBOND  =         0.0000  RESTRAINT  =         0.0000
 EKCMT  =         0.0000  VIRIAL  =         0.0000  VOLUME     =     45371.8594
                                                    Density    =         0.9920
 DV/DL  =      -145.3192
 ------------------------------------------------------------------------------

  Softcore part of the system:       2 atoms,       TEMP(K)    =         181.81
 SC_Etot=         3.3522  SC_EKtot=         1.0839  SC_EPtot   =         2.2683
 SC_BOND=         0.3118  SC_ANGLE=         1.9483  SC_DIHED   =         0.0082
 SC_14NB=         0.0000  SC_14EEL=         0.0000  SC_VDW     =         0.0000
 SC_EEL =         0.0000
 SC_RES_DIST=     0.0000  SC_RES_ANG=       0.0000  SC_RES_TORS=         0.0000
 SC_EEL_DER=      0.0000  SC_VDW_DER=      -3.5570  SC_DERIV   =        -3.5570
 ------------------------------------------------------------------------------


| TI region  2


 NSTEP =      650   TIME(PS) =     317.300  TEMP(K) =   300.13  PRESS =     0.0
 Etot   =    -11676.8116  EKtot   =      2689.8194  EPtot      =    -14366.6310
 BOND   =        14.2708  ANGLE   =        28.8363  DIHED      =        39.0532
 1-4 NB =        13.5597  1-4 EEL =      -385.0723  VDWAALS    =      2148.9129
 EELEC  =    -16226.1915  EHBOND  =         0.0000  RESTRAINT  =         0.0000
 EKCMT  =         0.0000  VIRIAL  =         0.0000  VOLUME     =     45371.8594
                                                    Density    =         0.9919
 DV/DL  =      -145.3192
 ------------------------------------------------------------------------------


MBAR Energy analysis:
Energy at 0.0000 =    -14324.602437
Energy at 0.0000 =    -14324.602437
Energy at 0.2000 =    -14352.308041
Energy at 0.2000 =    -14352.308041
Energy at 0.5000 =    -14393.849456
Energy at 0.5000 =    -14393.849456
Energy at 0.6000 =    -14407.694465
Energy at 0.6000 =    -14407.694465
Energy at 1.0000 =    -14463.072636
Energy at 1.0000 =    -14463.072636
 ------------------------------------------------------------------------------


| TI region  1


 NSTEP =      700   TIME(PS) =     317.400  TEMP(K) =   294.08  PRESS =     0.0
 Etot   =    -11687.2116  EKtot   =      2637.3908  EPtot      =    -14324.6024
 BOND   =        12.9446  ANGLE   =        26.6331  DIHED      =        40.8561
 1-4 NB =        15.2585  1-4 EEL =      -390.6912  VDWAALS    =      2063.4118
 EELEC  =    -16093.0152  EHBOND  =         0.0000  RESTRAINT  =         0.0000
 EKCMT  =         0.0000  VIRIAL  =         0.0000  VOLUME     =     45371.8594
                                                    Density    =         0.9920
 DV/DL  =      -138.5652
 ------------------------------------------------------------------------------

  Softcore part of the system:       2 atoms,       TEMP(K)    =         267.17
 SC_Etot=         3.7822  SC_EKtot=         1.5928  SC_EPtot   =         2.1895
 SC_BOND=         0.7404  SC_ANGLE=         0.9912  SC_DIHED   =         0.4578
 SC_14NB=         0.0000  SC_14EEL=         0.0000  SC_VDW     =         0.0000
 SC_EEL =         0.0000
 SC_RES_DIST=     0.0000  SC_RES_ANG=       0.0000  SC_RES_TORS=         0.0000
 SC_EEL_DER=      0.0000  SC_VDW_DER=      -0.0950  SC_DERIV   =        -0.0950
 ------------------------------------------------------------------------------


| TI region  2


 NSTEP =      700   TIME(PS) =     317.400  TEMP(K) =   294.10  PRESS =     0.0
 Etot   =    -11688.8044  EKtot   =      2635.7980  EPtot      =    -14324.6024
 BOND   =        12.9446  ANGLE   =        26.6331  DIHED      =        40.8561
 1-4 NB =        15.2585  1-4 EEL =      -390.6912  VDWAALS    =      2063.4118
 EELEC  =    -16093.0152  EHBOND  =         0.0000  RESTRAINT  =         0.0000
 EKCMT  =         0.0000  VIRIAL  =         0.0000  VOLUME     =     45371.8594
                                                    Density    =         0.9919
 DV/DL  =      -138.5652
 ------------------------------------------------------------------------------


MBAR Energy analysis:
Energy at 0.0000 =    -14322.212680
Energy at 0.0000 =    -14322.212680
Energy at 0.2000 =    -14350.847203
Energy at 0.2000 =    -14350.847203
Energy at 0.5000 =    -14393.204385
Energy at 0.5000 =    -14393.204385
Energy at 0.6000 =    -14407.255081
Energy at 0.6000 =    -14407.255081
Energy at 1.0000 =    -14463.326596
Energy at 1.0000 =    -14463.326596
 ------------------------------------------------------------------------------


| TI region  1


 NSTEP =      750   TIME(PS) =     317.500  TEMP(K) =   296.39  PRESS =     0.0
 Etot   =    -11664.0889  EKtot   =      2658.1238  EPtot      =    -14322.2127
 BOND   =        12.3977  ANGLE   =        27.9942  DIHED      =        38.5618
 1-4 NB =        17.7732  1-4 EEL =      -389.5254  VDWAALS    =      2097.4301
 EELEC  =    -16126.8443  EHBOND  =         0.0000  RESTRAINT  =         0.0000
 EKCMT  =         0.0000  VIRIAL  =         0.0000  VOLUME     =     45371.8594
                                                    Density    =         0.9920
 DV/DL  =      -144.7202
 ------------------------------------------------------------------------------

  Softcore part of the system:       2 atoms,       TEMP(K)    =         223.46
 SC_Etot=         4.2004  SC_EKtot=         1.3321  SC_EPtot   =         2.8682
 SC_BOND=         1.2947  SC_ANGLE=         1.5201  SC_DIHED   =         0.0535
 SC_14NB=         0.0000  SC_14EEL=         0.0000  SC_VDW     =         0.0000
 SC_EEL =         0.0000
 SC_RES_DIST=     0.0000  SC_RES_ANG=       0.0000  SC_RES_TORS=         0.0000
 SC_EEL_DER=      0.0000  SC_VDW_DER=      -3.6063  SC_DERIV   =        -3.6063
 ------------------------------------------------------------------------------


| TI region  2


 NSTEP =      750   TIME(PS) =     317.500  TEMP(K) =   296.44  PRESS =     0.0
 Etot   =    -11665.4210  EKtot   =      2656.7917  EPtot      =    -14322.2127
 BOND   =        12.3977  ANGLE   =        27.9942  DIHED      =        38.5618
 1-4 NB =        17.7732  1-4 EEL =      -389.5254  VDWAALS    =      2097.4301
 EELEC  =    -16126.8443  EHBOND  =         0.0000  RESTRAINT  =         0.0000
 EKCMT  =         0.0000  VIRIAL  =         0.0000  VOLUME     =     45371.8594
                                                    Density    =         0.9919
 DV/DL  =      -144.7202
 ------------------------------------------------------------------------------


MBAR Energy analysis:
Energy at 0.0000 =    -14288.488485
Energy at 0.0000 =    -14288.488485
Energy at 0.2000 =    -14317.334789
Energy at 0.2000 =    -14317.334789
Energy at 0.5000 =    -14359.831650
Energy at 0.5000 =    -14359.831650
Energy at 0.6000 =    -14373.916480
Energy at 0.6000 =    -14373.916480
Energy at 1.0000 =    -14430.108165
Energy at 1.0000 =    -14430.108165
 ------------------------------------------------------------------------------


| TI region  1


 NSTEP =      800   TIME(PS) =     317.600  TEMP(K) =   300.65  PRESS =     0.0
 Etot   =    -11592.1682  EKtot   =      2696.3203  EPtot      =    -14288.4885
 BOND   =        14.4343  ANGLE   =        27.6158  DIHED      =        37.9237
 1-4 NB =        13.6951  1-4 EEL =      -386.3901  VDWAALS    =      2014.4705
 EELEC  =    -16010.2377  EHBOND  =         0.0000  RESTRAINT  =         0.0000
 EKCMT  =         0.0000  VIRIAL  =         0.0000  VOLUME     =     45371.8594
                                                    Density    =         0.9920
 DV/DL  =      -146.4339
 ------------------------------------------------------------------------------

  Softcore part of the system:       2 atoms,       TEMP(K)    =         294.47
 SC_Etot=         5.4497  SC_EKtot=         1.7555  SC_EPtot   =         3.6942
 SC_BOND=         0.2209  SC_ANGLE=         2.8108  SC_DIHED   =         0.6624
 SC_14NB=         0.0000  SC_14EEL=         0.0000  SC_VDW     =         0.0000
 SC_EEL =         0.0000
 SC_RES_DIST=     0.0000  SC_RES_ANG=       0.0000  SC_RES_TORS=         0.0000
 SC_EEL_DER=      0.0000  SC_VDW_DER=      -4.8142  SC_DERIV   =        -4.8142
 ------------------------------------------------------------------------------


| TI region  2


 NSTEP =      800   TIME(PS) =     317.600  TEMP(K) =   300.66  PRESS =     0.0
 Etot   =    -11593.9237  EKtot   =      2694.5648  EPtot      =    -14288.4885
 BOND   =        14.4343  ANGLE   =        27.6158  DIHED      =        37.9237
 1-4 NB =        13.6951  1-4 EEL =      -386.3901  VDWAALS    =      2014.4705
 EELEC  =    -16010.2377  EHBOND  =         0.0000  RESTRAINT  =         0.0000
 EKCMT  =         0.0000  VIRIAL  =         0.0000  VOLUME     =     45371.8594
                                                    Density    =         0.9919
 DV/DL  =      -146.4339
 ------------------------------------------------------------------------------


MBAR Energy analysis:
Energy at 0.0000 =    -14352.122530
Energy at 0.0000 =    -14352.122530
Energy at 0.2000 =    -14380.480008
Energy at 0.2000 =    -14380.480008
Energy at 0.5000 =    -14422.937901
Energy at 0.5000 =    -14422.937901
Energy at 0.6000 =    -14437.078982
Energy at 0.6000 =    -14437.078982
Energy at 1.0000 =    -14493.617419
Energy at 1.0000 =    -14493.617419
 ------------------------------------------------------------------------------


| TI region  1


 NSTEP =      850   TIME(PS) =     317.700  TEMP(K) =   300.96  PRESS =     0.0
 Etot   =    -11653.0631  EKtot   =      2699.0594  EPtot      =    -14352.1225
 BOND   =         8.6763  ANGLE   =        30.1860  DIHED      =        38.0607
 1-4 NB =        17.0153  1-4 EEL =      -392.0173  VDWAALS    =      2024.2673
 EELEC  =    -16078.3110  EHBOND  =         0.0000  RESTRAINT  =         0.0000
 EKCMT  =         0.0000  VIRIAL  =         0.0000  VOLUME     =     45371.8594
                                                    Density    =         0.9920
 DV/DL  =      -141.9515
 ------------------------------------------------------------------------------

  Softcore part of the system:       2 atoms,       TEMP(K)    =         330.84
 SC_Etot=         3.2620  SC_EKtot=         1.9723  SC_EPtot   =         1.2897
 SC_BOND=         0.2983  SC_ANGLE=         0.9010  SC_DIHED   =         0.0903
 SC_14NB=         0.0000  SC_14EEL=         0.0000  SC_VDW     =         0.0000
 SC_EEL =         0.0000
 SC_RES_DIST=     0.0000  SC_RES_ANG=       0.0000  SC_RES_TORS=         0.0000
 SC_EEL_DER=      0.0000  SC_VDW_DER=      -0.4566  SC_DERIV   =        -0.4566
 ------------------------------------------------------------------------------


| TI region  2


 NSTEP =      850   TIME(PS) =     317.700  TEMP(K) =   300.94  PRESS =     0.0
 Etot   =    -11655.0354  EKtot   =      2697.0871  EPtot      =    -14352.1225
 BOND   =         8.6763  ANGLE   =        30.1860  DIHED      =        38.0607
 1-4 NB =        17.0153  1-4 EEL =      -392.0173  VDWAALS    =      2024.2673
 EELEC  =    -16078.3110  EHBOND  =         0.0000  RESTRAINT  =         0.0000
 EKCMT  =         0.0000  VIRIAL  =         0.0000  VOLUME     =     45371.8594
                                                    Density    =         0.9919
 DV/DL  =      -141.9515
 ------------------------------------------------------------------------------


MBAR Energy analysis:
Energy at 0.0000 =    -14357.360844
Energy at 0.0000 =    -14357.360844
Energy at 0.2000 =    -14386.593374
Energy at 0.2000 =    -14386.593374
Energy at 0.5000 =    -14430.437266
Energy at 0.5000 =    -14430.437266
Energy at 0.6000 =    -14445.051737
Energy at 0.6000 =    -14445.051737
Energy at 1.0000 =    -14503.513456
Energy at 1.0000 =    -14503.513456
 ------------------------------------------------------------------------------


| TI region  1


 NSTEP =      900   TIME(PS) =     317.800  TEMP(K) =   303.62  PRESS =     0.0
 Etot   =    -11634.4500  EKtot   =      2722.9108  EPtot      =    -14357.3608
 BOND   =         9.3908  ANGLE   =        27.1297  DIHED      =        36.7339
 1-4 NB =        13.4289  1-4 EEL =      -384.2468  VDWAALS    =      2034.2684
 EELEC  =    -16094.0657  EHBOND  =         0.0000  RESTRAINT  =         0.0000
 EKCMT  =         0.0000  VIRIAL  =         0.0000  VOLUME     =     45371.8594
                                                    Density    =         0.9920
 DV/DL  =      -146.1756
 ------------------------------------------------------------------------------

  Softcore part of the system:       2 atoms,       TEMP(K)    =         414.29
 SC_Etot=         2.9711  SC_EKtot=         2.4698  SC_EPtot   =         0.5013
 SC_BOND=         0.1202  SC_ANGLE=         0.3691  SC_DIHED   =         0.0120
 SC_14NB=         0.0000  SC_14EEL=         0.0000  SC_VDW     =         0.0000
 SC_EEL =         0.0000
 SC_RES_DIST=     0.0000  SC_RES_ANG=       0.0000  SC_RES_TORS=         0.0000
 SC_EEL_DER=      0.0000  SC_VDW_DER=      -0.0230  SC_DERIV   =        -0.0230
 ------------------------------------------------------------------------------


| TI region  2


 NSTEP =      900   TIME(PS) =     317.800  TEMP(K) =   303.54  PRESS =     0.0
 Etot   =    -11636.9198  EKtot   =      2720.4410  EPtot      =    -14357.3608
 BOND   =         9.3908  ANGLE   =        27.1297  DIHED      =        36.7339
 1-4 NB =        13.4289  1-4 EEL =      -384.2468  VDWAALS    =      2034.2684
 EELEC  =    -16094.0657  EHBOND  =         0.0000  RESTRAINT  =         0.0000
 EKCMT  =         0.0000  VIRIAL  =         0.0000  VOLUME     =     45371.8594
                                                    Density    =         0.9919
 DV/DL  =      -146.1756
 ------------------------------------------------------------------------------


MBAR Energy analysis:
Energy at 0.0000 =    -14336.125600
Energy at 0.0000 =    -14336.125600
Energy at 0.2000 =    -14367.088114
Energy at 0.2000 =    -14367.088114
Energy at 0.5000 =    -14413.502777
Energy at 0.5000 =    -14413.502777
Energy at 0.6000 =    -14428.970320
Energy at 0.6000 =    -14428.970320
Energy at 1.0000 =    -14490.834022
Energy at 1.0000 =    -14490.834022
 ------------------------------------------------------------------------------


| TI region  1


 NSTEP =      950   TIME(PS) =     317.900  TEMP(K) =   298.39  PRESS =     0.0
 Etot   =    -11660.1385  EKtot   =      2675.9871  EPtot      =    -14336.1256
 BOND   =        19.0459  ANGLE   =        25.6068  DIHED      =        41.9211
 1-4 NB =        14.3887  1-4 EEL =      -391.0265  VDWAALS    =      2044.9932
 EELEC  =    -16091.0548  EHBOND  =         0.0000  RESTRAINT  =         0.0000
 EKCMT  =         0.0000  VIRIAL  =         0.0000  VOLUME     =     45371.8594
                                                    Density    =         0.9920
 DV/DL  =      -154.8743
 ------------------------------------------------------------------------------

  Softcore part of the system:       2 atoms,       TEMP(K)    =         676.01
 SC_Etot=         4.6761  SC_EKtot=         4.0301  SC_EPtot   =         0.6461
 SC_BOND=         0.4156  SC_ANGLE=         0.1781  SC_DIHED   =         0.0523
 SC_14NB=         0.0000  SC_14EEL=         0.0000  SC_VDW     =         0.0000
 SC_EEL =         0.0000
 SC_RES_DIST=     0.0000  SC_RES_ANG=       0.0000  SC_RES_TORS=         0.0000
 SC_EEL_DER=      0.0000  SC_VDW_DER=      -0.1659  SC_DERIV   =        -0.1659
 ------------------------------------------------------------------------------


| TI region  2


 NSTEP =      950   TIME(PS) =     317.900  TEMP(K) =   298.14  PRESS =     0.0
 Etot   =    -11664.1686  EKtot   =      2671.9570  EPtot      =    -14336.1256
 BOND   =        19.0459  ANGLE   =        25.6068  DIHED      =        41.9211
 1-4 NB =        14.3887  1-4 EEL =      -391.0265  VDWAALS    =      2044.9932
 EELEC  =    -16091.0548  EHBOND  =         0.0000  RESTRAINT  =         0.0000
 EKCMT  =         0.0000  VIRIAL  =         0.0000  VOLUME     =     45371.8594
                                                    Density    =         0.9919
 DV/DL  =      -154.8743
 ------------------------------------------------------------------------------


MBAR Energy analysis:
Energy at 0.0000 =    -14348.587693
Energy at 0.0000 =    -14348.587693
Energy at 0.2000 =    -14377.537503
Energy at 0.2000 =    -14377.537503
Energy at 0.5000 =    -14420.929521
Energy at 0.5000 =    -14420.929521
Energy at 0.6000 =    -14435.389375
Energy at 0.6000 =    -14435.389375
Energy at 1.0000 =    -14493.223006
Energy at 1.0000 =    -14493.223006
 ------------------------------------------------------------------------------


| TI region  1


 NSTEP =     1000   TIME(PS) =     318.000  TEMP(K) =   303.12  PRESS =     0.0
 Etot   =    -11630.1509  EKtot   =      2718.4368  EPtot      =    -14348.5877
 BOND   =        13.7678  ANGLE   =        30.1251  DIHED      =        39.6998
 1-4 NB =        16.4172  1-4 EEL =      -388.6969  VDWAALS    =      2162.8511
 EELEC  =    -16222.7518  EHBOND  =         0.0000  RESTRAINT  =         0.0000
 EKCMT  =         0.0000  VIRIAL  =         0.0000  VOLUME     =     45054.5417
                                                    Density    =         0.9990
 DV/DL  =      -144.8225
 ------------------------------------------------------------------------------

  Softcore part of the system:       2 atoms,       TEMP(K)    =         196.33
 SC_Etot=         5.0952  SC_EKtot=         1.1705  SC_EPtot   =         3.9247
 SC_BOND=         1.0117  SC_ANGLE=         1.3961  SC_DIHED   =         1.5170
 SC_14NB=         0.0000  SC_14EEL=         0.0000  SC_VDW     =         0.0000
 SC_EEL =         0.0000
 SC_RES_DIST=     0.0000  SC_RES_ANG=       0.0000  SC_RES_TORS=         0.0000
 SC_EEL_DER=      0.0000  SC_VDW_DER=      -0.1872  SC_DERIV   =        -0.1872
 ------------------------------------------------------------------------------


| TI region  2


 NSTEP =     1000   TIME(PS) =     318.000  TEMP(K) =   303.19  PRESS =     0.0
 Etot   =    -11631.3214  EKtot   =      2717.2663  EPtot      =    -14348.5877
 BOND   =        13.7678  ANGLE   =        30.1251  DIHED      =        39.6998
 1-4 NB =        16.4172  1-4 EEL =      -388.6969  VDWAALS    =      2162.8511
 EELEC  =    -16222.7518  EHBOND  =         0.0000  RESTRAINT  =         0.0000
 EKCMT  =         0.0000  VIRIAL  =         0.0000  VOLUME     =     45054.5417
                                                    Density    =         0.9989
 DV/DL  =      -144.8225
 ------------------------------------------------------------------------------

|===============================================================================

| TI region  1


      A V E R A G E S   O V E R    1000 S T E P S


 NSTEP =     1000   TIME(PS) =     318.000  TEMP(K) =   299.56  PRESS =     0.0
 Etot   =    -11634.0269  EKtot   =      2686.5309  EPtot      =    -14320.5579
 BOND   =        11.0777  ANGLE   =        30.2665  DIHED      =        38.3014
 1-4 NB =        15.1393  1-4 EEL =      -386.7441  VDWAALS    =      2056.4681
 EELEC  =    -16085.0667  EHBOND  =         0.0000  RESTRAINT  =         0.0000
 EKCMT  =         0.0000  VIRIAL  =         0.0000  VOLUME     =     45555.5308
                                                    Density    =         0.9880
 DV/DL  =      -148.4824
 ------------------------------------------------------------------------------

  Softcore part of the system:       2 atoms,       TEMP(K)    =         302.20
 SC_Etot=         4.1429  SC_EKtot=         1.8016  SC_EPtot   =         2.3414
 SC_BOND=         0.6907  SC_ANGLE=         1.4112  SC_DIHED   =         0.2395
 SC_14NB=         0.0000  SC_14EEL=         0.0000  SC_VDW     =         0.0000
 SC_EEL =         0.0000
 SC_RES_DIST=     0.0000  SC_RES_ANG=       0.0000  SC_RES_TORS=         0.0000
 SC_EEL_DER=      0.0000  SC_VDW_DER=      -1.3053  SC_DERIV   =        -1.3053
 ------------------------------------------------------------------------------


      R M S  F L U C T U A T I O N S


 NSTEP =     1000   TIME(PS) =     318.000  TEMP(K) =     4.14  PRESS =     0.0
 Etot   =        51.8685  EKtot   =        37.1660  EPtot      =        43.9669
 BOND   =         2.5564  ANGLE   =         3.2570  DIHED      =         2.2438
 1-4 NB =         1.1442  1-4 EEL =         3.3593  VDWAALS    =        57.9466
 EELEC  =        80.4284  EHBOND  =         0.0000  RESTRAINT  =         0.0000
 EKCMT  =         0.0000  VIRIAL  =         0.0000  VOLUME     =       154.8081
                                                    Density    =         0.0034
 DV/DL  =         6.4079
 ------------------------------------------------------------------------------

  Softcore part of the system:       2 atoms,       TEMP(K)    =         148.23
 SC_Etot=         1.0543  SC_EKtot=         0.8837  SC_EPtot   =         0.9838
 SC_BOND=         0.5798  SC_ANGLE=         0.8451  SC_DIHED   =         0.2853
 SC_14NB=         0.0000  SC_14EEL=         0.0000  SC_VDW     =         0.0000
 SC_EEL =         0.0000
 SC_RES_DIST=     0.0000  SC_RES_ANG=       0.0000  SC_RES_TORS=         0.0000
 SC_EEL_DER=      0.0000  SC_VDW_DER=       1.7381  SC_DERIV   =         1.7381
 ------------------------------------------------------------------------------


| TI region  2


      A V E R A G E S   O V E R    1000 S T E P S


 NSTEP =     1000   TIME(PS) =     318.000  TEMP(K) =   299.56  PRESS =     0.0
 Etot   =    -11635.8285  EKtot   =      2684.7294  EPtot      =    -14320.5579
 BOND   =        11.0777  ANGLE   =        30.2665  DIHED      =        38.3014
 1-4 NB =        15.1393  1-4 EEL =      -386.7441  VDWAALS    =      2056.4681
 EELEC  =    -16085.0667  EHBOND  =         0.0000  RESTRAINT  =         0.0000
 EKCMT  =         0.0000  VIRIAL  =         0.0000  VOLUME     =     45555.5308
                                                    Density    =         0.9879
 DV/DL  =      -148.4824
 ------------------------------------------------------------------------------


      R M S  F L U C T U A T I O N S


 NSTEP =     1000   TIME(PS) =     318.000  TEMP(K) =     4.14  PRESS =     0.0
 Etot   =        51.9163  EKtot   =        37.0955  EPtot      =        43.9669
 BOND   =         2.5564  ANGLE   =         3.2570  DIHED      =         2.2438
 1-4 NB =         1.1442  1-4 EEL =         3.3593  VDWAALS    =        57.9466
 EELEC  =        80.4284  EHBOND  =         0.0000  RESTRAINT  =         0.0000
 EKCMT  =         0.0000  VIRIAL  =         0.0000  VOLUME     =       154.8081
                                                    Density    =         0.0034
 DV/DL  =         6.4079
 ------------------------------------------------------------------------------


      DV/DL, AVERAGES OVER    1000 STEPS


 NSTEP =     1000   TIME(PS) =     318.000  TEMP(K) =     4.14  PRESS =     0.0
 Etot   =         0.0000  EKtot   =         0.0000  EPtot      =      -147.0280
 BOND   =         0.0000  ANGLE   =         0.0000  DIHED      =         0.0000
 1-4 NB =         0.0645  1-4 EEL =      -193.9564  VDWAALS    =        -0.2791
 EELEC  =        46.9939  EHBOND  =         0.0000  RESTRAINT  =         0.0000
 EKCMT  =         0.0000  VIRIAL  =         0.0000  VOLUME     =         0.0000
                                                    Density    =         0.0000
 DV/DL  =      -147.0280
 ------------------------------------------------------------------------------

|===============================================================================

| TI region  1


      A V E R A G E S   O V E R    1000 S T E P S


 NSTEP =     1000   TIME(PS) =     318.000  TEMP(K) =   299.56  PRESS =     0.0
 Etot   =    -11634.0269  EKtot   =      2686.5309  EPtot      =    -14320.5579
 BOND   =        11.0777  ANGLE   =        30.2665  DIHED      =        38.3014
 1-4 NB =        15.1393  1-4 EEL =      -386.7441  VDWAALS    =      2056.4681
 EELEC  =    -16085.0667  EHBOND  =         0.0000  RESTRAINT  =         0.0000
 EKCMT  =         0.0000  VIRIAL  =         0.0000  VOLUME     =     45555.5308
                                                    Density    =         0.9880
 DV/DL  =      -148.4824
 ------------------------------------------------------------------------------

  Softcore part of the system:       2 atoms,       TEMP(K)    =         302.20
 SC_Etot=         4.1429  SC_EKtot=         1.8016  SC_EPtot   =         2.3414
 SC_BOND=         0.6907  SC_ANGLE=         1.4112  SC_DIHED   =         0.2395
 SC_14NB=         0.0000  SC_14EEL=         0.0000  SC_VDW     =         0.0000
 SC_EEL =         0.0000
 SC_RES_DIST=     0.0000  SC_RES_ANG=       0.0000  SC_RES_TORS=         0.0000
 SC_EEL_DER=      0.0000  SC_VDW_DER=      -1.3053  SC_DERIV   =        -1.3053
 ------------------------------------------------------------------------------


      R M S  F L U C T U A T I O N S


 NSTEP =     1000   TIME(PS) =     318.000  TEMP(K) =     4.14  PRESS =     0.0
 Etot   =        51.8685  EKtot   =        37.1660  EPtot      =        43.9669
 BOND   =         2.5564  ANGLE   =         3.2570  DIHED      =         2.2438
 1-4 NB =         1.1442  1-4 EEL =         3.3593  VDWAALS    =        57.9466
 EELEC  =        80.4284  EHBOND  =         0.0000  RESTRAINT  =         0.0000
 EKCMT  =         0.0000  VIRIAL  =         0.0000  VOLUME     =       154.8081
                                                    Density    =         0.0034
 DV/DL  =         6.4079
 ------------------------------------------------------------------------------

  Softcore part of the system:       2 atoms,       TEMP(K)    =         148.23
 SC_Etot=         1.0543  SC_EKtot=         0.8837  SC_EPtot   =         0.9838
 SC_BOND=         0.5798  SC_ANGLE=         0.8451  SC_DIHED   =         0.2853
 SC_14NB=         0.0000  SC_14EEL=         0.0000  SC_VDW     =         0.0000
 SC_EEL =         0.0000
 SC_RES_DIST=     0.0000  SC_RES_ANG=       0.0000  SC_RES_TORS=         0.0000
 SC_EEL_DER=      0.0000  SC_VDW_DER=       1.7381  SC_DERIV   =         1.7381
 ------------------------------------------------------------------------------


| TI region  2


      A V E R A G E S   O V E R    1000 S T E P S


 NSTEP =     1000   TIME(PS) =     318.000  TEMP(K) =   299.56  PRESS =     0.0
 Etot   =    -11635.8285  EKtot   =      2684.7294  EPtot      =    -14320.5579
 BOND   =        11.0777  ANGLE   =        30.2665  DIHED      =        38.3014
 1-4 NB =        15.1393  1-4 EEL =      -386.7441  VDWAALS    =      2056.4681
 EELEC  =    -16085.0667  EHBOND  =         0.0000  RESTRAINT  =         0.0000
 EKCMT  =         0.0000  VIRIAL  =         0.0000  VOLUME     =     45555.5308
                                                    Density    =         0.9879
 DV/DL  =      -148.4824
 ------------------------------------------------------------------------------


      R M S  F L U C T U A T I O N S


 NSTEP =     1000   TIME(PS) =     318.000  TEMP(K) =     4.14  PRESS =     0.0
 Etot   =        51.9163  EKtot   =        37.0955  EPtot      =        43.9669
 BOND   =         2.5564  ANGLE   =         3.2570  DIHED      =         2.2438
 1-4 NB =         1.1442  1-4 EEL =         3.3593  VDWAALS    =        57.9466
 EELEC  =        80.4284  EHBOND  =         0.0000  RESTRAINT  =         0.0000
 EKCMT  =         0.0000  VIRIAL  =         0.0000  VOLUME     =       154.8081
                                                    Density    =         0.0034
 DV/DL  =         6.4079
 ------------------------------------------------------------------------------


      DV/DL, AVERAGES OVER    1000 STEPS


 NSTEP =     1000   TIME(PS) =     318.000  TEMP(K) =     4.14  PRESS =     0.0
 Etot   =         0.0000  EKtot   =         0.0000  EPtot      =      -147.0280
 BOND   =         0.0000  ANGLE   =         0.0000  DIHED      =         0.0000
 1-4 NB =         0.0645  1-4 EEL =      -193.9564  VDWAALS    =        -0.2791
 EELEC  =        46.9939  EHBOND  =         0.0000  RESTRAINT  =         0.0000
 EKCMT  =         0.0000  VIRIAL  =         0.0000  VOLUME     =         0.0000
                                                    Density    =         0.0000
 DV/DL  =      -147.0280
 ------------------------------------------------------------------------------

| MC Barostat:         10 volume changes attempted.
| MC Barostat:          3 changes successful ( 30.00%)
 ------------------------------------------------------------------------------

--------------------------------------------------------------------------------
   5.  TIMINGS
--------------------------------------------------------------------------------

|  NonSetup CPU Time in Major Routines:
|
|     Routine           Sec        %
|     ------------------------------
|     Nonbond           0.42   81.66
|     Bond              0.00    0.00
|     Angle             0.00    0.00
|     Dihedral          0.00    0.00
|     Shake             0.00    0.61
|     RunMD             0.08   16.64
|     Other             0.01    1.09
|     ------------------------------
|     Total             0.51

|  PME Nonbond Pairlist CPU Time:
|
|     Routine              Sec        %
|     ---------------------------------
|     Set Up Cit           0.00    0.00
|     Build List           0.00    0.00
|     ---------------------------------
|     Total                0.00    0.00

|  PME Direct Force CPU Time:
|
|     Routine              Sec        %
|     ---------------------------------
|     NonBonded Calc       0.00    0.00
|     Exclude Masked       0.00    0.00
|     Other                0.00    0.35
|     ---------------------------------
|     Total                0.00    0.35

|  PME Reciprocal Force CPU Time:
|
|     Routine              Sec        %
|     ---------------------------------
|     1D bspline           0.00    0.00
|     Grid Charges         0.00    0.00
|     Scalar Sum           0.00    0.00
|     Gradient Sum         0.00    0.00
|     FFT                  0.00    0.00
|     ---------------------------------
|     Total                0.00    0.00

|  Final Performance Info:
|     -----------------------------------------------------
|     Average timings for last     950 steps:
|     Elapsed(s) =       0.49 Per Step(ms) =       0.51
|         ns/day =     336.18   seconds/ns =     257.01
|
|     Average timings for all steps:
|     Elapsed(s) =       0.52 Per Step(ms) =       0.52
|         ns/day =     333.51   seconds/ns =     259.06
|     -----------------------------------------------------

|  Setup CPU time:            0.80 seconds
|  NonSetup CPU time:         0.51 seconds
|  Total CPU time:            1.31 seconds     0.00 hours

|  Setup wall time:           1    seconds
|  NonSetup wall time:        0    seconds
|  Total wall time:           1    seconds     0.00 hours
