
          -------------------------------------------------------
          Amber 20 PMEMD                              2020
          -------------------------------------------------------

| PMEMD implementation of SANDER, Release 18

|  Compiled date/time: Tue Apr 28 09:19:54 2020
| Run on 07/19/2024 at 17:14:47

|   Executable path: pmemd.cuda_SPFP
| Working directory: /nfs/zli_gpu2/bin/developed_softwares/CAR_method/example/0.0_0.0_0.0
|          Hostname: compute-0-9.local

  [-O]verwriting output

File Assignments:
|   MDIN: prod0.in                                                              
|  MDOUT: prod0.out                                                             
| INPCRD: equi-5.rst                                                            
|   PARM: ../lM2A.prmtop                                                        
| RESTRT: prod0.rst                                                             
|   REFC: refc                                                                  
|  MDVEL: mdvel                                                                 
|   MDEN: mden                                                                  
|  MDCRD: prod0.netcdf                                                          
| MDINFO: prod0.mdinfo                                                          
|  MDFRC: mdfrc                                                                 


 Here is the input file:

NVT MD w/No position restraints and PME (sander)                               
 &cntrl                                                                        
  ntx    = 5,                                                                  
  irest  = 1,                                                                  
  ntpr   = 50,                                                                 
  ntwx   = 10000,                                                              
  ntwe   = 10000,                                                              
  ntwr   = 10000,                                                              
  ig     = -1,                                                                 
                                                                               
  ntb    = 2,                                                                  
  ntp = 1, pres0 = 1.0, taup = 2.0,gamma_ln = 2.0,                             
  cut    = 10.0,                                                               
  iwrap  = 1,                                                                  
  barostat = 2,                                                                
                                                                               
  t      = 0.0,                                                                
  dt     = 0.002,                                                              
                                                                               
  temp0  = 300.0,                                                              
  tempi  = 300.0,                                                              
  ntt    = 3,                                                                  
  tautp  = 2.0,                                                                
                                                                               
  ntf    = 1,                                                                  
  ntc    = 2,                                                                  
  iwrap=1, ioutfm=1, ntwv=-1,ntave=1000,                                       
  bar_intervall = 50,                                                          
  icfe = 1, ifsc = 1,                                                          
  timask1=':1,2',                                                              
  timask2=':3',                                                                
  scmask1=':2',                                                                
  scmask2='',                                                                  
  ifmbar = 1,                                                                  
  nstlim = 1000,                                                               
  clambda = 0.0,                                                               
  mbar_states = 10,                                                            
  mbar_lambda = 0.0, 0.0, 0.2, 0.2, 0.5, 0.5, 0.6, 0.6, 1.0, 1.0,              
&end                                                                           
 /                                                                             


Note: ig = -1. Setting random seed to   915320 based on wallclock time in 
      microseconds.
| irandom = 1, using AMBER's internal random number generator (default).
 
|--------------------- INFORMATION ----------------------
| GPU (CUDA) Version of PMEMD in use: NVIDIA GPU IN USE.
|                    Version 18.0.0
| 
|                      03/25/2018
| 
| Implementation by:
|                    Ross C. Walker     (SDSC)
|                    Scott Le Grand     (nVIDIA)
| 
| Version 18 performance extensions by:
|                    David Cerutti     (Rutgers)
| 
| Precision model in use:
|      [SPFP] - Single Precision Forces, 64-bit Fixed Point
|               Accumulation. (Default)
| 
|--------------------------------------------------------
 
|----------------- CITATION INFORMATION -----------------
|
|    When publishing work that utilized the CUDA version
|    of AMBER, please cite the following in addition to
|    the regular AMBER citations:
|
|  - Romelia Salomon-Ferrer; Andreas W. Goetz; Duncan
|    Poole; Scott Le Grand; Ross C. Walker "Routine
|    microsecond molecular dynamics simulations with
|    AMBER - Part II: Particle Mesh Ewald", J. Chem.
|    Theory Comput., 2013, 9 (9), pp3878-3888,
|    DOI: 10.1021/ct400314y.
|
|  - Andreas W. Goetz; Mark J. Williamson; Dong Xu;
|    Duncan Poole; Scott Le Grand; Ross C. Walker
|    "Routine microsecond molecular dynamics simulations
|    with AMBER - Part I: Generalized Born", J. Chem.
|    Theory Comput., 2012, 8 (5), pp1542-1555.
|
|  - Scott Le Grand; Andreas W. Goetz; Ross C. Walker
|    "SPFP: Speed without compromise - a mixed precision
|    model for GPU accelerated molecular dynamics
|    simulations.", Comp. Phys. Comm., 2013, 184
|    pp374-380, DOI: 10.1016/j.cpc.2012.09.022
|
|    When publishing work that utilized the CUDA version
|    of TI, BAR, MBAR or FEP please cite the following 
|    publications in addition to the regular AMBER 
|    GPU citations:
|
|  - Daniel J. Mermelstein; Charles Lin; Gard Nelson; 
|    Rachael Kretsch; J. Andrew McCammon; Ross C. Walker
|    "Fast and Flexible GPU Accelerated Binding 
|    Free Energy Calculations within the AMBER Molecular
|    Dynamics Package" J. Comp. Chem., 2018,
|    DOI: 10.1002/jcc.25187
|
|  - Tai-Sung Lee; Yuan Hu; Brad Sherborne; Zhuyan Guo;
|    Darrin M. York
|    "Toward Fast and Accurate Binding Affinity Prediction with
|    pmemdGTI: An Efficient Implementation of GPU-Accelerated
|    Thermodynamic Integration"
|    J. Chem. Theory Comput., 2017, 13 (7), 3077
|
|
|--------------------------------------------------------
 
|------------------- GPU DEVICE INFO --------------------
|
|            CUDA_VISIBLE_DEVICES: not set
|   CUDA Capable Devices Detected:      5
|           CUDA Device ID in use:      0
|                CUDA Device Name: NVIDIA GeForce RTX 3070
|     CUDA Device Global Mem Size:   7982 MB
| CUDA Device Num Multiprocessors:     46
|           CUDA Device Core Freq:   1.73 GHz
|
|--------------------------------------------------------
 
 
| Conditional Compilation Defines Used:
| PUBFFT
| BINTRAJ
| CUDA
| EMIL

| Largest sphere to fit in unit cell has radius =    17.438

| New format PARM file being parsed.
| Version =    1.000 Date = 08/02/22 Time = 19:36:52

| Note: 1-4 EEL scale factors are being read from the topology file.

| Note: 1-4 VDW scale factors are being read from the topology file.
| Duplicated    0 dihedrals

| Duplicated    0 dihedrals

--------------------------------------------------------------------------------
   1.  RESOURCE   USE: 
--------------------------------------------------------------------------------

 getting box info from netcdf restart file
 NATOM  =    4548 NTYPES =      17 NBONH =    4492 MBONA  =      62
 NTHETH =     105 MTHETA =      88 NPHIH =     188 MPHIA  =     154
 NHPARM =       0 NPARM  =       0 NNB   =    6494 NRES   =    1485
 NBONA  =      62 NTHETA =      88 NPHIA =     154 NUMBND =      22
 NUMANG =      36 NPTRA  =      19 NATYP =      18 NPHB   =       1
 IFBOX  =       1 NMXRS  =      50 IFCAP =       0 NEXTRA =       0
 NCOPY  =       0

| Coordinate Index Table dimensions:     6    6    6
| Direct force subcell size =     5.9011    6.1308    5.8126

     BOX TYPE: RECTILINEAR

--------------------------------------------------------------------------------
   2.  CONTROL  DATA  FOR  THE  RUN
--------------------------------------------------------------------------------

default_name                                                                    

General flags:
     imin    =       0, nmropt  =       0

Nature and format of input:
     ntx     =       5, irest   =       1, ntrx    =       1

Nature and format of output:
     ntxo    =       2, ntpr    =      50, ntrx    =       1, ntwr    =   10000
     iwrap   =       1, ntwx    =   10000, ntwv    =      -1, ntwe    =   10000
     ioutfm  =       1, ntwprt  =       0, idecomp =       0, rbornstat=      0

Potential function:
     ntf     =       1, ntb     =       2, igb     =       0, nsnb    =      25
     ipol    =       0, gbsa    =       0, iesp    =       0
     dielc   =   1.00000, cut     =  10.00000, intdiel =   1.00000

Frozen or restrained atoms:
     ibelly  =       0, ntr     =       0

Molecular dynamics:
     nstlim  =      1000, nscm    =      1000, nrespa  =         1
     t       =   0.00000, dt      =   0.00200, vlimit  =  -1.00000

Langevin dynamics temperature regulation:
     ig      =  915320
     temp0   = 300.00000, tempi   = 300.00000, gamma_ln=   2.00000

Pressure regulation:
     ntp     =       1
     pres0   =   1.00000, comp    =  44.60000, taup    =   2.00000
     Monte-Carlo Barostat:
     mcbarint  =     100

SHAKE:
     ntc     =       2, jfastw  =       0
     tol     =   0.00001

Free energy options:
     icfe    =       1, ifsc    =       1, klambda =       1
     clambda =  0.0000, scalpha =  0.5000, scbeta  = 12.0000
     sceeorder =       2
     dynlmb =  0.0000 logdvdl =       0

FEP MBAR options:
     ifmbar  =       1,  bar_intervall =       50
     mbar_states =      10

| Intermolecular bonds treatment:
|     no_intermolecular_bonds =       1

| Energy averages sample interval:
|     ene_avg_sampling =       1

Ewald parameters:
     verbose =       0, ew_type =       0, nbflag  =       1, use_pme =       1
     vdwmeth =       1, eedmeth =       1, netfrc  =       1
     Box X =   35.407   Box Y =   36.785   Box Z =   34.876
     Alpha =   90.000   Beta  =   90.000   Gamma =   90.000
     NFFT1 =   36       NFFT2 =   40       NFFT3 =   36
     Cutoff=   10.000   Tol   =0.100E-04
     Ewald Coefficient =  0.27511
     Interpolation order =    4
     TI Mask 1 :1,2; matches     52 atoms
     TI Mask 2 :3; matches     50 atoms
     TI region 1:    4498 atoms
     TI region 2:    4496 atoms
     SC Mask 1 :2; matches      2 atoms

    MBAR - lambda values considered:
      10 total:  0.0000 0.0000 0.2000 0.2000 0.5000 0.5000 0.6000 0.6000 1.0000 1.0000
    Extra energies will be computed     20 times.
| MONTE CARLO BAROSTAT IMPORTANT NOTE:
|   The Monte-Carlo barostat does not require the virial to adjust the system volume.
|   Since it is an expensive calculation, it is skipped for efficiency. A side-effect
|   is that the reported pressure is always 0 because it is not calculated.

--------------------------------------------------------------------------------
   3.  ATOMIC COORDINATES AND VELOCITIES
--------------------------------------------------------------------------------

default_name                                                                    
 begin time read from input coords =   300.000 ps

 
     Molecule     1 is partially softcore
     Molecule     2 is partially softcore
 Number of triangulated 3-point waters found:     1482
   Removing shake constraints from HX1   LBM   2 -- N26   LAM   1
   Removing shake constraints from H23   LBM   2 -- N26   LAM   1
 Number of shake restraints removed in TI region  1 :        2
 Number of shake restraints removed in TI region  2 :        0

     Sum of charges for TI region  1 =  -0.00249680
     Skip neutralizing charges...


     Sum of charges for TI region  2 =  -0.00299999
     Skip neutralizing charges...

| Dynamic Memory, Types Used:
| Reals              376231
| Integers           194647

| Nonbonded Pairs Initial Allocation:     1375656

| GPU memory information (estimate):
| KB of GPU memory in use:     42305
| KB of CPU memory in use:     18371

--------------------------------------------------------------------------------
   4.  RESULTS
--------------------------------------------------------------------------------

   DOF for the SC part  1 of the system:    6

MBAR Energy analysis:
Energy at 0.0000 =    -14400.951366
Energy at 0.0000 =    -14400.951366
Energy at 0.2000 =    -14431.929863
Energy at 0.2000 =    -14431.929863
Energy at 0.5000 =    -14478.293245
Energy at 0.5000 =    -14478.293245
Energy at 0.6000 =    -14493.733543
Energy at 0.6000 =    -14493.733543
Energy at 1.0000 =    -14555.465241
Energy at 1.0000 =    -14555.465241
 ------------------------------------------------------------------------------


| TI region  1


 NSTEP =       50   TIME(PS) =     300.100  TEMP(K) =   307.57  PRESS =     0.0
 Etot   =    -11642.6150  EKtot   =      2758.3364  EPtot      =    -14400.9514
 BOND   =         9.1482  ANGLE   =        28.7153  DIHED      =        41.0936
 1-4 NB =        17.0778  1-4 EEL =      -388.3600  VDWAALS    =      2046.1063
 EELEC  =    -16154.7326  EHBOND  =         0.0000  RESTRAINT  =         0.0000
 EKCMT  =         0.0000  VIRIAL  =         0.0000  VOLUME     =     45423.1566
                                                    Density    =         0.9909
 DV/DL  =      -155.1268
 ------------------------------------------------------------------------------

  Softcore part of the system:       2 atoms,       TEMP(K)    =         164.95
 SC_Etot=         4.3297  SC_EKtot=         0.9834  SC_EPtot   =         3.3463
 SC_BOND=         0.7286  SC_ANGLE=         2.4495  SC_DIHED   =         0.1683
 SC_14NB=         0.0000  SC_14EEL=         0.0000  SC_VDW     =         0.0000
 SC_EEL =         0.0000
 SC_RES_DIST=     0.0000  SC_RES_ANG=       0.0000  SC_RES_TORS=         0.0000
 SC_EEL_DER=      0.0000  SC_VDW_DER=      -0.6129  SC_DERIV   =        -0.6129
 ------------------------------------------------------------------------------


| TI region  2


 NSTEP =       50   TIME(PS) =     300.100  TEMP(K) =   307.66  PRESS =     0.0
 Etot   =    -11643.5983  EKtot   =      2757.3530  EPtot      =    -14400.9514
 BOND   =         9.1482  ANGLE   =        28.7153  DIHED      =        41.0936
 1-4 NB =        17.0778  1-4 EEL =      -388.3600  VDWAALS    =      2046.1063
 EELEC  =    -16154.7326  EHBOND  =         0.0000  RESTRAINT  =         0.0000
 EKCMT  =         0.0000  VIRIAL  =         0.0000  VOLUME     =     45423.1566
                                                    Density    =         0.9908
 DV/DL  =      -155.1268
 ------------------------------------------------------------------------------


MBAR Energy analysis:
Energy at 0.0000 =    -14375.904802
Energy at 0.0000 =    -14375.904802
Energy at 0.2000 =    -14406.693365
Energy at 0.2000 =    -14406.693365
Energy at 0.5000 =    -14452.794355
Energy at 0.5000 =    -14452.794355
Energy at 0.6000 =    -14468.150043
Energy at 0.6000 =    -14468.150043
Energy at 1.0000 =    -14529.549542
Energy at 1.0000 =    -14529.549542
 ------------------------------------------------------------------------------


| TI region  1


 NSTEP =      100   TIME(PS) =     300.200  TEMP(K) =   304.59  PRESS =     0.0
 Etot   =    -11644.2797  EKtot   =      2731.6251  EPtot      =    -14375.9048
 BOND   =        10.5872  ANGLE   =        25.9612  DIHED      =        42.8804
 1-4 NB =        15.2541  1-4 EEL =      -382.6404  VDWAALS    =      1991.3029
 EELEC  =    -16079.2504  EHBOND  =         0.0000  RESTRAINT  =         0.0000
 EKCMT  =         0.0000  VIRIAL  =         0.0000  VOLUME     =     45772.5226
                                                    Density    =         0.9833
 DV/DL  =      -154.1230
 ------------------------------------------------------------------------------

  Softcore part of the system:       2 atoms,       TEMP(K)    =         448.69
 SC_Etot=         5.2761  SC_EKtot=         2.6749  SC_EPtot   =         2.6012
 SC_BOND=         0.9040  SC_ANGLE=         1.0687  SC_DIHED   =         0.6285
 SC_14NB=         0.0000  SC_14EEL=         0.0000  SC_VDW     =         0.0000
 SC_EEL =         0.0000
 SC_RES_DIST=     0.0000  SC_RES_ANG=       0.0000  SC_RES_TORS=         0.0000
 SC_EEL_DER=      0.0000  SC_VDW_DER=      -0.4782  SC_DERIV   =        -0.4782
 ------------------------------------------------------------------------------


| TI region  2


 NSTEP =      100   TIME(PS) =     300.200  TEMP(K) =   304.49  PRESS =     0.0
 Etot   =    -11646.9546  EKtot   =      2728.9502  EPtot      =    -14375.9048
 BOND   =        10.5872  ANGLE   =        25.9612  DIHED      =        42.8804
 1-4 NB =        15.2541  1-4 EEL =      -382.6404  VDWAALS    =      1991.3029
 EELEC  =    -16079.2504  EHBOND  =         0.0000  RESTRAINT  =         0.0000
 EKCMT  =         0.0000  VIRIAL  =         0.0000  VOLUME     =     45772.5226
                                                    Density    =         0.9832
 DV/DL  =      -154.1230
 ------------------------------------------------------------------------------


MBAR Energy analysis:
Energy at 0.0000 =    -14299.253317
Energy at 0.0000 =    -14299.253317
Energy at 0.2000 =    -14329.005925
Energy at 0.2000 =    -14329.005925
Energy at 0.5000 =    -14373.605326
Energy at 0.5000 =    -14373.605326
Energy at 0.6000 =    -14388.467776
Energy at 0.6000 =    -14388.467776
Energy at 1.0000 =    -14447.911431
Energy at 1.0000 =    -14447.911431
 ------------------------------------------------------------------------------


| TI region  1


 NSTEP =      150   TIME(PS) =     300.300  TEMP(K) =   294.84  PRESS =     0.0
 Etot   =    -11655.1143  EKtot   =      2644.1390  EPtot      =    -14299.2533
 BOND   =        13.4736  ANGLE   =        29.7042  DIHED      =        42.9026
 1-4 NB =        16.9821  1-4 EEL =      -388.8788  VDWAALS    =      2004.5546
 EELEC  =    -16017.9917  EHBOND  =         0.0000  RESTRAINT  =         0.0000
 EKCMT  =         0.0000  VIRIAL  =         0.0000  VOLUME     =     45772.5226
                                                    Density    =         0.9833
 DV/DL  =      -148.8259
 ------------------------------------------------------------------------------

  Softcore part of the system:       2 atoms,       TEMP(K)    =         566.90
 SC_Etot=         6.4589  SC_EKtot=         3.3796  SC_EPtot   =         3.0792
 SC_BOND=         0.8116  SC_ANGLE=         1.3962  SC_DIHED   =         0.8714
 SC_14NB=         0.0000  SC_14EEL=         0.0000  SC_VDW     =         0.0000
 SC_EEL =         0.0000
 SC_RES_DIST=     0.0000  SC_RES_ANG=       0.0000  SC_RES_TORS=         0.0000
 SC_EEL_DER=      0.0000  SC_VDW_DER=      -0.1678  SC_DERIV   =        -0.1678
 ------------------------------------------------------------------------------


| TI region  2


 NSTEP =      150   TIME(PS) =     300.300  TEMP(K) =   294.65  PRESS =     0.0
 Etot   =    -11658.4940  EKtot   =      2640.7594  EPtot      =    -14299.2533
 BOND   =        13.4736  ANGLE   =        29.7042  DIHED      =        42.9026
 1-4 NB =        16.9821  1-4 EEL =      -388.8788  VDWAALS    =      2004.5546
 EELEC  =    -16017.9917  EHBOND  =         0.0000  RESTRAINT  =         0.0000
 EKCMT  =         0.0000  VIRIAL  =         0.0000  VOLUME     =     45772.5226
                                                    Density    =         0.9832
 DV/DL  =      -148.8259
 ------------------------------------------------------------------------------


MBAR Energy analysis:
Energy at 0.0000 =    -14343.246960
Energy at 0.0000 =    -14343.246960
Energy at 0.2000 =    -14374.648806
Energy at 0.2000 =    -14374.648806
Energy at 0.5000 =    -14420.811366
Energy at 0.5000 =    -14420.811366
Energy at 0.6000 =    -14436.106054
Energy at 0.6000 =    -14436.106054
Energy at 1.0000 =    -14497.122010
Energy at 1.0000 =    -14497.122010
 ------------------------------------------------------------------------------


| TI region  1


 NSTEP =      200   TIME(PS) =     300.400  TEMP(K) =   300.51  PRESS =     0.0
 Etot   =    -11648.1757  EKtot   =      2695.0712  EPtot      =    -14343.2470
 BOND   =        16.6527  ANGLE   =        23.3691  DIHED      =        42.1129
 1-4 NB =        16.1457  1-4 EEL =      -385.3318  VDWAALS    =      2076.2744
 EELEC  =    -16132.4700  EHBOND  =         0.0000  RESTRAINT  =         0.0000
 EKCMT  =         0.0000  VIRIAL  =         0.0000  VOLUME     =     45685.6690
                                                    Density    =         0.9852
 DV/DL  =      -159.8212
 ------------------------------------------------------------------------------

  Softcore part of the system:       2 atoms,       TEMP(K)    =         429.63
 SC_Etot=         6.4085  SC_EKtot=         2.5613  SC_EPtot   =         3.8472
 SC_BOND=         0.5395  SC_ANGLE=         2.6112  SC_DIHED   =         0.6966
 SC_14NB=         0.0000  SC_14EEL=         0.0000  SC_VDW     =         0.0000
 SC_EEL =         0.0000
 SC_RES_DIST=     0.0000  SC_RES_ANG=       0.0000  SC_RES_TORS=         0.0000
 SC_EEL_DER=      0.0000  SC_VDW_DER=      -5.9461  SC_DERIV   =        -5.9461
 ------------------------------------------------------------------------------


| TI region  2


 NSTEP =      200   TIME(PS) =     300.400  TEMP(K) =   300.43  PRESS =     0.0
 Etot   =    -11650.7370  EKtot   =      2692.5100  EPtot      =    -14343.2470
 BOND   =        16.6527  ANGLE   =        23.3691  DIHED      =        42.1129
 1-4 NB =        16.1457  1-4 EEL =      -385.3318  VDWAALS    =      2076.2744
 EELEC  =    -16132.4700  EHBOND  =         0.0000  RESTRAINT  =         0.0000
 EKCMT  =         0.0000  VIRIAL  =         0.0000  VOLUME     =     45685.6690
                                                    Density    =         0.9851
 DV/DL  =      -159.8212
 ------------------------------------------------------------------------------


MBAR Energy analysis:
Energy at 0.0000 =    -14365.059291
Energy at 0.0000 =    -14365.059291
Energy at 0.2000 =    -14394.613786
Energy at 0.2000 =    -14394.613786
Energy at 0.5000 =    -14438.519017
Energy at 0.5000 =    -14438.519017
Energy at 0.6000 =    -14453.108309
Energy at 0.6000 =    -14453.108309
Energy at 1.0000 =    -14511.383714
Energy at 1.0000 =    -14511.383714
 ------------------------------------------------------------------------------


| TI region  1


 NSTEP =      250   TIME(PS) =     300.500  TEMP(K) =   305.57  PRESS =     0.0
 Etot   =    -11624.6703  EKtot   =      2740.3890  EPtot      =    -14365.0593
 BOND   =        12.6809  ANGLE   =        29.1901  DIHED      =        39.7369
 1-4 NB =        17.5208  1-4 EEL =      -384.0380  VDWAALS    =      2021.2140
 EELEC  =    -16101.3640  EHBOND  =         0.0000  RESTRAINT  =         0.0000
 EKCMT  =         0.0000  VIRIAL  =         0.0000  VOLUME     =     45685.6690
                                                    Density    =         0.9852
 DV/DL  =      -148.9423
 ------------------------------------------------------------------------------

  Softcore part of the system:       2 atoms,       TEMP(K)    =         189.69
 SC_Etot=         5.8898  SC_EKtot=         1.1308  SC_EPtot   =         4.7590
 SC_BOND=         0.4662  SC_ANGLE=         3.7948  SC_DIHED   =         0.4980
 SC_14NB=         0.0000  SC_14EEL=         0.0000  SC_VDW     =         0.0000
 SC_EEL =         0.0000
 SC_RES_DIST=     0.0000  SC_RES_ANG=       0.0000  SC_RES_TORS=         0.0000
 SC_EEL_DER=      0.0000  SC_VDW_DER=      -2.6178  SC_DERIV   =        -2.6178
 ------------------------------------------------------------------------------


| TI region  2


 NSTEP =      250   TIME(PS) =     300.500  TEMP(K) =   305.64  PRESS =     0.0
 Etot   =    -11625.8012  EKtot   =      2739.2581  EPtot      =    -14365.0593
 BOND   =        12.6809  ANGLE   =        29.1901  DIHED      =        39.7369
 1-4 NB =        17.5208  1-4 EEL =      -384.0380  VDWAALS    =      2021.2140
 EELEC  =    -16101.3640  EHBOND  =         0.0000  RESTRAINT  =         0.0000
 EKCMT  =         0.0000  VIRIAL  =         0.0000  VOLUME     =     45685.6690
                                                    Density    =         0.9851
 DV/DL  =      -148.9423
 ------------------------------------------------------------------------------


MBAR Energy analysis:
Energy at 0.0000 =    -14293.458636
Energy at 0.0000 =    -14293.458636
Energy at 0.2000 =    -14321.090322
Energy at 0.2000 =    -14321.090322
Energy at 0.5000 =    -14362.479193
Energy at 0.5000 =    -14362.479193
Energy at 0.6000 =    -14376.266877
Energy at 0.6000 =    -14376.266877
Energy at 1.0000 =    -14431.399222
Energy at 1.0000 =    -14431.399222
 ------------------------------------------------------------------------------


| TI region  1


 NSTEP =      300   TIME(PS) =     300.600  TEMP(K) =   298.26  PRESS =     0.0
 Etot   =    -11618.6377  EKtot   =      2674.8210  EPtot      =    -14293.4586
 BOND   =        11.0139  ANGLE   =        35.1685  DIHED      =        38.2952
 1-4 NB =        17.1532  1-4 EEL =      -383.4216  VDWAALS    =      2026.6052
 EELEC  =    -16038.2731  EHBOND  =         0.0000  RESTRAINT  =         0.0000
 EKCMT  =         0.0000  VIRIAL  =         0.0000  VOLUME     =     45685.6690
                                                    Density    =         0.9852
 DV/DL  =      -138.2806
 ------------------------------------------------------------------------------

  Softcore part of the system:       2 atoms,       TEMP(K)    =         675.14
 SC_Etot=         8.7609  SC_EKtot=         4.0249  SC_EPtot   =         4.7360
 SC_BOND=         0.0784  SC_ANGLE=         3.2087  SC_DIHED   =         1.4488
 SC_14NB=         0.0000  SC_14EEL=         0.0000  SC_VDW     =         0.0000
 SC_EEL =         0.0000
 SC_RES_DIST=     0.0000  SC_RES_ANG=       0.0000  SC_RES_TORS=         0.0000
 SC_EEL_DER=      0.0000  SC_VDW_DER=      -0.3400  SC_DERIV   =        -0.3400
 ------------------------------------------------------------------------------


| TI region  2


 NSTEP =      300   TIME(PS) =     300.600  TEMP(K) =   298.01  PRESS =     0.0
 Etot   =    -11622.6626  EKtot   =      2670.7961  EPtot      =    -14293.4586
 BOND   =        11.0139  ANGLE   =        35.1685  DIHED      =        38.2952
 1-4 NB =        17.1532  1-4 EEL =      -383.4216  VDWAALS    =      2026.6052
 EELEC  =    -16038.2731  EHBOND  =         0.0000  RESTRAINT  =         0.0000
 EKCMT  =         0.0000  VIRIAL  =         0.0000  VOLUME     =     45685.6690
                                                    Density    =         0.9851
 DV/DL  =      -138.2806
 ------------------------------------------------------------------------------


MBAR Energy analysis:
Energy at 0.0000 =    -14268.346374
Energy at 0.0000 =    -14268.346374
Energy at 0.2000 =    -14298.634697
Energy at 0.2000 =    -14298.634697
Energy at 0.5000 =    -14343.705112
Energy at 0.5000 =    -14343.705112
Energy at 0.6000 =    -14358.683413
Energy at 0.6000 =    -14358.683413
Energy at 1.0000 =    -14418.502498
Energy at 1.0000 =    -14418.502498
 ------------------------------------------------------------------------------


| TI region  1


 NSTEP =      350   TIME(PS) =     300.700  TEMP(K) =   298.36  PRESS =     0.0
 Etot   =    -11592.6348  EKtot   =      2675.7116  EPtot      =    -14268.3464
 BOND   =        11.4840  ANGLE   =        26.3269  DIHED      =        43.6872
 1-4 NB =        17.8829  1-4 EEL =      -385.7018  VDWAALS    =      2065.0387
 EELEC  =    -16047.0643  EHBOND  =         0.0000  RESTRAINT  =         0.0000
 EKCMT  =         0.0000  VIRIAL  =         0.0000  VOLUME     =     45685.6690
                                                    Density    =         0.9852
 DV/DL  =      -152.3336
 ------------------------------------------------------------------------------

  Softcore part of the system:       2 atoms,       TEMP(K)    =         426.80
 SC_Etot=         7.8042  SC_EKtot=         2.5444  SC_EPtot   =         5.2598
 SC_BOND=         1.4096  SC_ANGLE=         2.6665  SC_DIHED   =         1.1837
 SC_14NB=         0.0000  SC_14EEL=         0.0000  SC_VDW     =         0.0000
 SC_EEL =         0.0000
 SC_RES_DIST=     0.0000  SC_RES_ANG=       0.0000  SC_RES_TORS=         0.0000
 SC_EEL_DER=      0.0000  SC_VDW_DER=      -2.1775  SC_DERIV   =        -2.1775
 ------------------------------------------------------------------------------


| TI region  2


 NSTEP =      350   TIME(PS) =     300.700  TEMP(K) =   298.27  PRESS =     0.0
 Etot   =    -11595.1792  EKtot   =      2673.1672  EPtot      =    -14268.3464
 BOND   =        11.4840  ANGLE   =        26.3269  DIHED      =        43.6872
 1-4 NB =        17.8829  1-4 EEL =      -385.7018  VDWAALS    =      2065.0387
 EELEC  =    -16047.0643  EHBOND  =         0.0000  RESTRAINT  =         0.0000
 EKCMT  =         0.0000  VIRIAL  =         0.0000  VOLUME     =     45685.6690
                                                    Density    =         0.9851
 DV/DL  =      -152.3336
 ------------------------------------------------------------------------------


MBAR Energy analysis:
Energy at 0.0000 =    -14293.180618
Energy at 0.0000 =    -14293.180618
Energy at 0.2000 =    -14320.534375
Energy at 0.2000 =    -14320.534375
Energy at 0.5000 =    -14361.353434
Energy at 0.5000 =    -14361.353434
Energy at 0.6000 =    -14374.931194
Energy at 0.6000 =    -14374.931194
Energy at 1.0000 =    -14429.180134
Energy at 1.0000 =    -14429.180134
 ------------------------------------------------------------------------------


| TI region  1


 NSTEP =      400   TIME(PS) =     300.800  TEMP(K) =   299.12  PRESS =     0.0
 Etot   =    -11610.5762  EKtot   =      2682.6044  EPtot      =    -14293.1806
 BOND   =         7.9762  ANGLE   =        30.3373  DIHED      =        40.9326
 1-4 NB =        16.7188  1-4 EEL =      -377.4847  VDWAALS    =      2015.1996
 EELEC  =    -16026.8605  EHBOND  =         0.0000  RESTRAINT  =         0.0000
 EKCMT  =         0.0000  VIRIAL  =         0.0000  VOLUME     =     45630.1398
                                                    Density    =         0.9864
 DV/DL  =      -137.2518
 ------------------------------------------------------------------------------

  Softcore part of the system:       2 atoms,       TEMP(K)    =         525.86
 SC_Etot=         7.3363  SC_EKtot=         3.1349  SC_EPtot   =         4.2013
 SC_BOND=         2.0885  SC_ANGLE=         1.2638  SC_DIHED   =         0.8491
 SC_14NB=         0.0000  SC_14EEL=         0.0000  SC_VDW     =         0.0000
 SC_EEL =         0.0000
 SC_RES_DIST=     0.0000  SC_RES_ANG=       0.0000  SC_RES_TORS=         0.0000
 SC_EEL_DER=      0.0000  SC_VDW_DER=      -1.2523  SC_DERIV   =        -1.2523
 ------------------------------------------------------------------------------


| TI region  2


 NSTEP =      400   TIME(PS) =     300.800  TEMP(K) =   298.97  PRESS =     0.0
 Etot   =    -11613.7112  EKtot   =      2679.4694  EPtot      =    -14293.1806
 BOND   =         7.9762  ANGLE   =        30.3373  DIHED      =        40.9326
 1-4 NB =        16.7188  1-4 EEL =      -377.4847  VDWAALS    =      2015.1996
 EELEC  =    -16026.8605  EHBOND  =         0.0000  RESTRAINT  =         0.0000
 EKCMT  =         0.0000  VIRIAL  =         0.0000  VOLUME     =     45630.1398
                                                    Density    =         0.9863
 DV/DL  =      -137.2518
 ------------------------------------------------------------------------------


MBAR Energy analysis:
Energy at 0.0000 =    -14385.216537
Energy at 0.0000 =    -14385.216537
Energy at 0.2000 =    -14415.014191
Energy at 0.2000 =    -14415.014191
Energy at 0.5000 =    -14459.656852
Energy at 0.5000 =    -14459.656852
Energy at 0.6000 =    -14474.530293
Energy at 0.6000 =    -14474.530293
Energy at 1.0000 =    -14534.010151
Energy at 1.0000 =    -14534.010151
 ------------------------------------------------------------------------------


| TI region  1


 NSTEP =      450   TIME(PS) =     300.900  TEMP(K) =   307.46  PRESS =     0.0
 Etot   =    -11627.8146  EKtot   =      2757.4019  EPtot      =    -14385.2165
 BOND   =         7.2588  ANGLE   =        29.5327  DIHED      =        39.6955
 1-4 NB =        16.9982  1-4 EEL =      -382.4226  VDWAALS    =      2130.6439
 EELEC  =    -16226.9231  EHBOND  =         0.0000  RESTRAINT  =         0.0000
 EKCMT  =         0.0000  VIRIAL  =         0.0000  VOLUME     =     45630.1398
                                                    Density    =         0.9864
 DV/DL  =      -149.1044
 ------------------------------------------------------------------------------

  Softcore part of the system:       2 atoms,       TEMP(K)    =         431.82
 SC_Etot=         4.1311  SC_EKtot=         2.5743  SC_EPtot   =         1.5568
 SC_BOND=         0.7460  SC_ANGLE=         0.7136  SC_DIHED   =         0.0972
 SC_14NB=         0.0000  SC_14EEL=         0.0000  SC_VDW     =         0.0000
 SC_EEL =         0.0000
 SC_RES_DIST=     0.0000  SC_RES_ANG=       0.0000  SC_RES_TORS=         0.0000
 SC_EEL_DER=      0.0000  SC_VDW_DER=      -0.3108  SC_DERIV   =        -0.3108
 ------------------------------------------------------------------------------


| TI region  2


 NSTEP =      450   TIME(PS) =     300.900  TEMP(K) =   307.38  PRESS =     0.0
 Etot   =    -11630.3889  EKtot   =      2754.8276  EPtot      =    -14385.2165
 BOND   =         7.2588  ANGLE   =        29.5327  DIHED      =        39.6955
 1-4 NB =        16.9982  1-4 EEL =      -382.4226  VDWAALS    =      2130.6439
 EELEC  =    -16226.9231  EHBOND  =         0.0000  RESTRAINT  =         0.0000
 EKCMT  =         0.0000  VIRIAL  =         0.0000  VOLUME     =     45630.1398
                                                    Density    =         0.9863
 DV/DL  =      -149.1044
 ------------------------------------------------------------------------------


MBAR Energy analysis:
Energy at 0.0000 =    -14360.620187
Energy at 0.0000 =    -14360.620187
Energy at 0.2000 =    -14391.191495
Energy at 0.2000 =    -14391.191495
Energy at 0.5000 =    -14436.919693
Energy at 0.5000 =    -14436.919693
Energy at 0.6000 =    -14452.146013
Energy at 0.6000 =    -14452.146013
Energy at 1.0000 =    -14513.019459
Energy at 1.0000 =    -14513.019459
 ------------------------------------------------------------------------------


| TI region  1


 NSTEP =      500   TIME(PS) =     301.000  TEMP(K) =   294.69  PRESS =     0.0
 Etot   =    -11717.7966  EKtot   =      2642.8235  EPtot      =    -14360.6202
 BOND   =        11.6111  ANGLE   =        29.4853  DIHED      =        36.4382
 1-4 NB =        17.0938  1-4 EEL =      -386.5894  VDWAALS    =      2048.5035
 EELEC  =    -16117.1627  EHBOND  =         0.0000  RESTRAINT  =         0.0000
 EKCMT  =         0.0000  VIRIAL  =         0.0000  VOLUME     =     45894.7535
                                                    Density    =         0.9807
 DV/DL  =      -153.1599
 ------------------------------------------------------------------------------

  Softcore part of the system:       2 atoms,       TEMP(K)    =         461.25
 SC_Etot=         4.9366  SC_EKtot=         2.7498  SC_EPtot   =         2.1868
 SC_BOND=         1.4678  SC_ANGLE=         0.5971  SC_DIHED   =         0.1219
 SC_14NB=         0.0000  SC_14EEL=         0.0000  SC_VDW     =         0.0000
 SC_EEL =         0.0000
 SC_RES_DIST=     0.0000  SC_RES_ANG=       0.0000  SC_RES_TORS=         0.0000
 SC_EEL_DER=      0.0000  SC_VDW_DER=      -0.7606  SC_DERIV   =        -0.7606
 ------------------------------------------------------------------------------


| TI region  2


 NSTEP =      500   TIME(PS) =     301.000  TEMP(K) =   294.58  PRESS =     0.0
 Etot   =    -11720.5464  EKtot   =      2640.0737  EPtot      =    -14360.6202
 BOND   =        11.6111  ANGLE   =        29.4853  DIHED      =        36.4382
 1-4 NB =        17.0938  1-4 EEL =      -386.5894  VDWAALS    =      2048.5035
 EELEC  =    -16117.1627  EHBOND  =         0.0000  RESTRAINT  =         0.0000
 EKCMT  =         0.0000  VIRIAL  =         0.0000  VOLUME     =     45894.7535
                                                    Density    =         0.9806
 DV/DL  =      -153.1599
 ------------------------------------------------------------------------------


MBAR Energy analysis:
Energy at 0.0000 =    -14438.521399
Energy at 0.0000 =    -14438.521399
Energy at 0.2000 =    -14466.203105
Energy at 0.2000 =    -14466.203105
Energy at 0.5000 =    -14507.131296
Energy at 0.5000 =    -14507.131296
Energy at 0.6000 =    -14520.705191
Energy at 0.6000 =    -14520.705191
Energy at 1.0000 =    -14574.865647
Energy at 1.0000 =    -14574.865647
 ------------------------------------------------------------------------------


| TI region  1


 NSTEP =      550   TIME(PS) =     301.100  TEMP(K) =   300.03  PRESS =     0.0
 Etot   =    -11747.8074  EKtot   =      2690.7140  EPtot      =    -14438.5214
 BOND   =        10.2501  ANGLE   =        29.2557  DIHED      =        40.2221
 1-4 NB =        16.9899  1-4 EEL =      -383.0603  VDWAALS    =      2051.6871
 EELEC  =    -16203.8660  EHBOND  =         0.0000  RESTRAINT  =         0.0000
 EKCMT  =         0.0000  VIRIAL  =         0.0000  VOLUME     =     45894.7535
                                                    Density    =         0.9807
 DV/DL  =      -139.9591
 ------------------------------------------------------------------------------

  Softcore part of the system:       2 atoms,       TEMP(K)    =         473.88
 SC_Etot=         4.4866  SC_EKtot=         2.8251  SC_EPtot   =         1.6616
 SC_BOND=         0.9380  SC_ANGLE=         0.6924  SC_DIHED   =         0.0312
 SC_14NB=         0.0000  SC_14EEL=         0.0000  SC_VDW     =         0.0000
 SC_EEL =         0.0000
 SC_RES_DIST=     0.0000  SC_RES_ANG=       0.0000  SC_RES_TORS=         0.0000
 SC_EEL_DER=      0.0000  SC_VDW_DER=      -3.6148  SC_DERIV   =        -3.6148
 ------------------------------------------------------------------------------


| TI region  2


 NSTEP =      550   TIME(PS) =     301.100  TEMP(K) =   299.91  PRESS =     0.0
 Etot   =    -11750.6325  EKtot   =      2687.8889  EPtot      =    -14438.5214
 BOND   =        10.2501  ANGLE   =        29.2557  DIHED      =        40.2221
 1-4 NB =        16.9899  1-4 EEL =      -383.0603  VDWAALS    =      2051.6871
 EELEC  =    -16203.8660  EHBOND  =         0.0000  RESTRAINT  =         0.0000
 EKCMT  =         0.0000  VIRIAL  =         0.0000  VOLUME     =     45894.7535
                                                    Density    =         0.9806
 DV/DL  =      -139.9591
 ------------------------------------------------------------------------------


MBAR Energy analysis:
Energy at 0.0000 =    -14407.934839
Energy at 0.0000 =    -14407.934839
Energy at 0.2000 =    -14437.515470
Energy at 0.2000 =    -14437.515470
Energy at 0.5000 =    -14481.396266
Energy at 0.5000 =    -14481.396266
Energy at 0.6000 =    -14495.961185
Energy at 0.6000 =    -14495.961185
Energy at 1.0000 =    -14554.090426
Energy at 1.0000 =    -14554.090426
 ------------------------------------------------------------------------------


| TI region  1


 NSTEP =      600   TIME(PS) =     301.200  TEMP(K) =   298.20  PRESS =     0.0
 Etot   =    -11733.5937  EKtot   =      2674.3412  EPtot      =    -14407.9348
 BOND   =        13.6839  ANGLE   =        30.3231  DIHED      =        42.4099
 1-4 NB =        18.7989  1-4 EEL =      -390.5563  VDWAALS    =      2047.5013
 EELEC  =    -16170.0955  EHBOND  =         0.0000  RESTRAINT  =         0.0000
 EKCMT  =         0.0000  VIRIAL  =         0.0000  VOLUME     =     45826.0543
                                                    Density    =         0.9822
 DV/DL  =      -149.0875
 ------------------------------------------------------------------------------

  Softcore part of the system:       2 atoms,       TEMP(K)    =         160.13
 SC_Etot=         2.1943  SC_EKtot=         0.9546  SC_EPtot   =         1.2397
 SC_BOND=         0.3960  SC_ANGLE=         0.8209  SC_DIHED   =         0.0228
 SC_14NB=         0.0000  SC_14EEL=         0.0000  SC_VDW     =         0.0000
 SC_EEL =         0.0000
 SC_RES_DIST=     0.0000  SC_RES_ANG=       0.0000  SC_RES_TORS=         0.0000
 SC_EEL_DER=      0.0000  SC_VDW_DER=      -2.9319  SC_DERIV   =        -2.9319
 ------------------------------------------------------------------------------


| TI region  2


 NSTEP =      600   TIME(PS) =     301.200  TEMP(K) =   298.29  PRESS =     0.0
 Etot   =    -11734.5483  EKtot   =      2673.3865  EPtot      =    -14407.9348
 BOND   =        13.6839  ANGLE   =        30.3231  DIHED      =        42.4099
 1-4 NB =        18.7989  1-4 EEL =      -390.5563  VDWAALS    =      2047.5013
 EELEC  =    -16170.0955  EHBOND  =         0.0000  RESTRAINT  =         0.0000
 EKCMT  =         0.0000  VIRIAL  =         0.0000  VOLUME     =     45826.0543
                                                    Density    =         0.9821
 DV/DL  =      -149.0875
 ------------------------------------------------------------------------------


MBAR Energy analysis:
Energy at 0.0000 =    -14361.913618
Energy at 0.0000 =    -14361.913618
Energy at 0.2000 =    -14392.998671
Energy at 0.2000 =    -14392.998671
Energy at 0.5000 =    -14439.610001
Energy at 0.5000 =    -14439.610001
Energy at 0.6000 =    -14455.145132
Energy at 0.6000 =    -14455.145132
Energy at 1.0000 =    -14517.284101
Energy at 1.0000 =    -14517.284101
 ------------------------------------------------------------------------------


| TI region  1


 NSTEP =      650   TIME(PS) =     301.300  TEMP(K) =   295.16  PRESS =     0.0
 Etot   =    -11714.8261  EKtot   =      2647.0875  EPtot      =    -14361.9136
 BOND   =        19.7313  ANGLE   =        30.9520  DIHED      =        44.0449
 1-4 NB =        15.6034  1-4 EEL =      -386.9608  VDWAALS    =      2123.9915
 EELEC  =    -16209.2759  EHBOND  =         0.0000  RESTRAINT  =         0.0000
 EKCMT  =         0.0000  VIRIAL  =         0.0000  VOLUME     =     45826.0543
                                                    Density    =         0.9822
 DV/DL  =      -155.4615
 ------------------------------------------------------------------------------

  Softcore part of the system:       2 atoms,       TEMP(K)    =         120.72
 SC_Etot=         2.7371  SC_EKtot=         0.7197  SC_EPtot   =         2.0174
 SC_BOND=         0.0468  SC_ANGLE=         1.8963  SC_DIHED   =         0.0743
 SC_14NB=         0.0000  SC_14EEL=         0.0000  SC_VDW     =         0.0000
 SC_EEL =         0.0000
 SC_RES_DIST=     0.0000  SC_RES_ANG=       0.0000  SC_RES_TORS=         0.0000
 SC_EEL_DER=      0.0000  SC_VDW_DER=      -0.0910  SC_DERIV   =        -0.0910
 ------------------------------------------------------------------------------


| TI region  2


 NSTEP =      650   TIME(PS) =     301.300  TEMP(K) =   295.28  PRESS =     0.0
 Etot   =    -11715.5458  EKtot   =      2646.3679  EPtot      =    -14361.9136
 BOND   =        19.7313  ANGLE   =        30.9520  DIHED      =        44.0449
 1-4 NB =        15.6034  1-4 EEL =      -386.9608  VDWAALS    =      2123.9915
 EELEC  =    -16209.2759  EHBOND  =         0.0000  RESTRAINT  =         0.0000
 EKCMT  =         0.0000  VIRIAL  =         0.0000  VOLUME     =     45826.0543
                                                    Density    =         0.9821
 DV/DL  =      -155.4615
 ------------------------------------------------------------------------------


MBAR Energy analysis:
Energy at 0.0000 =    -14359.040921
Energy at 0.0000 =    -14359.040921
Energy at 0.2000 =    -14385.532785
Energy at 0.2000 =    -14385.532785
Energy at 0.5000 =    -14425.168939
Energy at 0.5000 =    -14425.168939
Energy at 0.6000 =    -14438.366633
Energy at 0.6000 =    -14438.366633
Energy at 1.0000 =    -14491.125990
Energy at 1.0000 =    -14491.125990
 ------------------------------------------------------------------------------


| TI region  1


 NSTEP =      700   TIME(PS) =     301.400  TEMP(K) =   290.63  PRESS =     0.0
 Etot   =    -11752.6128  EKtot   =      2606.4281  EPtot      =    -14359.0409
 BOND   =        13.3184  ANGLE   =        24.9973  DIHED      =        41.3939
 1-4 NB =        16.0866  1-4 EEL =      -387.4018  VDWAALS    =      2094.9986
 EELEC  =    -16162.4338  EHBOND  =         0.0000  RESTRAINT  =         0.0000
 EKCMT  =         0.0000  VIRIAL  =         0.0000  VOLUME     =     45826.0543
                                                    Density    =         0.9822
 DV/DL  =      -132.6807
 ------------------------------------------------------------------------------

  Softcore part of the system:       2 atoms,       TEMP(K)    =         136.90
 SC_Etot=         4.2300  SC_EKtot=         0.8162  SC_EPtot   =         3.4138
 SC_BOND=         0.5845  SC_ANGLE=         2.1273  SC_DIHED   =         0.7020
 SC_14NB=         0.0000  SC_14EEL=         0.0000  SC_VDW     =         0.0000
 SC_EEL =         0.0000
 SC_RES_DIST=     0.0000  SC_RES_ANG=       0.0000  SC_RES_TORS=         0.0000
 SC_EEL_DER=      0.0000  SC_VDW_DER=      -0.5956  SC_DERIV   =        -0.5956
 ------------------------------------------------------------------------------


| TI region  2


 NSTEP =      700   TIME(PS) =     301.400  TEMP(K) =   290.73  PRESS =     0.0
 Etot   =    -11753.4290  EKtot   =      2605.6119  EPtot      =    -14359.0409
 BOND   =        13.3184  ANGLE   =        24.9973  DIHED      =        41.3939
 1-4 NB =        16.0866  1-4 EEL =      -387.4018  VDWAALS    =      2094.9986
 EELEC  =    -16162.4338  EHBOND  =         0.0000  RESTRAINT  =         0.0000
 EKCMT  =         0.0000  VIRIAL  =         0.0000  VOLUME     =     45826.0543
                                                    Density    =         0.9821
 DV/DL  =      -132.6807
 ------------------------------------------------------------------------------


MBAR Energy analysis:
Energy at 0.0000 =    -14403.439117
Energy at 0.0000 =    -14403.439117
Energy at 0.2000 =    -14433.149265
Energy at 0.2000 =    -14433.149265
Energy at 0.5000 =    -14477.683657
Energy at 0.5000 =    -14477.683657
Energy at 0.6000 =    -14492.524252
Energy at 0.6000 =    -14492.524252
Energy at 1.0000 =    -14551.879266
Energy at 1.0000 =    -14551.879266
 ------------------------------------------------------------------------------


| TI region  1


 NSTEP =      750   TIME(PS) =     301.500  TEMP(K) =   300.02  PRESS =     0.0
 Etot   =    -11712.7747  EKtot   =      2690.6644  EPtot      =    -14403.4391
 BOND   =        15.1935  ANGLE   =        22.3993  DIHED      =        39.4656
 1-4 NB =        17.3014  1-4 EEL =      -387.7664  VDWAALS    =      1978.4240
 EELEC  =    -16088.4565  EHBOND  =         0.0000  RESTRAINT  =         0.0000
 EKCMT  =         0.0000  VIRIAL  =         0.0000  VOLUME     =     45826.0543
                                                    Density    =         0.9822
 DV/DL  =      -148.6175
 ------------------------------------------------------------------------------

  Softcore part of the system:       2 atoms,       TEMP(K)    =         247.21
 SC_Etot=         2.9075  SC_EKtot=         1.4738  SC_EPtot   =         1.4337
 SC_BOND=         0.6793  SC_ANGLE=         0.5023  SC_DIHED   =         0.2521
 SC_14NB=         0.0000  SC_14EEL=         0.0000  SC_VDW     =         0.0000
 SC_EEL =         0.0000
 SC_RES_DIST=     0.0000  SC_RES_ANG=       0.0000  SC_RES_TORS=         0.0000
 SC_EEL_DER=      0.0000  SC_VDW_DER=      -0.1774  SC_DERIV   =        -0.1774
 ------------------------------------------------------------------------------


| TI region  2


 NSTEP =      750   TIME(PS) =     301.500  TEMP(K) =   300.06  PRESS =     0.0
 Etot   =    -11714.2484  EKtot   =      2689.1907  EPtot      =    -14403.4391
 BOND   =        15.1935  ANGLE   =        22.3993  DIHED      =        39.4656
 1-4 NB =        17.3014  1-4 EEL =      -387.7664  VDWAALS    =      1978.4240
 EELEC  =    -16088.4565  EHBOND  =         0.0000  RESTRAINT  =         0.0000
 EKCMT  =         0.0000  VIRIAL  =         0.0000  VOLUME     =     45826.0543
                                                    Density    =         0.9821
 DV/DL  =      -148.6175
 ------------------------------------------------------------------------------


MBAR Energy analysis:
Energy at 0.0000 =    -14367.177083
Energy at 0.0000 =    -14367.177083
Energy at 0.2000 =    -14397.334140
Energy at 0.2000 =    -14397.334140
Energy at 0.5000 =    -14442.526112
Energy at 0.5000 =    -14442.526112
Energy at 0.6000 =    -14457.583823
Energy at 0.6000 =    -14457.583823
Energy at 1.0000 =    -14517.801883
Energy at 1.0000 =    -14517.801883
 ------------------------------------------------------------------------------


| TI region  1


 NSTEP =      800   TIME(PS) =     301.600  TEMP(K) =   297.59  PRESS =     0.0
 Etot   =    -11698.3443  EKtot   =      2668.8327  EPtot      =    -14367.1771
 BOND   =        14.8374  ANGLE   =        27.9501  DIHED      =        45.4669
 1-4 NB =        16.0903  1-4 EEL =      -394.8674  VDWAALS    =      2053.8977
 EELEC  =    -16130.5521  EHBOND  =         0.0000  RESTRAINT  =         0.0000
 EKCMT  =         0.0000  VIRIAL  =         0.0000  VOLUME     =     45826.0543
                                                    Density    =         0.9822
 DV/DL  =      -150.8771
 ------------------------------------------------------------------------------

  Softcore part of the system:       2 atoms,       TEMP(K)    =         457.99
 SC_Etot=         4.3567  SC_EKtot=         2.7303  SC_EPtot   =         1.6264
 SC_BOND=         0.1168  SC_ANGLE=         1.5057  SC_DIHED   =         0.0039
 SC_14NB=         0.0000  SC_14EEL=         0.0000  SC_VDW     =         0.0000
 SC_EEL =         0.0000
 SC_RES_DIST=     0.0000  SC_RES_ANG=       0.0000  SC_RES_TORS=         0.0000
 SC_EEL_DER=      0.0000  SC_VDW_DER=      -0.2523  SC_DERIV   =        -0.2523
 ------------------------------------------------------------------------------


| TI region  2


 NSTEP =      800   TIME(PS) =     301.600  TEMP(K) =   297.48  PRESS =     0.0
 Etot   =    -11701.0747  EKtot   =      2666.1024  EPtot      =    -14367.1771
 BOND   =        14.8374  ANGLE   =        27.9501  DIHED      =        45.4669
 1-4 NB =        16.0903  1-4 EEL =      -394.8674  VDWAALS    =      2053.8977
 EELEC  =    -16130.5521  EHBOND  =         0.0000  RESTRAINT  =         0.0000
 EKCMT  =         0.0000  VIRIAL  =         0.0000  VOLUME     =     45826.0543
                                                    Density    =         0.9821
 DV/DL  =      -150.8771
 ------------------------------------------------------------------------------


MBAR Energy analysis:
Energy at 0.0000 =    -14377.504426
Energy at 0.0000 =    -14377.504426
Energy at 0.2000 =    -14405.391361
Energy at 0.2000 =    -14405.391361
Energy at 0.5000 =    -14447.199676
Energy at 0.5000 =    -14447.199676
Energy at 0.6000 =    -14461.132596
Energy at 0.6000 =    -14461.132596
Energy at 1.0000 =    -14516.858777
Energy at 1.0000 =    -14516.858777
 ------------------------------------------------------------------------------


| TI region  1


 NSTEP =      850   TIME(PS) =     301.700  TEMP(K) =   299.94  PRESS =     0.0
 Etot   =    -11687.5815  EKtot   =      2689.9229  EPtot      =    -14377.5044
 BOND   =        21.2672  ANGLE   =        28.7030  DIHED      =        41.4174
 1-4 NB =        16.1253  1-4 EEL =      -398.5772  VDWAALS    =      2062.3349
 EELEC  =    -16148.7750  EHBOND  =         0.0000  RESTRAINT  =         0.0000
 EKCMT  =         0.0000  VIRIAL  =         0.0000  VOLUME     =     45826.0543
                                                    Density    =         0.9822
 DV/DL  =      -139.4799
 ------------------------------------------------------------------------------

  Softcore part of the system:       2 atoms,       TEMP(K)    =         243.61
 SC_Etot=         4.0025  SC_EKtot=         1.4523  SC_EPtot   =         2.5502
 SC_BOND=         0.6666  SC_ANGLE=         1.2325  SC_DIHED   =         0.6511
 SC_14NB=         0.0000  SC_14EEL=         0.0000  SC_VDW     =         0.0000
 SC_EEL =         0.0000
 SC_RES_DIST=     0.0000  SC_RES_ANG=       0.0000  SC_RES_TORS=         0.0000
 SC_EEL_DER=      0.0000  SC_VDW_DER=      -0.1256  SC_DERIV   =        -0.1256
 ------------------------------------------------------------------------------


| TI region  2


 NSTEP =      850   TIME(PS) =     301.700  TEMP(K) =   299.98  PRESS =     0.0
 Etot   =    -11689.0338  EKtot   =      2688.4706  EPtot      =    -14377.5044
 BOND   =        21.2672  ANGLE   =        28.7030  DIHED      =        41.4174
 1-4 NB =        16.1253  1-4 EEL =      -398.5772  VDWAALS    =      2062.3349
 EELEC  =    -16148.7750  EHBOND  =         0.0000  RESTRAINT  =         0.0000
 EKCMT  =         0.0000  VIRIAL  =         0.0000  VOLUME     =     45826.0543
                                                    Density    =         0.9821
 DV/DL  =      -139.4799
 ------------------------------------------------------------------------------


MBAR Energy analysis:
Energy at 0.0000 =    -14392.442765
Energy at 0.0000 =    -14392.442765
Energy at 0.2000 =    -14422.012451
Energy at 0.2000 =    -14422.012451
Energy at 0.5000 =    -14466.245152
Energy at 0.5000 =    -14466.245152
Energy at 0.6000 =    -14480.974025
Energy at 0.6000 =    -14480.974025
Energy at 1.0000 =    -14539.859844
Energy at 1.0000 =    -14539.859844
 ------------------------------------------------------------------------------


| TI region  1


 NSTEP =      900   TIME(PS) =     301.800  TEMP(K) =   300.93  PRESS =     0.0
 Etot   =    -11693.6214  EKtot   =      2698.8214  EPtot      =    -14392.4428
 BOND   =        13.4035  ANGLE   =        31.2766  DIHED      =        42.9435
 1-4 NB =        15.5221  1-4 EEL =      -384.6161  VDWAALS    =      2117.6973
 EELEC  =    -16228.6696  EHBOND  =         0.0000  RESTRAINT  =         0.0000
 EKCMT  =         0.0000  VIRIAL  =         0.0000  VOLUME     =     45826.0543
                                                    Density    =         0.9822
 DV/DL  =      -148.1378
 ------------------------------------------------------------------------------

  Softcore part of the system:       2 atoms,       TEMP(K)    =          99.59
 SC_Etot=         2.5819  SC_EKtot=         0.5937  SC_EPtot   =         1.9882
 SC_BOND=         1.1059  SC_ANGLE=         0.8690  SC_DIHED   =         0.0133
 SC_14NB=         0.0000  SC_14EEL=         0.0000  SC_VDW     =         0.0000
 SC_EEL =         0.0000
 SC_RES_DIST=     0.0000  SC_RES_ANG=       0.0000  SC_RES_TORS=         0.0000
 SC_EEL_DER=      0.0000  SC_VDW_DER=      -0.7207  SC_DERIV   =        -0.7207
 ------------------------------------------------------------------------------


| TI region  2


 NSTEP =      900   TIME(PS) =     301.800  TEMP(K) =   301.07  PRESS =     0.0
 Etot   =    -11694.2151  EKtot   =      2698.2277  EPtot      =    -14392.4428
 BOND   =        13.4035  ANGLE   =        31.2766  DIHED      =        42.9435
 1-4 NB =        15.5221  1-4 EEL =      -384.6161  VDWAALS    =      2117.6973
 EELEC  =    -16228.6696  EHBOND  =         0.0000  RESTRAINT  =         0.0000
 EKCMT  =         0.0000  VIRIAL  =         0.0000  VOLUME     =     45826.0543
                                                    Density    =         0.9821
 DV/DL  =      -148.1378
 ------------------------------------------------------------------------------


MBAR Energy analysis:
Energy at 0.0000 =    -14394.364562
Energy at 0.0000 =    -14394.364562
Energy at 0.2000 =    -14422.898803
Energy at 0.2000 =    -14422.898803
Energy at 0.5000 =    -14465.680611
Energy at 0.5000 =    -14465.680611
Energy at 0.6000 =    -14479.938811
Energy at 0.6000 =    -14479.938811
Energy at 1.0000 =    -14536.969443
Energy at 1.0000 =    -14536.969443
 ------------------------------------------------------------------------------


| TI region  1


 NSTEP =      950   TIME(PS) =     301.900  TEMP(K) =   301.58  PRESS =     0.0
 Etot   =    -11689.7671  EKtot   =      2704.5975  EPtot      =    -14394.3646
 BOND   =         8.5087  ANGLE   =        28.2752  DIHED      =        43.0684
 1-4 NB =        15.6870  1-4 EEL =      -388.5006  VDWAALS    =      2035.8017
 EELEC  =    -16137.2050  EHBOND  =         0.0000  RESTRAINT  =         0.0000
 EKCMT  =         0.0000  VIRIAL  =         0.0000  VOLUME     =     45826.0543
                                                    Density    =         0.9822
 DV/DL  =      -142.7148
 ------------------------------------------------------------------------------

  Softcore part of the system:       2 atoms,       TEMP(K)    =         449.62
 SC_Etot=         4.1966  SC_EKtot=         2.6804  SC_EPtot   =         1.5161
 SC_BOND=         0.3208  SC_ANGLE=         1.1638  SC_DIHED   =         0.0315
 SC_14NB=         0.0000  SC_14EEL=         0.0000  SC_VDW     =         0.0000
 SC_EEL =         0.0000
 SC_RES_DIST=     0.0000  SC_RES_ANG=       0.0000  SC_RES_TORS=         0.0000
 SC_EEL_DER=      0.0000  SC_VDW_DER=      -0.1099  SC_DERIV   =        -0.1099
 ------------------------------------------------------------------------------


| TI region  2


 NSTEP =      950   TIME(PS) =     301.900  TEMP(K) =   301.48  PRESS =     0.0
 Etot   =    -11692.4475  EKtot   =      2701.9170  EPtot      =    -14394.3646
 BOND   =         8.5087  ANGLE   =        28.2752  DIHED      =        43.0684
 1-4 NB =        15.6870  1-4 EEL =      -388.5006  VDWAALS    =      2035.8017
 EELEC  =    -16137.2050  EHBOND  =         0.0000  RESTRAINT  =         0.0000
 EKCMT  =         0.0000  VIRIAL  =         0.0000  VOLUME     =     45826.0543
                                                    Density    =         0.9821
 DV/DL  =      -142.7148
 ------------------------------------------------------------------------------


MBAR Energy analysis:
Energy at 0.0000 =    -14339.291363
Energy at 0.0000 =    -14339.291363
Energy at 0.2000 =    -14367.997220
Energy at 0.2000 =    -14367.997220
Energy at 0.5000 =    -14410.950023
Energy at 0.5000 =    -14410.950023
Energy at 0.6000 =    -14425.253108
Energy at 0.6000 =    -14425.253108
Energy at 1.0000 =    -14482.434950
Energy at 1.0000 =    -14482.434950
 ------------------------------------------------------------------------------


| TI region  1


 NSTEP =     1000   TIME(PS) =     302.000  TEMP(K) =   292.51  PRESS =     0.0
 Etot   =    -11716.0030  EKtot   =      2623.2884  EPtot      =    -14339.2914
 BOND   =        12.3313  ANGLE   =        32.9909  DIHED      =        39.8715
 1-4 NB =        15.6522  1-4 EEL =      -389.7586  VDWAALS    =      2092.1805
 EELEC  =    -16142.5592  EHBOND  =         0.0000  RESTRAINT  =         0.0000
 EKCMT  =         0.0000  VIRIAL  =         0.0000  VOLUME     =     45826.0543
                                                    Density    =         0.9822
 DV/DL  =      -143.7654
 ------------------------------------------------------------------------------

  Softcore part of the system:       2 atoms,       TEMP(K)    =         269.37
 SC_Etot=         4.1757  SC_EKtot=         1.6059  SC_EPtot   =         2.5698
 SC_BOND=         0.3647  SC_ANGLE=         2.1760  SC_DIHED   =         0.0291
 SC_14NB=         0.0000  SC_14EEL=         0.0000  SC_VDW     =         0.0000
 SC_EEL =         0.0000
 SC_RES_DIST=     0.0000  SC_RES_ANG=       0.0000  SC_RES_TORS=         0.0000
 SC_EEL_DER=      0.0000  SC_VDW_DER=      -0.6218  SC_DERIV   =        -0.6218
 ------------------------------------------------------------------------------


| TI region  2


 NSTEP =     1000   TIME(PS) =     302.000  TEMP(K) =   292.53  PRESS =     0.0
 Etot   =    -11717.6089  EKtot   =      2621.6825  EPtot      =    -14339.2914
 BOND   =        12.3313  ANGLE   =        32.9909  DIHED      =        39.8715
 1-4 NB =        15.6522  1-4 EEL =      -389.7586  VDWAALS    =      2092.1805
 EELEC  =    -16142.5592  EHBOND  =         0.0000  RESTRAINT  =         0.0000
 EKCMT  =         0.0000  VIRIAL  =         0.0000  VOLUME     =     45826.0543
                                                    Density    =         0.9821
 DV/DL  =      -143.7654
 ------------------------------------------------------------------------------

|===============================================================================

| TI region  1


      A V E R A G E S   O V E R    1000 S T E P S


 NSTEP =     1000   TIME(PS) =     302.000  TEMP(K) =   299.19  PRESS =     0.0
 Etot   =    -11671.9855  EKtot   =      2683.2243  EPtot      =    -14355.2098
 BOND   =        12.1666  ANGLE   =        29.1392  DIHED      =        41.3584
 1-4 NB =        16.4435  1-4 EEL =      -385.1885  VDWAALS    =      2055.7592
 EELEC  =    -16124.8882  EHBOND  =         0.0000  RESTRAINT  =         0.0000
 EKCMT  =         0.0000  VIRIAL  =         0.0000  VOLUME     =     45740.0156
                                                    Density    =         0.9840
 DV/DL  =      -149.3532
 ------------------------------------------------------------------------------

  Softcore part of the system:       2 atoms,       TEMP(K)    =         361.69
 SC_Etot=         4.9626  SC_EKtot=         2.1563  SC_EPtot   =         2.8063
 SC_BOND=         0.6955  SC_ANGLE=         1.7067  SC_DIHED   =         0.4041
 SC_14NB=         0.0000  SC_14EEL=         0.0000  SC_VDW     =         0.0000
 SC_EEL =         0.0000
 SC_RES_DIST=     0.0000  SC_RES_ANG=       0.0000  SC_RES_TORS=         0.0000
 SC_EEL_DER=      0.0000  SC_VDW_DER=      -1.3544  SC_DERIV   =        -1.3544
 ------------------------------------------------------------------------------


      R M S  F L U C T U A T I O N S


 NSTEP =     1000   TIME(PS) =     302.000  TEMP(K) =     4.39  PRESS =     0.0
 Etot   =        46.9513  EKtot   =        39.3469  EPtot      =        42.1900
 BOND   =         2.8888  ANGLE   =         3.2812  DIHED      =         2.3504
 1-4 NB =         1.4156  1-4 EEL =         4.0440  VDWAALS    =        53.6710
 EELEC  =        76.4124  EHBOND  =         0.0000  RESTRAINT  =         0.0000
 EKCMT  =         0.0000  VIRIAL  =         0.0000  VOLUME     =       131.1719
                                                    Density    =         0.0028
 DV/DL  =         6.4655
 ------------------------------------------------------------------------------

  Softcore part of the system:       2 atoms,       TEMP(K)    =         211.54
 SC_Etot=         1.8710  SC_EKtot=         1.2611  SC_EPtot   =         1.3860
 SC_BOND=         0.6871  SC_ANGLE=         1.1317  SC_DIHED   =         0.4389
 SC_14NB=         0.0000  SC_14EEL=         0.0000  SC_VDW     =         0.0000
 SC_EEL =         0.0000
 SC_RES_DIST=     0.0000  SC_RES_ANG=       0.0000  SC_RES_TORS=         0.0000
 SC_EEL_DER=      0.0000  SC_VDW_DER=       2.0583  SC_DERIV   =         2.0583
 ------------------------------------------------------------------------------


| TI region  2


      A V E R A G E S   O V E R    1000 S T E P S


 NSTEP =     1000   TIME(PS) =     302.000  TEMP(K) =   299.15  PRESS =     0.0
 Etot   =    -11674.1418  EKtot   =      2681.0680  EPtot      =    -14355.2098
 BOND   =        12.1666  ANGLE   =        29.1392  DIHED      =        41.3584
 1-4 NB =        16.4435  1-4 EEL =      -385.1885  VDWAALS    =      2055.7592
 EELEC  =    -16124.8882  EHBOND  =         0.0000  RESTRAINT  =         0.0000
 EKCMT  =         0.0000  VIRIAL  =         0.0000  VOLUME     =     45740.0156
                                                    Density    =         0.9839
 DV/DL  =      -149.3532
 ------------------------------------------------------------------------------


      R M S  F L U C T U A T I O N S


 NSTEP =     1000   TIME(PS) =     302.000  TEMP(K) =     4.37  PRESS =     0.0
 Etot   =        46.4246  EKtot   =        39.1970  EPtot      =        42.1900
 BOND   =         2.8888  ANGLE   =         3.2812  DIHED      =         2.3504
 1-4 NB =         1.4156  1-4 EEL =         4.0440  VDWAALS    =        53.6710
 EELEC  =        76.4124  EHBOND  =         0.0000  RESTRAINT  =         0.0000
 EKCMT  =         0.0000  VIRIAL  =         0.0000  VOLUME     =       131.1719
                                                    Density    =         0.0028
 DV/DL  =         6.4655
 ------------------------------------------------------------------------------


      DV/DL, AVERAGES OVER    1000 STEPS


 NSTEP =     1000   TIME(PS) =     302.000  TEMP(K) =     4.37  PRESS =     0.0
 Etot   =         0.0000  EKtot   =         0.0000  EPtot      =      -147.8861
 BOND   =         0.0000  ANGLE   =         0.0000  DIHED      =         0.0000
 1-4 NB =         0.0258  1-4 EEL =      -194.3818  VDWAALS    =        -0.2335
 EELEC  =        46.5906  EHBOND  =         0.0000  RESTRAINT  =         0.0000
 EKCMT  =         0.0000  VIRIAL  =         0.0000  VOLUME     =         0.0000
                                                    Density    =         0.0000
 DV/DL  =      -147.8861
 ------------------------------------------------------------------------------

|===============================================================================

| TI region  1


      A V E R A G E S   O V E R    1000 S T E P S


 NSTEP =     1000   TIME(PS) =     302.000  TEMP(K) =   299.19  PRESS =     0.0
 Etot   =    -11671.9855  EKtot   =      2683.2243  EPtot      =    -14355.2098
 BOND   =        12.1666  ANGLE   =        29.1392  DIHED      =        41.3584
 1-4 NB =        16.4435  1-4 EEL =      -385.1885  VDWAALS    =      2055.7592
 EELEC  =    -16124.8882  EHBOND  =         0.0000  RESTRAINT  =         0.0000
 EKCMT  =         0.0000  VIRIAL  =         0.0000  VOLUME     =     45740.0156
                                                    Density    =         0.9840
 DV/DL  =      -149.3532
 ------------------------------------------------------------------------------

  Softcore part of the system:       2 atoms,       TEMP(K)    =         361.69
 SC_Etot=         4.9626  SC_EKtot=         2.1563  SC_EPtot   =         2.8063
 SC_BOND=         0.6955  SC_ANGLE=         1.7067  SC_DIHED   =         0.4041
 SC_14NB=         0.0000  SC_14EEL=         0.0000  SC_VDW     =         0.0000
 SC_EEL =         0.0000
 SC_RES_DIST=     0.0000  SC_RES_ANG=       0.0000  SC_RES_TORS=         0.0000
 SC_EEL_DER=      0.0000  SC_VDW_DER=      -1.3544  SC_DERIV   =        -1.3544
 ------------------------------------------------------------------------------


      R M S  F L U C T U A T I O N S


 NSTEP =     1000   TIME(PS) =     302.000  TEMP(K) =     4.39  PRESS =     0.0
 Etot   =        46.9513  EKtot   =        39.3469  EPtot      =        42.1900
 BOND   =         2.8888  ANGLE   =         3.2812  DIHED      =         2.3504
 1-4 NB =         1.4156  1-4 EEL =         4.0440  VDWAALS    =        53.6710
 EELEC  =        76.4124  EHBOND  =         0.0000  RESTRAINT  =         0.0000
 EKCMT  =         0.0000  VIRIAL  =         0.0000  VOLUME     =       131.1719
                                                    Density    =         0.0028
 DV/DL  =         6.4655
 ------------------------------------------------------------------------------

  Softcore part of the system:       2 atoms,       TEMP(K)    =         211.54
 SC_Etot=         1.8710  SC_EKtot=         1.2611  SC_EPtot   =         1.3860
 SC_BOND=         0.6871  SC_ANGLE=         1.1317  SC_DIHED   =         0.4389
 SC_14NB=         0.0000  SC_14EEL=         0.0000  SC_VDW     =         0.0000
 SC_EEL =         0.0000
 SC_RES_DIST=     0.0000  SC_RES_ANG=       0.0000  SC_RES_TORS=         0.0000
 SC_EEL_DER=      0.0000  SC_VDW_DER=       2.0583  SC_DERIV   =         2.0583
 ------------------------------------------------------------------------------


| TI region  2


      A V E R A G E S   O V E R    1000 S T E P S


 NSTEP =     1000   TIME(PS) =     302.000  TEMP(K) =   299.15  PRESS =     0.0
 Etot   =    -11674.1418  EKtot   =      2681.0680  EPtot      =    -14355.2098
 BOND   =        12.1666  ANGLE   =        29.1392  DIHED      =        41.3584
 1-4 NB =        16.4435  1-4 EEL =      -385.1885  VDWAALS    =      2055.7592
 EELEC  =    -16124.8882  EHBOND  =         0.0000  RESTRAINT  =         0.0000
 EKCMT  =         0.0000  VIRIAL  =         0.0000  VOLUME     =     45740.0156
                                                    Density    =         0.9839
 DV/DL  =      -149.3532
 ------------------------------------------------------------------------------


      R M S  F L U C T U A T I O N S


 NSTEP =     1000   TIME(PS) =     302.000  TEMP(K) =     4.37  PRESS =     0.0
 Etot   =        46.4246  EKtot   =        39.1970  EPtot      =        42.1900
 BOND   =         2.8888  ANGLE   =         3.2812  DIHED      =         2.3504
 1-4 NB =         1.4156  1-4 EEL =         4.0440  VDWAALS    =        53.6710
 EELEC  =        76.4124  EHBOND  =         0.0000  RESTRAINT  =         0.0000
 EKCMT  =         0.0000  VIRIAL  =         0.0000  VOLUME     =       131.1719
                                                    Density    =         0.0028
 DV/DL  =         6.4655
 ------------------------------------------------------------------------------


      DV/DL, AVERAGES OVER    1000 STEPS


 NSTEP =     1000   TIME(PS) =     302.000  TEMP(K) =     4.37  PRESS =     0.0
 Etot   =         0.0000  EKtot   =         0.0000  EPtot      =      -147.8861
 BOND   =         0.0000  ANGLE   =         0.0000  DIHED      =         0.0000
 1-4 NB =         0.0258  1-4 EEL =      -194.3818  VDWAALS    =        -0.2335
 EELEC  =        46.5906  EHBOND  =         0.0000  RESTRAINT  =         0.0000
 EKCMT  =         0.0000  VIRIAL  =         0.0000  VOLUME     =         0.0000
                                                    Density    =         0.0000
 DV/DL  =      -147.8861
 ------------------------------------------------------------------------------

| MC Barostat:         10 volume changes attempted.
| MC Barostat:          5 changes successful ( 50.00%)
 ------------------------------------------------------------------------------

--------------------------------------------------------------------------------
   5.  TIMINGS
--------------------------------------------------------------------------------

|  NonSetup CPU Time in Major Routines:
|
|     Routine           Sec        %
|     ------------------------------
|     Nonbond           0.43   80.85
|     Bond              0.00    0.00
|     Angle             0.00    0.00
|     Dihedral          0.00    0.00
|     Shake             0.00    0.77
|     RunMD             0.09   17.06
|     Other             0.01    1.31
|     ------------------------------
|     Total             0.53

|  PME Nonbond Pairlist CPU Time:
|
|     Routine              Sec        %
|     ---------------------------------
|     Set Up Cit           0.00    0.00
|     Build List           0.00    0.00
|     ---------------------------------
|     Total                0.00    0.00

|  PME Direct Force CPU Time:
|
|     Routine              Sec        %
|     ---------------------------------
|     NonBonded Calc       0.00    0.00
|     Exclude Masked       0.00    0.00
|     Other                0.00    0.43
|     ---------------------------------
|     Total                0.00    0.43

|  PME Reciprocal Force CPU Time:
|
|     Routine              Sec        %
|     ---------------------------------
|     1D bspline           0.00    0.00
|     Grid Charges         0.00    0.00
|     Scalar Sum           0.00    0.00
|     Gradient Sum         0.00    0.00
|     FFT                  0.00    0.00
|     ---------------------------------
|     Total                0.00    0.00

|  Final Performance Info:
|     -----------------------------------------------------
|     Average timings for last     950 steps:
|     Elapsed(s) =       0.51 Per Step(ms) =       0.54
|         ns/day =     322.29   seconds/ns =     268.08
|
|     Average timings for all steps:
|     Elapsed(s) =       0.54 Per Step(ms) =       0.54
|         ns/day =     320.48   seconds/ns =     269.59
|     -----------------------------------------------------

|  Setup CPU time:            0.77 seconds
|  NonSetup CPU time:         0.53 seconds
|  Total CPU time:            1.30 seconds     0.00 hours

|  Setup wall time:           1    seconds
|  NonSetup wall time:        0    seconds
|  Total wall time:           1    seconds     0.00 hours
