
          -------------------------------------------------------
          Amber 20 PMEMD                              2020
          -------------------------------------------------------

| PMEMD implementation of SANDER, Release 18

|  Compiled date/time: Tue Apr 28 09:19:54 2020
| Run on 07/19/2024 at 17:14:51

|   Executable path: pmemd.cuda_SPFP
| Working directory: /nfs/zli_gpu2/bin/developed_softwares/CAR_method/example/0.0_0.5_0.5
|          Hostname: compute-0-9.local

  [-O]verwriting output

File Assignments:
|   MDIN: prod0.in                                                              
|  MDOUT: prod0.out                                                             
| INPCRD: prev_cen.rst                                                          
|   PARM: ../lM2A.prmtop                                                        
| RESTRT: prod0.rst                                                             
|   REFC: refc                                                                  
|  MDVEL: mdvel                                                                 
|   MDEN: mden                                                                  
|  MDCRD: prod0.netcdf                                                          
| MDINFO: prod0.mdinfo                                                          
|  MDFRC: mdfrc                                                                 


 Here is the input file:

NVT MD w/No position restraints and PME (sander)                               
 &cntrl                                                                        
  ntx    = 5,                                                                  
  irest  = 1,                                                                  
  ntpr   = 50,                                                                 
  ntwx   = 10000,                                                              
  ntwe   = 10000,                                                              
  ntwr   = 10000,                                                              
  ig     = -1,                                                                 
                                                                               
  ntb    = 2,                                                                  
  ntp = 1, pres0 = 1.0, taup = 2.0,gamma_ln = 2.0,                             
  cut    = 10.0,                                                               
  iwrap  = 1,                                                                  
  barostat = 2,                                                                
                                                                               
  t      = 0.0,                                                                
  dt     = 0.002,                                                              
                                                                               
  temp0  = 300.0,                                                              
  tempi  = 300.0,                                                              
  ntt    = 3,                                                                  
  tautp  = 2.0,                                                                
                                                                               
  ntf    = 1,                                                                  
  ntc    = 2,                                                                  
  iwrap=1, ioutfm=1, ntwv=-1,ntave=1000,                                       
  bar_intervall = 50,                                                          
  icfe = 1, ifsc = 1,                                                          
  timask1=':1,2',                                                              
  timask2=':3',                                                                
  scmask1=':2',                                                                
  scmask2='',                                                                  
  ifmbar = 1,                                                                  
  nstlim = 1000,                                                               
  clambda = 0.5,                                                               
  mbar_states = 10,                                                            
  mbar_lambda = 0.0, 0.0, 0.2, 0.2, 0.5, 0.5, 0.6, 0.6, 1.0, 1.0,              
&end                                                                           
 /                                                                             


Note: ig = -1. Setting random seed to   471602 based on wallclock time in 
      microseconds.
| irandom = 1, using AMBER's internal random number generator (default).
 
|--------------------- INFORMATION ----------------------
| GPU (CUDA) Version of PMEMD in use: NVIDIA GPU IN USE.
|                    Version 18.0.0
| 
|                      03/25/2018
| 
| Implementation by:
|                    Ross C. Walker     (SDSC)
|                    Scott Le Grand     (nVIDIA)
| 
| Version 18 performance extensions by:
|                    David Cerutti     (Rutgers)
| 
| Precision model in use:
|      [SPFP] - Single Precision Forces, 64-bit Fixed Point
|               Accumulation. (Default)
| 
|--------------------------------------------------------
 
|----------------- CITATION INFORMATION -----------------
|
|    When publishing work that utilized the CUDA version
|    of AMBER, please cite the following in addition to
|    the regular AMBER citations:
|
|  - Romelia Salomon-Ferrer; Andreas W. Goetz; Duncan
|    Poole; Scott Le Grand; Ross C. Walker "Routine
|    microsecond molecular dynamics simulations with
|    AMBER - Part II: Particle Mesh Ewald", J. Chem.
|    Theory Comput., 2013, 9 (9), pp3878-3888,
|    DOI: 10.1021/ct400314y.
|
|  - Andreas W. Goetz; Mark J. Williamson; Dong Xu;
|    Duncan Poole; Scott Le Grand; Ross C. Walker
|    "Routine microsecond molecular dynamics simulations
|    with AMBER - Part I: Generalized Born", J. Chem.
|    Theory Comput., 2012, 8 (5), pp1542-1555.
|
|  - Scott Le Grand; Andreas W. Goetz; Ross C. Walker
|    "SPFP: Speed without compromise - a mixed precision
|    model for GPU accelerated molecular dynamics
|    simulations.", Comp. Phys. Comm., 2013, 184
|    pp374-380, DOI: 10.1016/j.cpc.2012.09.022
|
|    When publishing work that utilized the CUDA version
|    of TI, BAR, MBAR or FEP please cite the following 
|    publications in addition to the regular AMBER 
|    GPU citations:
|
|  - Daniel J. Mermelstein; Charles Lin; Gard Nelson; 
|    Rachael Kretsch; J. Andrew McCammon; Ross C. Walker
|    "Fast and Flexible GPU Accelerated Binding 
|    Free Energy Calculations within the AMBER Molecular
|    Dynamics Package" J. Comp. Chem., 2018,
|    DOI: 10.1002/jcc.25187
|
|  - Tai-Sung Lee; Yuan Hu; Brad Sherborne; Zhuyan Guo;
|    Darrin M. York
|    "Toward Fast and Accurate Binding Affinity Prediction with
|    pmemdGTI: An Efficient Implementation of GPU-Accelerated
|    Thermodynamic Integration"
|    J. Chem. Theory Comput., 2017, 13 (7), 3077
|
|
|--------------------------------------------------------
 
|------------------- GPU DEVICE INFO --------------------
|
|            CUDA_VISIBLE_DEVICES: not set
|   CUDA Capable Devices Detected:      5
|           CUDA Device ID in use:      0
|                CUDA Device Name: NVIDIA GeForce RTX 3070
|     CUDA Device Global Mem Size:   7982 MB
| CUDA Device Num Multiprocessors:     46
|           CUDA Device Core Freq:   1.73 GHz
|
|--------------------------------------------------------
 
 
| Conditional Compilation Defines Used:
| PUBFFT
| BINTRAJ
| CUDA
| EMIL

| Largest sphere to fit in unit cell has radius =    17.515

| New format PARM file being parsed.
| Version =    1.000 Date = 08/02/22 Time = 19:36:52

| Note: 1-4 EEL scale factors are being read from the topology file.

| Note: 1-4 VDW scale factors are being read from the topology file.
| Duplicated    0 dihedrals

| Duplicated    0 dihedrals

--------------------------------------------------------------------------------
   1.  RESOURCE   USE: 
--------------------------------------------------------------------------------

 getting new box info from bottom of inpcrd
 NATOM  =    4548 NTYPES =      17 NBONH =    4492 MBONA  =      62
 NTHETH =     105 MTHETA =      88 NPHIH =     188 MPHIA  =     154
 NHPARM =       0 NPARM  =       0 NNB   =    6494 NRES   =    1485
 NBONA  =      62 NTHETA =      88 NPHIA =     154 NUMBND =      22
 NUMANG =      36 NPTRA  =      19 NATYP =      18 NPHB   =       1
 IFBOX  =       1 NMXRS  =      50 IFCAP =       0 NEXTRA =       0
 NCOPY  =       0

| Coordinate Index Table dimensions:     6    6    6
| Direct force subcell size =     5.9272    6.1578    5.8383

     BOX TYPE: RECTILINEAR

--------------------------------------------------------------------------------
   2.  CONTROL  DATA  FOR  THE  RUN
--------------------------------------------------------------------------------

default_name                                                                    

General flags:
     imin    =       0, nmropt  =       0

Nature and format of input:
     ntx     =       5, irest   =       1, ntrx    =       1

Nature and format of output:
     ntxo    =       2, ntpr    =      50, ntrx    =       1, ntwr    =   10000
     iwrap   =       1, ntwx    =   10000, ntwv    =      -1, ntwe    =   10000
     ioutfm  =       1, ntwprt  =       0, idecomp =       0, rbornstat=      0

Potential function:
     ntf     =       1, ntb     =       2, igb     =       0, nsnb    =      25
     ipol    =       0, gbsa    =       0, iesp    =       0
     dielc   =   1.00000, cut     =  10.00000, intdiel =   1.00000

Frozen or restrained atoms:
     ibelly  =       0, ntr     =       0

Molecular dynamics:
     nstlim  =      1000, nscm    =      1000, nrespa  =         1
     t       =   0.00000, dt      =   0.00200, vlimit  =  -1.00000

Langevin dynamics temperature regulation:
     ig      =  471602
     temp0   = 300.00000, tempi   = 300.00000, gamma_ln=   2.00000

Pressure regulation:
     ntp     =       1
     pres0   =   1.00000, comp    =  44.60000, taup    =   2.00000
     Monte-Carlo Barostat:
     mcbarint  =     100

SHAKE:
     ntc     =       2, jfastw  =       0
     tol     =   0.00001

Free energy options:
     icfe    =       1, ifsc    =       1, klambda =       1
     clambda =  0.5000, scalpha =  0.5000, scbeta  = 12.0000
     sceeorder =       2
     dynlmb =  0.0000 logdvdl =       0

FEP MBAR options:
     ifmbar  =       1,  bar_intervall =       50
     mbar_states =      10

| Intermolecular bonds treatment:
|     no_intermolecular_bonds =       1

| Energy averages sample interval:
|     ene_avg_sampling =       1

Ewald parameters:
     verbose =       0, ew_type =       0, nbflag  =       1, use_pme =       1
     vdwmeth =       1, eedmeth =       1, netfrc  =       1
     Box X =   35.563   Box Y =   36.947   Box Z =   35.030
     Alpha =   90.000   Beta  =   90.000   Gamma =   90.000
     NFFT1 =   36       NFFT2 =   40       NFFT3 =   36
     Cutoff=   10.000   Tol   =0.100E-04
     Ewald Coefficient =  0.27511
     Interpolation order =    4
     TI Mask 1 :1,2; matches     52 atoms
     TI Mask 2 :3; matches     50 atoms
     TI region 1:    4498 atoms
     TI region 2:    4496 atoms
     SC Mask 1 :2; matches      2 atoms

    MBAR - lambda values considered:
      10 total:  0.0000 0.0000 0.2000 0.2000 0.5000 0.5000 0.6000 0.6000 1.0000 1.0000
    Extra energies will be computed     20 times.
| MONTE CARLO BAROSTAT IMPORTANT NOTE:
|   The Monte-Carlo barostat does not require the virial to adjust the system volume.
|   Since it is an expensive calculation, it is skipped for efficiency. A side-effect
|   is that the reported pressure is always 0 because it is not calculated.

--------------------------------------------------------------------------------
   3.  ATOMIC COORDINATES AND VELOCITIES
--------------------------------------------------------------------------------

Cpptraj Generated Restart                                                       
 begin time read from input coords =   304.000 ps

 
     Molecule     1 is partially softcore
     Molecule     2 is partially softcore
 Number of triangulated 3-point waters found:     1482
   Removing shake constraints from HX1   LBM   2 -- N26   LAM   1
   Removing shake constraints from H23   LBM   2 -- N26   LAM   1
 Number of shake restraints removed in TI region  1 :        2
 Number of shake restraints removed in TI region  2 :        0

     Sum of charges for TI region  1 =  -0.00249680
     Skip neutralizing charges...


     Sum of charges for TI region  2 =  -0.00299999
     Skip neutralizing charges...

| Dynamic Memory, Types Used:
| Reals              376231
| Integers           194647

| Nonbonded Pairs Initial Allocation:     1375656

| GPU memory information (estimate):
| KB of GPU memory in use:     42305
| KB of CPU memory in use:     18371

--------------------------------------------------------------------------------
   4.  RESULTS
--------------------------------------------------------------------------------

   DOF for the SC part  1 of the system:    6

MBAR Energy analysis:
Energy at 0.0000 =    -14322.414471
Energy at 0.0000 =    -14322.414471
Energy at 0.2000 =    -14361.421095
Energy at 0.2000 =    -14361.421095
Energy at 0.5000 =    -14417.993518
Energy at 0.5000 =    -14417.993518
Energy at 0.6000 =    -14436.694521
Energy at 0.6000 =    -14436.694521
Energy at 1.0000 =    -14511.259391
Energy at 1.0000 =    -14511.259391
 ------------------------------------------------------------------------------


| TI region  1


 NSTEP =       50   TIME(PS) =     304.100  TEMP(K) =   295.19  PRESS =     0.0
 Etot   =    -11770.6802  EKtot   =      2647.3133  EPtot      =    -14417.9935
 BOND   =         7.4030  ANGLE   =        37.8934  DIHED      =        44.5311
 1-4 NB =        15.4000  1-4 EEL =      -496.7957  VDWAALS    =      2100.1948
 EELEC  =    -16126.6202  EHBOND  =         0.0000  RESTRAINT  =         0.0000
 EKCMT  =         0.0000  VIRIAL  =         0.0000  VOLUME     =     46027.4703
                                                    Density    =         0.9779
 DV/DL  =      -187.2312
 ------------------------------------------------------------------------------

  Softcore part of the system:       2 atoms,       TEMP(K)    =         152.96
 SC_Etot=         3.8903  SC_EKtot=         0.9119  SC_EPtot   =         2.9783
 SC_BOND=         1.0425  SC_ANGLE=         1.6004  SC_DIHED   =         0.3354
 SC_14NB=         0.0000  SC_14EEL=         0.0000  SC_VDW     =         0.0000
 SC_EEL =         0.0000
 SC_RES_DIST=     0.0000  SC_RES_ANG=       0.0000  SC_RES_TORS=         0.0000
 SC_EEL_DER=      0.0000  SC_VDW_DER=      -0.6995  SC_DERIV   =        -0.6995
 ------------------------------------------------------------------------------


| TI region  2


 NSTEP =       50   TIME(PS) =     304.100  TEMP(K) =   295.28  PRESS =     0.0
 Etot   =    -11771.5921  EKtot   =      2646.4014  EPtot      =    -14417.9935
 BOND   =         7.4030  ANGLE   =        37.8934  DIHED      =        44.5311
 1-4 NB =        15.4000  1-4 EEL =      -496.7957  VDWAALS    =      2100.1948
 EELEC  =    -16126.6202  EHBOND  =         0.0000  RESTRAINT  =         0.0000
 EKCMT  =         0.0000  VIRIAL  =         0.0000  VOLUME     =     46027.4703
                                                    Density    =         0.9778
 DV/DL  =      -187.2312
 ------------------------------------------------------------------------------


MBAR Energy analysis:
Energy at 0.0000 =    -14207.073787
Energy at 0.0000 =    -14207.073787
Energy at 0.2000 =    -14301.037799
Energy at 0.2000 =    -14301.037799
Energy at 0.5000 =    -14359.336411
Energy at 0.5000 =    -14359.336411
Energy at 0.6000 =    -14377.484213
Energy at 0.6000 =    -14377.484213
Energy at 1.0000 =    -14449.149497
Energy at 1.0000 =    -14449.149497
 ------------------------------------------------------------------------------


| TI region  1


 NSTEP =      100   TIME(PS) =     304.200  TEMP(K) =   288.02  PRESS =     0.0
 Etot   =    -11776.3154  EKtot   =      2583.0210  EPtot      =    -14359.3364
 BOND   =         8.7891  ANGLE   =        29.0108  DIHED      =        39.5668
 1-4 NB =        15.0061  1-4 EEL =      -484.5585  VDWAALS    =      2066.9490
 EELEC  =    -16034.0997  EHBOND  =         0.0000  RESTRAINT  =         0.0000
 EKCMT  =         0.0000  VIRIAL  =         0.0000  VOLUME     =     46027.4703
                                                    Density    =         0.9779
 DV/DL  =      -182.5711
 ------------------------------------------------------------------------------

  Softcore part of the system:       2 atoms,       TEMP(K)    =         221.50
 SC_Etot=         2.7857  SC_EKtot=         1.3205  SC_EPtot   =         1.4652
 SC_BOND=         0.0893  SC_ANGLE=         1.3691  SC_DIHED   =         0.0068
 SC_14NB=         0.0000  SC_14EEL=         0.0000  SC_VDW     =         0.0000
 SC_EEL =         0.0000
 SC_RES_DIST=     0.0000  SC_RES_ANG=       0.0000  SC_RES_TORS=         0.0000
 SC_EEL_DER=      0.0000  SC_VDW_DER=      -2.9449  SC_DERIV   =        -2.9449
 ------------------------------------------------------------------------------


| TI region  2


 NSTEP =      100   TIME(PS) =     304.200  TEMP(K) =   288.06  PRESS =     0.0
 Etot   =    -11777.6358  EKtot   =      2581.7006  EPtot      =    -14359.3364
 BOND   =         8.7891  ANGLE   =        29.0108  DIHED      =        39.5668
 1-4 NB =        15.0061  1-4 EEL =      -484.5585  VDWAALS    =      2066.9490
 EELEC  =    -16034.0997  EHBOND  =         0.0000  RESTRAINT  =         0.0000
 EKCMT  =         0.0000  VIRIAL  =         0.0000  VOLUME     =     46027.4703
                                                    Density    =         0.9778
 DV/DL  =      -182.5711
 ------------------------------------------------------------------------------


MBAR Energy analysis:
Energy at 0.0000 =    -14324.117322
Energy at 0.0000 =    -14324.117322
Energy at 0.2000 =    -14358.589445
Energy at 0.2000 =    -14358.589445
Energy at 0.5000 =    -14409.578466
Energy at 0.5000 =    -14409.578466
Energy at 0.6000 =    -14426.504463
Energy at 0.6000 =    -14426.504463
Energy at 1.0000 =    -14494.089921
Energy at 1.0000 =    -14494.089921
 ------------------------------------------------------------------------------


| TI region  1


 NSTEP =      150   TIME(PS) =     304.300  TEMP(K) =   301.47  PRESS =     0.0
 Etot   =    -11705.9504  EKtot   =      2703.6281  EPtot      =    -14409.5785
 BOND   =         8.8155  ANGLE   =        26.2482  DIHED      =        41.6388
 1-4 NB =        15.5643  1-4 EEL =      -484.9645  VDWAALS    =      2021.7285
 EELEC  =    -16038.6093  EHBOND  =         0.0000  RESTRAINT  =         0.0000
 EKCMT  =         0.0000  VIRIAL  =         0.0000  VOLUME     =     46027.4703
                                                    Density    =         0.9779
 DV/DL  =      -169.3665
 ------------------------------------------------------------------------------

  Softcore part of the system:       2 atoms,       TEMP(K)    =         118.11
 SC_Etot=         2.4791  SC_EKtot=         0.7041  SC_EPtot   =         1.7750
 SC_BOND=         1.2211  SC_ANGLE=         0.5210  SC_DIHED   =         0.0328
 SC_14NB=         0.0000  SC_14EEL=         0.0000  SC_VDW     =         0.0000
 SC_EEL =         0.0000
 SC_RES_DIST=     0.0000  SC_RES_ANG=       0.0000  SC_RES_TORS=         0.0000
 SC_EEL_DER=      0.0000  SC_VDW_DER=      -0.3436  SC_DERIV   =        -0.3436
 ------------------------------------------------------------------------------


| TI region  2


 NSTEP =      150   TIME(PS) =     304.300  TEMP(K) =   301.59  PRESS =     0.0
 Etot   =    -11706.6545  EKtot   =      2702.9239  EPtot      =    -14409.5785
 BOND   =         8.8155  ANGLE   =        26.2482  DIHED      =        41.6388
 1-4 NB =        15.5643  1-4 EEL =      -484.9645  VDWAALS    =      2021.7285
 EELEC  =    -16038.6093  EHBOND  =         0.0000  RESTRAINT  =         0.0000
 EKCMT  =         0.0000  VIRIAL  =         0.0000  VOLUME     =     46027.4703
                                                    Density    =         0.9778
 DV/DL  =      -169.3665
 ------------------------------------------------------------------------------


MBAR Energy analysis:
Energy at 0.0000 =    -14311.907624
Energy at 0.0000 =    -14311.907624
Energy at 0.2000 =    -14363.720300
Energy at 0.2000 =    -14363.720300
Energy at 0.5000 =    -14418.611445
Energy at 0.5000 =    -14418.611445
Energy at 0.6000 =    -14436.200991
Energy at 0.6000 =    -14436.200991
Energy at 1.0000 =    -14505.920319
Energy at 1.0000 =    -14505.920319
 ------------------------------------------------------------------------------


| TI region  1


 NSTEP =      200   TIME(PS) =     304.400  TEMP(K) =   299.61  PRESS =     0.0
 Etot   =    -11731.6488  EKtot   =      2686.9626  EPtot      =    -14418.6114
 BOND   =         8.8618  ANGLE   =        28.5464  DIHED      =        42.3109
 1-4 NB =        17.2152  1-4 EEL =      -494.8466  VDWAALS    =      2102.9621
 EELEC  =    -16123.6612  EHBOND  =         0.0000  RESTRAINT  =         0.0000
 EKCMT  =         0.0000  VIRIAL  =         0.0000  VOLUME     =     45956.9452
                                                    Density    =         0.9794
 DV/DL  =      -176.6049
 ------------------------------------------------------------------------------

  Softcore part of the system:       2 atoms,       TEMP(K)    =         662.23
 SC_Etot=         5.1577  SC_EKtot=         3.9480  SC_EPtot   =         1.2097
 SC_BOND=         0.1082  SC_ANGLE=         0.8446  SC_DIHED   =         0.2570
 SC_14NB=         0.0000  SC_14EEL=         0.0000  SC_VDW     =         0.0000
 SC_EEL =         0.0000
 SC_RES_DIST=     0.0000  SC_RES_ANG=       0.0000  SC_RES_TORS=         0.0000
 SC_EEL_DER=      0.0000  SC_VDW_DER=      -1.9871  SC_DERIV   =        -1.9871
 ------------------------------------------------------------------------------


| TI region  2


 NSTEP =      200   TIME(PS) =     304.400  TEMP(K) =   299.37  PRESS =     0.0
 Etot   =    -11735.5968  EKtot   =      2683.0147  EPtot      =    -14418.6114
 BOND   =         8.8618  ANGLE   =        28.5464  DIHED      =        42.3109
 1-4 NB =        17.2152  1-4 EEL =      -494.8466  VDWAALS    =      2102.9621
 EELEC  =    -16123.6612  EHBOND  =         0.0000  RESTRAINT  =         0.0000
 EKCMT  =         0.0000  VIRIAL  =         0.0000  VOLUME     =     45956.9452
                                                    Density    =         0.9793
 DV/DL  =      -176.6049
 ------------------------------------------------------------------------------


MBAR Energy analysis:
Energy at 0.0000 =    -14351.342356
Energy at 0.0000 =    -14351.342356
Energy at 0.2000 =    -14395.852748
Energy at 0.2000 =    -14395.852748
Energy at 0.5000 =    -14447.954590
Energy at 0.5000 =    -14447.954590
Energy at 0.6000 =    -14464.766004
Energy at 0.6000 =    -14464.766004
Energy at 1.0000 =    -14531.464105
Energy at 1.0000 =    -14531.464105
 ------------------------------------------------------------------------------


| TI region  1


 NSTEP =      250   TIME(PS) =     304.500  TEMP(K) =   304.88  PRESS =     0.0
 Etot   =    -11713.7138  EKtot   =      2734.2408  EPtot      =    -14447.9546
 BOND   =         6.4855  ANGLE   =        27.7653  DIHED      =        39.5420
 1-4 NB =        14.2185  1-4 EEL =      -480.7554  VDWAALS    =      2135.0532
 EELEC  =    -16190.2636  EHBOND  =         0.0000  RESTRAINT  =         0.0000
 EKCMT  =         0.0000  VIRIAL  =         0.0000  VOLUME     =     45956.9452
                                                    Density    =         0.9794
 DV/DL  =      -168.7062
 ------------------------------------------------------------------------------

  Softcore part of the system:       2 atoms,       TEMP(K)    =         253.28
 SC_Etot=         5.2596  SC_EKtot=         1.5099  SC_EPtot   =         3.7497
 SC_BOND=         3.3756  SC_ANGLE=         0.3637  SC_DIHED   =         0.0104
 SC_14NB=         0.0000  SC_14EEL=         0.0000  SC_VDW     =         0.0000
 SC_EEL =         0.0000
 SC_RES_DIST=     0.0000  SC_RES_ANG=       0.0000  SC_RES_TORS=         0.0000
 SC_EEL_DER=      0.0000  SC_VDW_DER=      -1.6872  SC_DERIV   =        -1.6872
 ------------------------------------------------------------------------------


| TI region  2


 NSTEP =      250   TIME(PS) =     304.500  TEMP(K) =   304.92  PRESS =     0.0
 Etot   =    -11715.2237  EKtot   =      2732.7309  EPtot      =    -14447.9546
 BOND   =         6.4855  ANGLE   =        27.7653  DIHED      =        39.5420
 1-4 NB =        14.2185  1-4 EEL =      -480.7554  VDWAALS    =      2135.0532
 EELEC  =    -16190.2636  EHBOND  =         0.0000  RESTRAINT  =         0.0000
 EKCMT  =         0.0000  VIRIAL  =         0.0000  VOLUME     =     45956.9452
                                                    Density    =         0.9793
 DV/DL  =      -168.7062
 ------------------------------------------------------------------------------


MBAR Energy analysis:
Energy at 0.0000 =    -14304.137716
Energy at 0.0000 =    -14304.137716
Energy at 0.2000 =    -14366.301748
Energy at 0.2000 =    -14366.301748
Energy at 0.5000 =    -14423.273077
Energy at 0.5000 =    -14423.273077
Energy at 0.6000 =    -14441.366140
Energy at 0.6000 =    -14441.366140
Energy at 1.0000 =    -14512.987547
Energy at 1.0000 =    -14512.987547
 ------------------------------------------------------------------------------


| TI region  1


 NSTEP =      300   TIME(PS) =     304.600  TEMP(K) =   298.11  PRESS =     0.0
 Etot   =    -11749.7339  EKtot   =      2673.5392  EPtot      =    -14423.2731
 BOND   =        11.1477  ANGLE   =        31.6872  DIHED      =        41.9473
 1-4 NB =        15.7224  1-4 EEL =      -489.5828  VDWAALS    =      2028.7921
 EELEC  =    -16062.9869  EHBOND  =         0.0000  RESTRAINT  =         0.0000
 EKCMT  =         0.0000  VIRIAL  =         0.0000  VOLUME     =     45956.9452
                                                    Density    =         0.9794
 DV/DL  =      -181.7807
 ------------------------------------------------------------------------------

  Softcore part of the system:       2 atoms,       TEMP(K)    =         307.53
 SC_Etot=         4.3169  SC_EKtot=         1.8334  SC_EPtot   =         2.4836
 SC_BOND=         0.1063  SC_ANGLE=         1.3071  SC_DIHED   =         1.0702
 SC_14NB=         0.0000  SC_14EEL=         0.0000  SC_VDW     =         0.0000
 SC_EEL =         0.0000
 SC_RES_DIST=     0.0000  SC_RES_ANG=       0.0000  SC_RES_TORS=         0.0000
 SC_EEL_DER=      0.0000  SC_VDW_DER=      -2.3518  SC_DERIV   =        -2.3518
 ------------------------------------------------------------------------------


| TI region  2


 NSTEP =      300   TIME(PS) =     304.600  TEMP(K) =   298.11  PRESS =     0.0
 Etot   =    -11751.5672  EKtot   =      2671.7059  EPtot      =    -14423.2731
 BOND   =        11.1477  ANGLE   =        31.6872  DIHED      =        41.9473
 1-4 NB =        15.7224  1-4 EEL =      -489.5828  VDWAALS    =      2028.7921
 EELEC  =    -16062.9869  EHBOND  =         0.0000  RESTRAINT  =         0.0000
 EKCMT  =         0.0000  VIRIAL  =         0.0000  VOLUME     =     45956.9452
                                                    Density    =         0.9793
 DV/DL  =      -181.7807
 ------------------------------------------------------------------------------


MBAR Energy analysis:
Energy at 0.0000 =    -14335.515735
Energy at 0.0000 =    -14335.515735
Energy at 0.2000 =    -14372.730836
Energy at 0.2000 =    -14372.730836
Energy at 0.5000 =    -14425.887557
Energy at 0.5000 =    -14425.887557
Energy at 0.6000 =    -14443.415232
Energy at 0.6000 =    -14443.415232
Energy at 1.0000 =    -14513.257947
Energy at 1.0000 =    -14513.257947
 ------------------------------------------------------------------------------


| TI region  1


 NSTEP =      350   TIME(PS) =     304.700  TEMP(K) =   296.01  PRESS =     0.0
 Etot   =    -11771.2508  EKtot   =      2654.6368  EPtot      =    -14425.8876
 BOND   =        11.3852  ANGLE   =        34.1503  DIHED      =        40.4413
 1-4 NB =        16.2324  1-4 EEL =      -491.1879  VDWAALS    =      2059.1921
 EELEC  =    -16096.1009  EHBOND  =         0.0000  RESTRAINT  =         0.0000
 EKCMT  =         0.0000  VIRIAL  =         0.0000  VOLUME     =     45956.9452
                                                    Density    =         0.9794
 DV/DL  =      -175.5333
 ------------------------------------------------------------------------------

  Softcore part of the system:       2 atoms,       TEMP(K)    =         423.09
 SC_Etot=         4.4517  SC_EKtot=         2.5223  SC_EPtot   =         1.9294
 SC_BOND=         0.5287  SC_ANGLE=         1.2162  SC_DIHED   =         0.1846
 SC_14NB=         0.0000  SC_14EEL=         0.0000  SC_VDW     =         0.0000
 SC_EEL =         0.0000
 SC_RES_DIST=     0.0000  SC_RES_ANG=       0.0000  SC_RES_TORS=         0.0000
 SC_EEL_DER=      0.0000  SC_VDW_DER=      -0.7926  SC_DERIV   =        -0.7926
 ------------------------------------------------------------------------------


| TI region  2


 NSTEP =      350   TIME(PS) =     304.700  TEMP(K) =   295.92  PRESS =     0.0
 Etot   =    -11773.7730  EKtot   =      2652.1145  EPtot      =    -14425.8876
 BOND   =        11.3852  ANGLE   =        34.1503  DIHED      =        40.4413
 1-4 NB =        16.2324  1-4 EEL =      -491.1879  VDWAALS    =      2059.1921
 EELEC  =    -16096.1009  EHBOND  =         0.0000  RESTRAINT  =         0.0000
 EKCMT  =         0.0000  VIRIAL  =         0.0000  VOLUME     =     45956.9452
                                                    Density    =         0.9793
 DV/DL  =      -175.5333
 ------------------------------------------------------------------------------


MBAR Energy analysis:
Energy at 0.0000 =    -14320.730679
Energy at 0.0000 =    -14320.730679
Energy at 0.2000 =    -14356.404636
Energy at 0.2000 =    -14356.404636
Energy at 0.5000 =    -14409.597262
Energy at 0.5000 =    -14409.597262
Energy at 0.6000 =    -14427.291554
Energy at 0.6000 =    -14427.291554
Energy at 1.0000 =    -14497.999815
Energy at 1.0000 =    -14497.999815
 ------------------------------------------------------------------------------


| TI region  1


 NSTEP =      400   TIME(PS) =     304.800  TEMP(K) =   297.54  PRESS =     0.0
 Etot   =    -11741.2006  EKtot   =      2668.3967  EPtot      =    -14409.5973
 BOND   =         6.1565  ANGLE   =        31.9008  DIHED      =        38.7354
 1-4 NB =        17.1611  1-4 EEL =      -490.0409  VDWAALS    =      2164.9525
 EELEC  =    -16178.4625  EHBOND  =         0.0000  RESTRAINT  =         0.0000
 EKCMT  =         0.0000  VIRIAL  =         0.0000  VOLUME     =     45956.9452
                                                    Density    =         0.9794
 DV/DL  =      -177.0023
 ------------------------------------------------------------------------------

  Softcore part of the system:       2 atoms,       TEMP(K)    =        1118.50
 SC_Etot=         9.6105  SC_EKtot=         6.6680  SC_EPtot   =         2.9425
 SC_BOND=         0.1049  SC_ANGLE=         2.0159  SC_DIHED   =         0.8216
 SC_14NB=         0.0000  SC_14EEL=         0.0000  SC_VDW     =         0.0000
 SC_EEL =         0.0000
 SC_RES_DIST=     0.0000  SC_RES_ANG=       0.0000  SC_RES_TORS=         0.0000
 SC_EEL_DER=      0.0000  SC_VDW_DER=      -0.1972  SC_DERIV   =        -0.1972
 ------------------------------------------------------------------------------


| TI region  2


 NSTEP =      400   TIME(PS) =     304.800  TEMP(K) =   296.99  PRESS =     0.0
 Etot   =    -11747.8686  EKtot   =      2661.7287  EPtot      =    -14409.5973
 BOND   =         6.1565  ANGLE   =        31.9008  DIHED      =        38.7354
 1-4 NB =        17.1611  1-4 EEL =      -490.0409  VDWAALS    =      2164.9525
 EELEC  =    -16178.4625  EHBOND  =         0.0000  RESTRAINT  =         0.0000
 EKCMT  =         0.0000  VIRIAL  =         0.0000  VOLUME     =     45956.9452
                                                    Density    =         0.9793
 DV/DL  =      -177.0023
 ------------------------------------------------------------------------------


MBAR Energy analysis:
Energy at 0.0000 =    -14368.041420
Energy at 0.0000 =    -14368.041420
Energy at 0.2000 =    -14403.463707
Energy at 0.2000 =    -14403.463707
Energy at 0.5000 =    -14456.436073
Energy at 0.5000 =    -14456.436073
Energy at 0.6000 =    -14474.070168
Energy at 0.6000 =    -14474.070168
Energy at 1.0000 =    -14544.553110
Energy at 1.0000 =    -14544.553110
 ------------------------------------------------------------------------------


| TI region  1


 NSTEP =      450   TIME(PS) =     304.900  TEMP(K) =   301.27  PRESS =     0.0
 Etot   =    -11754.5996  EKtot   =      2701.8364  EPtot      =    -14456.4361
 BOND   =        12.5044  ANGLE   =        33.4638  DIHED      =        41.6189
 1-4 NB =        14.6909  1-4 EEL =      -491.0181  VDWAALS    =      2066.6496
 EELEC  =    -16134.3456  EHBOND  =         0.0000  RESTRAINT  =         0.0000
 EKCMT  =         0.0000  VIRIAL  =         0.0000  VOLUME     =     45956.9452
                                                    Density    =         0.9794
 DV/DL  =      -176.3832
 ------------------------------------------------------------------------------

  Softcore part of the system:       2 atoms,       TEMP(K)    =         481.97
 SC_Etot=         6.7917  SC_EKtot=         2.8733  SC_EPtot   =         3.9184
 SC_BOND=         1.6714  SC_ANGLE=         0.8473  SC_DIHED   =         1.3997
 SC_14NB=         0.0000  SC_14EEL=         0.0000  SC_VDW     =         0.0000
 SC_EEL =         0.0000
 SC_RES_DIST=     0.0000  SC_RES_ANG=       0.0000  SC_RES_TORS=         0.0000
 SC_EEL_DER=      0.0000  SC_VDW_DER=      -0.1491  SC_DERIV   =        -0.1491
 ------------------------------------------------------------------------------


| TI region  2


 NSTEP =      450   TIME(PS) =     304.900  TEMP(K) =   301.15  PRESS =     0.0
 Etot   =    -11757.4729  EKtot   =      2698.9632  EPtot      =    -14456.4361
 BOND   =        12.5044  ANGLE   =        33.4638  DIHED      =        41.6189
 1-4 NB =        14.6909  1-4 EEL =      -491.0181  VDWAALS    =      2066.6496
 EELEC  =    -16134.3456  EHBOND  =         0.0000  RESTRAINT  =         0.0000
 EKCMT  =         0.0000  VIRIAL  =         0.0000  VOLUME     =     45956.9452
                                                    Density    =         0.9793
 DV/DL  =      -176.3832
 ------------------------------------------------------------------------------


MBAR Energy analysis:
Energy at 0.0000 =    -14356.544569
Energy at 0.0000 =    -14356.544569
Energy at 0.2000 =    -14391.205851
Energy at 0.2000 =    -14391.205851
Energy at 0.5000 =    -14442.971276
Energy at 0.5000 =    -14442.971276
Energy at 0.6000 =    -14460.194338
Energy at 0.6000 =    -14460.194338
Energy at 1.0000 =    -14529.013707
Energy at 1.0000 =    -14529.013707
 ------------------------------------------------------------------------------


| TI region  1


 NSTEP =      500   TIME(PS) =     305.000  TEMP(K) =   299.91  PRESS =     0.0
 Etot   =    -11753.3234  EKtot   =      2689.6479  EPtot      =    -14442.9713
 BOND   =        11.9157  ANGLE   =        30.9942  DIHED      =        40.2991
 1-4 NB =        17.3088  1-4 EEL =      -491.5998  VDWAALS    =      2153.0411
 EELEC  =    -16204.9304  EHBOND  =         0.0000  RESTRAINT  =         0.0000
 EKCMT  =         0.0000  VIRIAL  =         0.0000  VOLUME     =     45956.9452
                                                    Density    =         0.9794
 DV/DL  =      -172.2882
 ------------------------------------------------------------------------------

  Softcore part of the system:       2 atoms,       TEMP(K)    =         263.18
 SC_Etot=         4.9027  SC_EKtot=         1.5690  SC_EPtot   =         3.3337
 SC_BOND=         0.3536  SC_ANGLE=         2.8332  SC_DIHED   =         0.1469
 SC_14NB=         0.0000  SC_14EEL=         0.0000  SC_VDW     =         0.0000
 SC_EEL =         0.0000
 SC_RES_DIST=     0.0000  SC_RES_ANG=       0.0000  SC_RES_TORS=         0.0000
 SC_EEL_DER=      0.0000  SC_VDW_DER=      -0.2033  SC_DERIV   =        -0.2033
 ------------------------------------------------------------------------------


| TI region  2


 NSTEP =      500   TIME(PS) =     305.000  TEMP(K) =   299.93  PRESS =     0.0
 Etot   =    -11754.8924  EKtot   =      2688.0789  EPtot      =    -14442.9713
 BOND   =        11.9157  ANGLE   =        30.9942  DIHED      =        40.2991
 1-4 NB =        17.3088  1-4 EEL =      -491.5998  VDWAALS    =      2153.0411
 EELEC  =    -16204.9304  EHBOND  =         0.0000  RESTRAINT  =         0.0000
 EKCMT  =         0.0000  VIRIAL  =         0.0000  VOLUME     =     45956.9452
                                                    Density    =         0.9793
 DV/DL  =      -172.2882
 ------------------------------------------------------------------------------


MBAR Energy analysis:
Energy at 0.0000 =    -14389.046403
Energy at 0.0000 =    -14389.046403
Energy at 0.2000 =    -14424.307602
Energy at 0.2000 =    -14424.307602
Energy at 0.5000 =    -14477.063207
Energy at 0.5000 =    -14477.063207
Energy at 0.6000 =    -14494.628491
Energy at 0.6000 =    -14494.628491
Energy at 1.0000 =    -14564.844502
Energy at 1.0000 =    -14564.844502
 ------------------------------------------------------------------------------


| TI region  1


 NSTEP =      550   TIME(PS) =     305.100  TEMP(K) =   302.47  PRESS =     0.0
 Etot   =    -11764.4759  EKtot   =      2712.5873  EPtot      =    -14477.0632
 BOND   =        15.3258  ANGLE   =        34.6637  DIHED      =        40.4089
 1-4 NB =        16.7620  1-4 EEL =      -489.0419  VDWAALS    =      2095.5208
 EELEC  =    -16190.7025  EHBOND  =         0.0000  RESTRAINT  =         0.0000
 EKCMT  =         0.0000  VIRIAL  =         0.0000  VOLUME     =     45956.9452
                                                    Density    =         0.9794
 DV/DL  =      -175.6889
 ------------------------------------------------------------------------------

  Softcore part of the system:       2 atoms,       TEMP(K)    =         108.91
 SC_Etot=         2.2116  SC_EKtot=         0.6493  SC_EPtot   =         1.5623
 SC_BOND=         0.4846  SC_ANGLE=         0.5654  SC_DIHED   =         0.5123
 SC_14NB=         0.0000  SC_14EEL=         0.0000  SC_VDW     =         0.0000
 SC_EEL =         0.0000
 SC_RES_DIST=     0.0000  SC_RES_ANG=       0.0000  SC_RES_TORS=         0.0000
 SC_EEL_DER=      0.0000  SC_VDW_DER=      -0.1263  SC_DERIV   =        -0.1263
 ------------------------------------------------------------------------------


| TI region  2


 NSTEP =      550   TIME(PS) =     305.100  TEMP(K) =   302.60  PRESS =     0.0
 Etot   =    -11765.1252  EKtot   =      2711.9380  EPtot      =    -14477.0632
 BOND   =        15.3258  ANGLE   =        34.6637  DIHED      =        40.4089
 1-4 NB =        16.7620  1-4 EEL =      -489.0419  VDWAALS    =      2095.5208
 EELEC  =    -16190.7025  EHBOND  =         0.0000  RESTRAINT  =         0.0000
 EKCMT  =         0.0000  VIRIAL  =         0.0000  VOLUME     =     45956.9452
                                                    Density    =         0.9793
 DV/DL  =      -175.6889
 ------------------------------------------------------------------------------


MBAR Energy analysis:
Energy at 0.0000 =    -14353.532904
Energy at 0.0000 =    -14353.532904
Energy at 0.2000 =    -14391.168941
Energy at 0.2000 =    -14391.168941
Energy at 0.5000 =    -14447.454099
Energy at 0.5000 =    -14447.454099
Energy at 0.6000 =    -14466.192827
Energy at 0.6000 =    -14466.192827
Energy at 1.0000 =    -14541.098305
Energy at 1.0000 =    -14541.098305
 ------------------------------------------------------------------------------


| TI region  1


 NSTEP =      600   TIME(PS) =     305.200  TEMP(K) =   298.37  PRESS =     0.0
 Etot   =    -11771.6313  EKtot   =      2675.8228  EPtot      =    -14447.4541
 BOND   =        24.4353  ANGLE   =        32.7372  DIHED      =        45.5277
 1-4 NB =        14.0509  1-4 EEL =      -498.6283  VDWAALS    =      2161.0091
 EELEC  =    -16226.5860  EHBOND  =         0.0000  RESTRAINT  =         0.0000
 EKCMT  =         0.0000  VIRIAL  =         0.0000  VOLUME     =     45956.9452
                                                    Density    =         0.9794
 DV/DL  =      -187.4276
 ------------------------------------------------------------------------------

  Softcore part of the system:       2 atoms,       TEMP(K)    =         125.91
 SC_Etot=         2.3347  SC_EKtot=         0.7506  SC_EPtot   =         1.5841
 SC_BOND=         0.7277  SC_ANGLE=         0.8499  SC_DIHED   =         0.0065
 SC_14NB=         0.0000  SC_14EEL=         0.0000  SC_VDW     =         0.0000
 SC_EEL =         0.0000
 SC_RES_DIST=     0.0000  SC_RES_ANG=       0.0000  SC_RES_TORS=         0.0000
 SC_EEL_DER=      0.0000  SC_VDW_DER=      -0.1392  SC_DERIV   =        -0.1392
 ------------------------------------------------------------------------------


| TI region  2


 NSTEP =      600   TIME(PS) =     305.200  TEMP(K) =   298.48  PRESS =     0.0
 Etot   =    -11772.3820  EKtot   =      2675.0721  EPtot      =    -14447.4541
 BOND   =        24.4353  ANGLE   =        32.7372  DIHED      =        45.5277
 1-4 NB =        14.0509  1-4 EEL =      -498.6283  VDWAALS    =      2161.0091
 EELEC  =    -16226.5860  EHBOND  =         0.0000  RESTRAINT  =         0.0000
 EKCMT  =         0.0000  VIRIAL  =         0.0000  VOLUME     =     45956.9452
                                                    Density    =         0.9793
 DV/DL  =      -187.4276
 ------------------------------------------------------------------------------


MBAR Energy analysis:
Energy at 0.0000 =    -14326.934261
Energy at 0.0000 =    -14326.934261
Energy at 0.2000 =    -14363.606769
Energy at 0.2000 =    -14363.606769
Energy at 0.5000 =    -14418.330344
Energy at 0.5000 =    -14418.330344
Energy at 0.6000 =    -14436.534310
Energy at 0.6000 =    -14436.534310
Energy at 1.0000 =    -14509.271116
Energy at 1.0000 =    -14509.271116
 ------------------------------------------------------------------------------


| TI region  1


 NSTEP =      650   TIME(PS) =     305.300  TEMP(K) =   296.50  PRESS =     0.0
 Etot   =    -11759.2471  EKtot   =      2659.0832  EPtot      =    -14418.3303
 BOND   =        14.9277  ANGLE   =        39.5163  DIHED      =        43.8226
 1-4 NB =        17.2569  1-4 EEL =      -497.4453  VDWAALS    =      2169.6117
 EELEC  =    -16206.0202  EHBOND  =         0.0000  RESTRAINT  =         0.0000
 EKCMT  =         0.0000  VIRIAL  =         0.0000  VOLUME     =     45956.9452
                                                    Density    =         0.9794
 DV/DL  =      -182.1040
 ------------------------------------------------------------------------------

  Softcore part of the system:       2 atoms,       TEMP(K)    =         407.16
 SC_Etot=         5.8308  SC_EKtot=         2.4273  SC_EPtot   =         3.4034
 SC_BOND=         0.0826  SC_ANGLE=         2.9462  SC_DIHED   =         0.3746
 SC_14NB=         0.0000  SC_14EEL=         0.0000  SC_VDW     =         0.0000
 SC_EEL =         0.0000
 SC_RES_DIST=     0.0000  SC_RES_ANG=       0.0000  SC_RES_TORS=         0.0000
 SC_EEL_DER=      0.0000  SC_VDW_DER=      -0.2225  SC_DERIV   =        -0.2225
 ------------------------------------------------------------------------------


| TI region  2


 NSTEP =      650   TIME(PS) =     305.300  TEMP(K) =   296.43  PRESS =     0.0
 Etot   =    -11761.6745  EKtot   =      2656.6559  EPtot      =    -14418.3303
 BOND   =        14.9277  ANGLE   =        39.5163  DIHED      =        43.8226
 1-4 NB =        17.2569  1-4 EEL =      -497.4453  VDWAALS    =      2169.6117
 EELEC  =    -16206.0202  EHBOND  =         0.0000  RESTRAINT  =         0.0000
 EKCMT  =         0.0000  VIRIAL  =         0.0000  VOLUME     =     45956.9452
                                                    Density    =         0.9793
 DV/DL  =      -182.1040
 ------------------------------------------------------------------------------


MBAR Energy analysis:
Energy at 0.0000 =    -14438.736358
Energy at 0.0000 =    -14438.736358
Energy at 0.2000 =    -14473.204003
Energy at 0.2000 =    -14473.204003
Energy at 0.5000 =    -14524.379569
Energy at 0.5000 =    -14524.379569
Energy at 0.6000 =    -14541.380690
Energy at 0.6000 =    -14541.380690
Energy at 1.0000 =    -14609.274470
Energy at 1.0000 =    -14609.274470
 ------------------------------------------------------------------------------


| TI region  1


 NSTEP =      700   TIME(PS) =     305.400  TEMP(K) =   304.65  PRESS =     0.0
 Etot   =    -11792.2399  EKtot   =      2732.1396  EPtot      =    -14524.3796
 BOND   =        13.8781  ANGLE   =        28.6666  DIHED      =        40.9815
 1-4 NB =        15.0661  1-4 EEL =      -482.1339  VDWAALS    =      2173.6871
 EELEC  =    -16314.5251  EHBOND  =         0.0000  RESTRAINT  =         0.0000
 EKCMT  =         0.0000  VIRIAL  =         0.0000  VOLUME     =     46016.9205
                                                    Density    =         0.9781
 DV/DL  =      -170.1044
 ------------------------------------------------------------------------------

  Softcore part of the system:       2 atoms,       TEMP(K)    =         331.92
 SC_Etot=         4.2220  SC_EKtot=         1.9788  SC_EPtot   =         2.2432
 SC_BOND=         1.4330  SC_ANGLE=         0.7506  SC_DIHED   =         0.0597
 SC_14NB=         0.0000  SC_14EEL=         0.0000  SC_VDW     =         0.0000
 SC_EEL =         0.0000
 SC_RES_DIST=     0.0000  SC_RES_ANG=       0.0000  SC_RES_TORS=         0.0000
 SC_EEL_DER=      0.0000  SC_VDW_DER=      -0.3146  SC_DERIV   =        -0.3146
 ------------------------------------------------------------------------------


| TI region  2


 NSTEP =      700   TIME(PS) =     305.400  TEMP(K) =   304.63  PRESS =     0.0
 Etot   =    -11794.2187  EKtot   =      2730.1609  EPtot      =    -14524.3796
 BOND   =        13.8781  ANGLE   =        28.6666  DIHED      =        40.9815
 1-4 NB =        15.0661  1-4 EEL =      -482.1339  VDWAALS    =      2173.6871
 EELEC  =    -16314.5251  EHBOND  =         0.0000  RESTRAINT  =         0.0000
 EKCMT  =         0.0000  VIRIAL  =         0.0000  VOLUME     =     46016.9205
                                                    Density    =         0.9780
 DV/DL  =      -170.1044
 ------------------------------------------------------------------------------


MBAR Energy analysis:
Energy at 0.0000 =    -14447.424362
Energy at 0.0000 =    -14447.424362
Energy at 0.2000 =    -14481.894959
Energy at 0.2000 =    -14481.894959
Energy at 0.5000 =    -14532.819035
Energy at 0.5000 =    -14532.819035
Energy at 0.6000 =    -14549.699040
Energy at 0.6000 =    -14549.699040
Energy at 1.0000 =    -14617.024902
Energy at 1.0000 =    -14617.024902
 ------------------------------------------------------------------------------


| TI region  1


 NSTEP =      750   TIME(PS) =     305.500  TEMP(K) =   299.32  PRESS =     0.0
 Etot   =    -11848.4878  EKtot   =      2684.3313  EPtot      =    -14532.8190
 BOND   =         9.5906  ANGLE   =        35.3102  DIHED      =        41.2276
 1-4 NB =        16.8322  1-4 EEL =      -491.2480  VDWAALS    =      2028.7910
 EELEC  =    -16173.3226  EHBOND  =         0.0000  RESTRAINT  =         0.0000
 EKCMT  =         0.0000  VIRIAL  =         0.0000  VOLUME     =     46016.9205
                                                    Density    =         0.9781
 DV/DL  =      -168.9592
 ------------------------------------------------------------------------------

  Softcore part of the system:       2 atoms,       TEMP(K)    =         351.23
 SC_Etot=         4.3722  SC_EKtot=         2.0939  SC_EPtot   =         2.2783
 SC_BOND=         0.6973  SC_ANGLE=         1.5583  SC_DIHED   =         0.0228
 SC_14NB=         0.0000  SC_14EEL=         0.0000  SC_VDW     =         0.0000
 SC_EEL =         0.0000
 SC_RES_DIST=     0.0000  SC_RES_ANG=       0.0000  SC_RES_TORS=         0.0000
 SC_EEL_DER=      0.0000  SC_VDW_DER=      -0.5475  SC_DERIV   =        -0.5475
 ------------------------------------------------------------------------------


| TI region  2


 NSTEP =      750   TIME(PS) =     305.500  TEMP(K) =   299.28  PRESS =     0.0
 Etot   =    -11850.5816  EKtot   =      2682.2374  EPtot      =    -14532.8190
 BOND   =         9.5906  ANGLE   =        35.3102  DIHED      =        41.2276
 1-4 NB =        16.8322  1-4 EEL =      -491.2480  VDWAALS    =      2028.7910
 EELEC  =    -16173.3226  EHBOND  =         0.0000  RESTRAINT  =         0.0000
 EKCMT  =         0.0000  VIRIAL  =         0.0000  VOLUME     =     46016.9205
                                                    Density    =         0.9780
 DV/DL  =      -168.9592
 ------------------------------------------------------------------------------


MBAR Energy analysis:
Energy at 0.0000 =    -14337.970930
Energy at 0.0000 =    -14337.970930
Energy at 0.2000 =    -14373.033860
Energy at 0.2000 =    -14373.033860
Energy at 0.5000 =    -14424.585674
Energy at 0.5000 =    -14424.585674
Energy at 0.6000 =    -14441.650868
Energy at 0.6000 =    -14441.650868
Energy at 1.0000 =    -14509.677850
Energy at 1.0000 =    -14509.677850
 ------------------------------------------------------------------------------


| TI region  1


 NSTEP =      800   TIME(PS) =     305.600  TEMP(K) =   291.66  PRESS =     0.0
 Etot   =    -11808.9044  EKtot   =      2615.6813  EPtot      =    -14424.5857
 BOND   =        17.9248  ANGLE   =        29.3527  DIHED      =        39.8141
 1-4 NB =        15.6849  1-4 EEL =      -493.5489  VDWAALS    =      2057.7066
 EELEC  =    -16091.5198  EHBOND  =         0.0000  RESTRAINT  =         0.0000
 EKCMT  =         0.0000  VIRIAL  =         0.0000  VOLUME     =     46016.9205
                                                    Density    =         0.9781
 DV/DL  =      -170.8467
 ------------------------------------------------------------------------------

  Softcore part of the system:       2 atoms,       TEMP(K)    =         485.90
 SC_Etot=         8.2239  SC_EKtot=         2.8967  SC_EPtot   =         5.3271
 SC_BOND=         0.9116  SC_ANGLE=         3.9171  SC_DIHED   =         0.4985
 SC_14NB=         0.0000  SC_14EEL=         0.0000  SC_VDW     =         0.0000
 SC_EEL =         0.0000
 SC_RES_DIST=     0.0000  SC_RES_ANG=       0.0000  SC_RES_TORS=         0.0000
 SC_EEL_DER=      0.0000  SC_VDW_DER=      -0.6623  SC_DERIV   =        -0.6623
 ------------------------------------------------------------------------------


| TI region  2


 NSTEP =      800   TIME(PS) =     305.600  TEMP(K) =   291.53  PRESS =     0.0
 Etot   =    -11811.8011  EKtot   =      2612.7846  EPtot      =    -14424.5857
 BOND   =        17.9248  ANGLE   =        29.3527  DIHED      =        39.8141
 1-4 NB =        15.6849  1-4 EEL =      -493.5489  VDWAALS    =      2057.7066
 EELEC  =    -16091.5198  EHBOND  =         0.0000  RESTRAINT  =         0.0000
 EKCMT  =         0.0000  VIRIAL  =         0.0000  VOLUME     =     46016.9205
                                                    Density    =         0.9780
 DV/DL  =      -170.8467
 ------------------------------------------------------------------------------


MBAR Energy analysis:
Energy at 0.0000 =    -14366.517713
Energy at 0.0000 =    -14366.517713
Energy at 0.2000 =    -14404.930537
Energy at 0.2000 =    -14404.930537
Energy at 0.5000 =    -14457.688774
Energy at 0.5000 =    -14457.688774
Energy at 0.6000 =    -14474.946191
Energy at 0.6000 =    -14474.946191
Energy at 1.0000 =    -14543.513520
Energy at 1.0000 =    -14543.513520
 ------------------------------------------------------------------------------


| TI region  1


 NSTEP =      850   TIME(PS) =     305.700  TEMP(K) =   295.81  PRESS =     0.0
 Etot   =    -11804.7908  EKtot   =      2652.8980  EPtot      =    -14457.6888
 BOND   =        13.8969  ANGLE   =        31.2785  DIHED      =        44.5762
 1-4 NB =        14.4223  1-4 EEL =      -487.8715  VDWAALS    =      2107.1981
 EELEC  =    -16181.1893  EHBOND  =         0.0000  RESTRAINT  =         0.0000
 EKCMT  =         0.0000  VIRIAL  =         0.0000  VOLUME     =     46016.9205
                                                    Density    =         0.9781
 DV/DL  =      -173.0127
 ------------------------------------------------------------------------------

  Softcore part of the system:       2 atoms,       TEMP(K)    =         318.51
 SC_Etot=         9.5599  SC_EKtot=         1.8988  SC_EPtot   =         7.6611
 SC_BOND=         2.7993  SC_ANGLE=         3.9175  SC_DIHED   =         0.9443
 SC_14NB=         0.0000  SC_14EEL=         0.0000  SC_VDW     =         0.0000
 SC_EEL =         0.0000
 SC_RES_DIST=     0.0000  SC_RES_ANG=       0.0000  SC_RES_TORS=         0.0000
 SC_EEL_DER=      0.0000  SC_VDW_DER=      -1.3633  SC_DERIV   =        -1.3633
 ------------------------------------------------------------------------------


| TI region  2


 NSTEP =      850   TIME(PS) =     305.700  TEMP(K) =   295.80  PRESS =     0.0
 Etot   =    -11806.6896  EKtot   =      2650.9992  EPtot      =    -14457.6888
 BOND   =        13.8969  ANGLE   =        31.2785  DIHED      =        44.5762
 1-4 NB =        14.4223  1-4 EEL =      -487.8715  VDWAALS    =      2107.1981
 EELEC  =    -16181.1893  EHBOND  =         0.0000  RESTRAINT  =         0.0000
 EKCMT  =         0.0000  VIRIAL  =         0.0000  VOLUME     =     46016.9205
                                                    Density    =         0.9780
 DV/DL  =      -173.0127
 ------------------------------------------------------------------------------


MBAR Energy analysis:
Energy at 0.0000 =    -14347.697271
Energy at 0.0000 =    -14347.697271
Energy at 0.2000 =    -14386.005478
Energy at 0.2000 =    -14386.005478
Energy at 0.5000 =    -14439.709739
Energy at 0.5000 =    -14439.709739
Energy at 0.6000 =    -14457.365496
Energy at 0.6000 =    -14457.365496
Energy at 1.0000 =    -14527.659334
Energy at 1.0000 =    -14527.659334
 ------------------------------------------------------------------------------


| TI region  1


 NSTEP =      900   TIME(PS) =     305.800  TEMP(K) =   295.79  PRESS =     0.0
 Etot   =    -11787.0471  EKtot   =      2652.6626  EPtot      =    -14439.7097
 BOND   =        11.8346  ANGLE   =        33.9151  DIHED      =        39.6343
 1-4 NB =        15.8585  1-4 EEL =      -485.5673  VDWAALS    =      2052.1643
 EELEC  =    -16107.5493  EHBOND  =         0.0000  RESTRAINT  =         0.0000
 EKCMT  =         0.0000  VIRIAL  =         0.0000  VOLUME     =     46016.9205
                                                    Density    =         0.9781
 DV/DL  =      -176.8770
 ------------------------------------------------------------------------------

  Softcore part of the system:       2 atoms,       TEMP(K)    =         563.42
 SC_Etot=         8.3293  SC_EKtot=         3.3589  SC_EPtot   =         4.9704
 SC_BOND=         1.8558  SC_ANGLE=         2.9867  SC_DIHED   =         0.1278
 SC_14NB=         0.0000  SC_14EEL=         0.0000  SC_VDW     =         0.0000
 SC_EEL =         0.0000
 SC_RES_DIST=     0.0000  SC_RES_ANG=       0.0000  SC_RES_TORS=         0.0000
 SC_EEL_DER=      0.0000  SC_VDW_DER=      -0.9778  SC_DERIV   =        -0.9778
 ------------------------------------------------------------------------------


| TI region  2


 NSTEP =      900   TIME(PS) =     305.800  TEMP(K) =   295.61  PRESS =     0.0
 Etot   =    -11790.4060  EKtot   =      2649.3038  EPtot      =    -14439.7097
 BOND   =        11.8346  ANGLE   =        33.9151  DIHED      =        39.6343
 1-4 NB =        15.8585  1-4 EEL =      -485.5673  VDWAALS    =      2052.1643
 EELEC  =    -16107.5493  EHBOND  =         0.0000  RESTRAINT  =         0.0000
 EKCMT  =         0.0000  VIRIAL  =         0.0000  VOLUME     =     46016.9205
                                                    Density    =         0.9780
 DV/DL  =      -176.8770
 ------------------------------------------------------------------------------


MBAR Energy analysis:
Energy at 0.0000 =    -14289.474681
Energy at 0.0000 =    -14289.474681
Energy at 0.2000 =    -14326.280748
Energy at 0.2000 =    -14326.280748
Energy at 0.5000 =    -14378.985427
Energy at 0.5000 =    -14378.985427
Energy at 0.6000 =    -14396.370781
Energy at 0.6000 =    -14396.370781
Energy at 1.0000 =    -14465.652349
Energy at 1.0000 =    -14465.652349
 ------------------------------------------------------------------------------


| TI region  1


 NSTEP =      950   TIME(PS) =     305.900  TEMP(K) =   293.40  PRESS =     0.0
 Etot   =    -11747.7074  EKtot   =      2631.2780  EPtot      =    -14378.9854
 BOND   =        18.5620  ANGLE   =        31.6893  DIHED      =        40.2158
 1-4 NB =        13.0259  1-4 EEL =      -485.8483  VDWAALS    =      2053.2587
 EELEC  =    -16049.8888  EHBOND  =         0.0000  RESTRAINT  =         0.0000
 EKCMT  =         0.0000  VIRIAL  =         0.0000  VOLUME     =     46016.9205
                                                    Density    =         0.9781
 DV/DL  =      -174.1008
 ------------------------------------------------------------------------------

  Softcore part of the system:       2 atoms,       TEMP(K)    =        1224.03
 SC_Etot=         9.1656  SC_EKtot=         7.2972  SC_EPtot   =         1.8684
 SC_BOND=         0.3317  SC_ANGLE=         0.9852  SC_DIHED   =         0.5515
 SC_14NB=         0.0000  SC_14EEL=         0.0000  SC_VDW     =         0.0000
 SC_EEL =         0.0000
 SC_RES_DIST=     0.0000  SC_RES_ANG=       0.0000  SC_RES_TORS=         0.0000
 SC_EEL_DER=      0.0000  SC_VDW_DER=      -0.7670  SC_DERIV   =        -0.7670
 ------------------------------------------------------------------------------


| TI region  2


 NSTEP =      950   TIME(PS) =     305.900  TEMP(K) =   292.78  PRESS =     0.0
 Etot   =    -11755.0046  EKtot   =      2623.9808  EPtot      =    -14378.9854
 BOND   =        18.5620  ANGLE   =        31.6893  DIHED      =        40.2158
 1-4 NB =        13.0259  1-4 EEL =      -485.8483  VDWAALS    =      2053.2587
 EELEC  =    -16049.8888  EHBOND  =         0.0000  RESTRAINT  =         0.0000
 EKCMT  =         0.0000  VIRIAL  =         0.0000  VOLUME     =     46016.9205
                                                    Density    =         0.9780
 DV/DL  =      -174.1008
 ------------------------------------------------------------------------------

| MC Barostat: Decreasing size of volume moves

MBAR Energy analysis:
Energy at 0.0000 =    -14338.792503
Energy at 0.0000 =    -14338.792503
Energy at 0.2000 =    -14373.643939
Energy at 0.2000 =    -14373.643939
Energy at 0.5000 =    -14425.764876
Energy at 0.5000 =    -14425.764876
Energy at 0.6000 =    -14443.117326
Energy at 0.6000 =    -14443.117326
Energy at 1.0000 =    -14512.481433
Energy at 1.0000 =    -14512.481433
 ------------------------------------------------------------------------------


| TI region  1


 NSTEP =     1000   TIME(PS) =     306.000  TEMP(K) =   297.83  PRESS =     0.0
 Etot   =    -11754.7481  EKtot   =      2671.0168  EPtot      =    -14425.7649
 BOND   =        12.1318  ANGLE   =        29.3276  DIHED      =        37.0834
 1-4 NB =        16.2868  1-4 EEL =      -490.5469  VDWAALS    =      2031.9333
 EELEC  =    -16061.9808  EHBOND  =         0.0000  RESTRAINT  =         0.0000
 EKCMT  =         0.0000  VIRIAL  =         0.0000  VOLUME     =     46016.9205
                                                    Density    =         0.9781
 DV/DL  =      -173.5616
 ------------------------------------------------------------------------------

  Softcore part of the system:       2 atoms,       TEMP(K)    =         878.04
 SC_Etot=        11.2815  SC_EKtot=         5.2345  SC_EPtot   =         6.0470
 SC_BOND=         3.0430  SC_ANGLE=         2.1794  SC_DIHED   =         0.8245
 SC_14NB=         0.0000  SC_14EEL=         0.0000  SC_VDW     =         0.0000
 SC_EEL =         0.0000
 SC_RES_DIST=     0.0000  SC_RES_ANG=       0.0000  SC_RES_TORS=         0.0000
 SC_EEL_DER=      0.0000  SC_VDW_DER=      -0.1285  SC_DERIV   =        -0.1285
 ------------------------------------------------------------------------------


| TI region  2


 NSTEP =     1000   TIME(PS) =     306.000  TEMP(K) =   297.45  PRESS =     0.0
 Etot   =    -11759.9826  EKtot   =      2665.7823  EPtot      =    -14425.7649
 BOND   =        12.1318  ANGLE   =        29.3276  DIHED      =        37.0834
 1-4 NB =        16.2868  1-4 EEL =      -490.5469  VDWAALS    =      2031.9333
 EELEC  =    -16061.9808  EHBOND  =         0.0000  RESTRAINT  =         0.0000
 EKCMT  =         0.0000  VIRIAL  =         0.0000  VOLUME     =     46016.9205
                                                    Density    =         0.9780
 DV/DL  =      -173.5616
 ------------------------------------------------------------------------------

|===============================================================================

| TI region  1


      A V E R A G E S   O V E R    1000 S T E P S


 NSTEP =     1000   TIME(PS) =     306.000  TEMP(K) =   298.92  PRESS =     0.0
 Etot   =    -11762.6736  EKtot   =      2680.7899  EPtot      =    -14443.4635
 BOND   =        11.9477  ANGLE   =        31.0247  DIHED      =        40.6524
 1-4 NB =        15.6165  1-4 EEL =      -488.6898  VDWAALS    =      2087.6992
 EELEC  =    -16141.7143  EHBOND  =         0.0000  RESTRAINT  =         0.0000
 EKCMT  =         0.0000  VIRIAL  =         0.0000  VOLUME     =     45989.0322
                                                    Density    =         0.9787
 DV/DL  =      -177.3852
 ------------------------------------------------------------------------------

  Softcore part of the system:       2 atoms,       TEMP(K)    =         404.17
 SC_Etot=         6.0251  SC_EKtot=         2.4095  SC_EPtot   =         3.6156
 SC_BOND=         1.3406  SC_ANGLE=         1.8758  SC_DIHED   =         0.3992
 SC_14NB=         0.0000  SC_14EEL=         0.0000  SC_VDW     =         0.0000
 SC_EEL =         0.0000
 SC_RES_DIST=     0.0000  SC_RES_ANG=       0.0000  SC_RES_TORS=         0.0000
 SC_EEL_DER=      0.0000  SC_VDW_DER=      -0.8391  SC_DERIV   =        -0.8391
 ------------------------------------------------------------------------------


      R M S  F L U C T U A T I O N S


 NSTEP =     1000   TIME(PS) =     306.000  TEMP(K) =     4.28  PRESS =     0.0
 Etot   =        33.4932  EKtot   =        38.3609  EPtot      =        36.8496
 BOND   =         3.0996  ANGLE   =         4.3522  DIHED      =         2.0591
 1-4 NB =         1.2761  1-4 EEL =         4.4121  VDWAALS    =        53.5926
 EELEC  =        67.0594  EHBOND  =         0.0000  RESTRAINT  =         0.0000
 EKCMT  =         0.0000  VIRIAL  =         0.0000  VOLUME     =        32.2942
                                                    Density    =         0.0007
 DV/DL  =         7.0084
 ------------------------------------------------------------------------------

  Softcore part of the system:       2 atoms,       TEMP(K)    =         242.34
 SC_Etot=         2.4192  SC_EKtot=         1.4447  SC_EPtot   =         1.8389
 SC_BOND=         1.0309  SC_ANGLE=         1.2220  SC_DIHED   =         0.4118
 SC_14NB=         0.0000  SC_14EEL=         0.0000  SC_VDW     =         0.0000
 SC_EEL =         0.0000
 SC_RES_DIST=     0.0000  SC_RES_ANG=       0.0000  SC_RES_TORS=         0.0000
 SC_EEL_DER=      0.0000  SC_VDW_DER=       0.7806  SC_DERIV   =         0.7806
 ------------------------------------------------------------------------------


| TI region  2


      A V E R A G E S   O V E R    1000 S T E P S


 NSTEP =     1000   TIME(PS) =     306.000  TEMP(K) =   298.85  PRESS =     0.0
 Etot   =    -11765.0831  EKtot   =      2678.3804  EPtot      =    -14443.4635
 BOND   =        11.9477  ANGLE   =        31.0247  DIHED      =        40.6524
 1-4 NB =        15.6165  1-4 EEL =      -488.6898  VDWAALS    =      2087.6992
 EELEC  =    -16141.7143  EHBOND  =         0.0000  RESTRAINT  =         0.0000
 EKCMT  =         0.0000  VIRIAL  =         0.0000  VOLUME     =     45989.0322
                                                    Density    =         0.9786
 DV/DL  =      -177.3852
 ------------------------------------------------------------------------------


      R M S  F L U C T U A T I O N S


 NSTEP =     1000   TIME(PS) =     306.000  TEMP(K) =     4.32  PRESS =     0.0
 Etot   =        33.6890  EKtot   =        38.7247  EPtot      =        36.8496
 BOND   =         3.0996  ANGLE   =         4.3522  DIHED      =         2.0591
 1-4 NB =         1.2761  1-4 EEL =         4.4121  VDWAALS    =        53.5926
 EELEC  =        67.0594  EHBOND  =         0.0000  RESTRAINT  =         0.0000
 EKCMT  =         0.0000  VIRIAL  =         0.0000  VOLUME     =        32.2942
                                                    Density    =         0.0007
 DV/DL  =         7.0084
 ------------------------------------------------------------------------------


      DV/DL, AVERAGES OVER    1000 STEPS


 NSTEP =     1000   TIME(PS) =     306.000  TEMP(K) =     4.32  PRESS =     0.0
 Etot   =         0.0000  EKtot   =         0.0000  EPtot      =      -175.6162
 BOND   =         0.0000  ANGLE   =         0.0000  DIHED      =         0.0000
 1-4 NB =         0.0112  1-4 EEL =      -203.9467  VDWAALS    =        -0.4594
 EELEC  =        27.8487  EHBOND  =         0.0000  RESTRAINT  =         0.0000
 EKCMT  =         0.0000  VIRIAL  =         0.0000  VOLUME     =         0.0000
                                                    Density    =         0.0000
 DV/DL  =      -175.6162
 ------------------------------------------------------------------------------

|===============================================================================

| TI region  1


      A V E R A G E S   O V E R    1000 S T E P S


 NSTEP =     1000   TIME(PS) =     306.000  TEMP(K) =   298.92  PRESS =     0.0
 Etot   =    -11762.6736  EKtot   =      2680.7899  EPtot      =    -14443.4635
 BOND   =        11.9477  ANGLE   =        31.0247  DIHED      =        40.6524
 1-4 NB =        15.6165  1-4 EEL =      -488.6898  VDWAALS    =      2087.6992
 EELEC  =    -16141.7143  EHBOND  =         0.0000  RESTRAINT  =         0.0000
 EKCMT  =         0.0000  VIRIAL  =         0.0000  VOLUME     =     45989.0322
                                                    Density    =         0.9787
 DV/DL  =      -177.3852
 ------------------------------------------------------------------------------

  Softcore part of the system:       2 atoms,       TEMP(K)    =         404.17
 SC_Etot=         6.0251  SC_EKtot=         2.4095  SC_EPtot   =         3.6156
 SC_BOND=         1.3406  SC_ANGLE=         1.8758  SC_DIHED   =         0.3992
 SC_14NB=         0.0000  SC_14EEL=         0.0000  SC_VDW     =         0.0000
 SC_EEL =         0.0000
 SC_RES_DIST=     0.0000  SC_RES_ANG=       0.0000  SC_RES_TORS=         0.0000
 SC_EEL_DER=      0.0000  SC_VDW_DER=      -0.8391  SC_DERIV   =        -0.8391
 ------------------------------------------------------------------------------


      R M S  F L U C T U A T I O N S


 NSTEP =     1000   TIME(PS) =     306.000  TEMP(K) =     4.28  PRESS =     0.0
 Etot   =        33.4932  EKtot   =        38.3609  EPtot      =        36.8496
 BOND   =         3.0996  ANGLE   =         4.3522  DIHED      =         2.0591
 1-4 NB =         1.2761  1-4 EEL =         4.4121  VDWAALS    =        53.5926
 EELEC  =        67.0594  EHBOND  =         0.0000  RESTRAINT  =         0.0000
 EKCMT  =         0.0000  VIRIAL  =         0.0000  VOLUME     =        32.2942
                                                    Density    =         0.0007
 DV/DL  =         7.0084
 ------------------------------------------------------------------------------

  Softcore part of the system:       2 atoms,       TEMP(K)    =         242.34
 SC_Etot=         2.4192  SC_EKtot=         1.4447  SC_EPtot   =         1.8389
 SC_BOND=         1.0309  SC_ANGLE=         1.2220  SC_DIHED   =         0.4118
 SC_14NB=         0.0000  SC_14EEL=         0.0000  SC_VDW     =         0.0000
 SC_EEL =         0.0000
 SC_RES_DIST=     0.0000  SC_RES_ANG=       0.0000  SC_RES_TORS=         0.0000
 SC_EEL_DER=      0.0000  SC_VDW_DER=       0.7806  SC_DERIV   =         0.7806
 ------------------------------------------------------------------------------


| TI region  2


      A V E R A G E S   O V E R    1000 S T E P S


 NSTEP =     1000   TIME(PS) =     306.000  TEMP(K) =   298.85  PRESS =     0.0
 Etot   =    -11765.0831  EKtot   =      2678.3804  EPtot      =    -14443.4635
 BOND   =        11.9477  ANGLE   =        31.0247  DIHED      =        40.6524
 1-4 NB =        15.6165  1-4 EEL =      -488.6898  VDWAALS    =      2087.6992
 EELEC  =    -16141.7143  EHBOND  =         0.0000  RESTRAINT  =         0.0000
 EKCMT  =         0.0000  VIRIAL  =         0.0000  VOLUME     =     45989.0322
                                                    Density    =         0.9786
 DV/DL  =      -177.3852
 ------------------------------------------------------------------------------


      R M S  F L U C T U A T I O N S


 NSTEP =     1000   TIME(PS) =     306.000  TEMP(K) =     4.32  PRESS =     0.0
 Etot   =        33.6890  EKtot   =        38.7247  EPtot      =        36.8496
 BOND   =         3.0996  ANGLE   =         4.3522  DIHED      =         2.0591
 1-4 NB =         1.2761  1-4 EEL =         4.4121  VDWAALS    =        53.5926
 EELEC  =        67.0594  EHBOND  =         0.0000  RESTRAINT  =         0.0000
 EKCMT  =         0.0000  VIRIAL  =         0.0000  VOLUME     =        32.2942
                                                    Density    =         0.0007
 DV/DL  =         7.0084
 ------------------------------------------------------------------------------


      DV/DL, AVERAGES OVER    1000 STEPS


 NSTEP =     1000   TIME(PS) =     306.000  TEMP(K) =     4.32  PRESS =     0.0
 Etot   =         0.0000  EKtot   =         0.0000  EPtot      =      -175.6162
 BOND   =         0.0000  ANGLE   =         0.0000  DIHED      =         0.0000
 1-4 NB =         0.0112  1-4 EEL =      -203.9467  VDWAALS    =        -0.4594
 EELEC  =        27.8487  EHBOND  =         0.0000  RESTRAINT  =         0.0000
 EKCMT  =         0.0000  VIRIAL  =         0.0000  VOLUME     =         0.0000
                                                    Density    =         0.0000
 DV/DL  =      -175.6162
 ------------------------------------------------------------------------------

| MC Barostat:         10 volume changes attempted.
| MC Barostat:          2 changes successful ( 20.00%)
 ------------------------------------------------------------------------------

--------------------------------------------------------------------------------
   5.  TIMINGS
--------------------------------------------------------------------------------

|  NonSetup CPU Time in Major Routines:
|
|     Routine           Sec        %
|     ------------------------------
|     Nonbond           0.42   81.25
|     Bond              0.00    0.00
|     Angle             0.00    0.00
|     Dihedral          0.00    0.00
|     Shake             0.00    0.70
|     RunMD             0.09   16.89
|     Other             0.01    1.16
|     ------------------------------
|     Total             0.52

|  PME Nonbond Pairlist CPU Time:
|
|     Routine              Sec        %
|     ---------------------------------
|     Set Up Cit           0.00    0.00
|     Build List           0.00    0.00
|     ---------------------------------
|     Total                0.00    0.00

|  PME Direct Force CPU Time:
|
|     Routine              Sec        %
|     ---------------------------------
|     NonBonded Calc       0.00    0.00
|     Exclude Masked       0.00    0.00
|     Other                0.00    0.38
|     ---------------------------------
|     Total                0.00    0.38

|  PME Reciprocal Force CPU Time:
|
|     Routine              Sec        %
|     ---------------------------------
|     1D bspline           0.00    0.00
|     Grid Charges         0.00    0.00
|     Scalar Sum           0.00    0.00
|     Gradient Sum         0.00    0.00
|     FFT                  0.00    0.00
|     ---------------------------------
|     Total                0.00    0.00

|  Final Performance Info:
|     -----------------------------------------------------
|     Average timings for last     950 steps:
|     Elapsed(s) =       0.49 Per Step(ms) =       0.52
|         ns/day =     331.90   seconds/ns =     260.32
|
|     Average timings for all steps:
|     Elapsed(s) =       0.53 Per Step(ms) =       0.53
|         ns/day =     328.86   seconds/ns =     262.72
|     -----------------------------------------------------

|  Setup CPU time:            0.81 seconds
|  NonSetup CPU time:         0.52 seconds
|  Total CPU time:            1.33 seconds     0.00 hours

|  Setup wall time:           1    seconds
|  NonSetup wall time:        1    seconds
|  Total wall time:           2    seconds     0.00 hours
